[2023-01-27 06:14:17,980] {processor.py:153} INFO - Started process (PID=107) to work on /home/airflow/.local/lib/python3.7/site-packages/airflow/example_dags/example_branch_python_dop_operator_3.py
[2023-01-27 06:14:18,014] {processor.py:641} INFO - Processing file /home/airflow/.local/lib/python3.7/site-packages/airflow/example_dags/example_branch_python_dop_operator_3.py for tasks to queue
[2023-01-27 06:14:18,024] {logging_mixin.py:115} INFO - [2023-01-27 06:14:18,024] {dagbag.py:507} INFO - Filling up the DagBag from /home/airflow/.local/lib/python3.7/site-packages/airflow/example_dags/example_branch_python_dop_operator_3.py
[2023-01-27 06:14:18,911] {processor.py:651} INFO - DAG(s) dict_keys(['example_branch_dop_operator_v3']) retrieved from /home/airflow/.local/lib/python3.7/site-packages/airflow/example_dags/example_branch_python_dop_operator_3.py
[2023-01-27 06:14:19,579] {logging_mixin.py:115} INFO - [2023-01-27 06:14:19,579] {dag.py:2371} INFO - Sync 1 DAGs
[2023-01-27 06:14:19,859] {logging_mixin.py:115} INFO - [2023-01-27 06:14:19,859] {dag.py:2919} INFO - Setting next_dagrun for example_branch_dop_operator_v3 to 2023-01-27T06:13:00+00:00, run_after=2023-01-27T06:14:00+00:00
[2023-01-27 06:14:20,060] {processor.py:161} INFO - Processing /home/airflow/.local/lib/python3.7/site-packages/airflow/example_dags/example_branch_python_dop_operator_3.py took 2.164 seconds
[2023-01-27 06:15:25,314] {processor.py:153} INFO - Started process (PID=173) to work on /home/airflow/.local/lib/python3.7/site-packages/airflow/example_dags/example_branch_python_dop_operator_3.py
[2023-01-27 06:15:25,361] {processor.py:641} INFO - Processing file /home/airflow/.local/lib/python3.7/site-packages/airflow/example_dags/example_branch_python_dop_operator_3.py for tasks to queue
[2023-01-27 06:15:25,438] {logging_mixin.py:115} INFO - [2023-01-27 06:15:25,438] {dagbag.py:507} INFO - Filling up the DagBag from /home/airflow/.local/lib/python3.7/site-packages/airflow/example_dags/example_branch_python_dop_operator_3.py
[2023-01-27 06:15:26,006] {processor.py:651} INFO - DAG(s) dict_keys(['example_branch_dop_operator_v3']) retrieved from /home/airflow/.local/lib/python3.7/site-packages/airflow/example_dags/example_branch_python_dop_operator_3.py
[2023-01-27 06:15:26,418] {logging_mixin.py:115} INFO - [2023-01-27 06:15:26,417] {dag.py:2371} INFO - Sync 1 DAGs
[2023-01-27 06:15:26,818] {logging_mixin.py:115} INFO - [2023-01-27 06:15:26,818] {dag.py:2919} INFO - Setting next_dagrun for example_branch_dop_operator_v3 to 2023-01-27T06:14:00+00:00, run_after=2023-01-27T06:15:00+00:00
[2023-01-27 06:15:27,540] {processor.py:161} INFO - Processing /home/airflow/.local/lib/python3.7/site-packages/airflow/example_dags/example_branch_python_dop_operator_3.py took 2.240 seconds
[2023-01-27 06:15:57,996] {processor.py:153} INFO - Started process (PID=222) to work on /home/airflow/.local/lib/python3.7/site-packages/airflow/example_dags/example_branch_python_dop_operator_3.py
[2023-01-27 06:15:58,001] {processor.py:641} INFO - Processing file /home/airflow/.local/lib/python3.7/site-packages/airflow/example_dags/example_branch_python_dop_operator_3.py for tasks to queue
[2023-01-27 06:15:58,005] {logging_mixin.py:115} INFO - [2023-01-27 06:15:58,004] {dagbag.py:507} INFO - Filling up the DagBag from /home/airflow/.local/lib/python3.7/site-packages/airflow/example_dags/example_branch_python_dop_operator_3.py
[2023-01-27 06:15:58,037] {processor.py:651} INFO - DAG(s) dict_keys(['example_branch_dop_operator_v3']) retrieved from /home/airflow/.local/lib/python3.7/site-packages/airflow/example_dags/example_branch_python_dop_operator_3.py
[2023-01-27 06:15:58,104] {logging_mixin.py:115} INFO - [2023-01-27 06:15:58,104] {dag.py:2371} INFO - Sync 1 DAGs
[2023-01-27 06:15:58,169] {logging_mixin.py:115} INFO - [2023-01-27 06:15:58,168] {dag.py:2919} INFO - Setting next_dagrun for example_branch_dop_operator_v3 to 2023-01-27T06:14:00+00:00, run_after=2023-01-27T06:15:00+00:00
[2023-01-27 06:15:58,189] {processor.py:161} INFO - Processing /home/airflow/.local/lib/python3.7/site-packages/airflow/example_dags/example_branch_python_dop_operator_3.py took 0.199 seconds
[2023-01-27 06:16:29,037] {processor.py:153} INFO - Started process (PID=276) to work on /home/airflow/.local/lib/python3.7/site-packages/airflow/example_dags/example_branch_python_dop_operator_3.py
[2023-01-27 06:16:29,039] {processor.py:641} INFO - Processing file /home/airflow/.local/lib/python3.7/site-packages/airflow/example_dags/example_branch_python_dop_operator_3.py for tasks to queue
[2023-01-27 06:16:29,043] {logging_mixin.py:115} INFO - [2023-01-27 06:16:29,043] {dagbag.py:507} INFO - Filling up the DagBag from /home/airflow/.local/lib/python3.7/site-packages/airflow/example_dags/example_branch_python_dop_operator_3.py
[2023-01-27 06:16:29,077] {processor.py:651} INFO - DAG(s) dict_keys(['example_branch_dop_operator_v3']) retrieved from /home/airflow/.local/lib/python3.7/site-packages/airflow/example_dags/example_branch_python_dop_operator_3.py
[2023-01-27 06:16:29,172] {logging_mixin.py:115} INFO - [2023-01-27 06:16:29,172] {dag.py:2371} INFO - Sync 1 DAGs
[2023-01-27 06:16:29,299] {logging_mixin.py:115} INFO - [2023-01-27 06:16:29,299] {dag.py:2919} INFO - Setting next_dagrun for example_branch_dop_operator_v3 to 2023-01-27T06:15:00+00:00, run_after=2023-01-27T06:16:00+00:00
[2023-01-27 06:16:29,363] {processor.py:161} INFO - Processing /home/airflow/.local/lib/python3.7/site-packages/airflow/example_dags/example_branch_python_dop_operator_3.py took 0.332 seconds
[2023-01-27 06:17:00,444] {processor.py:153} INFO - Started process (PID=338) to work on /home/airflow/.local/lib/python3.7/site-packages/airflow/example_dags/example_branch_python_dop_operator_3.py
[2023-01-27 06:17:00,447] {processor.py:641} INFO - Processing file /home/airflow/.local/lib/python3.7/site-packages/airflow/example_dags/example_branch_python_dop_operator_3.py for tasks to queue
[2023-01-27 06:17:00,450] {logging_mixin.py:115} INFO - [2023-01-27 06:17:00,450] {dagbag.py:507} INFO - Filling up the DagBag from /home/airflow/.local/lib/python3.7/site-packages/airflow/example_dags/example_branch_python_dop_operator_3.py
[2023-01-27 06:17:00,575] {processor.py:651} INFO - DAG(s) dict_keys(['example_branch_dop_operator_v3']) retrieved from /home/airflow/.local/lib/python3.7/site-packages/airflow/example_dags/example_branch_python_dop_operator_3.py
[2023-01-27 06:17:00,741] {logging_mixin.py:115} INFO - [2023-01-27 06:17:00,741] {dag.py:2371} INFO - Sync 1 DAGs
[2023-01-27 06:17:00,849] {logging_mixin.py:115} INFO - [2023-01-27 06:17:00,844] {dag.py:2919} INFO - Setting next_dagrun for example_branch_dop_operator_v3 to 2023-01-27T06:16:00+00:00, run_after=2023-01-27T06:17:00+00:00
[2023-01-27 06:17:00,918] {processor.py:161} INFO - Processing /home/airflow/.local/lib/python3.7/site-packages/airflow/example_dags/example_branch_python_dop_operator_3.py took 0.489 seconds
[2023-01-27 06:17:31,167] {processor.py:153} INFO - Started process (PID=382) to work on /home/airflow/.local/lib/python3.7/site-packages/airflow/example_dags/example_branch_python_dop_operator_3.py
[2023-01-27 06:17:31,170] {processor.py:641} INFO - Processing file /home/airflow/.local/lib/python3.7/site-packages/airflow/example_dags/example_branch_python_dop_operator_3.py for tasks to queue
[2023-01-27 06:17:31,172] {logging_mixin.py:115} INFO - [2023-01-27 06:17:31,172] {dagbag.py:507} INFO - Filling up the DagBag from /home/airflow/.local/lib/python3.7/site-packages/airflow/example_dags/example_branch_python_dop_operator_3.py
[2023-01-27 06:17:31,196] {processor.py:651} INFO - DAG(s) dict_keys(['example_branch_dop_operator_v3']) retrieved from /home/airflow/.local/lib/python3.7/site-packages/airflow/example_dags/example_branch_python_dop_operator_3.py
[2023-01-27 06:17:31,247] {logging_mixin.py:115} INFO - [2023-01-27 06:17:31,247] {dag.py:2371} INFO - Sync 1 DAGs
[2023-01-27 06:17:31,295] {logging_mixin.py:115} INFO - [2023-01-27 06:17:31,295] {dag.py:2919} INFO - Setting next_dagrun for example_branch_dop_operator_v3 to 2023-01-27T06:16:00+00:00, run_after=2023-01-27T06:17:00+00:00
[2023-01-27 06:17:31,348] {processor.py:161} INFO - Processing /home/airflow/.local/lib/python3.7/site-packages/airflow/example_dags/example_branch_python_dop_operator_3.py took 0.188 seconds
[2023-01-27 06:18:05,961] {processor.py:153} INFO - Started process (PID=445) to work on /home/airflow/.local/lib/python3.7/site-packages/airflow/example_dags/example_branch_python_dop_operator_3.py
[2023-01-27 06:18:05,996] {processor.py:641} INFO - Processing file /home/airflow/.local/lib/python3.7/site-packages/airflow/example_dags/example_branch_python_dop_operator_3.py for tasks to queue
[2023-01-27 06:18:06,033] {logging_mixin.py:115} INFO - [2023-01-27 06:18:06,033] {dagbag.py:507} INFO - Filling up the DagBag from /home/airflow/.local/lib/python3.7/site-packages/airflow/example_dags/example_branch_python_dop_operator_3.py
[2023-01-27 06:18:06,268] {processor.py:651} INFO - DAG(s) dict_keys(['example_branch_dop_operator_v3']) retrieved from /home/airflow/.local/lib/python3.7/site-packages/airflow/example_dags/example_branch_python_dop_operator_3.py
[2023-01-27 06:18:07,277] {logging_mixin.py:115} INFO - [2023-01-27 06:18:07,276] {dag.py:2371} INFO - Sync 1 DAGs
[2023-01-27 06:18:07,943] {logging_mixin.py:115} INFO - [2023-01-27 06:18:07,943] {dag.py:2919} INFO - Setting next_dagrun for example_branch_dop_operator_v3 to 2023-01-27T06:17:00+00:00, run_after=2023-01-27T06:18:00+00:00
[2023-01-27 06:18:08,206] {processor.py:161} INFO - Processing /home/airflow/.local/lib/python3.7/site-packages/airflow/example_dags/example_branch_python_dop_operator_3.py took 2.296 seconds
[2023-01-27 06:18:55,821] {processor.py:153} INFO - Started process (PID=506) to work on /home/airflow/.local/lib/python3.7/site-packages/airflow/example_dags/example_branch_python_dop_operator_3.py
[2023-01-27 06:18:55,833] {processor.py:641} INFO - Processing file /home/airflow/.local/lib/python3.7/site-packages/airflow/example_dags/example_branch_python_dop_operator_3.py for tasks to queue
[2023-01-27 06:18:55,836] {logging_mixin.py:115} INFO - [2023-01-27 06:18:55,836] {dagbag.py:507} INFO - Filling up the DagBag from /home/airflow/.local/lib/python3.7/site-packages/airflow/example_dags/example_branch_python_dop_operator_3.py
[2023-01-27 06:18:55,882] {processor.py:651} INFO - DAG(s) dict_keys(['example_branch_dop_operator_v3']) retrieved from /home/airflow/.local/lib/python3.7/site-packages/airflow/example_dags/example_branch_python_dop_operator_3.py
[2023-01-27 06:18:56,055] {logging_mixin.py:115} INFO - [2023-01-27 06:18:56,055] {dag.py:2371} INFO - Sync 1 DAGs
[2023-01-27 06:18:56,270] {logging_mixin.py:115} INFO - [2023-01-27 06:18:56,269] {dag.py:2919} INFO - Setting next_dagrun for example_branch_dop_operator_v3 to 2023-01-27T06:17:00+00:00, run_after=2023-01-27T06:18:00+00:00
[2023-01-27 06:18:56,334] {processor.py:161} INFO - Processing /home/airflow/.local/lib/python3.7/site-packages/airflow/example_dags/example_branch_python_dop_operator_3.py took 0.542 seconds
[2023-01-27 06:19:34,667] {processor.py:153} INFO - Started process (PID=558) to work on /home/airflow/.local/lib/python3.7/site-packages/airflow/example_dags/example_branch_python_dop_operator_3.py
[2023-01-27 06:19:34,680] {processor.py:641} INFO - Processing file /home/airflow/.local/lib/python3.7/site-packages/airflow/example_dags/example_branch_python_dop_operator_3.py for tasks to queue
[2023-01-27 06:19:34,682] {logging_mixin.py:115} INFO - [2023-01-27 06:19:34,682] {dagbag.py:507} INFO - Filling up the DagBag from /home/airflow/.local/lib/python3.7/site-packages/airflow/example_dags/example_branch_python_dop_operator_3.py
[2023-01-27 06:19:34,716] {processor.py:651} INFO - DAG(s) dict_keys(['example_branch_dop_operator_v3']) retrieved from /home/airflow/.local/lib/python3.7/site-packages/airflow/example_dags/example_branch_python_dop_operator_3.py
[2023-01-27 06:19:34,797] {logging_mixin.py:115} INFO - [2023-01-27 06:19:34,796] {dag.py:2371} INFO - Sync 1 DAGs
[2023-01-27 06:19:34,861] {logging_mixin.py:115} INFO - [2023-01-27 06:19:34,860] {dag.py:2919} INFO - Setting next_dagrun for example_branch_dop_operator_v3 to 2023-01-27T06:18:00+00:00, run_after=2023-01-27T06:19:00+00:00
[2023-01-27 06:19:34,912] {processor.py:161} INFO - Processing /home/airflow/.local/lib/python3.7/site-packages/airflow/example_dags/example_branch_python_dop_operator_3.py took 0.251 seconds
[2023-01-27 06:20:07,505] {processor.py:153} INFO - Started process (PID=611) to work on /home/airflow/.local/lib/python3.7/site-packages/airflow/example_dags/example_branch_python_dop_operator_3.py
[2023-01-27 06:20:07,512] {processor.py:641} INFO - Processing file /home/airflow/.local/lib/python3.7/site-packages/airflow/example_dags/example_branch_python_dop_operator_3.py for tasks to queue
[2023-01-27 06:20:07,514] {logging_mixin.py:115} INFO - [2023-01-27 06:20:07,514] {dagbag.py:507} INFO - Filling up the DagBag from /home/airflow/.local/lib/python3.7/site-packages/airflow/example_dags/example_branch_python_dop_operator_3.py
[2023-01-27 06:20:07,543] {processor.py:651} INFO - DAG(s) dict_keys(['example_branch_dop_operator_v3']) retrieved from /home/airflow/.local/lib/python3.7/site-packages/airflow/example_dags/example_branch_python_dop_operator_3.py
[2023-01-27 06:20:07,603] {logging_mixin.py:115} INFO - [2023-01-27 06:20:07,603] {dag.py:2371} INFO - Sync 1 DAGs
[2023-01-27 06:20:07,686] {logging_mixin.py:115} INFO - [2023-01-27 06:20:07,685] {dag.py:2919} INFO - Setting next_dagrun for example_branch_dop_operator_v3 to 2023-01-27T06:19:00+00:00, run_after=2023-01-27T06:20:00+00:00
[2023-01-27 06:20:07,737] {processor.py:161} INFO - Processing /home/airflow/.local/lib/python3.7/site-packages/airflow/example_dags/example_branch_python_dop_operator_3.py took 0.238 seconds
[2023-01-27 06:20:58,126] {processor.py:153} INFO - Started process (PID=664) to work on /home/airflow/.local/lib/python3.7/site-packages/airflow/example_dags/example_branch_python_dop_operator_3.py
[2023-01-27 06:20:58,132] {processor.py:641} INFO - Processing file /home/airflow/.local/lib/python3.7/site-packages/airflow/example_dags/example_branch_python_dop_operator_3.py for tasks to queue
[2023-01-27 06:20:58,139] {logging_mixin.py:115} INFO - [2023-01-27 06:20:58,138] {dagbag.py:507} INFO - Filling up the DagBag from /home/airflow/.local/lib/python3.7/site-packages/airflow/example_dags/example_branch_python_dop_operator_3.py
[2023-01-27 06:20:58,199] {processor.py:651} INFO - DAG(s) dict_keys(['example_branch_dop_operator_v3']) retrieved from /home/airflow/.local/lib/python3.7/site-packages/airflow/example_dags/example_branch_python_dop_operator_3.py
[2023-01-27 06:20:58,337] {logging_mixin.py:115} INFO - [2023-01-27 06:20:58,337] {dag.py:2371} INFO - Sync 1 DAGs
[2023-01-27 06:20:58,459] {logging_mixin.py:115} INFO - [2023-01-27 06:20:58,459] {dag.py:2919} INFO - Setting next_dagrun for example_branch_dop_operator_v3 to 2023-01-27T06:19:00+00:00, run_after=2023-01-27T06:20:00+00:00
[2023-01-27 06:20:58,503] {processor.py:161} INFO - Processing /home/airflow/.local/lib/python3.7/site-packages/airflow/example_dags/example_branch_python_dop_operator_3.py took 0.382 seconds
[2023-01-27 06:22:02,762] {processor.py:153} INFO - Started process (PID=735) to work on /home/airflow/.local/lib/python3.7/site-packages/airflow/example_dags/example_branch_python_dop_operator_3.py
[2023-01-27 06:22:02,766] {processor.py:641} INFO - Processing file /home/airflow/.local/lib/python3.7/site-packages/airflow/example_dags/example_branch_python_dop_operator_3.py for tasks to queue
[2023-01-27 06:22:02,773] {logging_mixin.py:115} INFO - [2023-01-27 06:22:02,773] {dagbag.py:507} INFO - Filling up the DagBag from /home/airflow/.local/lib/python3.7/site-packages/airflow/example_dags/example_branch_python_dop_operator_3.py
[2023-01-27 06:22:02,805] {processor.py:651} INFO - DAG(s) dict_keys(['example_branch_dop_operator_v3']) retrieved from /home/airflow/.local/lib/python3.7/site-packages/airflow/example_dags/example_branch_python_dop_operator_3.py
[2023-01-27 06:22:02,882] {logging_mixin.py:115} INFO - [2023-01-27 06:22:02,882] {dag.py:2371} INFO - Sync 1 DAGs
[2023-01-27 06:22:02,976] {logging_mixin.py:115} INFO - [2023-01-27 06:22:02,976] {dag.py:2919} INFO - Setting next_dagrun for example_branch_dop_operator_v3 to 2023-01-27T06:21:00+00:00, run_after=2023-01-27T06:22:00+00:00
[2023-01-27 06:22:03,158] {processor.py:161} INFO - Processing /home/airflow/.local/lib/python3.7/site-packages/airflow/example_dags/example_branch_python_dop_operator_3.py took 0.401 seconds
[2023-01-27 06:27:15,702] {processor.py:153} INFO - Started process (PID=895) to work on /home/airflow/.local/lib/python3.7/site-packages/airflow/example_dags/example_branch_python_dop_operator_3.py
[2023-01-27 06:27:15,722] {processor.py:641} INFO - Processing file /home/airflow/.local/lib/python3.7/site-packages/airflow/example_dags/example_branch_python_dop_operator_3.py for tasks to queue
[2023-01-27 06:27:15,821] {logging_mixin.py:115} INFO - [2023-01-27 06:27:15,820] {dagbag.py:507} INFO - Filling up the DagBag from /home/airflow/.local/lib/python3.7/site-packages/airflow/example_dags/example_branch_python_dop_operator_3.py
[2023-01-27 06:27:19,788] {processor.py:651} INFO - DAG(s) dict_keys(['example_branch_dop_operator_v3']) retrieved from /home/airflow/.local/lib/python3.7/site-packages/airflow/example_dags/example_branch_python_dop_operator_3.py
