[2023-01-27 06:13:38,045] {processor.py:153} INFO - Started process (PID=70) to work on /home/airflow/.local/lib/python3.7/site-packages/airflow/example_dags/example_branch_labels.py
[2023-01-27 06:13:38,047] {processor.py:641} INFO - Processing file /home/airflow/.local/lib/python3.7/site-packages/airflow/example_dags/example_branch_labels.py for tasks to queue
[2023-01-27 06:13:38,049] {logging_mixin.py:115} INFO - [2023-01-27 06:13:38,049] {dagbag.py:507} INFO - Filling up the DagBag from /home/airflow/.local/lib/python3.7/site-packages/airflow/example_dags/example_branch_labels.py
[2023-01-27 06:13:38,066] {processor.py:651} INFO - DAG(s) dict_keys(['example_branch_labels']) retrieved from /home/airflow/.local/lib/python3.7/site-packages/airflow/example_dags/example_branch_labels.py
[2023-01-27 06:13:38,149] {logging_mixin.py:115} INFO - [2023-01-27 06:13:38,149] {dag.py:2371} INFO - Sync 1 DAGs
[2023-01-27 06:13:38,208] {logging_mixin.py:115} INFO - [2023-01-27 06:13:38,208] {dag.py:2919} INFO - Setting next_dagrun for example_branch_labels to 2023-01-26T00:00:00+00:00, run_after=2023-01-27T00:00:00+00:00
[2023-01-27 06:13:38,240] {processor.py:161} INFO - Processing /home/airflow/.local/lib/python3.7/site-packages/airflow/example_dags/example_branch_labels.py took 0.202 seconds
[2023-01-27 06:14:42,707] {processor.py:153} INFO - Started process (PID=133) to work on /home/airflow/.local/lib/python3.7/site-packages/airflow/example_dags/example_branch_labels.py
[2023-01-27 06:14:42,719] {processor.py:641} INFO - Processing file /home/airflow/.local/lib/python3.7/site-packages/airflow/example_dags/example_branch_labels.py for tasks to queue
[2023-01-27 06:14:42,755] {logging_mixin.py:115} INFO - [2023-01-27 06:14:42,755] {dagbag.py:507} INFO - Filling up the DagBag from /home/airflow/.local/lib/python3.7/site-packages/airflow/example_dags/example_branch_labels.py
[2023-01-27 06:14:43,217] {processor.py:651} INFO - DAG(s) dict_keys(['example_branch_labels']) retrieved from /home/airflow/.local/lib/python3.7/site-packages/airflow/example_dags/example_branch_labels.py
[2023-01-27 06:14:43,534] {logging_mixin.py:115} INFO - [2023-01-27 06:14:43,534] {dag.py:2371} INFO - Sync 1 DAGs
[2023-01-27 06:14:43,812] {logging_mixin.py:115} INFO - [2023-01-27 06:14:43,812] {dag.py:2919} INFO - Setting next_dagrun for example_branch_labels to 2023-01-26T00:00:00+00:00, run_after=2023-01-27T00:00:00+00:00
[2023-01-27 06:14:44,080] {processor.py:161} INFO - Processing /home/airflow/.local/lib/python3.7/site-packages/airflow/example_dags/example_branch_labels.py took 1.511 seconds
[2023-01-27 06:15:40,455] {processor.py:153} INFO - Started process (PID=190) to work on /home/airflow/.local/lib/python3.7/site-packages/airflow/example_dags/example_branch_labels.py
[2023-01-27 06:15:40,457] {processor.py:641} INFO - Processing file /home/airflow/.local/lib/python3.7/site-packages/airflow/example_dags/example_branch_labels.py for tasks to queue
[2023-01-27 06:15:40,459] {logging_mixin.py:115} INFO - [2023-01-27 06:15:40,459] {dagbag.py:507} INFO - Filling up the DagBag from /home/airflow/.local/lib/python3.7/site-packages/airflow/example_dags/example_branch_labels.py
[2023-01-27 06:15:40,477] {processor.py:651} INFO - DAG(s) dict_keys(['example_branch_labels']) retrieved from /home/airflow/.local/lib/python3.7/site-packages/airflow/example_dags/example_branch_labels.py
[2023-01-27 06:15:40,561] {logging_mixin.py:115} INFO - [2023-01-27 06:15:40,561] {dag.py:2371} INFO - Sync 1 DAGs
[2023-01-27 06:15:40,643] {logging_mixin.py:115} INFO - [2023-01-27 06:15:40,643] {dag.py:2919} INFO - Setting next_dagrun for example_branch_labels to 2023-01-26T00:00:00+00:00, run_after=2023-01-27T00:00:00+00:00
[2023-01-27 06:15:40,685] {processor.py:161} INFO - Processing /home/airflow/.local/lib/python3.7/site-packages/airflow/example_dags/example_branch_labels.py took 0.236 seconds
[2023-01-27 06:16:11,363] {processor.py:153} INFO - Started process (PID=243) to work on /home/airflow/.local/lib/python3.7/site-packages/airflow/example_dags/example_branch_labels.py
[2023-01-27 06:16:11,369] {processor.py:641} INFO - Processing file /home/airflow/.local/lib/python3.7/site-packages/airflow/example_dags/example_branch_labels.py for tasks to queue
[2023-01-27 06:16:11,373] {logging_mixin.py:115} INFO - [2023-01-27 06:16:11,372] {dagbag.py:507} INFO - Filling up the DagBag from /home/airflow/.local/lib/python3.7/site-packages/airflow/example_dags/example_branch_labels.py
[2023-01-27 06:16:11,402] {processor.py:651} INFO - DAG(s) dict_keys(['example_branch_labels']) retrieved from /home/airflow/.local/lib/python3.7/site-packages/airflow/example_dags/example_branch_labels.py
[2023-01-27 06:16:11,473] {logging_mixin.py:115} INFO - [2023-01-27 06:16:11,473] {dag.py:2371} INFO - Sync 1 DAGs
[2023-01-27 06:16:11,535] {logging_mixin.py:115} INFO - [2023-01-27 06:16:11,535] {dag.py:2919} INFO - Setting next_dagrun for example_branch_labels to 2023-01-26T00:00:00+00:00, run_after=2023-01-27T00:00:00+00:00
[2023-01-27 06:16:11,591] {processor.py:161} INFO - Processing /home/airflow/.local/lib/python3.7/site-packages/airflow/example_dags/example_branch_labels.py took 0.246 seconds
[2023-01-27 06:16:42,761] {processor.py:153} INFO - Started process (PID=296) to work on /home/airflow/.local/lib/python3.7/site-packages/airflow/example_dags/example_branch_labels.py
[2023-01-27 06:16:42,763] {processor.py:641} INFO - Processing file /home/airflow/.local/lib/python3.7/site-packages/airflow/example_dags/example_branch_labels.py for tasks to queue
[2023-01-27 06:16:42,764] {logging_mixin.py:115} INFO - [2023-01-27 06:16:42,764] {dagbag.py:507} INFO - Filling up the DagBag from /home/airflow/.local/lib/python3.7/site-packages/airflow/example_dags/example_branch_labels.py
[2023-01-27 06:16:42,774] {processor.py:651} INFO - DAG(s) dict_keys(['example_branch_labels']) retrieved from /home/airflow/.local/lib/python3.7/site-packages/airflow/example_dags/example_branch_labels.py
[2023-01-27 06:16:42,818] {logging_mixin.py:115} INFO - [2023-01-27 06:16:42,818] {dag.py:2371} INFO - Sync 1 DAGs
[2023-01-27 06:16:42,875] {logging_mixin.py:115} INFO - [2023-01-27 06:16:42,874] {dag.py:2919} INFO - Setting next_dagrun for example_branch_labels to 2023-01-26T00:00:00+00:00, run_after=2023-01-27T00:00:00+00:00
[2023-01-27 06:16:42,897] {processor.py:161} INFO - Processing /home/airflow/.local/lib/python3.7/site-packages/airflow/example_dags/example_branch_labels.py took 0.141 seconds
[2023-01-27 06:17:13,252] {processor.py:153} INFO - Started process (PID=355) to work on /home/airflow/.local/lib/python3.7/site-packages/airflow/example_dags/example_branch_labels.py
[2023-01-27 06:17:13,253] {processor.py:641} INFO - Processing file /home/airflow/.local/lib/python3.7/site-packages/airflow/example_dags/example_branch_labels.py for tasks to queue
[2023-01-27 06:17:13,255] {logging_mixin.py:115} INFO - [2023-01-27 06:17:13,254] {dagbag.py:507} INFO - Filling up the DagBag from /home/airflow/.local/lib/python3.7/site-packages/airflow/example_dags/example_branch_labels.py
[2023-01-27 06:17:13,267] {processor.py:651} INFO - DAG(s) dict_keys(['example_branch_labels']) retrieved from /home/airflow/.local/lib/python3.7/site-packages/airflow/example_dags/example_branch_labels.py
[2023-01-27 06:17:13,305] {logging_mixin.py:115} INFO - [2023-01-27 06:17:13,305] {dag.py:2371} INFO - Sync 1 DAGs
[2023-01-27 06:17:13,345] {logging_mixin.py:115} INFO - [2023-01-27 06:17:13,345] {dag.py:2919} INFO - Setting next_dagrun for example_branch_labels to 2023-01-26T00:00:00+00:00, run_after=2023-01-27T00:00:00+00:00
[2023-01-27 06:17:13,366] {processor.py:161} INFO - Processing /home/airflow/.local/lib/python3.7/site-packages/airflow/example_dags/example_branch_labels.py took 0.119 seconds
[2023-01-27 06:17:43,614] {processor.py:153} INFO - Started process (PID=402) to work on /home/airflow/.local/lib/python3.7/site-packages/airflow/example_dags/example_branch_labels.py
[2023-01-27 06:17:43,617] {processor.py:641} INFO - Processing file /home/airflow/.local/lib/python3.7/site-packages/airflow/example_dags/example_branch_labels.py for tasks to queue
[2023-01-27 06:17:43,619] {logging_mixin.py:115} INFO - [2023-01-27 06:17:43,619] {dagbag.py:507} INFO - Filling up the DagBag from /home/airflow/.local/lib/python3.7/site-packages/airflow/example_dags/example_branch_labels.py
[2023-01-27 06:17:43,632] {processor.py:651} INFO - DAG(s) dict_keys(['example_branch_labels']) retrieved from /home/airflow/.local/lib/python3.7/site-packages/airflow/example_dags/example_branch_labels.py
[2023-01-27 06:17:43,676] {logging_mixin.py:115} INFO - [2023-01-27 06:17:43,676] {dag.py:2371} INFO - Sync 1 DAGs
[2023-01-27 06:17:43,715] {logging_mixin.py:115} INFO - [2023-01-27 06:17:43,715] {dag.py:2919} INFO - Setting next_dagrun for example_branch_labels to 2023-01-26T00:00:00+00:00, run_after=2023-01-27T00:00:00+00:00
[2023-01-27 06:17:43,739] {processor.py:161} INFO - Processing /home/airflow/.local/lib/python3.7/site-packages/airflow/example_dags/example_branch_labels.py took 0.129 seconds
[2023-01-27 06:18:17,320] {processor.py:153} INFO - Started process (PID=455) to work on /home/airflow/.local/lib/python3.7/site-packages/airflow/example_dags/example_branch_labels.py
[2023-01-27 06:18:17,322] {processor.py:641} INFO - Processing file /home/airflow/.local/lib/python3.7/site-packages/airflow/example_dags/example_branch_labels.py for tasks to queue
[2023-01-27 06:18:17,325] {logging_mixin.py:115} INFO - [2023-01-27 06:18:17,324] {dagbag.py:507} INFO - Filling up the DagBag from /home/airflow/.local/lib/python3.7/site-packages/airflow/example_dags/example_branch_labels.py
[2023-01-27 06:18:17,354] {processor.py:651} INFO - DAG(s) dict_keys(['example_branch_labels']) retrieved from /home/airflow/.local/lib/python3.7/site-packages/airflow/example_dags/example_branch_labels.py
[2023-01-27 06:18:17,418] {logging_mixin.py:115} INFO - [2023-01-27 06:18:17,418] {dag.py:2371} INFO - Sync 1 DAGs
[2023-01-27 06:18:17,506] {logging_mixin.py:115} INFO - [2023-01-27 06:18:17,505] {dag.py:2919} INFO - Setting next_dagrun for example_branch_labels to 2023-01-26T00:00:00+00:00, run_after=2023-01-27T00:00:00+00:00
[2023-01-27 06:18:17,554] {processor.py:161} INFO - Processing /home/airflow/.local/lib/python3.7/site-packages/airflow/example_dags/example_branch_labels.py took 0.240 seconds
[2023-01-27 06:18:52,511] {processor.py:153} INFO - Started process (PID=502) to work on /home/airflow/.local/lib/python3.7/site-packages/airflow/example_dags/example_branch_labels.py
[2023-01-27 06:18:52,516] {processor.py:641} INFO - Processing file /home/airflow/.local/lib/python3.7/site-packages/airflow/example_dags/example_branch_labels.py for tasks to queue
[2023-01-27 06:18:52,532] {logging_mixin.py:115} INFO - [2023-01-27 06:18:52,532] {dagbag.py:507} INFO - Filling up the DagBag from /home/airflow/.local/lib/python3.7/site-packages/airflow/example_dags/example_branch_labels.py
[2023-01-27 06:18:52,610] {processor.py:651} INFO - DAG(s) dict_keys(['example_branch_labels']) retrieved from /home/airflow/.local/lib/python3.7/site-packages/airflow/example_dags/example_branch_labels.py
[2023-01-27 06:18:53,024] {logging_mixin.py:115} INFO - [2023-01-27 06:18:53,024] {dag.py:2371} INFO - Sync 1 DAGs
[2023-01-27 06:18:53,347] {logging_mixin.py:115} INFO - [2023-01-27 06:18:53,334] {dag.py:2919} INFO - Setting next_dagrun for example_branch_labels to 2023-01-26T00:00:00+00:00, run_after=2023-01-27T00:00:00+00:00
[2023-01-27 06:18:53,742] {processor.py:161} INFO - Processing /home/airflow/.local/lib/python3.7/site-packages/airflow/example_dags/example_branch_labels.py took 1.276 seconds
[2023-01-27 06:19:33,339] {processor.py:153} INFO - Started process (PID=550) to work on /home/airflow/.local/lib/python3.7/site-packages/airflow/example_dags/example_branch_labels.py
[2023-01-27 06:19:33,341] {processor.py:641} INFO - Processing file /home/airflow/.local/lib/python3.7/site-packages/airflow/example_dags/example_branch_labels.py for tasks to queue
[2023-01-27 06:19:33,343] {logging_mixin.py:115} INFO - [2023-01-27 06:19:33,343] {dagbag.py:507} INFO - Filling up the DagBag from /home/airflow/.local/lib/python3.7/site-packages/airflow/example_dags/example_branch_labels.py
[2023-01-27 06:19:33,357] {processor.py:651} INFO - DAG(s) dict_keys(['example_branch_labels']) retrieved from /home/airflow/.local/lib/python3.7/site-packages/airflow/example_dags/example_branch_labels.py
[2023-01-27 06:19:33,439] {logging_mixin.py:115} INFO - [2023-01-27 06:19:33,439] {dag.py:2371} INFO - Sync 1 DAGs
[2023-01-27 06:19:33,497] {logging_mixin.py:115} INFO - [2023-01-27 06:19:33,496] {dag.py:2919} INFO - Setting next_dagrun for example_branch_labels to 2023-01-26T00:00:00+00:00, run_after=2023-01-27T00:00:00+00:00
[2023-01-27 06:19:33,551] {processor.py:161} INFO - Processing /home/airflow/.local/lib/python3.7/site-packages/airflow/example_dags/example_branch_labels.py took 0.226 seconds
[2023-01-27 06:20:04,366] {processor.py:153} INFO - Started process (PID=603) to work on /home/airflow/.local/lib/python3.7/site-packages/airflow/example_dags/example_branch_labels.py
[2023-01-27 06:20:04,369] {processor.py:641} INFO - Processing file /home/airflow/.local/lib/python3.7/site-packages/airflow/example_dags/example_branch_labels.py for tasks to queue
[2023-01-27 06:20:04,372] {logging_mixin.py:115} INFO - [2023-01-27 06:20:04,371] {dagbag.py:507} INFO - Filling up the DagBag from /home/airflow/.local/lib/python3.7/site-packages/airflow/example_dags/example_branch_labels.py
[2023-01-27 06:20:04,416] {processor.py:651} INFO - DAG(s) dict_keys(['example_branch_labels']) retrieved from /home/airflow/.local/lib/python3.7/site-packages/airflow/example_dags/example_branch_labels.py
[2023-01-27 06:20:04,565] {logging_mixin.py:115} INFO - [2023-01-27 06:20:04,565] {dag.py:2371} INFO - Sync 1 DAGs
[2023-01-27 06:20:04,768] {logging_mixin.py:115} INFO - [2023-01-27 06:20:04,767] {dag.py:2919} INFO - Setting next_dagrun for example_branch_labels to 2023-01-26T00:00:00+00:00, run_after=2023-01-27T00:00:00+00:00
[2023-01-27 06:20:04,859] {processor.py:161} INFO - Processing /home/airflow/.local/lib/python3.7/site-packages/airflow/example_dags/example_branch_labels.py took 0.500 seconds
[2023-01-27 06:20:52,446] {processor.py:153} INFO - Started process (PID=646) to work on /home/airflow/.local/lib/python3.7/site-packages/airflow/example_dags/example_branch_labels.py
[2023-01-27 06:20:52,449] {processor.py:641} INFO - Processing file /home/airflow/.local/lib/python3.7/site-packages/airflow/example_dags/example_branch_labels.py for tasks to queue
[2023-01-27 06:20:52,452] {logging_mixin.py:115} INFO - [2023-01-27 06:20:52,452] {dagbag.py:507} INFO - Filling up the DagBag from /home/airflow/.local/lib/python3.7/site-packages/airflow/example_dags/example_branch_labels.py
[2023-01-27 06:20:52,478] {processor.py:651} INFO - DAG(s) dict_keys(['example_branch_labels']) retrieved from /home/airflow/.local/lib/python3.7/site-packages/airflow/example_dags/example_branch_labels.py
[2023-01-27 06:20:52,658] {logging_mixin.py:115} INFO - [2023-01-27 06:20:52,658] {dag.py:2371} INFO - Sync 1 DAGs
[2023-01-27 06:20:52,769] {logging_mixin.py:115} INFO - [2023-01-27 06:20:52,768] {dag.py:2919} INFO - Setting next_dagrun for example_branch_labels to 2023-01-26T00:00:00+00:00, run_after=2023-01-27T00:00:00+00:00
[2023-01-27 06:20:52,867] {processor.py:161} INFO - Processing /home/airflow/.local/lib/python3.7/site-packages/airflow/example_dags/example_branch_labels.py took 0.437 seconds
[2023-01-27 06:21:52,599] {processor.py:153} INFO - Started process (PID=710) to work on /home/airflow/.local/lib/python3.7/site-packages/airflow/example_dags/example_branch_labels.py
[2023-01-27 06:21:52,612] {processor.py:641} INFO - Processing file /home/airflow/.local/lib/python3.7/site-packages/airflow/example_dags/example_branch_labels.py for tasks to queue
[2023-01-27 06:21:52,629] {logging_mixin.py:115} INFO - [2023-01-27 06:21:52,628] {dagbag.py:507} INFO - Filling up the DagBag from /home/airflow/.local/lib/python3.7/site-packages/airflow/example_dags/example_branch_labels.py
[2023-01-27 06:21:52,693] {processor.py:651} INFO - DAG(s) dict_keys(['example_branch_labels']) retrieved from /home/airflow/.local/lib/python3.7/site-packages/airflow/example_dags/example_branch_labels.py
[2023-01-27 06:21:52,906] {logging_mixin.py:115} INFO - [2023-01-27 06:21:52,905] {dag.py:2371} INFO - Sync 1 DAGs
[2023-01-27 06:21:53,098] {logging_mixin.py:115} INFO - [2023-01-27 06:21:53,098] {dag.py:2919} INFO - Setting next_dagrun for example_branch_labels to 2023-01-26T00:00:00+00:00, run_after=2023-01-27T00:00:00+00:00
[2023-01-27 06:21:53,209] {processor.py:161} INFO - Processing /home/airflow/.local/lib/python3.7/site-packages/airflow/example_dags/example_branch_labels.py took 0.617 seconds
[2023-01-27 06:23:29,213] {processor.py:153} INFO - Started process (PID=789) to work on /home/airflow/.local/lib/python3.7/site-packages/airflow/example_dags/example_branch_labels.py
[2023-01-27 06:23:29,218] {processor.py:641} INFO - Processing file /home/airflow/.local/lib/python3.7/site-packages/airflow/example_dags/example_branch_labels.py for tasks to queue
[2023-01-27 06:23:29,231] {logging_mixin.py:115} INFO - [2023-01-27 06:23:29,231] {dagbag.py:507} INFO - Filling up the DagBag from /home/airflow/.local/lib/python3.7/site-packages/airflow/example_dags/example_branch_labels.py
[2023-01-27 06:23:29,295] {processor.py:651} INFO - DAG(s) dict_keys(['example_branch_labels']) retrieved from /home/airflow/.local/lib/python3.7/site-packages/airflow/example_dags/example_branch_labels.py
[2023-01-27 06:23:29,428] {logging_mixin.py:115} INFO - [2023-01-27 06:23:29,428] {dag.py:2371} INFO - Sync 1 DAGs
[2023-01-27 06:23:29,622] {logging_mixin.py:115} INFO - [2023-01-27 06:23:29,622] {dag.py:2919} INFO - Setting next_dagrun for example_branch_labels to 2023-01-26T00:00:00+00:00, run_after=2023-01-27T00:00:00+00:00
[2023-01-27 06:23:29,706] {processor.py:161} INFO - Processing /home/airflow/.local/lib/python3.7/site-packages/airflow/example_dags/example_branch_labels.py took 0.500 seconds
