[2023-01-27 06:13:37,622] {processor.py:153} INFO - Started process (PID=69) to work on /home/airflow/.local/lib/python3.7/site-packages/airflow/example_dags/example_kubernetes_executor.py
[2023-01-27 06:13:37,623] {processor.py:641} INFO - Processing file /home/airflow/.local/lib/python3.7/site-packages/airflow/example_dags/example_kubernetes_executor.py for tasks to queue
[2023-01-27 06:13:37,625] {logging_mixin.py:115} INFO - [2023-01-27 06:13:37,625] {dagbag.py:507} INFO - Filling up the DagBag from /home/airflow/.local/lib/python3.7/site-packages/airflow/example_dags/example_kubernetes_executor.py
[2023-01-27 06:13:37,699] {processor.py:651} INFO - DAG(s) dict_keys(['example_kubernetes_executor']) retrieved from /home/airflow/.local/lib/python3.7/site-packages/airflow/example_dags/example_kubernetes_executor.py
[2023-01-27 06:13:37,825] {logging_mixin.py:115} INFO - [2023-01-27 06:13:37,824] {dag.py:2371} INFO - Sync 1 DAGs
[2023-01-27 06:13:37,932] {logging_mixin.py:115} INFO - [2023-01-27 06:13:37,932] {dag.py:2919} INFO - Setting next_dagrun for example_kubernetes_executor to None, run_after=None
[2023-01-27 06:13:37,980] {processor.py:161} INFO - Processing /home/airflow/.local/lib/python3.7/site-packages/airflow/example_dags/example_kubernetes_executor.py took 0.363 seconds
[2023-01-27 06:14:41,608] {processor.py:153} INFO - Started process (PID=130) to work on /home/airflow/.local/lib/python3.7/site-packages/airflow/example_dags/example_kubernetes_executor.py
[2023-01-27 06:14:41,611] {processor.py:641} INFO - Processing file /home/airflow/.local/lib/python3.7/site-packages/airflow/example_dags/example_kubernetes_executor.py for tasks to queue
[2023-01-27 06:14:41,613] {logging_mixin.py:115} INFO - [2023-01-27 06:14:41,613] {dagbag.py:507} INFO - Filling up the DagBag from /home/airflow/.local/lib/python3.7/site-packages/airflow/example_dags/example_kubernetes_executor.py
[2023-01-27 06:14:41,742] {processor.py:651} INFO - DAG(s) dict_keys(['example_kubernetes_executor']) retrieved from /home/airflow/.local/lib/python3.7/site-packages/airflow/example_dags/example_kubernetes_executor.py
[2023-01-27 06:14:41,882] {logging_mixin.py:115} INFO - [2023-01-27 06:14:41,881] {dag.py:2371} INFO - Sync 1 DAGs
[2023-01-27 06:14:42,078] {logging_mixin.py:115} INFO - [2023-01-27 06:14:42,078] {dag.py:2919} INFO - Setting next_dagrun for example_kubernetes_executor to None, run_after=None
[2023-01-27 06:14:42,217] {processor.py:161} INFO - Processing /home/airflow/.local/lib/python3.7/site-packages/airflow/example_dags/example_kubernetes_executor.py took 0.625 seconds
[2023-01-27 06:15:40,092] {processor.py:153} INFO - Started process (PID=189) to work on /home/airflow/.local/lib/python3.7/site-packages/airflow/example_dags/example_kubernetes_executor.py
[2023-01-27 06:15:40,094] {processor.py:641} INFO - Processing file /home/airflow/.local/lib/python3.7/site-packages/airflow/example_dags/example_kubernetes_executor.py for tasks to queue
[2023-01-27 06:15:40,097] {logging_mixin.py:115} INFO - [2023-01-27 06:15:40,097] {dagbag.py:507} INFO - Filling up the DagBag from /home/airflow/.local/lib/python3.7/site-packages/airflow/example_dags/example_kubernetes_executor.py
[2023-01-27 06:15:40,221] {processor.py:651} INFO - DAG(s) dict_keys(['example_kubernetes_executor']) retrieved from /home/airflow/.local/lib/python3.7/site-packages/airflow/example_dags/example_kubernetes_executor.py
[2023-01-27 06:15:40,301] {logging_mixin.py:115} INFO - [2023-01-27 06:15:40,301] {dag.py:2371} INFO - Sync 1 DAGs
[2023-01-27 06:15:40,367] {logging_mixin.py:115} INFO - [2023-01-27 06:15:40,367] {dag.py:2919} INFO - Setting next_dagrun for example_kubernetes_executor to None, run_after=None
[2023-01-27 06:15:40,400] {processor.py:161} INFO - Processing /home/airflow/.local/lib/python3.7/site-packages/airflow/example_dags/example_kubernetes_executor.py took 0.320 seconds
[2023-01-27 06:16:10,973] {processor.py:153} INFO - Started process (PID=241) to work on /home/airflow/.local/lib/python3.7/site-packages/airflow/example_dags/example_kubernetes_executor.py
[2023-01-27 06:16:10,980] {processor.py:641} INFO - Processing file /home/airflow/.local/lib/python3.7/site-packages/airflow/example_dags/example_kubernetes_executor.py for tasks to queue
[2023-01-27 06:16:10,984] {logging_mixin.py:115} INFO - [2023-01-27 06:16:10,983] {dagbag.py:507} INFO - Filling up the DagBag from /home/airflow/.local/lib/python3.7/site-packages/airflow/example_dags/example_kubernetes_executor.py
[2023-01-27 06:16:11,061] {processor.py:651} INFO - DAG(s) dict_keys(['example_kubernetes_executor']) retrieved from /home/airflow/.local/lib/python3.7/site-packages/airflow/example_dags/example_kubernetes_executor.py
[2023-01-27 06:16:11,161] {logging_mixin.py:115} INFO - [2023-01-27 06:16:11,161] {dag.py:2371} INFO - Sync 1 DAGs
[2023-01-27 06:16:11,237] {logging_mixin.py:115} INFO - [2023-01-27 06:16:11,237] {dag.py:2919} INFO - Setting next_dagrun for example_kubernetes_executor to None, run_after=None
[2023-01-27 06:16:11,283] {processor.py:161} INFO - Processing /home/airflow/.local/lib/python3.7/site-packages/airflow/example_dags/example_kubernetes_executor.py took 0.318 seconds
[2023-01-27 06:16:42,491] {processor.py:153} INFO - Started process (PID=295) to work on /home/airflow/.local/lib/python3.7/site-packages/airflow/example_dags/example_kubernetes_executor.py
[2023-01-27 06:16:42,507] {processor.py:641} INFO - Processing file /home/airflow/.local/lib/python3.7/site-packages/airflow/example_dags/example_kubernetes_executor.py for tasks to queue
[2023-01-27 06:16:42,508] {logging_mixin.py:115} INFO - [2023-01-27 06:16:42,508] {dagbag.py:507} INFO - Filling up the DagBag from /home/airflow/.local/lib/python3.7/site-packages/airflow/example_dags/example_kubernetes_executor.py
[2023-01-27 06:16:42,569] {processor.py:651} INFO - DAG(s) dict_keys(['example_kubernetes_executor']) retrieved from /home/airflow/.local/lib/python3.7/site-packages/airflow/example_dags/example_kubernetes_executor.py
[2023-01-27 06:16:42,655] {logging_mixin.py:115} INFO - [2023-01-27 06:16:42,655] {dag.py:2371} INFO - Sync 1 DAGs
[2023-01-27 06:16:42,705] {logging_mixin.py:115} INFO - [2023-01-27 06:16:42,705] {dag.py:2919} INFO - Setting next_dagrun for example_kubernetes_executor to None, run_after=None
[2023-01-27 06:16:42,728] {processor.py:161} INFO - Processing /home/airflow/.local/lib/python3.7/site-packages/airflow/example_dags/example_kubernetes_executor.py took 0.241 seconds
[2023-01-27 06:17:13,068] {processor.py:153} INFO - Started process (PID=347) to work on /home/airflow/.local/lib/python3.7/site-packages/airflow/example_dags/example_kubernetes_executor.py
[2023-01-27 06:17:13,071] {processor.py:641} INFO - Processing file /home/airflow/.local/lib/python3.7/site-packages/airflow/example_dags/example_kubernetes_executor.py for tasks to queue
[2023-01-27 06:17:13,072] {logging_mixin.py:115} INFO - [2023-01-27 06:17:13,072] {dagbag.py:507} INFO - Filling up the DagBag from /home/airflow/.local/lib/python3.7/site-packages/airflow/example_dags/example_kubernetes_executor.py
[2023-01-27 06:17:13,112] {processor.py:651} INFO - DAG(s) dict_keys(['example_kubernetes_executor']) retrieved from /home/airflow/.local/lib/python3.7/site-packages/airflow/example_dags/example_kubernetes_executor.py
[2023-01-27 06:17:13,168] {logging_mixin.py:115} INFO - [2023-01-27 06:17:13,168] {dag.py:2371} INFO - Sync 1 DAGs
[2023-01-27 06:17:13,210] {logging_mixin.py:115} INFO - [2023-01-27 06:17:13,210] {dag.py:2919} INFO - Setting next_dagrun for example_kubernetes_executor to None, run_after=None
[2023-01-27 06:17:13,237] {processor.py:161} INFO - Processing /home/airflow/.local/lib/python3.7/site-packages/airflow/example_dags/example_kubernetes_executor.py took 0.173 seconds
[2023-01-27 06:17:43,457] {processor.py:153} INFO - Started process (PID=401) to work on /home/airflow/.local/lib/python3.7/site-packages/airflow/example_dags/example_kubernetes_executor.py
[2023-01-27 06:17:43,459] {processor.py:641} INFO - Processing file /home/airflow/.local/lib/python3.7/site-packages/airflow/example_dags/example_kubernetes_executor.py for tasks to queue
[2023-01-27 06:17:43,461] {logging_mixin.py:115} INFO - [2023-01-27 06:17:43,460] {dagbag.py:507} INFO - Filling up the DagBag from /home/airflow/.local/lib/python3.7/site-packages/airflow/example_dags/example_kubernetes_executor.py
[2023-01-27 06:17:43,509] {processor.py:651} INFO - DAG(s) dict_keys(['example_kubernetes_executor']) retrieved from /home/airflow/.local/lib/python3.7/site-packages/airflow/example_dags/example_kubernetes_executor.py
[2023-01-27 06:17:43,550] {logging_mixin.py:115} INFO - [2023-01-27 06:17:43,549] {dag.py:2371} INFO - Sync 1 DAGs
[2023-01-27 06:17:43,580] {logging_mixin.py:115} INFO - [2023-01-27 06:17:43,580] {dag.py:2919} INFO - Setting next_dagrun for example_kubernetes_executor to None, run_after=None
[2023-01-27 06:17:43,604] {processor.py:161} INFO - Processing /home/airflow/.local/lib/python3.7/site-packages/airflow/example_dags/example_kubernetes_executor.py took 0.152 seconds
[2023-01-27 06:18:17,271] {processor.py:153} INFO - Started process (PID=454) to work on /home/airflow/.local/lib/python3.7/site-packages/airflow/example_dags/example_kubernetes_executor.py
[2023-01-27 06:18:17,274] {processor.py:641} INFO - Processing file /home/airflow/.local/lib/python3.7/site-packages/airflow/example_dags/example_kubernetes_executor.py for tasks to queue
[2023-01-27 06:18:17,276] {logging_mixin.py:115} INFO - [2023-01-27 06:18:17,276] {dagbag.py:507} INFO - Filling up the DagBag from /home/airflow/.local/lib/python3.7/site-packages/airflow/example_dags/example_kubernetes_executor.py
[2023-01-27 06:18:17,375] {processor.py:651} INFO - DAG(s) dict_keys(['example_kubernetes_executor']) retrieved from /home/airflow/.local/lib/python3.7/site-packages/airflow/example_dags/example_kubernetes_executor.py
[2023-01-27 06:18:17,471] {logging_mixin.py:115} INFO - [2023-01-27 06:18:17,471] {dag.py:2371} INFO - Sync 1 DAGs
[2023-01-27 06:18:17,571] {logging_mixin.py:115} INFO - [2023-01-27 06:18:17,571] {dag.py:2919} INFO - Setting next_dagrun for example_kubernetes_executor to None, run_after=None
[2023-01-27 06:18:17,616] {processor.py:161} INFO - Processing /home/airflow/.local/lib/python3.7/site-packages/airflow/example_dags/example_kubernetes_executor.py took 0.354 seconds
[2023-01-27 06:18:51,645] {processor.py:153} INFO - Started process (PID=501) to work on /home/airflow/.local/lib/python3.7/site-packages/airflow/example_dags/example_kubernetes_executor.py
[2023-01-27 06:18:51,666] {processor.py:641} INFO - Processing file /home/airflow/.local/lib/python3.7/site-packages/airflow/example_dags/example_kubernetes_executor.py for tasks to queue
[2023-01-27 06:18:51,680] {logging_mixin.py:115} INFO - [2023-01-27 06:18:51,680] {dagbag.py:507} INFO - Filling up the DagBag from /home/airflow/.local/lib/python3.7/site-packages/airflow/example_dags/example_kubernetes_executor.py
[2023-01-27 06:18:52,412] {processor.py:651} INFO - DAG(s) dict_keys(['example_kubernetes_executor']) retrieved from /home/airflow/.local/lib/python3.7/site-packages/airflow/example_dags/example_kubernetes_executor.py
[2023-01-27 06:18:52,643] {logging_mixin.py:115} INFO - [2023-01-27 06:18:52,635] {dag.py:2371} INFO - Sync 1 DAGs
[2023-01-27 06:18:52,908] {logging_mixin.py:115} INFO - [2023-01-27 06:18:52,908] {dag.py:2919} INFO - Setting next_dagrun for example_kubernetes_executor to None, run_after=None
[2023-01-27 06:18:53,152] {processor.py:161} INFO - Processing /home/airflow/.local/lib/python3.7/site-packages/airflow/example_dags/example_kubernetes_executor.py took 1.537 seconds
[2023-01-27 06:19:33,148] {processor.py:153} INFO - Started process (PID=549) to work on /home/airflow/.local/lib/python3.7/site-packages/airflow/example_dags/example_kubernetes_executor.py
[2023-01-27 06:19:33,150] {processor.py:641} INFO - Processing file /home/airflow/.local/lib/python3.7/site-packages/airflow/example_dags/example_kubernetes_executor.py for tasks to queue
[2023-01-27 06:19:33,151] {logging_mixin.py:115} INFO - [2023-01-27 06:19:33,151] {dagbag.py:507} INFO - Filling up the DagBag from /home/airflow/.local/lib/python3.7/site-packages/airflow/example_dags/example_kubernetes_executor.py
[2023-01-27 06:19:33,231] {processor.py:651} INFO - DAG(s) dict_keys(['example_kubernetes_executor']) retrieved from /home/airflow/.local/lib/python3.7/site-packages/airflow/example_dags/example_kubernetes_executor.py
[2023-01-27 06:19:33,317] {logging_mixin.py:115} INFO - [2023-01-27 06:19:33,316] {dag.py:2371} INFO - Sync 1 DAGs
[2023-01-27 06:19:33,373] {logging_mixin.py:115} INFO - [2023-01-27 06:19:33,373] {dag.py:2919} INFO - Setting next_dagrun for example_kubernetes_executor to None, run_after=None
[2023-01-27 06:19:33,427] {processor.py:161} INFO - Processing /home/airflow/.local/lib/python3.7/site-packages/airflow/example_dags/example_kubernetes_executor.py took 0.286 seconds
[2023-01-27 06:20:04,136] {processor.py:153} INFO - Started process (PID=602) to work on /home/airflow/.local/lib/python3.7/site-packages/airflow/example_dags/example_kubernetes_executor.py
[2023-01-27 06:20:04,146] {processor.py:641} INFO - Processing file /home/airflow/.local/lib/python3.7/site-packages/airflow/example_dags/example_kubernetes_executor.py for tasks to queue
[2023-01-27 06:20:04,160] {logging_mixin.py:115} INFO - [2023-01-27 06:20:04,160] {dagbag.py:507} INFO - Filling up the DagBag from /home/airflow/.local/lib/python3.7/site-packages/airflow/example_dags/example_kubernetes_executor.py
[2023-01-27 06:20:04,342] {processor.py:651} INFO - DAG(s) dict_keys(['example_kubernetes_executor']) retrieved from /home/airflow/.local/lib/python3.7/site-packages/airflow/example_dags/example_kubernetes_executor.py
[2023-01-27 06:20:04,432] {logging_mixin.py:115} INFO - [2023-01-27 06:20:04,432] {dag.py:2371} INFO - Sync 1 DAGs
[2023-01-27 06:20:04,528] {logging_mixin.py:115} INFO - [2023-01-27 06:20:04,527] {dag.py:2919} INFO - Setting next_dagrun for example_kubernetes_executor to None, run_after=None
[2023-01-27 06:20:04,599] {processor.py:161} INFO - Processing /home/airflow/.local/lib/python3.7/site-packages/airflow/example_dags/example_kubernetes_executor.py took 0.471 seconds
[2023-01-27 06:20:52,358] {processor.py:153} INFO - Started process (PID=645) to work on /home/airflow/.local/lib/python3.7/site-packages/airflow/example_dags/example_kubernetes_executor.py
[2023-01-27 06:20:52,369] {processor.py:641} INFO - Processing file /home/airflow/.local/lib/python3.7/site-packages/airflow/example_dags/example_kubernetes_executor.py for tasks to queue
[2023-01-27 06:20:52,373] {logging_mixin.py:115} INFO - [2023-01-27 06:20:52,373] {dagbag.py:507} INFO - Filling up the DagBag from /home/airflow/.local/lib/python3.7/site-packages/airflow/example_dags/example_kubernetes_executor.py
[2023-01-27 06:20:52,494] {processor.py:651} INFO - DAG(s) dict_keys(['example_kubernetes_executor']) retrieved from /home/airflow/.local/lib/python3.7/site-packages/airflow/example_dags/example_kubernetes_executor.py
[2023-01-27 06:20:52,658] {logging_mixin.py:115} INFO - [2023-01-27 06:20:52,658] {dag.py:2371} INFO - Sync 1 DAGs
[2023-01-27 06:20:52,750] {logging_mixin.py:115} INFO - [2023-01-27 06:20:52,749] {dag.py:2919} INFO - Setting next_dagrun for example_kubernetes_executor to None, run_after=None
[2023-01-27 06:20:52,839] {processor.py:161} INFO - Processing /home/airflow/.local/lib/python3.7/site-packages/airflow/example_dags/example_kubernetes_executor.py took 0.513 seconds
[2023-01-27 06:21:51,172] {processor.py:153} INFO - Started process (PID=709) to work on /home/airflow/.local/lib/python3.7/site-packages/airflow/example_dags/example_kubernetes_executor.py
[2023-01-27 06:21:51,180] {processor.py:641} INFO - Processing file /home/airflow/.local/lib/python3.7/site-packages/airflow/example_dags/example_kubernetes_executor.py for tasks to queue
[2023-01-27 06:21:51,194] {logging_mixin.py:115} INFO - [2023-01-27 06:21:51,194] {dagbag.py:507} INFO - Filling up the DagBag from /home/airflow/.local/lib/python3.7/site-packages/airflow/example_dags/example_kubernetes_executor.py
[2023-01-27 06:21:51,721] {processor.py:651} INFO - DAG(s) dict_keys(['example_kubernetes_executor']) retrieved from /home/airflow/.local/lib/python3.7/site-packages/airflow/example_dags/example_kubernetes_executor.py
[2023-01-27 06:21:52,086] {logging_mixin.py:115} INFO - [2023-01-27 06:21:52,077] {dag.py:2371} INFO - Sync 1 DAGs
[2023-01-27 06:21:52,232] {logging_mixin.py:115} INFO - [2023-01-27 06:21:52,232] {dag.py:2919} INFO - Setting next_dagrun for example_kubernetes_executor to None, run_after=None
[2023-01-27 06:21:52,324] {processor.py:161} INFO - Processing /home/airflow/.local/lib/python3.7/site-packages/airflow/example_dags/example_kubernetes_executor.py took 1.205 seconds
[2023-01-27 06:23:26,326] {processor.py:153} INFO - Started process (PID=786) to work on /home/airflow/.local/lib/python3.7/site-packages/airflow/example_dags/example_kubernetes_executor.py
[2023-01-27 06:23:26,338] {processor.py:641} INFO - Processing file /home/airflow/.local/lib/python3.7/site-packages/airflow/example_dags/example_kubernetes_executor.py for tasks to queue
[2023-01-27 06:23:26,357] {logging_mixin.py:115} INFO - [2023-01-27 06:23:26,357] {dagbag.py:507} INFO - Filling up the DagBag from /home/airflow/.local/lib/python3.7/site-packages/airflow/example_dags/example_kubernetes_executor.py
[2023-01-27 06:23:27,604] {processor.py:651} INFO - DAG(s) dict_keys(['example_kubernetes_executor']) retrieved from /home/airflow/.local/lib/python3.7/site-packages/airflow/example_dags/example_kubernetes_executor.py
[2023-01-27 06:23:28,600] {logging_mixin.py:115} INFO - [2023-01-27 06:23:28,599] {dag.py:2371} INFO - Sync 1 DAGs
[2023-01-27 06:23:28,973] {logging_mixin.py:115} INFO - [2023-01-27 06:23:28,973] {dag.py:2919} INFO - Setting next_dagrun for example_kubernetes_executor to None, run_after=None
[2023-01-27 06:23:29,069] {processor.py:161} INFO - Processing /home/airflow/.local/lib/python3.7/site-packages/airflow/example_dags/example_kubernetes_executor.py took 2.719 seconds
