[2023-01-25 17:32:36,187] {processor.py:153} INFO - Started process (PID=72) to work on /home/airflow/.local/lib/python3.7/site-packages/airflow/example_dags/example_python_operator.py
[2023-01-25 17:32:36,194] {processor.py:641} INFO - Processing file /home/airflow/.local/lib/python3.7/site-packages/airflow/example_dags/example_python_operator.py for tasks to queue
[2023-01-25 17:32:36,201] {logging_mixin.py:115} INFO - [2023-01-25 17:32:36,201] {dagbag.py:507} INFO - Filling up the DagBag from /home/airflow/.local/lib/python3.7/site-packages/airflow/example_dags/example_python_operator.py
[2023-01-25 17:32:36,660] {processor.py:651} INFO - DAG(s) dict_keys(['example_python_operator']) retrieved from /home/airflow/.local/lib/python3.7/site-packages/airflow/example_dags/example_python_operator.py
[2023-01-25 17:32:36,849] {logging_mixin.py:115} INFO - [2023-01-25 17:32:36,848] {dag.py:2371} INFO - Sync 1 DAGs
[2023-01-25 17:32:37,115] {logging_mixin.py:115} INFO - [2023-01-25 17:32:37,114] {dag.py:2919} INFO - Setting next_dagrun for example_python_operator to None, run_after=None
[2023-01-25 17:32:37,240] {processor.py:161} INFO - Processing /home/airflow/.local/lib/python3.7/site-packages/airflow/example_dags/example_python_operator.py took 1.097 seconds
[2023-01-25 17:33:07,721] {processor.py:153} INFO - Started process (PID=116) to work on /home/airflow/.local/lib/python3.7/site-packages/airflow/example_dags/example_python_operator.py
[2023-01-25 17:33:07,723] {processor.py:641} INFO - Processing file /home/airflow/.local/lib/python3.7/site-packages/airflow/example_dags/example_python_operator.py for tasks to queue
[2023-01-25 17:33:07,733] {logging_mixin.py:115} INFO - [2023-01-25 17:33:07,733] {dagbag.py:507} INFO - Filling up the DagBag from /home/airflow/.local/lib/python3.7/site-packages/airflow/example_dags/example_python_operator.py
[2023-01-25 17:33:07,872] {processor.py:651} INFO - DAG(s) dict_keys(['example_python_operator']) retrieved from /home/airflow/.local/lib/python3.7/site-packages/airflow/example_dags/example_python_operator.py
[2023-01-25 17:33:08,025] {logging_mixin.py:115} INFO - [2023-01-25 17:33:08,025] {dag.py:2371} INFO - Sync 1 DAGs
[2023-01-25 17:33:08,182] {logging_mixin.py:115} INFO - [2023-01-25 17:33:08,182] {dag.py:2919} INFO - Setting next_dagrun for example_python_operator to None, run_after=None
[2023-01-25 17:33:08,570] {processor.py:161} INFO - Processing /home/airflow/.local/lib/python3.7/site-packages/airflow/example_dags/example_python_operator.py took 0.855 seconds
[2023-01-25 17:33:39,232] {processor.py:153} INFO - Started process (PID=179) to work on /home/airflow/.local/lib/python3.7/site-packages/airflow/example_dags/example_python_operator.py
[2023-01-25 17:33:39,236] {processor.py:641} INFO - Processing file /home/airflow/.local/lib/python3.7/site-packages/airflow/example_dags/example_python_operator.py for tasks to queue
[2023-01-25 17:33:39,240] {logging_mixin.py:115} INFO - [2023-01-25 17:33:39,239] {dagbag.py:507} INFO - Filling up the DagBag from /home/airflow/.local/lib/python3.7/site-packages/airflow/example_dags/example_python_operator.py
[2023-01-25 17:33:39,395] {processor.py:651} INFO - DAG(s) dict_keys(['example_python_operator']) retrieved from /home/airflow/.local/lib/python3.7/site-packages/airflow/example_dags/example_python_operator.py
[2023-01-25 17:33:39,523] {logging_mixin.py:115} INFO - [2023-01-25 17:33:39,523] {dag.py:2371} INFO - Sync 1 DAGs
[2023-01-25 17:33:39,574] {logging_mixin.py:115} INFO - [2023-01-25 17:33:39,574] {dag.py:2919} INFO - Setting next_dagrun for example_python_operator to None, run_after=None
[2023-01-25 17:33:39,598] {processor.py:161} INFO - Processing /home/airflow/.local/lib/python3.7/site-packages/airflow/example_dags/example_python_operator.py took 0.386 seconds
[2023-01-25 17:34:13,890] {processor.py:153} INFO - Started process (PID=232) to work on /home/airflow/.local/lib/python3.7/site-packages/airflow/example_dags/example_python_operator.py
[2023-01-25 17:34:13,892] {processor.py:641} INFO - Processing file /home/airflow/.local/lib/python3.7/site-packages/airflow/example_dags/example_python_operator.py for tasks to queue
[2023-01-25 17:34:13,895] {logging_mixin.py:115} INFO - [2023-01-25 17:34:13,894] {dagbag.py:507} INFO - Filling up the DagBag from /home/airflow/.local/lib/python3.7/site-packages/airflow/example_dags/example_python_operator.py
[2023-01-25 17:34:13,994] {processor.py:651} INFO - DAG(s) dict_keys(['example_python_operator']) retrieved from /home/airflow/.local/lib/python3.7/site-packages/airflow/example_dags/example_python_operator.py
[2023-01-25 17:34:14,105] {logging_mixin.py:115} INFO - [2023-01-25 17:34:14,104] {dag.py:2371} INFO - Sync 1 DAGs
[2023-01-25 17:34:14,198] {logging_mixin.py:115} INFO - [2023-01-25 17:34:14,197] {dag.py:2919} INFO - Setting next_dagrun for example_python_operator to None, run_after=None
[2023-01-25 17:34:14,263] {processor.py:161} INFO - Processing /home/airflow/.local/lib/python3.7/site-packages/airflow/example_dags/example_python_operator.py took 0.386 seconds
[2023-01-25 17:34:55,381] {processor.py:153} INFO - Started process (PID=285) to work on /home/airflow/.local/lib/python3.7/site-packages/airflow/example_dags/example_python_operator.py
[2023-01-25 17:34:55,388] {processor.py:641} INFO - Processing file /home/airflow/.local/lib/python3.7/site-packages/airflow/example_dags/example_python_operator.py for tasks to queue
[2023-01-25 17:34:55,391] {logging_mixin.py:115} INFO - [2023-01-25 17:34:55,391] {dagbag.py:507} INFO - Filling up the DagBag from /home/airflow/.local/lib/python3.7/site-packages/airflow/example_dags/example_python_operator.py
[2023-01-25 17:34:55,471] {processor.py:651} INFO - DAG(s) dict_keys(['example_python_operator']) retrieved from /home/airflow/.local/lib/python3.7/site-packages/airflow/example_dags/example_python_operator.py
[2023-01-25 17:34:55,652] {logging_mixin.py:115} INFO - [2023-01-25 17:34:55,652] {dag.py:2371} INFO - Sync 1 DAGs
[2023-01-25 17:34:55,789] {logging_mixin.py:115} INFO - [2023-01-25 17:34:55,789] {dag.py:2919} INFO - Setting next_dagrun for example_python_operator to None, run_after=None
[2023-01-25 17:34:55,838] {processor.py:161} INFO - Processing /home/airflow/.local/lib/python3.7/site-packages/airflow/example_dags/example_python_operator.py took 0.469 seconds
[2023-01-25 17:35:41,069] {processor.py:153} INFO - Started process (PID=338) to work on /home/airflow/.local/lib/python3.7/site-packages/airflow/example_dags/example_python_operator.py
[2023-01-25 17:35:41,071] {processor.py:641} INFO - Processing file /home/airflow/.local/lib/python3.7/site-packages/airflow/example_dags/example_python_operator.py for tasks to queue
[2023-01-25 17:35:41,073] {logging_mixin.py:115} INFO - [2023-01-25 17:35:41,073] {dagbag.py:507} INFO - Filling up the DagBag from /home/airflow/.local/lib/python3.7/site-packages/airflow/example_dags/example_python_operator.py
[2023-01-25 17:35:41,133] {processor.py:651} INFO - DAG(s) dict_keys(['example_python_operator']) retrieved from /home/airflow/.local/lib/python3.7/site-packages/airflow/example_dags/example_python_operator.py
[2023-01-25 17:35:41,203] {logging_mixin.py:115} INFO - [2023-01-25 17:35:41,203] {dag.py:2371} INFO - Sync 1 DAGs
[2023-01-25 17:35:41,256] {logging_mixin.py:115} INFO - [2023-01-25 17:35:41,256] {dag.py:2919} INFO - Setting next_dagrun for example_python_operator to None, run_after=None
[2023-01-25 17:35:41,290] {processor.py:161} INFO - Processing /home/airflow/.local/lib/python3.7/site-packages/airflow/example_dags/example_python_operator.py took 0.237 seconds
[2023-01-25 17:46:24,658] {processor.py:153} INFO - Started process (PID=513) to work on /home/airflow/.local/lib/python3.7/site-packages/airflow/example_dags/example_python_operator.py
[2023-01-25 17:46:24,713] {processor.py:641} INFO - Processing file /home/airflow/.local/lib/python3.7/site-packages/airflow/example_dags/example_python_operator.py for tasks to queue
[2023-01-25 17:46:24,761] {logging_mixin.py:115} INFO - [2023-01-25 17:46:24,759] {dagbag.py:507} INFO - Filling up the DagBag from /home/airflow/.local/lib/python3.7/site-packages/airflow/example_dags/example_python_operator.py
[2023-01-25 17:46:35,773] {processor.py:651} INFO - DAG(s) dict_keys(['example_python_operator']) retrieved from /home/airflow/.local/lib/python3.7/site-packages/airflow/example_dags/example_python_operator.py
