[2023-01-25 17:32:21,820] {processor.py:153} INFO - Started process (PID=51) to work on /home/airflow/.local/lib/python3.7/site-packages/airflow/example_dags/example_branch_labels.py
[2023-01-25 17:32:21,827] {processor.py:641} INFO - Processing file /home/airflow/.local/lib/python3.7/site-packages/airflow/example_dags/example_branch_labels.py for tasks to queue
[2023-01-25 17:32:21,839] {logging_mixin.py:115} INFO - [2023-01-25 17:32:21,839] {dagbag.py:507} INFO - Filling up the DagBag from /home/airflow/.local/lib/python3.7/site-packages/airflow/example_dags/example_branch_labels.py
[2023-01-25 17:32:21,883] {processor.py:651} INFO - DAG(s) dict_keys(['example_branch_labels']) retrieved from /home/airflow/.local/lib/python3.7/site-packages/airflow/example_dags/example_branch_labels.py
[2023-01-25 17:32:22,063] {logging_mixin.py:115} INFO - [2023-01-25 17:32:22,062] {dag.py:2371} INFO - Sync 1 DAGs
[2023-01-25 17:32:22,152] {logging_mixin.py:115} INFO - [2023-01-25 17:32:22,152] {dag.py:2919} INFO - Setting next_dagrun for example_branch_labels to 2023-01-24T00:00:00+00:00, run_after=2023-01-25T00:00:00+00:00
[2023-01-25 17:32:22,201] {processor.py:161} INFO - Processing /home/airflow/.local/lib/python3.7/site-packages/airflow/example_dags/example_branch_labels.py took 0.423 seconds
[2023-01-25 17:32:55,427] {processor.py:153} INFO - Started process (PID=105) to work on /home/airflow/.local/lib/python3.7/site-packages/airflow/example_dags/example_branch_labels.py
[2023-01-25 17:32:55,496] {processor.py:641} INFO - Processing file /home/airflow/.local/lib/python3.7/site-packages/airflow/example_dags/example_branch_labels.py for tasks to queue
[2023-01-25 17:32:55,529] {logging_mixin.py:115} INFO - [2023-01-25 17:32:55,527] {dagbag.py:507} INFO - Filling up the DagBag from /home/airflow/.local/lib/python3.7/site-packages/airflow/example_dags/example_branch_labels.py
[2023-01-25 17:32:56,235] {processor.py:651} INFO - DAG(s) dict_keys(['example_branch_labels']) retrieved from /home/airflow/.local/lib/python3.7/site-packages/airflow/example_dags/example_branch_labels.py
[2023-01-25 17:32:56,908] {logging_mixin.py:115} INFO - [2023-01-25 17:32:56,907] {dag.py:2371} INFO - Sync 1 DAGs
[2023-01-25 17:32:57,277] {logging_mixin.py:115} INFO - [2023-01-25 17:32:57,276] {dag.py:2919} INFO - Setting next_dagrun for example_branch_labels to 2023-01-24T00:00:00+00:00, run_after=2023-01-25T00:00:00+00:00
[2023-01-25 17:32:57,530] {processor.py:161} INFO - Processing /home/airflow/.local/lib/python3.7/site-packages/airflow/example_dags/example_branch_labels.py took 1.985 seconds
[2023-01-25 17:33:28,037] {processor.py:153} INFO - Started process (PID=158) to work on /home/airflow/.local/lib/python3.7/site-packages/airflow/example_dags/example_branch_labels.py
[2023-01-25 17:33:28,039] {processor.py:641} INFO - Processing file /home/airflow/.local/lib/python3.7/site-packages/airflow/example_dags/example_branch_labels.py for tasks to queue
[2023-01-25 17:33:28,044] {logging_mixin.py:115} INFO - [2023-01-25 17:33:28,043] {dagbag.py:507} INFO - Filling up the DagBag from /home/airflow/.local/lib/python3.7/site-packages/airflow/example_dags/example_branch_labels.py
[2023-01-25 17:33:28,094] {processor.py:651} INFO - DAG(s) dict_keys(['example_branch_labels']) retrieved from /home/airflow/.local/lib/python3.7/site-packages/airflow/example_dags/example_branch_labels.py
[2023-01-25 17:33:28,329] {logging_mixin.py:115} INFO - [2023-01-25 17:33:28,329] {dag.py:2371} INFO - Sync 1 DAGs
[2023-01-25 17:33:28,560] {logging_mixin.py:115} INFO - [2023-01-25 17:33:28,559] {dag.py:2919} INFO - Setting next_dagrun for example_branch_labels to 2023-01-24T00:00:00+00:00, run_after=2023-01-25T00:00:00+00:00
[2023-01-25 17:33:28,635] {processor.py:161} INFO - Processing /home/airflow/.local/lib/python3.7/site-packages/airflow/example_dags/example_branch_labels.py took 0.641 seconds
[2023-01-25 17:33:59,484] {processor.py:153} INFO - Started process (PID=211) to work on /home/airflow/.local/lib/python3.7/site-packages/airflow/example_dags/example_branch_labels.py
[2023-01-25 17:33:59,493] {processor.py:641} INFO - Processing file /home/airflow/.local/lib/python3.7/site-packages/airflow/example_dags/example_branch_labels.py for tasks to queue
[2023-01-25 17:33:59,499] {logging_mixin.py:115} INFO - [2023-01-25 17:33:59,499] {dagbag.py:507} INFO - Filling up the DagBag from /home/airflow/.local/lib/python3.7/site-packages/airflow/example_dags/example_branch_labels.py
[2023-01-25 17:33:59,712] {processor.py:651} INFO - DAG(s) dict_keys(['example_branch_labels']) retrieved from /home/airflow/.local/lib/python3.7/site-packages/airflow/example_dags/example_branch_labels.py
[2023-01-25 17:33:59,900] {logging_mixin.py:115} INFO - [2023-01-25 17:33:59,900] {dag.py:2371} INFO - Sync 1 DAGs
[2023-01-25 17:34:00,016] {logging_mixin.py:115} INFO - [2023-01-25 17:34:00,016] {dag.py:2919} INFO - Setting next_dagrun for example_branch_labels to 2023-01-24T00:00:00+00:00, run_after=2023-01-25T00:00:00+00:00
[2023-01-25 17:34:00,083] {processor.py:161} INFO - Processing /home/airflow/.local/lib/python3.7/site-packages/airflow/example_dags/example_branch_labels.py took 0.650 seconds
[2023-01-25 17:34:30,691] {processor.py:153} INFO - Started process (PID=262) to work on /home/airflow/.local/lib/python3.7/site-packages/airflow/example_dags/example_branch_labels.py
[2023-01-25 17:34:30,721] {processor.py:641} INFO - Processing file /home/airflow/.local/lib/python3.7/site-packages/airflow/example_dags/example_branch_labels.py for tasks to queue
[2023-01-25 17:34:30,743] {logging_mixin.py:115} INFO - [2023-01-25 17:34:30,742] {dagbag.py:507} INFO - Filling up the DagBag from /home/airflow/.local/lib/python3.7/site-packages/airflow/example_dags/example_branch_labels.py
[2023-01-25 17:34:31,339] {processor.py:651} INFO - DAG(s) dict_keys(['example_branch_labels']) retrieved from /home/airflow/.local/lib/python3.7/site-packages/airflow/example_dags/example_branch_labels.py
[2023-01-25 17:34:31,684] {logging_mixin.py:115} INFO - [2023-01-25 17:34:31,684] {dag.py:2371} INFO - Sync 1 DAGs
[2023-01-25 17:34:31,889] {logging_mixin.py:115} INFO - [2023-01-25 17:34:31,889] {dag.py:2919} INFO - Setting next_dagrun for example_branch_labels to 2023-01-24T00:00:00+00:00, run_after=2023-01-25T00:00:00+00:00
[2023-01-25 17:34:32,047] {processor.py:161} INFO - Processing /home/airflow/.local/lib/python3.7/site-packages/airflow/example_dags/example_branch_labels.py took 1.587 seconds
[2023-01-25 17:35:10,909] {processor.py:153} INFO - Started process (PID=317) to work on /home/airflow/.local/lib/python3.7/site-packages/airflow/example_dags/example_branch_labels.py
[2023-01-25 17:35:10,913] {processor.py:641} INFO - Processing file /home/airflow/.local/lib/python3.7/site-packages/airflow/example_dags/example_branch_labels.py for tasks to queue
[2023-01-25 17:35:10,914] {logging_mixin.py:115} INFO - [2023-01-25 17:35:10,914] {dagbag.py:507} INFO - Filling up the DagBag from /home/airflow/.local/lib/python3.7/site-packages/airflow/example_dags/example_branch_labels.py
[2023-01-25 17:35:10,939] {processor.py:651} INFO - DAG(s) dict_keys(['example_branch_labels']) retrieved from /home/airflow/.local/lib/python3.7/site-packages/airflow/example_dags/example_branch_labels.py
[2023-01-25 17:35:11,062] {logging_mixin.py:115} INFO - [2023-01-25 17:35:11,061] {dag.py:2371} INFO - Sync 1 DAGs
[2023-01-25 17:35:11,155] {logging_mixin.py:115} INFO - [2023-01-25 17:35:11,155] {dag.py:2919} INFO - Setting next_dagrun for example_branch_labels to 2023-01-24T00:00:00+00:00, run_after=2023-01-25T00:00:00+00:00
[2023-01-25 17:35:11,191] {processor.py:161} INFO - Processing /home/airflow/.local/lib/python3.7/site-packages/airflow/example_dags/example_branch_labels.py took 0.297 seconds
[2023-01-25 17:35:43,059] {processor.py:153} INFO - Started process (PID=351) to work on /home/airflow/.local/lib/python3.7/site-packages/airflow/example_dags/example_branch_labels.py
[2023-01-25 17:35:43,061] {processor.py:641} INFO - Processing file /home/airflow/.local/lib/python3.7/site-packages/airflow/example_dags/example_branch_labels.py for tasks to queue
[2023-01-25 17:35:43,062] {logging_mixin.py:115} INFO - [2023-01-25 17:35:43,062] {dagbag.py:507} INFO - Filling up the DagBag from /home/airflow/.local/lib/python3.7/site-packages/airflow/example_dags/example_branch_labels.py
[2023-01-25 17:35:43,073] {processor.py:651} INFO - DAG(s) dict_keys(['example_branch_labels']) retrieved from /home/airflow/.local/lib/python3.7/site-packages/airflow/example_dags/example_branch_labels.py
[2023-01-25 17:35:43,126] {logging_mixin.py:115} INFO - [2023-01-25 17:35:43,125] {dag.py:2371} INFO - Sync 1 DAGs
[2023-01-25 17:35:43,214] {logging_mixin.py:115} INFO - [2023-01-25 17:35:43,214] {dag.py:2919} INFO - Setting next_dagrun for example_branch_labels to 2023-01-24T00:00:00+00:00, run_after=2023-01-25T00:00:00+00:00
[2023-01-25 17:35:43,254] {processor.py:161} INFO - Processing /home/airflow/.local/lib/python3.7/site-packages/airflow/example_dags/example_branch_labels.py took 0.200 seconds
[2023-01-25 17:39:33,127] {processor.py:153} INFO - Started process (PID=461) to work on /home/airflow/.local/lib/python3.7/site-packages/airflow/example_dags/example_branch_labels.py
[2023-01-25 17:39:33,174] {processor.py:641} INFO - Processing file /home/airflow/.local/lib/python3.7/site-packages/airflow/example_dags/example_branch_labels.py for tasks to queue
[2023-01-25 17:39:33,366] {logging_mixin.py:115} INFO - [2023-01-25 17:39:33,366] {dagbag.py:507} INFO - Filling up the DagBag from /home/airflow/.local/lib/python3.7/site-packages/airflow/example_dags/example_branch_labels.py
[2023-01-25 17:39:35,496] {processor.py:651} INFO - DAG(s) dict_keys(['example_branch_labels']) retrieved from /home/airflow/.local/lib/python3.7/site-packages/airflow/example_dags/example_branch_labels.py
[2023-01-25 17:39:39,843] {logging_mixin.py:115} INFO - [2023-01-25 17:39:39,841] {dag.py:2371} INFO - Sync 1 DAGs
[2023-01-25 17:39:45,463] {logging_mixin.py:115} INFO - [2023-01-25 17:39:45,459] {dag.py:2919} INFO - Setting next_dagrun for example_branch_labels to 2023-01-24T00:00:00+00:00, run_after=2023-01-25T00:00:00+00:00
[2023-01-25 17:39:47,385] {processor.py:161} INFO - Processing /home/airflow/.local/lib/python3.7/site-packages/airflow/example_dags/example_branch_labels.py took 15.123 seconds
