[2023-01-25 17:32:31,508] {processor.py:153} INFO - Started process (PID=70) to work on /home/airflow/.local/lib/python3.7/site-packages/airflow/example_dags/example_branch_day_of_week_operator.py
[2023-01-25 17:32:31,526] {processor.py:641} INFO - Processing file /home/airflow/.local/lib/python3.7/site-packages/airflow/example_dags/example_branch_day_of_week_operator.py for tasks to queue
[2023-01-25 17:32:31,540] {logging_mixin.py:115} INFO - [2023-01-25 17:32:31,540] {dagbag.py:507} INFO - Filling up the DagBag from /home/airflow/.local/lib/python3.7/site-packages/airflow/example_dags/example_branch_day_of_week_operator.py
[2023-01-25 17:32:31,954] {processor.py:651} INFO - DAG(s) dict_keys(['example_weekday_branch_operator']) retrieved from /home/airflow/.local/lib/python3.7/site-packages/airflow/example_dags/example_branch_day_of_week_operator.py
[2023-01-25 17:32:32,338] {logging_mixin.py:115} INFO - [2023-01-25 17:32:32,338] {dag.py:2371} INFO - Sync 1 DAGs
[2023-01-25 17:32:33,297] {logging_mixin.py:115} INFO - [2023-01-25 17:32:33,271] {dag.py:2919} INFO - Setting next_dagrun for example_weekday_branch_operator to 2023-01-24T00:00:00+00:00, run_after=2023-01-25T00:00:00+00:00
[2023-01-25 17:32:33,528] {processor.py:161} INFO - Processing /home/airflow/.local/lib/python3.7/site-packages/airflow/example_dags/example_branch_day_of_week_operator.py took 2.065 seconds
[2023-01-25 17:33:03,832] {processor.py:153} INFO - Started process (PID=113) to work on /home/airflow/.local/lib/python3.7/site-packages/airflow/example_dags/example_branch_day_of_week_operator.py
[2023-01-25 17:33:03,833] {processor.py:641} INFO - Processing file /home/airflow/.local/lib/python3.7/site-packages/airflow/example_dags/example_branch_day_of_week_operator.py for tasks to queue
[2023-01-25 17:33:03,834] {logging_mixin.py:115} INFO - [2023-01-25 17:33:03,834] {dagbag.py:507} INFO - Filling up the DagBag from /home/airflow/.local/lib/python3.7/site-packages/airflow/example_dags/example_branch_day_of_week_operator.py
[2023-01-25 17:33:03,845] {processor.py:651} INFO - DAG(s) dict_keys(['example_weekday_branch_operator']) retrieved from /home/airflow/.local/lib/python3.7/site-packages/airflow/example_dags/example_branch_day_of_week_operator.py
[2023-01-25 17:33:03,870] {logging_mixin.py:115} INFO - [2023-01-25 17:33:03,870] {dag.py:2371} INFO - Sync 1 DAGs
[2023-01-25 17:33:03,896] {logging_mixin.py:115} INFO - [2023-01-25 17:33:03,896] {dag.py:2919} INFO - Setting next_dagrun for example_weekday_branch_operator to 2023-01-24T00:00:00+00:00, run_after=2023-01-25T00:00:00+00:00
[2023-01-25 17:33:03,911] {processor.py:161} INFO - Processing /home/airflow/.local/lib/python3.7/site-packages/airflow/example_dags/example_branch_day_of_week_operator.py took 0.082 seconds
[2023-01-25 17:33:36,967] {processor.py:153} INFO - Started process (PID=167) to work on /home/airflow/.local/lib/python3.7/site-packages/airflow/example_dags/example_branch_day_of_week_operator.py
[2023-01-25 17:33:36,969] {processor.py:641} INFO - Processing file /home/airflow/.local/lib/python3.7/site-packages/airflow/example_dags/example_branch_day_of_week_operator.py for tasks to queue
[2023-01-25 17:33:36,971] {logging_mixin.py:115} INFO - [2023-01-25 17:33:36,971] {dagbag.py:507} INFO - Filling up the DagBag from /home/airflow/.local/lib/python3.7/site-packages/airflow/example_dags/example_branch_day_of_week_operator.py
[2023-01-25 17:33:36,999] {processor.py:651} INFO - DAG(s) dict_keys(['example_weekday_branch_operator']) retrieved from /home/airflow/.local/lib/python3.7/site-packages/airflow/example_dags/example_branch_day_of_week_operator.py
[2023-01-25 17:33:37,043] {logging_mixin.py:115} INFO - [2023-01-25 17:33:37,043] {dag.py:2371} INFO - Sync 1 DAGs
[2023-01-25 17:33:37,089] {logging_mixin.py:115} INFO - [2023-01-25 17:33:37,089] {dag.py:2919} INFO - Setting next_dagrun for example_weekday_branch_operator to 2023-01-24T00:00:00+00:00, run_after=2023-01-25T00:00:00+00:00
[2023-01-25 17:33:37,111] {processor.py:161} INFO - Processing /home/airflow/.local/lib/python3.7/site-packages/airflow/example_dags/example_branch_day_of_week_operator.py took 0.150 seconds
[2023-01-25 17:34:12,445] {processor.py:153} INFO - Started process (PID=229) to work on /home/airflow/.local/lib/python3.7/site-packages/airflow/example_dags/example_branch_day_of_week_operator.py
[2023-01-25 17:34:12,449] {processor.py:641} INFO - Processing file /home/airflow/.local/lib/python3.7/site-packages/airflow/example_dags/example_branch_day_of_week_operator.py for tasks to queue
[2023-01-25 17:34:12,452] {logging_mixin.py:115} INFO - [2023-01-25 17:34:12,452] {dagbag.py:507} INFO - Filling up the DagBag from /home/airflow/.local/lib/python3.7/site-packages/airflow/example_dags/example_branch_day_of_week_operator.py
[2023-01-25 17:34:12,489] {processor.py:651} INFO - DAG(s) dict_keys(['example_weekday_branch_operator']) retrieved from /home/airflow/.local/lib/python3.7/site-packages/airflow/example_dags/example_branch_day_of_week_operator.py
[2023-01-25 17:34:12,568] {logging_mixin.py:115} INFO - [2023-01-25 17:34:12,568] {dag.py:2371} INFO - Sync 1 DAGs
[2023-01-25 17:34:12,615] {logging_mixin.py:115} INFO - [2023-01-25 17:34:12,615] {dag.py:2919} INFO - Setting next_dagrun for example_weekday_branch_operator to 2023-01-24T00:00:00+00:00, run_after=2023-01-25T00:00:00+00:00
[2023-01-25 17:34:12,645] {processor.py:161} INFO - Processing /home/airflow/.local/lib/python3.7/site-packages/airflow/example_dags/example_branch_day_of_week_operator.py took 0.207 seconds
[2023-01-25 17:34:53,096] {processor.py:153} INFO - Started process (PID=282) to work on /home/airflow/.local/lib/python3.7/site-packages/airflow/example_dags/example_branch_day_of_week_operator.py
[2023-01-25 17:34:53,103] {processor.py:641} INFO - Processing file /home/airflow/.local/lib/python3.7/site-packages/airflow/example_dags/example_branch_day_of_week_operator.py for tasks to queue
[2023-01-25 17:34:53,114] {logging_mixin.py:115} INFO - [2023-01-25 17:34:53,113] {dagbag.py:507} INFO - Filling up the DagBag from /home/airflow/.local/lib/python3.7/site-packages/airflow/example_dags/example_branch_day_of_week_operator.py
[2023-01-25 17:34:53,160] {processor.py:651} INFO - DAG(s) dict_keys(['example_weekday_branch_operator']) retrieved from /home/airflow/.local/lib/python3.7/site-packages/airflow/example_dags/example_branch_day_of_week_operator.py
[2023-01-25 17:34:53,282] {logging_mixin.py:115} INFO - [2023-01-25 17:34:53,281] {dag.py:2371} INFO - Sync 1 DAGs
[2023-01-25 17:34:53,384] {logging_mixin.py:115} INFO - [2023-01-25 17:34:53,384] {dag.py:2919} INFO - Setting next_dagrun for example_weekday_branch_operator to 2023-01-24T00:00:00+00:00, run_after=2023-01-25T00:00:00+00:00
[2023-01-25 17:34:53,454] {processor.py:161} INFO - Processing /home/airflow/.local/lib/python3.7/site-packages/airflow/example_dags/example_branch_day_of_week_operator.py took 0.385 seconds
[2023-01-25 17:35:39,504] {processor.py:153} INFO - Started process (PID=336) to work on /home/airflow/.local/lib/python3.7/site-packages/airflow/example_dags/example_branch_day_of_week_operator.py
[2023-01-25 17:35:39,510] {processor.py:641} INFO - Processing file /home/airflow/.local/lib/python3.7/site-packages/airflow/example_dags/example_branch_day_of_week_operator.py for tasks to queue
[2023-01-25 17:35:39,515] {logging_mixin.py:115} INFO - [2023-01-25 17:35:39,514] {dagbag.py:507} INFO - Filling up the DagBag from /home/airflow/.local/lib/python3.7/site-packages/airflow/example_dags/example_branch_day_of_week_operator.py
[2023-01-25 17:35:39,615] {processor.py:651} INFO - DAG(s) dict_keys(['example_weekday_branch_operator']) retrieved from /home/airflow/.local/lib/python3.7/site-packages/airflow/example_dags/example_branch_day_of_week_operator.py
[2023-01-25 17:35:39,906] {logging_mixin.py:115} INFO - [2023-01-25 17:35:39,904] {dag.py:2371} INFO - Sync 1 DAGs
[2023-01-25 17:35:40,041] {logging_mixin.py:115} INFO - [2023-01-25 17:35:40,041] {dag.py:2919} INFO - Setting next_dagrun for example_weekday_branch_operator to 2023-01-24T00:00:00+00:00, run_after=2023-01-25T00:00:00+00:00
[2023-01-25 17:35:40,106] {processor.py:161} INFO - Processing /home/airflow/.local/lib/python3.7/site-packages/airflow/example_dags/example_branch_day_of_week_operator.py took 0.619 seconds
[2023-01-25 17:37:06,786] {processor.py:153} INFO - Started process (PID=404) to work on /home/airflow/.local/lib/python3.7/site-packages/airflow/example_dags/example_branch_day_of_week_operator.py
[2023-01-25 17:37:06,938] {processor.py:641} INFO - Processing file /home/airflow/.local/lib/python3.7/site-packages/airflow/example_dags/example_branch_day_of_week_operator.py for tasks to queue
[2023-01-25 17:37:07,262] {logging_mixin.py:115} INFO - [2023-01-25 17:37:07,237] {dagbag.py:507} INFO - Filling up the DagBag from /home/airflow/.local/lib/python3.7/site-packages/airflow/example_dags/example_branch_day_of_week_operator.py
[2023-01-25 17:37:12,804] {processor.py:651} INFO - DAG(s) dict_keys(['example_weekday_branch_operator']) retrieved from /home/airflow/.local/lib/python3.7/site-packages/airflow/example_dags/example_branch_day_of_week_operator.py
[2023-01-25 17:37:23,120] {logging_mixin.py:115} INFO - [2023-01-25 17:37:23,062] {dag.py:2371} INFO - Sync 1 DAGs
[2023-01-25 17:37:31,470] {logging_mixin.py:115} INFO - [2023-01-25 17:37:31,445] {dag.py:2919} INFO - Setting next_dagrun for example_weekday_branch_operator to 2023-01-24T00:00:00+00:00, run_after=2023-01-25T00:00:00+00:00
[2023-01-25 17:37:35,414] {processor.py:161} INFO - Processing /home/airflow/.local/lib/python3.7/site-packages/airflow/example_dags/example_branch_day_of_week_operator.py took 30.348 seconds
