[2023-01-25 17:32:22,473] {processor.py:153} INFO - Started process (PID=53) to work on /home/airflow/.local/lib/python3.7/site-packages/airflow/example_dags/example_dag_decorator.py
[2023-01-25 17:32:22,475] {processor.py:641} INFO - Processing file /home/airflow/.local/lib/python3.7/site-packages/airflow/example_dags/example_dag_decorator.py for tasks to queue
[2023-01-25 17:32:22,477] {logging_mixin.py:115} INFO - [2023-01-25 17:32:22,477] {dagbag.py:507} INFO - Filling up the DagBag from /home/airflow/.local/lib/python3.7/site-packages/airflow/example_dags/example_dag_decorator.py
[2023-01-25 17:32:22,562] {processor.py:651} INFO - DAG(s) dict_keys(['example_dag_decorator']) retrieved from /home/airflow/.local/lib/python3.7/site-packages/airflow/example_dags/example_dag_decorator.py
[2023-01-25 17:32:22,788] {logging_mixin.py:115} INFO - [2023-01-25 17:32:22,788] {dag.py:2371} INFO - Sync 1 DAGs
[2023-01-25 17:32:29,659] {logging_mixin.py:115} INFO - [2023-01-25 17:32:29,658] {dag.py:2919} INFO - Setting next_dagrun for example_dag_decorator to None, run_after=None
[2023-01-25 17:32:29,964] {processor.py:161} INFO - Processing /home/airflow/.local/lib/python3.7/site-packages/airflow/example_dags/example_dag_decorator.py took 7.474 seconds
[2023-01-25 17:33:00,673] {processor.py:153} INFO - Started process (PID=111) to work on /home/airflow/.local/lib/python3.7/site-packages/airflow/example_dags/example_dag_decorator.py
[2023-01-25 17:33:00,675] {processor.py:641} INFO - Processing file /home/airflow/.local/lib/python3.7/site-packages/airflow/example_dags/example_dag_decorator.py for tasks to queue
[2023-01-25 17:33:00,677] {logging_mixin.py:115} INFO - [2023-01-25 17:33:00,676] {dagbag.py:507} INFO - Filling up the DagBag from /home/airflow/.local/lib/python3.7/site-packages/airflow/example_dags/example_dag_decorator.py
[2023-01-25 17:33:00,743] {processor.py:651} INFO - DAG(s) dict_keys(['example_dag_decorator']) retrieved from /home/airflow/.local/lib/python3.7/site-packages/airflow/example_dags/example_dag_decorator.py
[2023-01-25 17:33:00,927] {logging_mixin.py:115} INFO - [2023-01-25 17:33:00,927] {dag.py:2371} INFO - Sync 1 DAGs
[2023-01-25 17:33:01,411] {logging_mixin.py:115} INFO - [2023-01-25 17:33:01,411] {dag.py:2919} INFO - Setting next_dagrun for example_dag_decorator to None, run_after=None
[2023-01-25 17:33:01,438] {processor.py:161} INFO - Processing /home/airflow/.local/lib/python3.7/site-packages/airflow/example_dags/example_dag_decorator.py took 0.769 seconds
[2023-01-25 17:33:32,082] {processor.py:153} INFO - Started process (PID=165) to work on /home/airflow/.local/lib/python3.7/site-packages/airflow/example_dags/example_dag_decorator.py
[2023-01-25 17:33:32,085] {processor.py:641} INFO - Processing file /home/airflow/.local/lib/python3.7/site-packages/airflow/example_dags/example_dag_decorator.py for tasks to queue
[2023-01-25 17:33:32,095] {logging_mixin.py:115} INFO - [2023-01-25 17:33:32,095] {dagbag.py:507} INFO - Filling up the DagBag from /home/airflow/.local/lib/python3.7/site-packages/airflow/example_dags/example_dag_decorator.py
[2023-01-25 17:33:32,395] {processor.py:651} INFO - DAG(s) dict_keys(['example_dag_decorator']) retrieved from /home/airflow/.local/lib/python3.7/site-packages/airflow/example_dags/example_dag_decorator.py
[2023-01-25 17:33:32,909] {logging_mixin.py:115} INFO - [2023-01-25 17:33:32,909] {dag.py:2371} INFO - Sync 1 DAGs
[2023-01-25 17:33:36,228] {logging_mixin.py:115} INFO - [2023-01-25 17:33:36,227] {dag.py:2919} INFO - Setting next_dagrun for example_dag_decorator to None, run_after=None
[2023-01-25 17:33:36,265] {processor.py:161} INFO - Processing /home/airflow/.local/lib/python3.7/site-packages/airflow/example_dags/example_dag_decorator.py took 4.193 seconds
[2023-01-25 17:34:06,594] {processor.py:153} INFO - Started process (PID=218) to work on /home/airflow/.local/lib/python3.7/site-packages/airflow/example_dags/example_dag_decorator.py
[2023-01-25 17:34:06,614] {processor.py:641} INFO - Processing file /home/airflow/.local/lib/python3.7/site-packages/airflow/example_dags/example_dag_decorator.py for tasks to queue
[2023-01-25 17:34:06,633] {logging_mixin.py:115} INFO - [2023-01-25 17:34:06,625] {dagbag.py:507} INFO - Filling up the DagBag from /home/airflow/.local/lib/python3.7/site-packages/airflow/example_dags/example_dag_decorator.py
[2023-01-25 17:34:07,004] {processor.py:651} INFO - DAG(s) dict_keys(['example_dag_decorator']) retrieved from /home/airflow/.local/lib/python3.7/site-packages/airflow/example_dags/example_dag_decorator.py
[2023-01-25 17:34:07,323] {logging_mixin.py:115} INFO - [2023-01-25 17:34:07,323] {dag.py:2371} INFO - Sync 1 DAGs
[2023-01-25 17:34:12,002] {logging_mixin.py:115} INFO - [2023-01-25 17:34:12,002] {dag.py:2919} INFO - Setting next_dagrun for example_dag_decorator to None, run_after=None
[2023-01-25 17:34:12,050] {processor.py:161} INFO - Processing /home/airflow/.local/lib/python3.7/site-packages/airflow/example_dags/example_dag_decorator.py took 5.631 seconds
[2023-01-25 17:34:42,856] {processor.py:153} INFO - Started process (PID=271) to work on /home/airflow/.local/lib/python3.7/site-packages/airflow/example_dags/example_dag_decorator.py
[2023-01-25 17:34:42,909] {processor.py:641} INFO - Processing file /home/airflow/.local/lib/python3.7/site-packages/airflow/example_dags/example_dag_decorator.py for tasks to queue
[2023-01-25 17:34:42,933] {logging_mixin.py:115} INFO - [2023-01-25 17:34:42,933] {dagbag.py:507} INFO - Filling up the DagBag from /home/airflow/.local/lib/python3.7/site-packages/airflow/example_dags/example_dag_decorator.py
[2023-01-25 17:34:43,453] {processor.py:651} INFO - DAG(s) dict_keys(['example_dag_decorator']) retrieved from /home/airflow/.local/lib/python3.7/site-packages/airflow/example_dags/example_dag_decorator.py
[2023-01-25 17:34:44,081] {logging_mixin.py:115} INFO - [2023-01-25 17:34:44,081] {dag.py:2371} INFO - Sync 1 DAGs
[2023-01-25 17:34:52,740] {logging_mixin.py:115} INFO - [2023-01-25 17:34:52,739] {dag.py:2919} INFO - Setting next_dagrun for example_dag_decorator to None, run_after=None
[2023-01-25 17:34:52,824] {processor.py:161} INFO - Processing /home/airflow/.local/lib/python3.7/site-packages/airflow/example_dags/example_dag_decorator.py took 10.083 seconds
[2023-01-25 17:35:23,957] {processor.py:153} INFO - Started process (PID=324) to work on /home/airflow/.local/lib/python3.7/site-packages/airflow/example_dags/example_dag_decorator.py
[2023-01-25 17:35:23,966] {processor.py:641} INFO - Processing file /home/airflow/.local/lib/python3.7/site-packages/airflow/example_dags/example_dag_decorator.py for tasks to queue
[2023-01-25 17:35:23,992] {logging_mixin.py:115} INFO - [2023-01-25 17:35:23,990] {dagbag.py:507} INFO - Filling up the DagBag from /home/airflow/.local/lib/python3.7/site-packages/airflow/example_dags/example_dag_decorator.py
[2023-01-25 17:35:24,825] {processor.py:651} INFO - DAG(s) dict_keys(['example_dag_decorator']) retrieved from /home/airflow/.local/lib/python3.7/site-packages/airflow/example_dags/example_dag_decorator.py
[2023-01-25 17:35:25,766] {logging_mixin.py:115} INFO - [2023-01-25 17:35:25,766] {dag.py:2371} INFO - Sync 1 DAGs
[2023-01-25 17:35:37,214] {logging_mixin.py:115} INFO - [2023-01-25 17:35:37,211] {dag.py:2919} INFO - Setting next_dagrun for example_dag_decorator to None, run_after=None
[2023-01-25 17:35:37,302] {processor.py:161} INFO - Processing /home/airflow/.local/lib/python3.7/site-packages/airflow/example_dags/example_dag_decorator.py took 13.441 seconds
[2023-01-25 17:36:12,558] {processor.py:153} INFO - Started process (PID=386) to work on /home/airflow/.local/lib/python3.7/site-packages/airflow/example_dags/example_dag_decorator.py
[2023-01-25 17:36:12,666] {processor.py:641} INFO - Processing file /home/airflow/.local/lib/python3.7/site-packages/airflow/example_dags/example_dag_decorator.py for tasks to queue
[2023-01-25 17:36:13,061] {logging_mixin.py:115} INFO - [2023-01-25 17:36:13,041] {dagbag.py:507} INFO - Filling up the DagBag from /home/airflow/.local/lib/python3.7/site-packages/airflow/example_dags/example_dag_decorator.py
[2023-01-25 17:36:18,865] {processor.py:651} INFO - DAG(s) dict_keys(['example_dag_decorator']) retrieved from /home/airflow/.local/lib/python3.7/site-packages/airflow/example_dags/example_dag_decorator.py
[2023-01-25 17:36:59,598] {logging_mixin.py:115} INFO - [2023-01-25 17:36:59,407] {dag.py:2371} INFO - Sync 1 DAGs
[2023-01-25 17:39:55,061] {processor.py:153} INFO - Started process (PID=471) to work on /home/airflow/.local/lib/python3.7/site-packages/airflow/example_dags/example_dag_decorator.py
[2023-01-25 17:39:55,248] {processor.py:641} INFO - Processing file /home/airflow/.local/lib/python3.7/site-packages/airflow/example_dags/example_dag_decorator.py for tasks to queue
[2023-01-25 17:39:55,595] {logging_mixin.py:115} INFO - [2023-01-25 17:39:55,594] {dagbag.py:507} INFO - Filling up the DagBag from /home/airflow/.local/lib/python3.7/site-packages/airflow/example_dags/example_dag_decorator.py
[2023-01-25 17:40:19,481] {processor.py:651} INFO - DAG(s) dict_keys(['example_dag_decorator']) retrieved from /home/airflow/.local/lib/python3.7/site-packages/airflow/example_dags/example_dag_decorator.py
[2023-01-25 17:40:26,960] {logging_mixin.py:115} INFO - [2023-01-25 17:40:26,907] {dag.py:2371} INFO - Sync 1 DAGs
