[2023-01-25 17:32:43,771] {processor.py:153} INFO - Started process (PID=80) to work on /home/airflow/.local/lib/python3.7/site-packages/airflow/example_dags/example_task_group_decorator.py
[2023-01-25 17:32:43,773] {processor.py:641} INFO - Processing file /home/airflow/.local/lib/python3.7/site-packages/airflow/example_dags/example_task_group_decorator.py for tasks to queue
[2023-01-25 17:32:43,774] {logging_mixin.py:115} INFO - [2023-01-25 17:32:43,774] {dagbag.py:507} INFO - Filling up the DagBag from /home/airflow/.local/lib/python3.7/site-packages/airflow/example_dags/example_task_group_decorator.py
[2023-01-25 17:32:43,905] {processor.py:651} INFO - DAG(s) dict_keys(['example_task_group_decorator']) retrieved from /home/airflow/.local/lib/python3.7/site-packages/airflow/example_dags/example_task_group_decorator.py
[2023-01-25 17:32:44,197] {logging_mixin.py:115} INFO - [2023-01-25 17:32:44,196] {dag.py:2371} INFO - Sync 1 DAGs
[2023-01-25 17:32:46,033] {logging_mixin.py:115} INFO - [2023-01-25 17:32:46,033] {dag.py:2919} INFO - Setting next_dagrun for example_task_group_decorator to 2023-01-24T17:32:46.031438+00:00, run_after=2023-01-25T17:32:46.031438+00:00
[2023-01-25 17:32:46,127] {processor.py:161} INFO - Processing /home/airflow/.local/lib/python3.7/site-packages/airflow/example_dags/example_task_group_decorator.py took 2.362 seconds
[2023-01-25 17:33:16,417] {processor.py:153} INFO - Started process (PID=134) to work on /home/airflow/.local/lib/python3.7/site-packages/airflow/example_dags/example_task_group_decorator.py
[2023-01-25 17:33:16,420] {processor.py:641} INFO - Processing file /home/airflow/.local/lib/python3.7/site-packages/airflow/example_dags/example_task_group_decorator.py for tasks to queue
[2023-01-25 17:33:16,422] {logging_mixin.py:115} INFO - [2023-01-25 17:33:16,421] {dagbag.py:507} INFO - Filling up the DagBag from /home/airflow/.local/lib/python3.7/site-packages/airflow/example_dags/example_task_group_decorator.py
[2023-01-25 17:33:16,474] {processor.py:651} INFO - DAG(s) dict_keys(['example_task_group_decorator']) retrieved from /home/airflow/.local/lib/python3.7/site-packages/airflow/example_dags/example_task_group_decorator.py
[2023-01-25 17:33:16,609] {logging_mixin.py:115} INFO - [2023-01-25 17:33:16,609] {dag.py:2371} INFO - Sync 1 DAGs
[2023-01-25 17:33:17,076] {logging_mixin.py:115} INFO - [2023-01-25 17:33:17,076] {dag.py:2919} INFO - Setting next_dagrun for example_task_group_decorator to 2023-01-24T17:33:17.073998+00:00, run_after=2023-01-25T17:33:17.073998+00:00
[2023-01-25 17:33:17,135] {processor.py:161} INFO - Processing /home/airflow/.local/lib/python3.7/site-packages/airflow/example_dags/example_task_group_decorator.py took 0.722 seconds
[2023-01-25 17:33:47,310] {processor.py:153} INFO - Started process (PID=189) to work on /home/airflow/.local/lib/python3.7/site-packages/airflow/example_dags/example_task_group_decorator.py
[2023-01-25 17:33:47,312] {processor.py:641} INFO - Processing file /home/airflow/.local/lib/python3.7/site-packages/airflow/example_dags/example_task_group_decorator.py for tasks to queue
[2023-01-25 17:33:47,314] {logging_mixin.py:115} INFO - [2023-01-25 17:33:47,314] {dagbag.py:507} INFO - Filling up the DagBag from /home/airflow/.local/lib/python3.7/site-packages/airflow/example_dags/example_task_group_decorator.py
[2023-01-25 17:33:47,441] {processor.py:651} INFO - DAG(s) dict_keys(['example_task_group_decorator']) retrieved from /home/airflow/.local/lib/python3.7/site-packages/airflow/example_dags/example_task_group_decorator.py
[2023-01-25 17:33:47,635] {logging_mixin.py:115} INFO - [2023-01-25 17:33:47,635] {dag.py:2371} INFO - Sync 1 DAGs
[2023-01-25 17:33:48,194] {logging_mixin.py:115} INFO - [2023-01-25 17:33:48,194] {dag.py:2919} INFO - Setting next_dagrun for example_task_group_decorator to 2023-01-24T17:33:48.193985+00:00, run_after=2023-01-25T17:33:48.193985+00:00
[2023-01-25 17:33:48,243] {processor.py:161} INFO - Processing /home/airflow/.local/lib/python3.7/site-packages/airflow/example_dags/example_task_group_decorator.py took 0.937 seconds
[2023-01-25 17:34:18,884] {processor.py:153} INFO - Started process (PID=244) to work on /home/airflow/.local/lib/python3.7/site-packages/airflow/example_dags/example_task_group_decorator.py
[2023-01-25 17:34:18,885] {processor.py:641} INFO - Processing file /home/airflow/.local/lib/python3.7/site-packages/airflow/example_dags/example_task_group_decorator.py for tasks to queue
[2023-01-25 17:34:18,887] {logging_mixin.py:115} INFO - [2023-01-25 17:34:18,887] {dagbag.py:507} INFO - Filling up the DagBag from /home/airflow/.local/lib/python3.7/site-packages/airflow/example_dags/example_task_group_decorator.py
[2023-01-25 17:34:18,954] {processor.py:651} INFO - DAG(s) dict_keys(['example_task_group_decorator']) retrieved from /home/airflow/.local/lib/python3.7/site-packages/airflow/example_dags/example_task_group_decorator.py
[2023-01-25 17:34:19,105] {logging_mixin.py:115} INFO - [2023-01-25 17:34:19,104] {dag.py:2371} INFO - Sync 1 DAGs
[2023-01-25 17:34:19,396] {logging_mixin.py:115} INFO - [2023-01-25 17:34:19,396] {dag.py:2919} INFO - Setting next_dagrun for example_task_group_decorator to 2023-01-24T17:34:19.395758+00:00, run_after=2023-01-25T17:34:19.395758+00:00
[2023-01-25 17:34:19,420] {processor.py:161} INFO - Processing /home/airflow/.local/lib/python3.7/site-packages/airflow/example_dags/example_task_group_decorator.py took 0.541 seconds
[2023-01-25 17:35:06,898] {processor.py:153} INFO - Started process (PID=293) to work on /home/airflow/.local/lib/python3.7/site-packages/airflow/example_dags/example_task_group_decorator.py
[2023-01-25 17:35:06,905] {processor.py:641} INFO - Processing file /home/airflow/.local/lib/python3.7/site-packages/airflow/example_dags/example_task_group_decorator.py for tasks to queue
[2023-01-25 17:35:06,909] {logging_mixin.py:115} INFO - [2023-01-25 17:35:06,908] {dagbag.py:507} INFO - Filling up the DagBag from /home/airflow/.local/lib/python3.7/site-packages/airflow/example_dags/example_task_group_decorator.py
[2023-01-25 17:35:07,015] {processor.py:651} INFO - DAG(s) dict_keys(['example_task_group_decorator']) retrieved from /home/airflow/.local/lib/python3.7/site-packages/airflow/example_dags/example_task_group_decorator.py
[2023-01-25 17:35:07,275] {logging_mixin.py:115} INFO - [2023-01-25 17:35:07,275] {dag.py:2371} INFO - Sync 1 DAGs
[2023-01-25 17:35:08,169] {logging_mixin.py:115} INFO - [2023-01-25 17:35:08,168] {dag.py:2919} INFO - Setting next_dagrun for example_task_group_decorator to 2023-01-24T17:35:08.168601+00:00, run_after=2023-01-25T17:35:08.168601+00:00
[2023-01-25 17:35:08,201] {processor.py:161} INFO - Processing /home/airflow/.local/lib/python3.7/site-packages/airflow/example_dags/example_task_group_decorator.py took 1.314 seconds
[2023-01-25 17:35:43,560] {processor.py:153} INFO - Started process (PID=355) to work on /home/airflow/.local/lib/python3.7/site-packages/airflow/example_dags/example_task_group_decorator.py
[2023-01-25 17:35:43,562] {processor.py:641} INFO - Processing file /home/airflow/.local/lib/python3.7/site-packages/airflow/example_dags/example_task_group_decorator.py for tasks to queue
[2023-01-25 17:35:43,563] {logging_mixin.py:115} INFO - [2023-01-25 17:35:43,563] {dagbag.py:507} INFO - Filling up the DagBag from /home/airflow/.local/lib/python3.7/site-packages/airflow/example_dags/example_task_group_decorator.py
[2023-01-25 17:35:43,605] {processor.py:651} INFO - DAG(s) dict_keys(['example_task_group_decorator']) retrieved from /home/airflow/.local/lib/python3.7/site-packages/airflow/example_dags/example_task_group_decorator.py
[2023-01-25 17:35:43,704] {logging_mixin.py:115} INFO - [2023-01-25 17:35:43,704] {dag.py:2371} INFO - Sync 1 DAGs
[2023-01-25 17:35:44,014] {logging_mixin.py:115} INFO - [2023-01-25 17:35:44,012] {dag.py:2919} INFO - Setting next_dagrun for example_task_group_decorator to 2023-01-24T17:35:44.009165+00:00, run_after=2023-01-25T17:35:44.009165+00:00
[2023-01-25 17:35:44,051] {processor.py:161} INFO - Processing /home/airflow/.local/lib/python3.7/site-packages/airflow/example_dags/example_task_group_decorator.py took 0.495 seconds
[2023-01-25 18:18:06,513] {processor.py:153} INFO - Started process (PID=616) to work on /home/airflow/.local/lib/python3.7/site-packages/airflow/example_dags/example_task_group_decorator.py
[2023-01-25 18:18:06,557] {processor.py:641} INFO - Processing file /home/airflow/.local/lib/python3.7/site-packages/airflow/example_dags/example_task_group_decorator.py for tasks to queue
[2023-01-25 18:18:06,736] {logging_mixin.py:115} INFO - [2023-01-25 18:18:06,736] {dagbag.py:507} INFO - Filling up the DagBag from /home/airflow/.local/lib/python3.7/site-packages/airflow/example_dags/example_task_group_decorator.py
[2023-01-25 18:18:10,500] {processor.py:651} INFO - DAG(s) dict_keys(['example_task_group_decorator']) retrieved from /home/airflow/.local/lib/python3.7/site-packages/airflow/example_dags/example_task_group_decorator.py
