[2023-01-25 17:32:37,966] {processor.py:153} INFO - Started process (PID=74) to work on /home/airflow/.local/lib/python3.7/site-packages/airflow/example_dags/tutorial_taskflow_api_etl_virtualenv.py
[2023-01-25 17:32:38,002] {processor.py:641} INFO - Processing file /home/airflow/.local/lib/python3.7/site-packages/airflow/example_dags/tutorial_taskflow_api_etl_virtualenv.py for tasks to queue
[2023-01-25 17:32:38,110] {logging_mixin.py:115} INFO - [2023-01-25 17:32:38,110] {dagbag.py:507} INFO - Filling up the DagBag from /home/airflow/.local/lib/python3.7/site-packages/airflow/example_dags/tutorial_taskflow_api_etl_virtualenv.py
[2023-01-25 17:32:38,917] {processor.py:651} INFO - DAG(s) dict_keys(['tutorial_taskflow_api_etl_virtualenv']) retrieved from /home/airflow/.local/lib/python3.7/site-packages/airflow/example_dags/tutorial_taskflow_api_etl_virtualenv.py
[2023-01-25 17:32:39,787] {logging_mixin.py:115} INFO - [2023-01-25 17:32:39,786] {dag.py:2371} INFO - Sync 1 DAGs
[2023-01-25 17:32:41,866] {logging_mixin.py:115} INFO - [2023-01-25 17:32:41,866] {dag.py:2919} INFO - Setting next_dagrun for tutorial_taskflow_api_etl_virtualenv to None, run_after=None
[2023-01-25 17:32:41,974] {processor.py:161} INFO - Processing /home/airflow/.local/lib/python3.7/site-packages/airflow/example_dags/tutorial_taskflow_api_etl_virtualenv.py took 4.262 seconds
[2023-01-25 17:33:12,363] {processor.py:153} INFO - Started process (PID=130) to work on /home/airflow/.local/lib/python3.7/site-packages/airflow/example_dags/tutorial_taskflow_api_etl_virtualenv.py
[2023-01-25 17:33:12,368] {processor.py:641} INFO - Processing file /home/airflow/.local/lib/python3.7/site-packages/airflow/example_dags/tutorial_taskflow_api_etl_virtualenv.py for tasks to queue
[2023-01-25 17:33:12,370] {logging_mixin.py:115} INFO - [2023-01-25 17:33:12,369] {dagbag.py:507} INFO - Filling up the DagBag from /home/airflow/.local/lib/python3.7/site-packages/airflow/example_dags/tutorial_taskflow_api_etl_virtualenv.py
[2023-01-25 17:33:12,470] {processor.py:651} INFO - DAG(s) dict_keys(['tutorial_taskflow_api_etl_virtualenv']) retrieved from /home/airflow/.local/lib/python3.7/site-packages/airflow/example_dags/tutorial_taskflow_api_etl_virtualenv.py
[2023-01-25 17:33:12,582] {logging_mixin.py:115} INFO - [2023-01-25 17:33:12,582] {dag.py:2371} INFO - Sync 1 DAGs
[2023-01-25 17:33:12,852] {logging_mixin.py:115} INFO - [2023-01-25 17:33:12,852] {dag.py:2919} INFO - Setting next_dagrun for tutorial_taskflow_api_etl_virtualenv to None, run_after=None
[2023-01-25 17:33:12,887] {processor.py:161} INFO - Processing /home/airflow/.local/lib/python3.7/site-packages/airflow/example_dags/tutorial_taskflow_api_etl_virtualenv.py took 0.529 seconds
[2023-01-25 17:33:43,584] {processor.py:153} INFO - Started process (PID=184) to work on /home/airflow/.local/lib/python3.7/site-packages/airflow/example_dags/tutorial_taskflow_api_etl_virtualenv.py
[2023-01-25 17:33:43,587] {processor.py:641} INFO - Processing file /home/airflow/.local/lib/python3.7/site-packages/airflow/example_dags/tutorial_taskflow_api_etl_virtualenv.py for tasks to queue
[2023-01-25 17:33:43,590] {logging_mixin.py:115} INFO - [2023-01-25 17:33:43,589] {dagbag.py:507} INFO - Filling up the DagBag from /home/airflow/.local/lib/python3.7/site-packages/airflow/example_dags/tutorial_taskflow_api_etl_virtualenv.py
[2023-01-25 17:33:43,619] {processor.py:651} INFO - DAG(s) dict_keys(['tutorial_taskflow_api_etl_virtualenv']) retrieved from /home/airflow/.local/lib/python3.7/site-packages/airflow/example_dags/tutorial_taskflow_api_etl_virtualenv.py
[2023-01-25 17:33:43,852] {logging_mixin.py:115} INFO - [2023-01-25 17:33:43,851] {dag.py:2371} INFO - Sync 1 DAGs
[2023-01-25 17:33:44,345] {logging_mixin.py:115} INFO - [2023-01-25 17:33:44,344] {dag.py:2919} INFO - Setting next_dagrun for tutorial_taskflow_api_etl_virtualenv to None, run_after=None
[2023-01-25 17:33:44,378] {processor.py:161} INFO - Processing /home/airflow/.local/lib/python3.7/site-packages/airflow/example_dags/tutorial_taskflow_api_etl_virtualenv.py took 0.809 seconds
[2023-01-25 17:34:15,413] {processor.py:153} INFO - Started process (PID=236) to work on /home/airflow/.local/lib/python3.7/site-packages/airflow/example_dags/tutorial_taskflow_api_etl_virtualenv.py
[2023-01-25 17:34:15,422] {processor.py:641} INFO - Processing file /home/airflow/.local/lib/python3.7/site-packages/airflow/example_dags/tutorial_taskflow_api_etl_virtualenv.py for tasks to queue
[2023-01-25 17:34:15,425] {logging_mixin.py:115} INFO - [2023-01-25 17:34:15,425] {dagbag.py:507} INFO - Filling up the DagBag from /home/airflow/.local/lib/python3.7/site-packages/airflow/example_dags/tutorial_taskflow_api_etl_virtualenv.py
[2023-01-25 17:34:15,483] {processor.py:651} INFO - DAG(s) dict_keys(['tutorial_taskflow_api_etl_virtualenv']) retrieved from /home/airflow/.local/lib/python3.7/site-packages/airflow/example_dags/tutorial_taskflow_api_etl_virtualenv.py
[2023-01-25 17:34:15,800] {logging_mixin.py:115} INFO - [2023-01-25 17:34:15,800] {dag.py:2371} INFO - Sync 1 DAGs
[2023-01-25 17:34:17,919] {logging_mixin.py:115} INFO - [2023-01-25 17:34:17,919] {dag.py:2919} INFO - Setting next_dagrun for tutorial_taskflow_api_etl_virtualenv to None, run_after=None
[2023-01-25 17:34:17,974] {processor.py:161} INFO - Processing /home/airflow/.local/lib/python3.7/site-packages/airflow/example_dags/tutorial_taskflow_api_etl_virtualenv.py took 2.569 seconds
[2023-01-25 17:34:58,174] {processor.py:153} INFO - Started process (PID=287) to work on /home/airflow/.local/lib/python3.7/site-packages/airflow/example_dags/tutorial_taskflow_api_etl_virtualenv.py
[2023-01-25 17:34:58,178] {processor.py:641} INFO - Processing file /home/airflow/.local/lib/python3.7/site-packages/airflow/example_dags/tutorial_taskflow_api_etl_virtualenv.py for tasks to queue
[2023-01-25 17:34:58,181] {logging_mixin.py:115} INFO - [2023-01-25 17:34:58,181] {dagbag.py:507} INFO - Filling up the DagBag from /home/airflow/.local/lib/python3.7/site-packages/airflow/example_dags/tutorial_taskflow_api_etl_virtualenv.py
[2023-01-25 17:34:59,017] {processor.py:651} INFO - DAG(s) dict_keys(['tutorial_taskflow_api_etl_virtualenv']) retrieved from /home/airflow/.local/lib/python3.7/site-packages/airflow/example_dags/tutorial_taskflow_api_etl_virtualenv.py
[2023-01-25 17:35:00,292] {logging_mixin.py:115} INFO - [2023-01-25 17:35:00,291] {dag.py:2371} INFO - Sync 1 DAGs
[2023-01-25 17:35:04,751] {logging_mixin.py:115} INFO - [2023-01-25 17:35:04,744] {dag.py:2919} INFO - Setting next_dagrun for tutorial_taskflow_api_etl_virtualenv to None, run_after=None
[2023-01-25 17:35:04,818] {processor.py:161} INFO - Processing /home/airflow/.local/lib/python3.7/site-packages/airflow/example_dags/tutorial_taskflow_api_etl_virtualenv.py took 6.659 seconds
[2023-01-25 17:35:41,340] {processor.py:153} INFO - Started process (PID=340) to work on /home/airflow/.local/lib/python3.7/site-packages/airflow/example_dags/tutorial_taskflow_api_etl_virtualenv.py
[2023-01-25 17:35:41,344] {processor.py:641} INFO - Processing file /home/airflow/.local/lib/python3.7/site-packages/airflow/example_dags/tutorial_taskflow_api_etl_virtualenv.py for tasks to queue
[2023-01-25 17:35:41,349] {logging_mixin.py:115} INFO - [2023-01-25 17:35:41,348] {dagbag.py:507} INFO - Filling up the DagBag from /home/airflow/.local/lib/python3.7/site-packages/airflow/example_dags/tutorial_taskflow_api_etl_virtualenv.py
[2023-01-25 17:35:41,404] {processor.py:651} INFO - DAG(s) dict_keys(['tutorial_taskflow_api_etl_virtualenv']) retrieved from /home/airflow/.local/lib/python3.7/site-packages/airflow/example_dags/tutorial_taskflow_api_etl_virtualenv.py
[2023-01-25 17:35:41,577] {logging_mixin.py:115} INFO - [2023-01-25 17:35:41,577] {dag.py:2371} INFO - Sync 1 DAGs
[2023-01-25 17:35:42,043] {logging_mixin.py:115} INFO - [2023-01-25 17:35:42,043] {dag.py:2919} INFO - Setting next_dagrun for tutorial_taskflow_api_etl_virtualenv to None, run_after=None
[2023-01-25 17:35:42,085] {processor.py:161} INFO - Processing /home/airflow/.local/lib/python3.7/site-packages/airflow/example_dags/tutorial_taskflow_api_etl_virtualenv.py took 0.749 seconds
[2023-01-25 17:47:46,791] {processor.py:153} INFO - Started process (PID=526) to work on /home/airflow/.local/lib/python3.7/site-packages/airflow/example_dags/tutorial_taskflow_api_etl_virtualenv.py
[2023-01-25 17:47:47,402] {processor.py:641} INFO - Processing file /home/airflow/.local/lib/python3.7/site-packages/airflow/example_dags/tutorial_taskflow_api_etl_virtualenv.py for tasks to queue
[2023-01-25 17:47:47,935] {logging_mixin.py:115} INFO - [2023-01-25 17:47:47,717] {dagbag.py:507} INFO - Filling up the DagBag from /home/airflow/.local/lib/python3.7/site-packages/airflow/example_dags/tutorial_taskflow_api_etl_virtualenv.py
[2023-01-25 17:48:45,138] {logging_mixin.py:115} INFO - [2023-01-25 17:48:32,833] {timeout.py:67} ERROR - Process timed out, PID: 526
[2023-01-25 17:52:47,484] {logging_mixin.py:115} INFO - [2023-01-25 17:48:54,655] {dagbag.py:320} ERROR - Failed to import: /home/airflow/.local/lib/python3.7/site-packages/airflow/example_dags/tutorial_taskflow_api_etl_virtualenv.py
Traceback (most recent call last):
  File "/home/airflow/.local/lib/python3.7/site-packages/airflow/models/dagbag.py", line 317, in parse
    loader.exec_module(new_module)
  File "<frozen importlib._bootstrap_external>", line 728, in exec_module
  File "<frozen importlib._bootstrap>", line 219, in _call_with_frames_removed
  File "/home/airflow/.local/lib/python3.7/site-packages/airflow/example_dags/tutorial_taskflow_api_etl_virtualenv.py", line 24, in <module>
    from airflow.decorators import dag, task
  File "/home/airflow/.local/lib/python3.7/site-packages/airflow/decorators/__init__.py", line 20, in <module>
    from airflow.decorators.base import TaskDecorator
  File "/home/airflow/.local/lib/python3.7/site-packages/airflow/decorators/base.py", line 228, in <module>
    class _TaskDecorator(Generic[Function, OperatorSubclass]):
  File "/home/airflow/.local/lib/python3.7/site-packages/attr/_next_gen.py", line 110, in wrap
    return do_it(cls, True)
  File "/home/airflow/.local/lib/python3.7/site-packages/attr/_next_gen.py", line 76, in do_it
    field_transformer=field_transformer,
  File "/home/airflow/.local/lib/python3.7/site-packages/attr/_make.py", line 1388, in attrs
    return wrap(maybe_cls)
  File "/home/airflow/.local/lib/python3.7/site-packages/attr/_make.py", line 1373, in wrap
    builder.add_init()
  File "/home/airflow/.local/lib/python3.7/site-packages/attr/_make.py", line 863, in add_init
    and self._on_setattr is not setters.NO_OP,
  File "/home/airflow/.local/lib/python3.7/site-packages/attr/_make.py", line 1877, in _make_init
    bytecode = compile(script, unique_filename, "exec")
  File "/home/airflow/.local/lib/python3.7/site-packages/airflow/utils/timeout.py", line 68, in handle_timeout
    raise AirflowTaskTimeout(self.error_message)
airflow.exceptions.AirflowTaskTimeout: DagBag import timeout for /home/airflow/.local/lib/python3.7/site-packages/airflow/example_dags/tutorial_taskflow_api_etl_virtualenv.py after 30.0s.
Please take a look at these docs to improve your DAG import time:
* https://airflow.apache.org/docs/apache-airflow/2.3.0/best-practices.html#top-level-python-code
* https://airflow.apache.org/docs/apache-airflow/2.3.0/best-practices.html#reducing-dag-complexity, PID: 526
[2023-01-25 17:53:05,351] {processor.py:653} WARNING - No viable dags retrieved from /home/airflow/.local/lib/python3.7/site-packages/airflow/example_dags/tutorial_taskflow_api_etl_virtualenv.py
[2023-01-25 17:55:34,314] {processor.py:161} INFO - Processing /home/airflow/.local/lib/python3.7/site-packages/airflow/example_dags/tutorial_taskflow_api_etl_virtualenv.py took 455.955 seconds
