[2023-01-14 19:23:40,410] {processor.py:153} INFO - Started process (PID=2497) to work on /home/airflow/.local/lib/python3.7/site-packages/airflow/example_dags/example_short_circuit_operator.py
[2023-01-14 19:23:40,415] {processor.py:641} INFO - Processing file /home/airflow/.local/lib/python3.7/site-packages/airflow/example_dags/example_short_circuit_operator.py for tasks to queue
[2023-01-14 19:23:40,419] {logging_mixin.py:115} INFO - [2023-01-14 19:23:40,418] {dagbag.py:507} INFO - Filling up the DagBag from /home/airflow/.local/lib/python3.7/site-packages/airflow/example_dags/example_short_circuit_operator.py
[2023-01-14 19:23:40,460] {processor.py:651} INFO - DAG(s) dict_keys(['example_short_circuit_operator']) retrieved from /home/airflow/.local/lib/python3.7/site-packages/airflow/example_dags/example_short_circuit_operator.py
[2023-01-14 19:23:40,951] {logging_mixin.py:115} INFO - [2023-01-14 19:23:40,948] {dag.py:2371} INFO - Sync 1 DAGs
[2023-01-14 19:23:41,339] {logging_mixin.py:115} INFO - [2023-01-14 19:23:41,339] {dag.py:2919} INFO - Setting next_dagrun for example_short_circuit_operator to 2023-01-13T19:23:41.338553+00:00, run_after=2023-01-14T19:23:41.338553+00:00
[2023-01-14 19:23:41,533] {processor.py:161} INFO - Processing /home/airflow/.local/lib/python3.7/site-packages/airflow/example_dags/example_short_circuit_operator.py took 1.287 seconds
[2023-01-14 19:24:11,841] {processor.py:153} INFO - Started process (PID=2550) to work on /home/airflow/.local/lib/python3.7/site-packages/airflow/example_dags/example_short_circuit_operator.py
[2023-01-14 19:24:11,844] {processor.py:641} INFO - Processing file /home/airflow/.local/lib/python3.7/site-packages/airflow/example_dags/example_short_circuit_operator.py for tasks to queue
[2023-01-14 19:24:11,846] {logging_mixin.py:115} INFO - [2023-01-14 19:24:11,846] {dagbag.py:507} INFO - Filling up the DagBag from /home/airflow/.local/lib/python3.7/site-packages/airflow/example_dags/example_short_circuit_operator.py
[2023-01-14 19:24:11,953] {processor.py:651} INFO - DAG(s) dict_keys(['example_short_circuit_operator']) retrieved from /home/airflow/.local/lib/python3.7/site-packages/airflow/example_dags/example_short_circuit_operator.py
[2023-01-14 19:24:12,171] {logging_mixin.py:115} INFO - [2023-01-14 19:24:12,170] {dag.py:2371} INFO - Sync 1 DAGs
[2023-01-14 19:24:12,210] {logging_mixin.py:115} INFO - [2023-01-14 19:24:12,210] {dag.py:2919} INFO - Setting next_dagrun for example_short_circuit_operator to 2023-01-13T19:24:12.209803+00:00, run_after=2023-01-14T19:24:12.209803+00:00
[2023-01-14 19:24:12,232] {processor.py:161} INFO - Processing /home/airflow/.local/lib/python3.7/site-packages/airflow/example_dags/example_short_circuit_operator.py took 0.422 seconds
[2023-01-14 19:24:42,443] {processor.py:153} INFO - Started process (PID=2603) to work on /home/airflow/.local/lib/python3.7/site-packages/airflow/example_dags/example_short_circuit_operator.py
[2023-01-14 19:24:42,445] {processor.py:641} INFO - Processing file /home/airflow/.local/lib/python3.7/site-packages/airflow/example_dags/example_short_circuit_operator.py for tasks to queue
[2023-01-14 19:24:42,447] {logging_mixin.py:115} INFO - [2023-01-14 19:24:42,447] {dagbag.py:507} INFO - Filling up the DagBag from /home/airflow/.local/lib/python3.7/site-packages/airflow/example_dags/example_short_circuit_operator.py
[2023-01-14 19:24:42,459] {processor.py:651} INFO - DAG(s) dict_keys(['example_short_circuit_operator']) retrieved from /home/airflow/.local/lib/python3.7/site-packages/airflow/example_dags/example_short_circuit_operator.py
[2023-01-14 19:24:42,497] {logging_mixin.py:115} INFO - [2023-01-14 19:24:42,497] {dag.py:2371} INFO - Sync 1 DAGs
[2023-01-14 19:24:42,526] {logging_mixin.py:115} INFO - [2023-01-14 19:24:42,526] {dag.py:2919} INFO - Setting next_dagrun for example_short_circuit_operator to 2023-01-13T19:24:42.526530+00:00, run_after=2023-01-14T19:24:42.526530+00:00
[2023-01-14 19:24:42,547] {processor.py:161} INFO - Processing /home/airflow/.local/lib/python3.7/site-packages/airflow/example_dags/example_short_circuit_operator.py took 0.107 seconds
[2023-01-14 19:25:13,052] {processor.py:153} INFO - Started process (PID=2665) to work on /home/airflow/.local/lib/python3.7/site-packages/airflow/example_dags/example_short_circuit_operator.py
[2023-01-14 19:25:13,054] {processor.py:641} INFO - Processing file /home/airflow/.local/lib/python3.7/site-packages/airflow/example_dags/example_short_circuit_operator.py for tasks to queue
[2023-01-14 19:25:13,056] {logging_mixin.py:115} INFO - [2023-01-14 19:25:13,056] {dagbag.py:507} INFO - Filling up the DagBag from /home/airflow/.local/lib/python3.7/site-packages/airflow/example_dags/example_short_circuit_operator.py
[2023-01-14 19:25:13,071] {processor.py:651} INFO - DAG(s) dict_keys(['example_short_circuit_operator']) retrieved from /home/airflow/.local/lib/python3.7/site-packages/airflow/example_dags/example_short_circuit_operator.py
[2023-01-14 19:25:13,114] {logging_mixin.py:115} INFO - [2023-01-14 19:25:13,114] {dag.py:2371} INFO - Sync 1 DAGs
[2023-01-14 19:25:13,140] {logging_mixin.py:115} INFO - [2023-01-14 19:25:13,140] {dag.py:2919} INFO - Setting next_dagrun for example_short_circuit_operator to 2023-01-13T19:25:13.140293+00:00, run_after=2023-01-14T19:25:13.140293+00:00
[2023-01-14 19:25:13,158] {processor.py:161} INFO - Processing /home/airflow/.local/lib/python3.7/site-packages/airflow/example_dags/example_short_circuit_operator.py took 0.112 seconds
[2023-01-14 19:25:43,742] {processor.py:153} INFO - Started process (PID=2718) to work on /home/airflow/.local/lib/python3.7/site-packages/airflow/example_dags/example_short_circuit_operator.py
[2023-01-14 19:25:43,744] {processor.py:641} INFO - Processing file /home/airflow/.local/lib/python3.7/site-packages/airflow/example_dags/example_short_circuit_operator.py for tasks to queue
[2023-01-14 19:25:43,745] {logging_mixin.py:115} INFO - [2023-01-14 19:25:43,745] {dagbag.py:507} INFO - Filling up the DagBag from /home/airflow/.local/lib/python3.7/site-packages/airflow/example_dags/example_short_circuit_operator.py
[2023-01-14 19:25:43,758] {processor.py:651} INFO - DAG(s) dict_keys(['example_short_circuit_operator']) retrieved from /home/airflow/.local/lib/python3.7/site-packages/airflow/example_dags/example_short_circuit_operator.py
[2023-01-14 19:25:43,792] {logging_mixin.py:115} INFO - [2023-01-14 19:25:43,792] {dag.py:2371} INFO - Sync 1 DAGs
[2023-01-14 19:25:43,828] {logging_mixin.py:115} INFO - [2023-01-14 19:25:43,828] {dag.py:2919} INFO - Setting next_dagrun for example_short_circuit_operator to 2023-01-13T19:25:43.828296+00:00, run_after=2023-01-14T19:25:43.828296+00:00
[2023-01-14 19:25:43,844] {processor.py:161} INFO - Processing /home/airflow/.local/lib/python3.7/site-packages/airflow/example_dags/example_short_circuit_operator.py took 0.106 seconds
[2023-01-14 19:26:14,000] {processor.py:153} INFO - Started process (PID=2780) to work on /home/airflow/.local/lib/python3.7/site-packages/airflow/example_dags/example_short_circuit_operator.py
[2023-01-14 19:26:14,002] {processor.py:641} INFO - Processing file /home/airflow/.local/lib/python3.7/site-packages/airflow/example_dags/example_short_circuit_operator.py for tasks to queue
[2023-01-14 19:26:14,004] {logging_mixin.py:115} INFO - [2023-01-14 19:26:14,004] {dagbag.py:507} INFO - Filling up the DagBag from /home/airflow/.local/lib/python3.7/site-packages/airflow/example_dags/example_short_circuit_operator.py
[2023-01-14 19:26:14,016] {processor.py:651} INFO - DAG(s) dict_keys(['example_short_circuit_operator']) retrieved from /home/airflow/.local/lib/python3.7/site-packages/airflow/example_dags/example_short_circuit_operator.py
[2023-01-14 19:26:14,048] {logging_mixin.py:115} INFO - [2023-01-14 19:26:14,048] {dag.py:2371} INFO - Sync 1 DAGs
[2023-01-14 19:26:14,072] {logging_mixin.py:115} INFO - [2023-01-14 19:26:14,071] {dag.py:2919} INFO - Setting next_dagrun for example_short_circuit_operator to 2023-01-13T19:26:14.071715+00:00, run_after=2023-01-14T19:26:14.071715+00:00
[2023-01-14 19:26:14,092] {processor.py:161} INFO - Processing /home/airflow/.local/lib/python3.7/site-packages/airflow/example_dags/example_short_circuit_operator.py took 0.097 seconds
[2023-01-14 19:26:44,328] {processor.py:153} INFO - Started process (PID=2833) to work on /home/airflow/.local/lib/python3.7/site-packages/airflow/example_dags/example_short_circuit_operator.py
[2023-01-14 19:26:44,330] {processor.py:641} INFO - Processing file /home/airflow/.local/lib/python3.7/site-packages/airflow/example_dags/example_short_circuit_operator.py for tasks to queue
[2023-01-14 19:26:44,331] {logging_mixin.py:115} INFO - [2023-01-14 19:26:44,331] {dagbag.py:507} INFO - Filling up the DagBag from /home/airflow/.local/lib/python3.7/site-packages/airflow/example_dags/example_short_circuit_operator.py
[2023-01-14 19:26:44,342] {processor.py:651} INFO - DAG(s) dict_keys(['example_short_circuit_operator']) retrieved from /home/airflow/.local/lib/python3.7/site-packages/airflow/example_dags/example_short_circuit_operator.py
[2023-01-14 19:26:44,381] {logging_mixin.py:115} INFO - [2023-01-14 19:26:44,381] {dag.py:2371} INFO - Sync 1 DAGs
[2023-01-14 19:26:44,409] {logging_mixin.py:115} INFO - [2023-01-14 19:26:44,409] {dag.py:2919} INFO - Setting next_dagrun for example_short_circuit_operator to 2023-01-13T19:26:44.408851+00:00, run_after=2023-01-14T19:26:44.408851+00:00
[2023-01-14 19:26:44,424] {processor.py:161} INFO - Processing /home/airflow/.local/lib/python3.7/site-packages/airflow/example_dags/example_short_circuit_operator.py took 0.102 seconds
[2023-01-14 19:27:14,686] {processor.py:153} INFO - Started process (PID=2896) to work on /home/airflow/.local/lib/python3.7/site-packages/airflow/example_dags/example_short_circuit_operator.py
[2023-01-14 19:27:14,688] {processor.py:641} INFO - Processing file /home/airflow/.local/lib/python3.7/site-packages/airflow/example_dags/example_short_circuit_operator.py for tasks to queue
[2023-01-14 19:27:14,690] {logging_mixin.py:115} INFO - [2023-01-14 19:27:14,689] {dagbag.py:507} INFO - Filling up the DagBag from /home/airflow/.local/lib/python3.7/site-packages/airflow/example_dags/example_short_circuit_operator.py
[2023-01-14 19:27:14,701] {processor.py:651} INFO - DAG(s) dict_keys(['example_short_circuit_operator']) retrieved from /home/airflow/.local/lib/python3.7/site-packages/airflow/example_dags/example_short_circuit_operator.py
[2023-01-14 19:27:14,733] {logging_mixin.py:115} INFO - [2023-01-14 19:27:14,733] {dag.py:2371} INFO - Sync 1 DAGs
[2023-01-14 19:27:14,763] {logging_mixin.py:115} INFO - [2023-01-14 19:27:14,763] {dag.py:2919} INFO - Setting next_dagrun for example_short_circuit_operator to 2023-01-13T19:27:14.762795+00:00, run_after=2023-01-14T19:27:14.762795+00:00
[2023-01-14 19:27:14,782] {processor.py:161} INFO - Processing /home/airflow/.local/lib/python3.7/site-packages/airflow/example_dags/example_short_circuit_operator.py took 0.099 seconds
[2023-01-14 19:27:44,851] {processor.py:153} INFO - Started process (PID=2958) to work on /home/airflow/.local/lib/python3.7/site-packages/airflow/example_dags/example_short_circuit_operator.py
[2023-01-14 19:27:44,853] {processor.py:641} INFO - Processing file /home/airflow/.local/lib/python3.7/site-packages/airflow/example_dags/example_short_circuit_operator.py for tasks to queue
[2023-01-14 19:27:44,854] {logging_mixin.py:115} INFO - [2023-01-14 19:27:44,854] {dagbag.py:507} INFO - Filling up the DagBag from /home/airflow/.local/lib/python3.7/site-packages/airflow/example_dags/example_short_circuit_operator.py
[2023-01-14 19:27:44,868] {processor.py:651} INFO - DAG(s) dict_keys(['example_short_circuit_operator']) retrieved from /home/airflow/.local/lib/python3.7/site-packages/airflow/example_dags/example_short_circuit_operator.py
[2023-01-14 19:27:44,912] {logging_mixin.py:115} INFO - [2023-01-14 19:27:44,912] {dag.py:2371} INFO - Sync 1 DAGs
[2023-01-14 19:27:44,941] {logging_mixin.py:115} INFO - [2023-01-14 19:27:44,941] {dag.py:2919} INFO - Setting next_dagrun for example_short_circuit_operator to 2023-01-13T19:27:44.941031+00:00, run_after=2023-01-14T19:27:44.941031+00:00
[2023-01-14 19:27:44,963] {processor.py:161} INFO - Processing /home/airflow/.local/lib/python3.7/site-packages/airflow/example_dags/example_short_circuit_operator.py took 0.115 seconds
[2023-01-14 19:28:15,153] {processor.py:153} INFO - Started process (PID=3011) to work on /home/airflow/.local/lib/python3.7/site-packages/airflow/example_dags/example_short_circuit_operator.py
[2023-01-14 19:28:15,155] {processor.py:641} INFO - Processing file /home/airflow/.local/lib/python3.7/site-packages/airflow/example_dags/example_short_circuit_operator.py for tasks to queue
[2023-01-14 19:28:15,157] {logging_mixin.py:115} INFO - [2023-01-14 19:28:15,156] {dagbag.py:507} INFO - Filling up the DagBag from /home/airflow/.local/lib/python3.7/site-packages/airflow/example_dags/example_short_circuit_operator.py
[2023-01-14 19:28:15,173] {processor.py:651} INFO - DAG(s) dict_keys(['example_short_circuit_operator']) retrieved from /home/airflow/.local/lib/python3.7/site-packages/airflow/example_dags/example_short_circuit_operator.py
[2023-01-14 19:28:15,209] {logging_mixin.py:115} INFO - [2023-01-14 19:28:15,209] {dag.py:2371} INFO - Sync 1 DAGs
[2023-01-14 19:28:15,239] {logging_mixin.py:115} INFO - [2023-01-14 19:28:15,239] {dag.py:2919} INFO - Setting next_dagrun for example_short_circuit_operator to 2023-01-13T19:28:15.239361+00:00, run_after=2023-01-14T19:28:15.239361+00:00
[2023-01-14 19:28:15,261] {processor.py:161} INFO - Processing /home/airflow/.local/lib/python3.7/site-packages/airflow/example_dags/example_short_circuit_operator.py took 0.112 seconds
[2023-01-14 19:28:46,090] {processor.py:153} INFO - Started process (PID=3074) to work on /home/airflow/.local/lib/python3.7/site-packages/airflow/example_dags/example_short_circuit_operator.py
[2023-01-14 19:28:46,093] {processor.py:641} INFO - Processing file /home/airflow/.local/lib/python3.7/site-packages/airflow/example_dags/example_short_circuit_operator.py for tasks to queue
[2023-01-14 19:28:46,102] {logging_mixin.py:115} INFO - [2023-01-14 19:28:46,102] {dagbag.py:507} INFO - Filling up the DagBag from /home/airflow/.local/lib/python3.7/site-packages/airflow/example_dags/example_short_circuit_operator.py
[2023-01-14 19:28:46,118] {processor.py:651} INFO - DAG(s) dict_keys(['example_short_circuit_operator']) retrieved from /home/airflow/.local/lib/python3.7/site-packages/airflow/example_dags/example_short_circuit_operator.py
[2023-01-14 19:28:46,198] {logging_mixin.py:115} INFO - [2023-01-14 19:28:46,198] {dag.py:2371} INFO - Sync 1 DAGs
[2023-01-14 19:28:46,265] {logging_mixin.py:115} INFO - [2023-01-14 19:28:46,265] {dag.py:2919} INFO - Setting next_dagrun for example_short_circuit_operator to 2023-01-13T19:28:46.264575+00:00, run_after=2023-01-14T19:28:46.264575+00:00
[2023-01-14 19:28:46,502] {processor.py:161} INFO - Processing /home/airflow/.local/lib/python3.7/site-packages/airflow/example_dags/example_short_circuit_operator.py took 0.418 seconds
[2023-01-14 19:29:16,747] {processor.py:153} INFO - Started process (PID=3129) to work on /home/airflow/.local/lib/python3.7/site-packages/airflow/example_dags/example_short_circuit_operator.py
[2023-01-14 19:29:16,749] {processor.py:641} INFO - Processing file /home/airflow/.local/lib/python3.7/site-packages/airflow/example_dags/example_short_circuit_operator.py for tasks to queue
[2023-01-14 19:29:16,751] {logging_mixin.py:115} INFO - [2023-01-14 19:29:16,751] {dagbag.py:507} INFO - Filling up the DagBag from /home/airflow/.local/lib/python3.7/site-packages/airflow/example_dags/example_short_circuit_operator.py
[2023-01-14 19:29:16,765] {processor.py:651} INFO - DAG(s) dict_keys(['example_short_circuit_operator']) retrieved from /home/airflow/.local/lib/python3.7/site-packages/airflow/example_dags/example_short_circuit_operator.py
[2023-01-14 19:29:16,800] {logging_mixin.py:115} INFO - [2023-01-14 19:29:16,800] {dag.py:2371} INFO - Sync 1 DAGs
[2023-01-14 19:29:16,832] {logging_mixin.py:115} INFO - [2023-01-14 19:29:16,832] {dag.py:2919} INFO - Setting next_dagrun for example_short_circuit_operator to 2023-01-13T19:29:16.831613+00:00, run_after=2023-01-14T19:29:16.831613+00:00
[2023-01-14 19:29:16,996] {processor.py:161} INFO - Processing /home/airflow/.local/lib/python3.7/site-packages/airflow/example_dags/example_short_circuit_operator.py took 0.254 seconds
[2023-01-14 19:29:47,684] {processor.py:153} INFO - Started process (PID=3182) to work on /home/airflow/.local/lib/python3.7/site-packages/airflow/example_dags/example_short_circuit_operator.py
[2023-01-14 19:29:47,686] {processor.py:641} INFO - Processing file /home/airflow/.local/lib/python3.7/site-packages/airflow/example_dags/example_short_circuit_operator.py for tasks to queue
[2023-01-14 19:29:47,689] {logging_mixin.py:115} INFO - [2023-01-14 19:29:47,689] {dagbag.py:507} INFO - Filling up the DagBag from /home/airflow/.local/lib/python3.7/site-packages/airflow/example_dags/example_short_circuit_operator.py
[2023-01-14 19:29:47,706] {processor.py:651} INFO - DAG(s) dict_keys(['example_short_circuit_operator']) retrieved from /home/airflow/.local/lib/python3.7/site-packages/airflow/example_dags/example_short_circuit_operator.py
[2023-01-14 19:29:47,750] {logging_mixin.py:115} INFO - [2023-01-14 19:29:47,750] {dag.py:2371} INFO - Sync 1 DAGs
[2023-01-14 19:29:47,790] {logging_mixin.py:115} INFO - [2023-01-14 19:29:47,790] {dag.py:2919} INFO - Setting next_dagrun for example_short_circuit_operator to 2023-01-13T19:29:47.789871+00:00, run_after=2023-01-14T19:29:47.789871+00:00
[2023-01-14 19:29:48,012] {processor.py:161} INFO - Processing /home/airflow/.local/lib/python3.7/site-packages/airflow/example_dags/example_short_circuit_operator.py took 0.333 seconds
[2023-01-14 19:30:18,742] {processor.py:153} INFO - Started process (PID=3246) to work on /home/airflow/.local/lib/python3.7/site-packages/airflow/example_dags/example_short_circuit_operator.py
[2023-01-14 19:30:18,744] {processor.py:641} INFO - Processing file /home/airflow/.local/lib/python3.7/site-packages/airflow/example_dags/example_short_circuit_operator.py for tasks to queue
[2023-01-14 19:30:18,752] {logging_mixin.py:115} INFO - [2023-01-14 19:30:18,752] {dagbag.py:507} INFO - Filling up the DagBag from /home/airflow/.local/lib/python3.7/site-packages/airflow/example_dags/example_short_circuit_operator.py
[2023-01-14 19:30:18,774] {processor.py:651} INFO - DAG(s) dict_keys(['example_short_circuit_operator']) retrieved from /home/airflow/.local/lib/python3.7/site-packages/airflow/example_dags/example_short_circuit_operator.py
[2023-01-14 19:30:18,838] {logging_mixin.py:115} INFO - [2023-01-14 19:30:18,838] {dag.py:2371} INFO - Sync 1 DAGs
[2023-01-14 19:30:18,907] {logging_mixin.py:115} INFO - [2023-01-14 19:30:18,907] {dag.py:2919} INFO - Setting next_dagrun for example_short_circuit_operator to 2023-01-13T19:30:18.906871+00:00, run_after=2023-01-14T19:30:18.906871+00:00
[2023-01-14 19:30:19,321] {processor.py:161} INFO - Processing /home/airflow/.local/lib/python3.7/site-packages/airflow/example_dags/example_short_circuit_operator.py took 0.584 seconds
[2023-01-14 19:30:49,644] {processor.py:153} INFO - Started process (PID=3299) to work on /home/airflow/.local/lib/python3.7/site-packages/airflow/example_dags/example_short_circuit_operator.py
[2023-01-14 19:30:49,646] {processor.py:641} INFO - Processing file /home/airflow/.local/lib/python3.7/site-packages/airflow/example_dags/example_short_circuit_operator.py for tasks to queue
[2023-01-14 19:30:49,647] {logging_mixin.py:115} INFO - [2023-01-14 19:30:49,647] {dagbag.py:507} INFO - Filling up the DagBag from /home/airflow/.local/lib/python3.7/site-packages/airflow/example_dags/example_short_circuit_operator.py
[2023-01-14 19:30:49,663] {processor.py:651} INFO - DAG(s) dict_keys(['example_short_circuit_operator']) retrieved from /home/airflow/.local/lib/python3.7/site-packages/airflow/example_dags/example_short_circuit_operator.py
[2023-01-14 19:30:49,705] {logging_mixin.py:115} INFO - [2023-01-14 19:30:49,705] {dag.py:2371} INFO - Sync 1 DAGs
[2023-01-14 19:30:49,739] {logging_mixin.py:115} INFO - [2023-01-14 19:30:49,738] {dag.py:2919} INFO - Setting next_dagrun for example_short_circuit_operator to 2023-01-13T19:30:49.738602+00:00, run_after=2023-01-14T19:30:49.738602+00:00
[2023-01-14 19:30:49,918] {processor.py:161} INFO - Processing /home/airflow/.local/lib/python3.7/site-packages/airflow/example_dags/example_short_circuit_operator.py took 0.277 seconds
[2023-01-14 19:31:20,189] {processor.py:153} INFO - Started process (PID=3352) to work on /home/airflow/.local/lib/python3.7/site-packages/airflow/example_dags/example_short_circuit_operator.py
[2023-01-14 19:31:20,191] {processor.py:641} INFO - Processing file /home/airflow/.local/lib/python3.7/site-packages/airflow/example_dags/example_short_circuit_operator.py for tasks to queue
[2023-01-14 19:31:20,193] {logging_mixin.py:115} INFO - [2023-01-14 19:31:20,193] {dagbag.py:507} INFO - Filling up the DagBag from /home/airflow/.local/lib/python3.7/site-packages/airflow/example_dags/example_short_circuit_operator.py
[2023-01-14 19:31:20,208] {processor.py:651} INFO - DAG(s) dict_keys(['example_short_circuit_operator']) retrieved from /home/airflow/.local/lib/python3.7/site-packages/airflow/example_dags/example_short_circuit_operator.py
[2023-01-14 19:31:20,258] {logging_mixin.py:115} INFO - [2023-01-14 19:31:20,258] {dag.py:2371} INFO - Sync 1 DAGs
[2023-01-14 19:31:20,326] {logging_mixin.py:115} INFO - [2023-01-14 19:31:20,326] {dag.py:2919} INFO - Setting next_dagrun for example_short_circuit_operator to 2023-01-13T19:31:20.325596+00:00, run_after=2023-01-14T19:31:20.325596+00:00
[2023-01-14 19:31:20,574] {processor.py:161} INFO - Processing /home/airflow/.local/lib/python3.7/site-packages/airflow/example_dags/example_short_circuit_operator.py took 0.391 seconds
[2023-01-14 19:31:50,725] {processor.py:153} INFO - Started process (PID=3405) to work on /home/airflow/.local/lib/python3.7/site-packages/airflow/example_dags/example_short_circuit_operator.py
[2023-01-14 19:31:50,728] {processor.py:641} INFO - Processing file /home/airflow/.local/lib/python3.7/site-packages/airflow/example_dags/example_short_circuit_operator.py for tasks to queue
[2023-01-14 19:31:50,730] {logging_mixin.py:115} INFO - [2023-01-14 19:31:50,730] {dagbag.py:507} INFO - Filling up the DagBag from /home/airflow/.local/lib/python3.7/site-packages/airflow/example_dags/example_short_circuit_operator.py
[2023-01-14 19:31:50,747] {processor.py:651} INFO - DAG(s) dict_keys(['example_short_circuit_operator']) retrieved from /home/airflow/.local/lib/python3.7/site-packages/airflow/example_dags/example_short_circuit_operator.py
[2023-01-14 19:31:50,801] {logging_mixin.py:115} INFO - [2023-01-14 19:31:50,801] {dag.py:2371} INFO - Sync 1 DAGs
[2023-01-14 19:31:50,852] {logging_mixin.py:115} INFO - [2023-01-14 19:31:50,851] {dag.py:2919} INFO - Setting next_dagrun for example_short_circuit_operator to 2023-01-13T19:31:50.851484+00:00, run_after=2023-01-14T19:31:50.851484+00:00
[2023-01-14 19:31:51,091] {processor.py:161} INFO - Processing /home/airflow/.local/lib/python3.7/site-packages/airflow/example_dags/example_short_circuit_operator.py took 0.370 seconds
[2023-01-14 19:32:21,206] {processor.py:153} INFO - Started process (PID=3467) to work on /home/airflow/.local/lib/python3.7/site-packages/airflow/example_dags/example_short_circuit_operator.py
[2023-01-14 19:32:21,208] {processor.py:641} INFO - Processing file /home/airflow/.local/lib/python3.7/site-packages/airflow/example_dags/example_short_circuit_operator.py for tasks to queue
[2023-01-14 19:32:21,210] {logging_mixin.py:115} INFO - [2023-01-14 19:32:21,209] {dagbag.py:507} INFO - Filling up the DagBag from /home/airflow/.local/lib/python3.7/site-packages/airflow/example_dags/example_short_circuit_operator.py
[2023-01-14 19:32:21,239] {processor.py:651} INFO - DAG(s) dict_keys(['example_short_circuit_operator']) retrieved from /home/airflow/.local/lib/python3.7/site-packages/airflow/example_dags/example_short_circuit_operator.py
[2023-01-14 19:32:21,319] {logging_mixin.py:115} INFO - [2023-01-14 19:32:21,318] {dag.py:2371} INFO - Sync 1 DAGs
[2023-01-14 19:32:21,455] {logging_mixin.py:115} INFO - [2023-01-14 19:32:21,455] {dag.py:2919} INFO - Setting next_dagrun for example_short_circuit_operator to 2023-01-13T19:32:21.453535+00:00, run_after=2023-01-14T19:32:21.453535+00:00
[2023-01-14 19:32:21,807] {processor.py:161} INFO - Processing /home/airflow/.local/lib/python3.7/site-packages/airflow/example_dags/example_short_circuit_operator.py took 0.611 seconds
