[2023-01-14 19:23:50,167] {processor.py:153} INFO - Started process (PID=2523) to work on /home/airflow/.local/lib/python3.7/site-packages/airflow/example_dags/example_latest_only_with_trigger.py
[2023-01-14 19:23:50,186] {processor.py:641} INFO - Processing file /home/airflow/.local/lib/python3.7/site-packages/airflow/example_dags/example_latest_only_with_trigger.py for tasks to queue
[2023-01-14 19:23:50,209] {logging_mixin.py:115} INFO - [2023-01-14 19:23:50,209] {dagbag.py:507} INFO - Filling up the DagBag from /home/airflow/.local/lib/python3.7/site-packages/airflow/example_dags/example_latest_only_with_trigger.py
[2023-01-14 19:23:50,356] {processor.py:651} INFO - DAG(s) dict_keys(['latest_only_with_trigger']) retrieved from /home/airflow/.local/lib/python3.7/site-packages/airflow/example_dags/example_latest_only_with_trigger.py
[2023-01-14 19:23:50,767] {logging_mixin.py:115} INFO - [2023-01-14 19:23:50,767] {dag.py:2371} INFO - Sync 1 DAGs
[2023-01-14 19:23:51,071] {logging_mixin.py:115} INFO - [2023-01-14 19:23:51,070] {dag.py:2919} INFO - Setting next_dagrun for latest_only_with_trigger to 2023-01-14T15:23:51.068680+00:00, run_after=2023-01-14T19:23:51.068680+00:00
[2023-01-14 19:23:51,293] {processor.py:161} INFO - Processing /home/airflow/.local/lib/python3.7/site-packages/airflow/example_dags/example_latest_only_with_trigger.py took 1.192 seconds
[2023-01-14 19:24:21,928] {processor.py:153} INFO - Started process (PID=2576) to work on /home/airflow/.local/lib/python3.7/site-packages/airflow/example_dags/example_latest_only_with_trigger.py
[2023-01-14 19:24:21,931] {processor.py:641} INFO - Processing file /home/airflow/.local/lib/python3.7/site-packages/airflow/example_dags/example_latest_only_with_trigger.py for tasks to queue
[2023-01-14 19:24:21,932] {logging_mixin.py:115} INFO - [2023-01-14 19:24:21,932] {dagbag.py:507} INFO - Filling up the DagBag from /home/airflow/.local/lib/python3.7/site-packages/airflow/example_dags/example_latest_only_with_trigger.py
[2023-01-14 19:24:21,939] {processor.py:651} INFO - DAG(s) dict_keys(['latest_only_with_trigger']) retrieved from /home/airflow/.local/lib/python3.7/site-packages/airflow/example_dags/example_latest_only_with_trigger.py
[2023-01-14 19:24:21,985] {logging_mixin.py:115} INFO - [2023-01-14 19:24:21,985] {dag.py:2371} INFO - Sync 1 DAGs
[2023-01-14 19:24:22,017] {logging_mixin.py:115} INFO - [2023-01-14 19:24:22,017] {dag.py:2919} INFO - Setting next_dagrun for latest_only_with_trigger to 2023-01-14T15:24:22.017029+00:00, run_after=2023-01-14T19:24:22.017029+00:00
[2023-01-14 19:24:22,032] {processor.py:161} INFO - Processing /home/airflow/.local/lib/python3.7/site-packages/airflow/example_dags/example_latest_only_with_trigger.py took 0.107 seconds
[2023-01-14 19:24:52,482] {processor.py:153} INFO - Started process (PID=2638) to work on /home/airflow/.local/lib/python3.7/site-packages/airflow/example_dags/example_latest_only_with_trigger.py
[2023-01-14 19:24:52,483] {processor.py:641} INFO - Processing file /home/airflow/.local/lib/python3.7/site-packages/airflow/example_dags/example_latest_only_with_trigger.py for tasks to queue
[2023-01-14 19:24:52,485] {logging_mixin.py:115} INFO - [2023-01-14 19:24:52,485] {dagbag.py:507} INFO - Filling up the DagBag from /home/airflow/.local/lib/python3.7/site-packages/airflow/example_dags/example_latest_only_with_trigger.py
[2023-01-14 19:24:52,494] {processor.py:651} INFO - DAG(s) dict_keys(['latest_only_with_trigger']) retrieved from /home/airflow/.local/lib/python3.7/site-packages/airflow/example_dags/example_latest_only_with_trigger.py
[2023-01-14 19:24:52,537] {logging_mixin.py:115} INFO - [2023-01-14 19:24:52,537] {dag.py:2371} INFO - Sync 1 DAGs
[2023-01-14 19:24:52,567] {logging_mixin.py:115} INFO - [2023-01-14 19:24:52,567] {dag.py:2919} INFO - Setting next_dagrun for latest_only_with_trigger to 2023-01-14T15:24:52.566992+00:00, run_after=2023-01-14T19:24:52.566992+00:00
[2023-01-14 19:24:52,587] {processor.py:161} INFO - Processing /home/airflow/.local/lib/python3.7/site-packages/airflow/example_dags/example_latest_only_with_trigger.py took 0.109 seconds
[2023-01-14 19:25:23,171] {processor.py:153} INFO - Started process (PID=2700) to work on /home/airflow/.local/lib/python3.7/site-packages/airflow/example_dags/example_latest_only_with_trigger.py
[2023-01-14 19:25:23,173] {processor.py:641} INFO - Processing file /home/airflow/.local/lib/python3.7/site-packages/airflow/example_dags/example_latest_only_with_trigger.py for tasks to queue
[2023-01-14 19:25:23,174] {logging_mixin.py:115} INFO - [2023-01-14 19:25:23,174] {dagbag.py:507} INFO - Filling up the DagBag from /home/airflow/.local/lib/python3.7/site-packages/airflow/example_dags/example_latest_only_with_trigger.py
[2023-01-14 19:25:23,185] {processor.py:651} INFO - DAG(s) dict_keys(['latest_only_with_trigger']) retrieved from /home/airflow/.local/lib/python3.7/site-packages/airflow/example_dags/example_latest_only_with_trigger.py
[2023-01-14 19:25:23,220] {logging_mixin.py:115} INFO - [2023-01-14 19:25:23,220] {dag.py:2371} INFO - Sync 1 DAGs
[2023-01-14 19:25:23,245] {logging_mixin.py:115} INFO - [2023-01-14 19:25:23,245] {dag.py:2919} INFO - Setting next_dagrun for latest_only_with_trigger to 2023-01-14T15:25:23.245347+00:00, run_after=2023-01-14T19:25:23.245347+00:00
[2023-01-14 19:25:23,261] {processor.py:161} INFO - Processing /home/airflow/.local/lib/python3.7/site-packages/airflow/example_dags/example_latest_only_with_trigger.py took 0.093 seconds
[2023-01-14 19:25:53,704] {processor.py:153} INFO - Started process (PID=2754) to work on /home/airflow/.local/lib/python3.7/site-packages/airflow/example_dags/example_latest_only_with_trigger.py
[2023-01-14 19:25:53,705] {processor.py:641} INFO - Processing file /home/airflow/.local/lib/python3.7/site-packages/airflow/example_dags/example_latest_only_with_trigger.py for tasks to queue
[2023-01-14 19:25:53,707] {logging_mixin.py:115} INFO - [2023-01-14 19:25:53,707] {dagbag.py:507} INFO - Filling up the DagBag from /home/airflow/.local/lib/python3.7/site-packages/airflow/example_dags/example_latest_only_with_trigger.py
[2023-01-14 19:25:53,719] {processor.py:651} INFO - DAG(s) dict_keys(['latest_only_with_trigger']) retrieved from /home/airflow/.local/lib/python3.7/site-packages/airflow/example_dags/example_latest_only_with_trigger.py
[2023-01-14 19:25:53,767] {logging_mixin.py:115} INFO - [2023-01-14 19:25:53,767] {dag.py:2371} INFO - Sync 1 DAGs
[2023-01-14 19:25:53,802] {logging_mixin.py:115} INFO - [2023-01-14 19:25:53,802] {dag.py:2919} INFO - Setting next_dagrun for latest_only_with_trigger to 2023-01-14T15:25:53.802246+00:00, run_after=2023-01-14T19:25:53.802246+00:00
[2023-01-14 19:25:53,824] {processor.py:161} INFO - Processing /home/airflow/.local/lib/python3.7/site-packages/airflow/example_dags/example_latest_only_with_trigger.py took 0.125 seconds
[2023-01-14 19:26:24,722] {processor.py:153} INFO - Started process (PID=2816) to work on /home/airflow/.local/lib/python3.7/site-packages/airflow/example_dags/example_latest_only_with_trigger.py
[2023-01-14 19:26:24,724] {processor.py:641} INFO - Processing file /home/airflow/.local/lib/python3.7/site-packages/airflow/example_dags/example_latest_only_with_trigger.py for tasks to queue
[2023-01-14 19:26:24,725] {logging_mixin.py:115} INFO - [2023-01-14 19:26:24,725] {dagbag.py:507} INFO - Filling up the DagBag from /home/airflow/.local/lib/python3.7/site-packages/airflow/example_dags/example_latest_only_with_trigger.py
[2023-01-14 19:26:24,732] {processor.py:651} INFO - DAG(s) dict_keys(['latest_only_with_trigger']) retrieved from /home/airflow/.local/lib/python3.7/site-packages/airflow/example_dags/example_latest_only_with_trigger.py
[2023-01-14 19:26:24,761] {logging_mixin.py:115} INFO - [2023-01-14 19:26:24,761] {dag.py:2371} INFO - Sync 1 DAGs
[2023-01-14 19:26:24,784] {logging_mixin.py:115} INFO - [2023-01-14 19:26:24,783] {dag.py:2919} INFO - Setting next_dagrun for latest_only_with_trigger to 2023-01-14T15:26:24.783707+00:00, run_after=2023-01-14T19:26:24.783707+00:00
[2023-01-14 19:26:24,797] {processor.py:161} INFO - Processing /home/airflow/.local/lib/python3.7/site-packages/airflow/example_dags/example_latest_only_with_trigger.py took 0.079 seconds
[2023-01-14 19:26:55,601] {processor.py:153} INFO - Started process (PID=2869) to work on /home/airflow/.local/lib/python3.7/site-packages/airflow/example_dags/example_latest_only_with_trigger.py
[2023-01-14 19:26:55,602] {processor.py:641} INFO - Processing file /home/airflow/.local/lib/python3.7/site-packages/airflow/example_dags/example_latest_only_with_trigger.py for tasks to queue
[2023-01-14 19:26:55,603] {logging_mixin.py:115} INFO - [2023-01-14 19:26:55,603] {dagbag.py:507} INFO - Filling up the DagBag from /home/airflow/.local/lib/python3.7/site-packages/airflow/example_dags/example_latest_only_with_trigger.py
[2023-01-14 19:26:55,610] {processor.py:651} INFO - DAG(s) dict_keys(['latest_only_with_trigger']) retrieved from /home/airflow/.local/lib/python3.7/site-packages/airflow/example_dags/example_latest_only_with_trigger.py
[2023-01-14 19:26:55,645] {logging_mixin.py:115} INFO - [2023-01-14 19:26:55,645] {dag.py:2371} INFO - Sync 1 DAGs
[2023-01-14 19:26:55,673] {logging_mixin.py:115} INFO - [2023-01-14 19:26:55,673] {dag.py:2919} INFO - Setting next_dagrun for latest_only_with_trigger to 2023-01-14T15:26:55.673167+00:00, run_after=2023-01-14T19:26:55.673167+00:00
[2023-01-14 19:26:55,688] {processor.py:161} INFO - Processing /home/airflow/.local/lib/python3.7/site-packages/airflow/example_dags/example_latest_only_with_trigger.py took 0.091 seconds
[2023-01-14 19:27:26,054] {processor.py:153} INFO - Started process (PID=2932) to work on /home/airflow/.local/lib/python3.7/site-packages/airflow/example_dags/example_latest_only_with_trigger.py
[2023-01-14 19:27:26,055] {processor.py:641} INFO - Processing file /home/airflow/.local/lib/python3.7/site-packages/airflow/example_dags/example_latest_only_with_trigger.py for tasks to queue
[2023-01-14 19:27:26,057] {logging_mixin.py:115} INFO - [2023-01-14 19:27:26,057] {dagbag.py:507} INFO - Filling up the DagBag from /home/airflow/.local/lib/python3.7/site-packages/airflow/example_dags/example_latest_only_with_trigger.py
[2023-01-14 19:27:26,066] {processor.py:651} INFO - DAG(s) dict_keys(['latest_only_with_trigger']) retrieved from /home/airflow/.local/lib/python3.7/site-packages/airflow/example_dags/example_latest_only_with_trigger.py
[2023-01-14 19:27:26,103] {logging_mixin.py:115} INFO - [2023-01-14 19:27:26,103] {dag.py:2371} INFO - Sync 1 DAGs
[2023-01-14 19:27:26,138] {logging_mixin.py:115} INFO - [2023-01-14 19:27:26,138] {dag.py:2919} INFO - Setting next_dagrun for latest_only_with_trigger to 2023-01-14T15:27:26.137958+00:00, run_after=2023-01-14T19:27:26.137958+00:00
[2023-01-14 19:27:26,156] {processor.py:161} INFO - Processing /home/airflow/.local/lib/python3.7/site-packages/airflow/example_dags/example_latest_only_with_trigger.py took 0.106 seconds
[2023-01-14 19:27:56,474] {processor.py:153} INFO - Started process (PID=2994) to work on /home/airflow/.local/lib/python3.7/site-packages/airflow/example_dags/example_latest_only_with_trigger.py
[2023-01-14 19:27:56,476] {processor.py:641} INFO - Processing file /home/airflow/.local/lib/python3.7/site-packages/airflow/example_dags/example_latest_only_with_trigger.py for tasks to queue
[2023-01-14 19:27:56,477] {logging_mixin.py:115} INFO - [2023-01-14 19:27:56,477] {dagbag.py:507} INFO - Filling up the DagBag from /home/airflow/.local/lib/python3.7/site-packages/airflow/example_dags/example_latest_only_with_trigger.py
[2023-01-14 19:27:56,487] {processor.py:651} INFO - DAG(s) dict_keys(['latest_only_with_trigger']) retrieved from /home/airflow/.local/lib/python3.7/site-packages/airflow/example_dags/example_latest_only_with_trigger.py
[2023-01-14 19:27:56,525] {logging_mixin.py:115} INFO - [2023-01-14 19:27:56,525] {dag.py:2371} INFO - Sync 1 DAGs
[2023-01-14 19:27:56,556] {logging_mixin.py:115} INFO - [2023-01-14 19:27:56,555] {dag.py:2919} INFO - Setting next_dagrun for latest_only_with_trigger to 2023-01-14T15:27:56.555657+00:00, run_after=2023-01-14T19:27:56.555657+00:00
[2023-01-14 19:27:56,572] {processor.py:161} INFO - Processing /home/airflow/.local/lib/python3.7/site-packages/airflow/example_dags/example_latest_only_with_trigger.py took 0.102 seconds
[2023-01-14 19:28:26,961] {processor.py:153} INFO - Started process (PID=3047) to work on /home/airflow/.local/lib/python3.7/site-packages/airflow/example_dags/example_latest_only_with_trigger.py
[2023-01-14 19:28:26,963] {processor.py:641} INFO - Processing file /home/airflow/.local/lib/python3.7/site-packages/airflow/example_dags/example_latest_only_with_trigger.py for tasks to queue
[2023-01-14 19:28:26,964] {logging_mixin.py:115} INFO - [2023-01-14 19:28:26,964] {dagbag.py:507} INFO - Filling up the DagBag from /home/airflow/.local/lib/python3.7/site-packages/airflow/example_dags/example_latest_only_with_trigger.py
[2023-01-14 19:28:26,972] {processor.py:651} INFO - DAG(s) dict_keys(['latest_only_with_trigger']) retrieved from /home/airflow/.local/lib/python3.7/site-packages/airflow/example_dags/example_latest_only_with_trigger.py
[2023-01-14 19:28:27,004] {logging_mixin.py:115} INFO - [2023-01-14 19:28:27,004] {dag.py:2371} INFO - Sync 1 DAGs
[2023-01-14 19:28:27,031] {logging_mixin.py:115} INFO - [2023-01-14 19:28:27,031] {dag.py:2919} INFO - Setting next_dagrun for latest_only_with_trigger to 2023-01-14T15:28:27.031249+00:00, run_after=2023-01-14T19:28:27.031249+00:00
[2023-01-14 19:28:27,046] {processor.py:161} INFO - Processing /home/airflow/.local/lib/python3.7/site-packages/airflow/example_dags/example_latest_only_with_trigger.py took 0.089 seconds
[2023-01-14 19:28:57,867] {processor.py:153} INFO - Started process (PID=3111) to work on /home/airflow/.local/lib/python3.7/site-packages/airflow/example_dags/example_latest_only_with_trigger.py
[2023-01-14 19:28:57,869] {processor.py:641} INFO - Processing file /home/airflow/.local/lib/python3.7/site-packages/airflow/example_dags/example_latest_only_with_trigger.py for tasks to queue
[2023-01-14 19:28:57,871] {logging_mixin.py:115} INFO - [2023-01-14 19:28:57,871] {dagbag.py:507} INFO - Filling up the DagBag from /home/airflow/.local/lib/python3.7/site-packages/airflow/example_dags/example_latest_only_with_trigger.py
[2023-01-14 19:28:57,879] {processor.py:651} INFO - DAG(s) dict_keys(['latest_only_with_trigger']) retrieved from /home/airflow/.local/lib/python3.7/site-packages/airflow/example_dags/example_latest_only_with_trigger.py
[2023-01-14 19:28:57,938] {logging_mixin.py:115} INFO - [2023-01-14 19:28:57,937] {dag.py:2371} INFO - Sync 1 DAGs
[2023-01-14 19:28:57,997] {logging_mixin.py:115} INFO - [2023-01-14 19:28:57,997] {dag.py:2919} INFO - Setting next_dagrun for latest_only_with_trigger to 2023-01-14T15:28:57.996914+00:00, run_after=2023-01-14T19:28:57.996914+00:00
[2023-01-14 19:28:58,029] {processor.py:161} INFO - Processing /home/airflow/.local/lib/python3.7/site-packages/airflow/example_dags/example_latest_only_with_trigger.py took 0.167 seconds
[2023-01-14 19:29:28,984] {processor.py:153} INFO - Started process (PID=3165) to work on /home/airflow/.local/lib/python3.7/site-packages/airflow/example_dags/example_latest_only_with_trigger.py
[2023-01-14 19:29:28,987] {processor.py:641} INFO - Processing file /home/airflow/.local/lib/python3.7/site-packages/airflow/example_dags/example_latest_only_with_trigger.py for tasks to queue
[2023-01-14 19:29:28,989] {logging_mixin.py:115} INFO - [2023-01-14 19:29:28,988] {dagbag.py:507} INFO - Filling up the DagBag from /home/airflow/.local/lib/python3.7/site-packages/airflow/example_dags/example_latest_only_with_trigger.py
[2023-01-14 19:29:29,002] {processor.py:651} INFO - DAG(s) dict_keys(['latest_only_with_trigger']) retrieved from /home/airflow/.local/lib/python3.7/site-packages/airflow/example_dags/example_latest_only_with_trigger.py
[2023-01-14 19:29:29,113] {logging_mixin.py:115} INFO - [2023-01-14 19:29:29,112] {dag.py:2371} INFO - Sync 1 DAGs
[2023-01-14 19:29:29,155] {logging_mixin.py:115} INFO - [2023-01-14 19:29:29,154] {dag.py:2919} INFO - Setting next_dagrun for latest_only_with_trigger to 2023-01-14T15:29:29.154422+00:00, run_after=2023-01-14T19:29:29.154422+00:00
[2023-01-14 19:29:29,176] {processor.py:161} INFO - Processing /home/airflow/.local/lib/python3.7/site-packages/airflow/example_dags/example_latest_only_with_trigger.py took 0.196 seconds
[2023-01-14 19:30:01,747] {processor.py:153} INFO - Started process (PID=3219) to work on /home/airflow/.local/lib/python3.7/site-packages/airflow/example_dags/example_latest_only_with_trigger.py
[2023-01-14 19:30:01,750] {processor.py:641} INFO - Processing file /home/airflow/.local/lib/python3.7/site-packages/airflow/example_dags/example_latest_only_with_trigger.py for tasks to queue
[2023-01-14 19:30:01,758] {logging_mixin.py:115} INFO - [2023-01-14 19:30:01,758] {dagbag.py:507} INFO - Filling up the DagBag from /home/airflow/.local/lib/python3.7/site-packages/airflow/example_dags/example_latest_only_with_trigger.py
[2023-01-14 19:30:01,777] {processor.py:651} INFO - DAG(s) dict_keys(['latest_only_with_trigger']) retrieved from /home/airflow/.local/lib/python3.7/site-packages/airflow/example_dags/example_latest_only_with_trigger.py
[2023-01-14 19:30:01,825] {logging_mixin.py:115} INFO - [2023-01-14 19:30:01,825] {dag.py:2371} INFO - Sync 1 DAGs
[2023-01-14 19:30:01,859] {logging_mixin.py:115} INFO - [2023-01-14 19:30:01,859] {dag.py:2919} INFO - Setting next_dagrun for latest_only_with_trigger to 2023-01-14T15:30:01.858546+00:00, run_after=2023-01-14T19:30:01.858546+00:00
[2023-01-14 19:30:01,883] {processor.py:161} INFO - Processing /home/airflow/.local/lib/python3.7/site-packages/airflow/example_dags/example_latest_only_with_trigger.py took 0.142 seconds
[2023-01-14 19:30:33,260] {processor.py:153} INFO - Started process (PID=3282) to work on /home/airflow/.local/lib/python3.7/site-packages/airflow/example_dags/example_latest_only_with_trigger.py
[2023-01-14 19:30:33,262] {processor.py:641} INFO - Processing file /home/airflow/.local/lib/python3.7/site-packages/airflow/example_dags/example_latest_only_with_trigger.py for tasks to queue
[2023-01-14 19:30:33,268] {logging_mixin.py:115} INFO - [2023-01-14 19:30:33,268] {dagbag.py:507} INFO - Filling up the DagBag from /home/airflow/.local/lib/python3.7/site-packages/airflow/example_dags/example_latest_only_with_trigger.py
[2023-01-14 19:30:33,292] {processor.py:651} INFO - DAG(s) dict_keys(['latest_only_with_trigger']) retrieved from /home/airflow/.local/lib/python3.7/site-packages/airflow/example_dags/example_latest_only_with_trigger.py
[2023-01-14 19:30:33,462] {logging_mixin.py:115} INFO - [2023-01-14 19:30:33,462] {dag.py:2371} INFO - Sync 1 DAGs
[2023-01-14 19:30:33,564] {logging_mixin.py:115} INFO - [2023-01-14 19:30:33,563] {dag.py:2919} INFO - Setting next_dagrun for latest_only_with_trigger to 2023-01-14T15:30:33.562959+00:00, run_after=2023-01-14T19:30:33.562959+00:00
[2023-01-14 19:30:33,617] {processor.py:161} INFO - Processing /home/airflow/.local/lib/python3.7/site-packages/airflow/example_dags/example_latest_only_with_trigger.py took 0.374 seconds
[2023-01-14 19:31:04,479] {processor.py:153} INFO - Started process (PID=3335) to work on /home/airflow/.local/lib/python3.7/site-packages/airflow/example_dags/example_latest_only_with_trigger.py
[2023-01-14 19:31:04,488] {processor.py:641} INFO - Processing file /home/airflow/.local/lib/python3.7/site-packages/airflow/example_dags/example_latest_only_with_trigger.py for tasks to queue
[2023-01-14 19:31:04,504] {logging_mixin.py:115} INFO - [2023-01-14 19:31:04,504] {dagbag.py:507} INFO - Filling up the DagBag from /home/airflow/.local/lib/python3.7/site-packages/airflow/example_dags/example_latest_only_with_trigger.py
[2023-01-14 19:31:04,545] {processor.py:651} INFO - DAG(s) dict_keys(['latest_only_with_trigger']) retrieved from /home/airflow/.local/lib/python3.7/site-packages/airflow/example_dags/example_latest_only_with_trigger.py
[2023-01-14 19:31:04,671] {logging_mixin.py:115} INFO - [2023-01-14 19:31:04,670] {dag.py:2371} INFO - Sync 1 DAGs
[2023-01-14 19:31:04,736] {logging_mixin.py:115} INFO - [2023-01-14 19:31:04,735] {dag.py:2919} INFO - Setting next_dagrun for latest_only_with_trigger to 2023-01-14T15:31:04.735403+00:00, run_after=2023-01-14T19:31:04.735403+00:00
[2023-01-14 19:31:04,784] {processor.py:161} INFO - Processing /home/airflow/.local/lib/python3.7/site-packages/airflow/example_dags/example_latest_only_with_trigger.py took 0.311 seconds
[2023-01-14 19:31:35,101] {processor.py:153} INFO - Started process (PID=3388) to work on /home/airflow/.local/lib/python3.7/site-packages/airflow/example_dags/example_latest_only_with_trigger.py
[2023-01-14 19:31:35,104] {processor.py:641} INFO - Processing file /home/airflow/.local/lib/python3.7/site-packages/airflow/example_dags/example_latest_only_with_trigger.py for tasks to queue
[2023-01-14 19:31:35,105] {logging_mixin.py:115} INFO - [2023-01-14 19:31:35,105] {dagbag.py:507} INFO - Filling up the DagBag from /home/airflow/.local/lib/python3.7/site-packages/airflow/example_dags/example_latest_only_with_trigger.py
[2023-01-14 19:31:35,114] {processor.py:651} INFO - DAG(s) dict_keys(['latest_only_with_trigger']) retrieved from /home/airflow/.local/lib/python3.7/site-packages/airflow/example_dags/example_latest_only_with_trigger.py
[2023-01-14 19:31:35,152] {logging_mixin.py:115} INFO - [2023-01-14 19:31:35,152] {dag.py:2371} INFO - Sync 1 DAGs
[2023-01-14 19:31:35,189] {logging_mixin.py:115} INFO - [2023-01-14 19:31:35,189] {dag.py:2919} INFO - Setting next_dagrun for latest_only_with_trigger to 2023-01-14T15:31:35.189134+00:00, run_after=2023-01-14T19:31:35.189134+00:00
[2023-01-14 19:31:35,213] {processor.py:161} INFO - Processing /home/airflow/.local/lib/python3.7/site-packages/airflow/example_dags/example_latest_only_with_trigger.py took 0.118 seconds
[2023-01-14 19:32:06,759] {processor.py:153} INFO - Started process (PID=3451) to work on /home/airflow/.local/lib/python3.7/site-packages/airflow/example_dags/example_latest_only_with_trigger.py
[2023-01-14 19:32:06,762] {processor.py:641} INFO - Processing file /home/airflow/.local/lib/python3.7/site-packages/airflow/example_dags/example_latest_only_with_trigger.py for tasks to queue
[2023-01-14 19:32:06,765] {logging_mixin.py:115} INFO - [2023-01-14 19:32:06,764] {dagbag.py:507} INFO - Filling up the DagBag from /home/airflow/.local/lib/python3.7/site-packages/airflow/example_dags/example_latest_only_with_trigger.py
[2023-01-14 19:32:06,785] {processor.py:651} INFO - DAG(s) dict_keys(['latest_only_with_trigger']) retrieved from /home/airflow/.local/lib/python3.7/site-packages/airflow/example_dags/example_latest_only_with_trigger.py
[2023-01-14 19:32:06,880] {logging_mixin.py:115} INFO - [2023-01-14 19:32:06,880] {dag.py:2371} INFO - Sync 1 DAGs
[2023-01-14 19:32:06,999] {logging_mixin.py:115} INFO - [2023-01-14 19:32:06,999] {dag.py:2919} INFO - Setting next_dagrun for latest_only_with_trigger to 2023-01-14T15:32:06.999199+00:00, run_after=2023-01-14T19:32:06.999199+00:00
[2023-01-14 19:32:07,048] {processor.py:161} INFO - Processing /home/airflow/.local/lib/python3.7/site-packages/airflow/example_dags/example_latest_only_with_trigger.py took 0.297 seconds
[2023-01-14 19:32:37,996] {processor.py:153} INFO - Started process (PID=3505) to work on /home/airflow/.local/lib/python3.7/site-packages/airflow/example_dags/example_latest_only_with_trigger.py
[2023-01-14 19:32:38,001] {processor.py:641} INFO - Processing file /home/airflow/.local/lib/python3.7/site-packages/airflow/example_dags/example_latest_only_with_trigger.py for tasks to queue
[2023-01-14 19:32:38,008] {logging_mixin.py:115} INFO - [2023-01-14 19:32:38,007] {dagbag.py:507} INFO - Filling up the DagBag from /home/airflow/.local/lib/python3.7/site-packages/airflow/example_dags/example_latest_only_with_trigger.py
[2023-01-14 19:32:38,038] {processor.py:651} INFO - DAG(s) dict_keys(['latest_only_with_trigger']) retrieved from /home/airflow/.local/lib/python3.7/site-packages/airflow/example_dags/example_latest_only_with_trigger.py
[2023-01-14 19:32:38,140] {logging_mixin.py:115} INFO - [2023-01-14 19:32:38,140] {dag.py:2371} INFO - Sync 1 DAGs
[2023-01-14 19:32:38,223] {logging_mixin.py:115} INFO - [2023-01-14 19:32:38,223] {dag.py:2919} INFO - Setting next_dagrun for latest_only_with_trigger to 2023-01-14T15:32:38.222864+00:00, run_after=2023-01-14T19:32:38.222864+00:00
[2023-01-14 19:32:38,254] {processor.py:161} INFO - Processing /home/airflow/.local/lib/python3.7/site-packages/airflow/example_dags/example_latest_only_with_trigger.py took 0.265 seconds
