[2023-01-14 19:23:44,635] {processor.py:153} INFO - Started process (PID=2506) to work on /home/airflow/.local/lib/python3.7/site-packages/airflow/example_dags/example_skip_dag.py
[2023-01-14 19:23:44,637] {processor.py:641} INFO - Processing file /home/airflow/.local/lib/python3.7/site-packages/airflow/example_dags/example_skip_dag.py for tasks to queue
[2023-01-14 19:23:44,639] {logging_mixin.py:115} INFO - [2023-01-14 19:23:44,638] {dagbag.py:507} INFO - Filling up the DagBag from /home/airflow/.local/lib/python3.7/site-packages/airflow/example_dags/example_skip_dag.py
[2023-01-14 19:23:44,651] {processor.py:651} INFO - DAG(s) dict_keys(['example_skip_dag']) retrieved from /home/airflow/.local/lib/python3.7/site-packages/airflow/example_dags/example_skip_dag.py
[2023-01-14 19:23:44,727] {logging_mixin.py:115} INFO - [2023-01-14 19:23:44,727] {dag.py:2371} INFO - Sync 1 DAGs
[2023-01-14 19:23:44,782] {logging_mixin.py:115} INFO - [2023-01-14 19:23:44,782] {dag.py:2919} INFO - Setting next_dagrun for example_skip_dag to 2023-01-13T19:23:44.782194+00:00, run_after=2023-01-14T19:23:44.782194+00:00
[2023-01-14 19:23:44,839] {processor.py:161} INFO - Processing /home/airflow/.local/lib/python3.7/site-packages/airflow/example_dags/example_skip_dag.py took 0.209 seconds
[2023-01-14 19:24:15,516] {processor.py:153} INFO - Started process (PID=2559) to work on /home/airflow/.local/lib/python3.7/site-packages/airflow/example_dags/example_skip_dag.py
[2023-01-14 19:24:15,517] {processor.py:641} INFO - Processing file /home/airflow/.local/lib/python3.7/site-packages/airflow/example_dags/example_skip_dag.py for tasks to queue
[2023-01-14 19:24:15,519] {logging_mixin.py:115} INFO - [2023-01-14 19:24:15,518] {dagbag.py:507} INFO - Filling up the DagBag from /home/airflow/.local/lib/python3.7/site-packages/airflow/example_dags/example_skip_dag.py
[2023-01-14 19:24:15,526] {processor.py:651} INFO - DAG(s) dict_keys(['example_skip_dag']) retrieved from /home/airflow/.local/lib/python3.7/site-packages/airflow/example_dags/example_skip_dag.py
[2023-01-14 19:24:15,564] {logging_mixin.py:115} INFO - [2023-01-14 19:24:15,564] {dag.py:2371} INFO - Sync 1 DAGs
[2023-01-14 19:24:15,588] {logging_mixin.py:115} INFO - [2023-01-14 19:24:15,588] {dag.py:2919} INFO - Setting next_dagrun for example_skip_dag to 2023-01-13T19:24:15.588425+00:00, run_after=2023-01-14T19:24:15.588425+00:00
[2023-01-14 19:24:15,605] {processor.py:161} INFO - Processing /home/airflow/.local/lib/python3.7/site-packages/airflow/example_dags/example_skip_dag.py took 0.092 seconds
[2023-01-14 19:24:47,614] {processor.py:153} INFO - Started process (PID=2621) to work on /home/airflow/.local/lib/python3.7/site-packages/airflow/example_dags/example_skip_dag.py
[2023-01-14 19:24:47,616] {processor.py:641} INFO - Processing file /home/airflow/.local/lib/python3.7/site-packages/airflow/example_dags/example_skip_dag.py for tasks to queue
[2023-01-14 19:24:47,617] {logging_mixin.py:115} INFO - [2023-01-14 19:24:47,617] {dagbag.py:507} INFO - Filling up the DagBag from /home/airflow/.local/lib/python3.7/site-packages/airflow/example_dags/example_skip_dag.py
[2023-01-14 19:24:47,626] {processor.py:651} INFO - DAG(s) dict_keys(['example_skip_dag']) retrieved from /home/airflow/.local/lib/python3.7/site-packages/airflow/example_dags/example_skip_dag.py
[2023-01-14 19:24:47,678] {logging_mixin.py:115} INFO - [2023-01-14 19:24:47,678] {dag.py:2371} INFO - Sync 1 DAGs
[2023-01-14 19:24:47,732] {logging_mixin.py:115} INFO - [2023-01-14 19:24:47,732] {dag.py:2919} INFO - Setting next_dagrun for example_skip_dag to 2023-01-13T19:24:47.732262+00:00, run_after=2023-01-14T19:24:47.732262+00:00
[2023-01-14 19:24:47,754] {processor.py:161} INFO - Processing /home/airflow/.local/lib/python3.7/site-packages/airflow/example_dags/example_skip_dag.py took 0.144 seconds
[2023-01-14 19:25:18,191] {processor.py:153} INFO - Started process (PID=2674) to work on /home/airflow/.local/lib/python3.7/site-packages/airflow/example_dags/example_skip_dag.py
[2023-01-14 19:25:18,193] {processor.py:641} INFO - Processing file /home/airflow/.local/lib/python3.7/site-packages/airflow/example_dags/example_skip_dag.py for tasks to queue
[2023-01-14 19:25:18,195] {logging_mixin.py:115} INFO - [2023-01-14 19:25:18,195] {dagbag.py:507} INFO - Filling up the DagBag from /home/airflow/.local/lib/python3.7/site-packages/airflow/example_dags/example_skip_dag.py
[2023-01-14 19:25:18,203] {processor.py:651} INFO - DAG(s) dict_keys(['example_skip_dag']) retrieved from /home/airflow/.local/lib/python3.7/site-packages/airflow/example_dags/example_skip_dag.py
[2023-01-14 19:25:18,248] {logging_mixin.py:115} INFO - [2023-01-14 19:25:18,248] {dag.py:2371} INFO - Sync 1 DAGs
[2023-01-14 19:25:18,284] {logging_mixin.py:115} INFO - [2023-01-14 19:25:18,281] {dag.py:2919} INFO - Setting next_dagrun for example_skip_dag to 2023-01-13T19:25:18.280109+00:00, run_after=2023-01-14T19:25:18.280109+00:00
[2023-01-14 19:25:18,307] {processor.py:161} INFO - Processing /home/airflow/.local/lib/python3.7/site-packages/airflow/example_dags/example_skip_dag.py took 0.120 seconds
[2023-01-14 19:25:49,371] {processor.py:153} INFO - Started process (PID=2737) to work on /home/airflow/.local/lib/python3.7/site-packages/airflow/example_dags/example_skip_dag.py
[2023-01-14 19:25:49,375] {processor.py:641} INFO - Processing file /home/airflow/.local/lib/python3.7/site-packages/airflow/example_dags/example_skip_dag.py for tasks to queue
[2023-01-14 19:25:49,377] {logging_mixin.py:115} INFO - [2023-01-14 19:25:49,377] {dagbag.py:507} INFO - Filling up the DagBag from /home/airflow/.local/lib/python3.7/site-packages/airflow/example_dags/example_skip_dag.py
[2023-01-14 19:25:49,387] {processor.py:651} INFO - DAG(s) dict_keys(['example_skip_dag']) retrieved from /home/airflow/.local/lib/python3.7/site-packages/airflow/example_dags/example_skip_dag.py
[2023-01-14 19:25:49,437] {logging_mixin.py:115} INFO - [2023-01-14 19:25:49,437] {dag.py:2371} INFO - Sync 1 DAGs
[2023-01-14 19:25:49,482] {logging_mixin.py:115} INFO - [2023-01-14 19:25:49,481] {dag.py:2919} INFO - Setting next_dagrun for example_skip_dag to 2023-01-13T19:25:49.481480+00:00, run_after=2023-01-14T19:25:49.481480+00:00
[2023-01-14 19:25:49,511] {processor.py:161} INFO - Processing /home/airflow/.local/lib/python3.7/site-packages/airflow/example_dags/example_skip_dag.py took 0.152 seconds
[2023-01-14 19:26:19,667] {processor.py:153} INFO - Started process (PID=2790) to work on /home/airflow/.local/lib/python3.7/site-packages/airflow/example_dags/example_skip_dag.py
[2023-01-14 19:26:19,669] {processor.py:641} INFO - Processing file /home/airflow/.local/lib/python3.7/site-packages/airflow/example_dags/example_skip_dag.py for tasks to queue
[2023-01-14 19:26:19,670] {logging_mixin.py:115} INFO - [2023-01-14 19:26:19,670] {dagbag.py:507} INFO - Filling up the DagBag from /home/airflow/.local/lib/python3.7/site-packages/airflow/example_dags/example_skip_dag.py
[2023-01-14 19:26:19,678] {processor.py:651} INFO - DAG(s) dict_keys(['example_skip_dag']) retrieved from /home/airflow/.local/lib/python3.7/site-packages/airflow/example_dags/example_skip_dag.py
[2023-01-14 19:26:19,711] {logging_mixin.py:115} INFO - [2023-01-14 19:26:19,711] {dag.py:2371} INFO - Sync 1 DAGs
[2023-01-14 19:26:19,737] {logging_mixin.py:115} INFO - [2023-01-14 19:26:19,737] {dag.py:2919} INFO - Setting next_dagrun for example_skip_dag to 2023-01-13T19:26:19.736922+00:00, run_after=2023-01-14T19:26:19.736922+00:00
[2023-01-14 19:26:19,752] {processor.py:161} INFO - Processing /home/airflow/.local/lib/python3.7/site-packages/airflow/example_dags/example_skip_dag.py took 0.090 seconds
[2023-01-14 19:26:50,466] {processor.py:153} INFO - Started process (PID=2852) to work on /home/airflow/.local/lib/python3.7/site-packages/airflow/example_dags/example_skip_dag.py
[2023-01-14 19:26:50,468] {processor.py:641} INFO - Processing file /home/airflow/.local/lib/python3.7/site-packages/airflow/example_dags/example_skip_dag.py for tasks to queue
[2023-01-14 19:26:50,469] {logging_mixin.py:115} INFO - [2023-01-14 19:26:50,469] {dagbag.py:507} INFO - Filling up the DagBag from /home/airflow/.local/lib/python3.7/site-packages/airflow/example_dags/example_skip_dag.py
[2023-01-14 19:26:50,478] {processor.py:651} INFO - DAG(s) dict_keys(['example_skip_dag']) retrieved from /home/airflow/.local/lib/python3.7/site-packages/airflow/example_dags/example_skip_dag.py
[2023-01-14 19:26:50,515] {logging_mixin.py:115} INFO - [2023-01-14 19:26:50,514] {dag.py:2371} INFO - Sync 1 DAGs
[2023-01-14 19:26:50,559] {logging_mixin.py:115} INFO - [2023-01-14 19:26:50,559] {dag.py:2919} INFO - Setting next_dagrun for example_skip_dag to 2023-01-13T19:26:50.559486+00:00, run_after=2023-01-14T19:26:50.559486+00:00
[2023-01-14 19:26:50,579] {processor.py:161} INFO - Processing /home/airflow/.local/lib/python3.7/site-packages/airflow/example_dags/example_skip_dag.py took 0.118 seconds
[2023-01-14 19:27:20,887] {processor.py:153} INFO - Started process (PID=2915) to work on /home/airflow/.local/lib/python3.7/site-packages/airflow/example_dags/example_skip_dag.py
[2023-01-14 19:27:20,889] {processor.py:641} INFO - Processing file /home/airflow/.local/lib/python3.7/site-packages/airflow/example_dags/example_skip_dag.py for tasks to queue
[2023-01-14 19:27:20,891] {logging_mixin.py:115} INFO - [2023-01-14 19:27:20,891] {dagbag.py:507} INFO - Filling up the DagBag from /home/airflow/.local/lib/python3.7/site-packages/airflow/example_dags/example_skip_dag.py
[2023-01-14 19:27:20,902] {processor.py:651} INFO - DAG(s) dict_keys(['example_skip_dag']) retrieved from /home/airflow/.local/lib/python3.7/site-packages/airflow/example_dags/example_skip_dag.py
[2023-01-14 19:27:20,943] {logging_mixin.py:115} INFO - [2023-01-14 19:27:20,943] {dag.py:2371} INFO - Sync 1 DAGs
[2023-01-14 19:27:20,981] {logging_mixin.py:115} INFO - [2023-01-14 19:27:20,980] {dag.py:2919} INFO - Setting next_dagrun for example_skip_dag to 2023-01-13T19:27:20.980085+00:00, run_after=2023-01-14T19:27:20.980085+00:00
[2023-01-14 19:27:21,002] {processor.py:161} INFO - Processing /home/airflow/.local/lib/python3.7/site-packages/airflow/example_dags/example_skip_dag.py took 0.119 seconds
[2023-01-14 19:27:51,294] {processor.py:153} INFO - Started process (PID=2968) to work on /home/airflow/.local/lib/python3.7/site-packages/airflow/example_dags/example_skip_dag.py
[2023-01-14 19:27:51,295] {processor.py:641} INFO - Processing file /home/airflow/.local/lib/python3.7/site-packages/airflow/example_dags/example_skip_dag.py for tasks to queue
[2023-01-14 19:27:51,296] {logging_mixin.py:115} INFO - [2023-01-14 19:27:51,296] {dagbag.py:507} INFO - Filling up the DagBag from /home/airflow/.local/lib/python3.7/site-packages/airflow/example_dags/example_skip_dag.py
[2023-01-14 19:27:51,303] {processor.py:651} INFO - DAG(s) dict_keys(['example_skip_dag']) retrieved from /home/airflow/.local/lib/python3.7/site-packages/airflow/example_dags/example_skip_dag.py
[2023-01-14 19:27:51,339] {logging_mixin.py:115} INFO - [2023-01-14 19:27:51,339] {dag.py:2371} INFO - Sync 1 DAGs
[2023-01-14 19:27:51,372] {logging_mixin.py:115} INFO - [2023-01-14 19:27:51,372] {dag.py:2919} INFO - Setting next_dagrun for example_skip_dag to 2023-01-13T19:27:51.372222+00:00, run_after=2023-01-14T19:27:51.372222+00:00
[2023-01-14 19:27:51,388] {processor.py:161} INFO - Processing /home/airflow/.local/lib/python3.7/site-packages/airflow/example_dags/example_skip_dag.py took 0.098 seconds
[2023-01-14 19:28:21,753] {processor.py:153} INFO - Started process (PID=3030) to work on /home/airflow/.local/lib/python3.7/site-packages/airflow/example_dags/example_skip_dag.py
[2023-01-14 19:28:21,755] {processor.py:641} INFO - Processing file /home/airflow/.local/lib/python3.7/site-packages/airflow/example_dags/example_skip_dag.py for tasks to queue
[2023-01-14 19:28:21,757] {logging_mixin.py:115} INFO - [2023-01-14 19:28:21,757] {dagbag.py:507} INFO - Filling up the DagBag from /home/airflow/.local/lib/python3.7/site-packages/airflow/example_dags/example_skip_dag.py
[2023-01-14 19:28:21,766] {processor.py:651} INFO - DAG(s) dict_keys(['example_skip_dag']) retrieved from /home/airflow/.local/lib/python3.7/site-packages/airflow/example_dags/example_skip_dag.py
[2023-01-14 19:28:21,808] {logging_mixin.py:115} INFO - [2023-01-14 19:28:21,807] {dag.py:2371} INFO - Sync 1 DAGs
[2023-01-14 19:28:21,839] {logging_mixin.py:115} INFO - [2023-01-14 19:28:21,839] {dag.py:2919} INFO - Setting next_dagrun for example_skip_dag to 2023-01-13T19:28:21.838766+00:00, run_after=2023-01-14T19:28:21.838766+00:00
[2023-01-14 19:28:21,860] {processor.py:161} INFO - Processing /home/airflow/.local/lib/python3.7/site-packages/airflow/example_dags/example_skip_dag.py took 0.110 seconds
[2023-01-14 19:28:52,472] {processor.py:153} INFO - Started process (PID=3084) to work on /home/airflow/.local/lib/python3.7/site-packages/airflow/example_dags/example_skip_dag.py
[2023-01-14 19:28:52,473] {processor.py:641} INFO - Processing file /home/airflow/.local/lib/python3.7/site-packages/airflow/example_dags/example_skip_dag.py for tasks to queue
[2023-01-14 19:28:52,476] {logging_mixin.py:115} INFO - [2023-01-14 19:28:52,475] {dagbag.py:507} INFO - Filling up the DagBag from /home/airflow/.local/lib/python3.7/site-packages/airflow/example_dags/example_skip_dag.py
[2023-01-14 19:28:52,491] {processor.py:651} INFO - DAG(s) dict_keys(['example_skip_dag']) retrieved from /home/airflow/.local/lib/python3.7/site-packages/airflow/example_dags/example_skip_dag.py
[2023-01-14 19:28:52,585] {logging_mixin.py:115} INFO - [2023-01-14 19:28:52,584] {dag.py:2371} INFO - Sync 1 DAGs
[2023-01-14 19:28:52,641] {logging_mixin.py:115} INFO - [2023-01-14 19:28:52,641] {dag.py:2919} INFO - Setting next_dagrun for example_skip_dag to 2023-01-13T19:28:52.641132+00:00, run_after=2023-01-14T19:28:52.641132+00:00
[2023-01-14 19:28:52,673] {processor.py:161} INFO - Processing /home/airflow/.local/lib/python3.7/site-packages/airflow/example_dags/example_skip_dag.py took 0.207 seconds
[2023-01-14 19:29:23,325] {processor.py:153} INFO - Started process (PID=3146) to work on /home/airflow/.local/lib/python3.7/site-packages/airflow/example_dags/example_skip_dag.py
[2023-01-14 19:29:23,327] {processor.py:641} INFO - Processing file /home/airflow/.local/lib/python3.7/site-packages/airflow/example_dags/example_skip_dag.py for tasks to queue
[2023-01-14 19:29:23,328] {logging_mixin.py:115} INFO - [2023-01-14 19:29:23,328] {dagbag.py:507} INFO - Filling up the DagBag from /home/airflow/.local/lib/python3.7/site-packages/airflow/example_dags/example_skip_dag.py
[2023-01-14 19:29:23,342] {processor.py:651} INFO - DAG(s) dict_keys(['example_skip_dag']) retrieved from /home/airflow/.local/lib/python3.7/site-packages/airflow/example_dags/example_skip_dag.py
[2023-01-14 19:29:23,470] {logging_mixin.py:115} INFO - [2023-01-14 19:29:23,469] {dag.py:2371} INFO - Sync 1 DAGs
[2023-01-14 19:29:23,534] {logging_mixin.py:115} INFO - [2023-01-14 19:29:23,534] {dag.py:2919} INFO - Setting next_dagrun for example_skip_dag to 2023-01-13T19:29:23.533991+00:00, run_after=2023-01-14T19:29:23.533991+00:00
[2023-01-14 19:29:23,569] {processor.py:161} INFO - Processing /home/airflow/.local/lib/python3.7/site-packages/airflow/example_dags/example_skip_dag.py took 0.250 seconds
[2023-01-14 19:29:54,060] {processor.py:153} INFO - Started process (PID=3202) to work on /home/airflow/.local/lib/python3.7/site-packages/airflow/example_dags/example_skip_dag.py
[2023-01-14 19:29:54,062] {processor.py:641} INFO - Processing file /home/airflow/.local/lib/python3.7/site-packages/airflow/example_dags/example_skip_dag.py for tasks to queue
[2023-01-14 19:29:54,064] {logging_mixin.py:115} INFO - [2023-01-14 19:29:54,064] {dagbag.py:507} INFO - Filling up the DagBag from /home/airflow/.local/lib/python3.7/site-packages/airflow/example_dags/example_skip_dag.py
[2023-01-14 19:29:54,073] {processor.py:651} INFO - DAG(s) dict_keys(['example_skip_dag']) retrieved from /home/airflow/.local/lib/python3.7/site-packages/airflow/example_dags/example_skip_dag.py
[2023-01-14 19:29:54,116] {logging_mixin.py:115} INFO - [2023-01-14 19:29:54,116] {dag.py:2371} INFO - Sync 1 DAGs
[2023-01-14 19:29:54,156] {logging_mixin.py:115} INFO - [2023-01-14 19:29:54,156] {dag.py:2919} INFO - Setting next_dagrun for example_skip_dag to 2023-01-13T19:29:54.155796+00:00, run_after=2023-01-14T19:29:54.155796+00:00
[2023-01-14 19:29:54,179] {processor.py:161} INFO - Processing /home/airflow/.local/lib/python3.7/site-packages/airflow/example_dags/example_skip_dag.py took 0.124 seconds
[2023-01-14 19:30:25,836] {processor.py:153} INFO - Started process (PID=3256) to work on /home/airflow/.local/lib/python3.7/site-packages/airflow/example_dags/example_skip_dag.py
[2023-01-14 19:30:25,839] {processor.py:641} INFO - Processing file /home/airflow/.local/lib/python3.7/site-packages/airflow/example_dags/example_skip_dag.py for tasks to queue
[2023-01-14 19:30:25,842] {logging_mixin.py:115} INFO - [2023-01-14 19:30:25,842] {dagbag.py:507} INFO - Filling up the DagBag from /home/airflow/.local/lib/python3.7/site-packages/airflow/example_dags/example_skip_dag.py
[2023-01-14 19:30:25,863] {processor.py:651} INFO - DAG(s) dict_keys(['example_skip_dag']) retrieved from /home/airflow/.local/lib/python3.7/site-packages/airflow/example_dags/example_skip_dag.py
[2023-01-14 19:30:25,968] {logging_mixin.py:115} INFO - [2023-01-14 19:30:25,967] {dag.py:2371} INFO - Sync 1 DAGs
[2023-01-14 19:30:26,110] {logging_mixin.py:115} INFO - [2023-01-14 19:30:26,109] {dag.py:2919} INFO - Setting next_dagrun for example_skip_dag to 2023-01-13T19:30:26.108792+00:00, run_after=2023-01-14T19:30:26.108792+00:00
[2023-01-14 19:30:26,170] {processor.py:161} INFO - Processing /home/airflow/.local/lib/python3.7/site-packages/airflow/example_dags/example_skip_dag.py took 0.345 seconds
[2023-01-14 19:30:56,412] {processor.py:153} INFO - Started process (PID=3316) to work on /home/airflow/.local/lib/python3.7/site-packages/airflow/example_dags/example_skip_dag.py
[2023-01-14 19:30:56,417] {processor.py:641} INFO - Processing file /home/airflow/.local/lib/python3.7/site-packages/airflow/example_dags/example_skip_dag.py for tasks to queue
[2023-01-14 19:30:56,420] {logging_mixin.py:115} INFO - [2023-01-14 19:30:56,420] {dagbag.py:507} INFO - Filling up the DagBag from /home/airflow/.local/lib/python3.7/site-packages/airflow/example_dags/example_skip_dag.py
[2023-01-14 19:30:56,434] {processor.py:651} INFO - DAG(s) dict_keys(['example_skip_dag']) retrieved from /home/airflow/.local/lib/python3.7/site-packages/airflow/example_dags/example_skip_dag.py
[2023-01-14 19:30:56,500] {logging_mixin.py:115} INFO - [2023-01-14 19:30:56,500] {dag.py:2371} INFO - Sync 1 DAGs
[2023-01-14 19:30:56,588] {logging_mixin.py:115} INFO - [2023-01-14 19:30:56,588] {dag.py:2919} INFO - Setting next_dagrun for example_skip_dag to 2023-01-13T19:30:56.587577+00:00, run_after=2023-01-14T19:30:56.587577+00:00
[2023-01-14 19:30:56,640] {processor.py:161} INFO - Processing /home/airflow/.local/lib/python3.7/site-packages/airflow/example_dags/example_skip_dag.py took 0.235 seconds
[2023-01-14 19:31:29,325] {processor.py:153} INFO - Started process (PID=3371) to work on /home/airflow/.local/lib/python3.7/site-packages/airflow/example_dags/example_skip_dag.py
[2023-01-14 19:31:29,328] {processor.py:641} INFO - Processing file /home/airflow/.local/lib/python3.7/site-packages/airflow/example_dags/example_skip_dag.py for tasks to queue
[2023-01-14 19:31:29,330] {logging_mixin.py:115} INFO - [2023-01-14 19:31:29,330] {dagbag.py:507} INFO - Filling up the DagBag from /home/airflow/.local/lib/python3.7/site-packages/airflow/example_dags/example_skip_dag.py
[2023-01-14 19:31:29,347] {processor.py:651} INFO - DAG(s) dict_keys(['example_skip_dag']) retrieved from /home/airflow/.local/lib/python3.7/site-packages/airflow/example_dags/example_skip_dag.py
[2023-01-14 19:31:29,430] {logging_mixin.py:115} INFO - [2023-01-14 19:31:29,429] {dag.py:2371} INFO - Sync 1 DAGs
[2023-01-14 19:31:29,492] {logging_mixin.py:115} INFO - [2023-01-14 19:31:29,492] {dag.py:2919} INFO - Setting next_dagrun for example_skip_dag to 2023-01-13T19:31:29.491776+00:00, run_after=2023-01-14T19:31:29.491776+00:00
[2023-01-14 19:31:29,542] {processor.py:161} INFO - Processing /home/airflow/.local/lib/python3.7/site-packages/airflow/example_dags/example_skip_dag.py took 0.224 seconds
[2023-01-14 19:32:00,135] {processor.py:153} INFO - Started process (PID=3425) to work on /home/airflow/.local/lib/python3.7/site-packages/airflow/example_dags/example_skip_dag.py
[2023-01-14 19:32:00,137] {processor.py:641} INFO - Processing file /home/airflow/.local/lib/python3.7/site-packages/airflow/example_dags/example_skip_dag.py for tasks to queue
[2023-01-14 19:32:00,139] {logging_mixin.py:115} INFO - [2023-01-14 19:32:00,139] {dagbag.py:507} INFO - Filling up the DagBag from /home/airflow/.local/lib/python3.7/site-packages/airflow/example_dags/example_skip_dag.py
[2023-01-14 19:32:00,165] {processor.py:651} INFO - DAG(s) dict_keys(['example_skip_dag']) retrieved from /home/airflow/.local/lib/python3.7/site-packages/airflow/example_dags/example_skip_dag.py
[2023-01-14 19:32:00,279] {logging_mixin.py:115} INFO - [2023-01-14 19:32:00,279] {dag.py:2371} INFO - Sync 1 DAGs
[2023-01-14 19:32:00,321] {logging_mixin.py:115} INFO - [2023-01-14 19:32:00,321] {dag.py:2919} INFO - Setting next_dagrun for example_skip_dag to 2023-01-13T19:32:00.320984+00:00, run_after=2023-01-14T19:32:00.320984+00:00
[2023-01-14 19:32:00,355] {processor.py:161} INFO - Processing /home/airflow/.local/lib/python3.7/site-packages/airflow/example_dags/example_skip_dag.py took 0.226 seconds
[2023-01-14 19:32:31,129] {processor.py:153} INFO - Started process (PID=3478) to work on /home/airflow/.local/lib/python3.7/site-packages/airflow/example_dags/example_skip_dag.py
[2023-01-14 19:32:31,132] {processor.py:641} INFO - Processing file /home/airflow/.local/lib/python3.7/site-packages/airflow/example_dags/example_skip_dag.py for tasks to queue
[2023-01-14 19:32:31,134] {logging_mixin.py:115} INFO - [2023-01-14 19:32:31,133] {dagbag.py:507} INFO - Filling up the DagBag from /home/airflow/.local/lib/python3.7/site-packages/airflow/example_dags/example_skip_dag.py
[2023-01-14 19:32:31,142] {processor.py:651} INFO - DAG(s) dict_keys(['example_skip_dag']) retrieved from /home/airflow/.local/lib/python3.7/site-packages/airflow/example_dags/example_skip_dag.py
[2023-01-14 19:32:31,199] {logging_mixin.py:115} INFO - [2023-01-14 19:32:31,199] {dag.py:2371} INFO - Sync 1 DAGs
[2023-01-14 19:32:31,252] {logging_mixin.py:115} INFO - [2023-01-14 19:32:31,252] {dag.py:2919} INFO - Setting next_dagrun for example_skip_dag to 2023-01-13T19:32:31.251606+00:00, run_after=2023-01-14T19:32:31.251606+00:00
[2023-01-14 19:32:31,295] {processor.py:161} INFO - Processing /home/airflow/.local/lib/python3.7/site-packages/airflow/example_dags/example_skip_dag.py took 0.173 seconds
