[2023-01-14 19:23:50,855] {processor.py:153} INFO - Started process (PID=2524) to work on /home/airflow/.local/lib/python3.7/site-packages/airflow/example_dags/example_trigger_target_dag.py
[2023-01-14 19:23:50,863] {processor.py:641} INFO - Processing file /home/airflow/.local/lib/python3.7/site-packages/airflow/example_dags/example_trigger_target_dag.py for tasks to queue
[2023-01-14 19:23:50,875] {logging_mixin.py:115} INFO - [2023-01-14 19:23:50,875] {dagbag.py:507} INFO - Filling up the DagBag from /home/airflow/.local/lib/python3.7/site-packages/airflow/example_dags/example_trigger_target_dag.py
[2023-01-14 19:23:51,028] {processor.py:651} INFO - DAG(s) dict_keys(['example_trigger_target_dag']) retrieved from /home/airflow/.local/lib/python3.7/site-packages/airflow/example_dags/example_trigger_target_dag.py
[2023-01-14 19:23:51,444] {logging_mixin.py:115} INFO - [2023-01-14 19:23:51,442] {dag.py:2371} INFO - Sync 1 DAGs
[2023-01-14 19:23:51,813] {logging_mixin.py:115} INFO - [2023-01-14 19:23:51,813] {dag.py:2919} INFO - Setting next_dagrun for example_trigger_target_dag to None, run_after=None
[2023-01-14 19:23:55,256] {processor.py:161} INFO - Processing /home/airflow/.local/lib/python3.7/site-packages/airflow/example_dags/example_trigger_target_dag.py took 4.420 seconds
[2023-01-14 19:24:25,958] {processor.py:153} INFO - Started process (PID=2586) to work on /home/airflow/.local/lib/python3.7/site-packages/airflow/example_dags/example_trigger_target_dag.py
[2023-01-14 19:24:25,960] {processor.py:641} INFO - Processing file /home/airflow/.local/lib/python3.7/site-packages/airflow/example_dags/example_trigger_target_dag.py for tasks to queue
[2023-01-14 19:24:25,962] {logging_mixin.py:115} INFO - [2023-01-14 19:24:25,962] {dagbag.py:507} INFO - Filling up the DagBag from /home/airflow/.local/lib/python3.7/site-packages/airflow/example_dags/example_trigger_target_dag.py
[2023-01-14 19:24:25,980] {processor.py:651} INFO - DAG(s) dict_keys(['example_trigger_target_dag']) retrieved from /home/airflow/.local/lib/python3.7/site-packages/airflow/example_dags/example_trigger_target_dag.py
[2023-01-14 19:24:26,009] {logging_mixin.py:115} INFO - [2023-01-14 19:24:26,009] {dag.py:2371} INFO - Sync 1 DAGs
[2023-01-14 19:24:26,036] {logging_mixin.py:115} INFO - [2023-01-14 19:24:26,036] {dag.py:2919} INFO - Setting next_dagrun for example_trigger_target_dag to None, run_after=None
[2023-01-14 19:24:26,194] {processor.py:161} INFO - Processing /home/airflow/.local/lib/python3.7/site-packages/airflow/example_dags/example_trigger_target_dag.py took 0.241 seconds
[2023-01-14 19:24:56,585] {processor.py:153} INFO - Started process (PID=2639) to work on /home/airflow/.local/lib/python3.7/site-packages/airflow/example_dags/example_trigger_target_dag.py
[2023-01-14 19:24:56,588] {processor.py:641} INFO - Processing file /home/airflow/.local/lib/python3.7/site-packages/airflow/example_dags/example_trigger_target_dag.py for tasks to queue
[2023-01-14 19:24:56,589] {logging_mixin.py:115} INFO - [2023-01-14 19:24:56,589] {dagbag.py:507} INFO - Filling up the DagBag from /home/airflow/.local/lib/python3.7/site-packages/airflow/example_dags/example_trigger_target_dag.py
[2023-01-14 19:24:56,611] {processor.py:651} INFO - DAG(s) dict_keys(['example_trigger_target_dag']) retrieved from /home/airflow/.local/lib/python3.7/site-packages/airflow/example_dags/example_trigger_target_dag.py
[2023-01-14 19:24:56,758] {logging_mixin.py:115} INFO - [2023-01-14 19:24:56,758] {dag.py:2371} INFO - Sync 1 DAGs
[2023-01-14 19:24:56,784] {logging_mixin.py:115} INFO - [2023-01-14 19:24:56,784] {dag.py:2919} INFO - Setting next_dagrun for example_trigger_target_dag to None, run_after=None
[2023-01-14 19:24:56,922] {processor.py:161} INFO - Processing /home/airflow/.local/lib/python3.7/site-packages/airflow/example_dags/example_trigger_target_dag.py took 0.341 seconds
[2023-01-14 19:25:27,293] {processor.py:153} INFO - Started process (PID=2701) to work on /home/airflow/.local/lib/python3.7/site-packages/airflow/example_dags/example_trigger_target_dag.py
[2023-01-14 19:25:27,295] {processor.py:641} INFO - Processing file /home/airflow/.local/lib/python3.7/site-packages/airflow/example_dags/example_trigger_target_dag.py for tasks to queue
[2023-01-14 19:25:27,297] {logging_mixin.py:115} INFO - [2023-01-14 19:25:27,296] {dagbag.py:507} INFO - Filling up the DagBag from /home/airflow/.local/lib/python3.7/site-packages/airflow/example_dags/example_trigger_target_dag.py
[2023-01-14 19:25:27,320] {processor.py:651} INFO - DAG(s) dict_keys(['example_trigger_target_dag']) retrieved from /home/airflow/.local/lib/python3.7/site-packages/airflow/example_dags/example_trigger_target_dag.py
[2023-01-14 19:25:27,359] {logging_mixin.py:115} INFO - [2023-01-14 19:25:27,357] {dag.py:2371} INFO - Sync 1 DAGs
[2023-01-14 19:25:27,401] {logging_mixin.py:115} INFO - [2023-01-14 19:25:27,401] {dag.py:2919} INFO - Setting next_dagrun for example_trigger_target_dag to None, run_after=None
[2023-01-14 19:25:27,631] {processor.py:161} INFO - Processing /home/airflow/.local/lib/python3.7/site-packages/airflow/example_dags/example_trigger_target_dag.py took 0.345 seconds
[2023-01-14 19:25:57,930] {processor.py:153} INFO - Started process (PID=2764) to work on /home/airflow/.local/lib/python3.7/site-packages/airflow/example_dags/example_trigger_target_dag.py
[2023-01-14 19:25:57,932] {processor.py:641} INFO - Processing file /home/airflow/.local/lib/python3.7/site-packages/airflow/example_dags/example_trigger_target_dag.py for tasks to queue
[2023-01-14 19:25:57,934] {logging_mixin.py:115} INFO - [2023-01-14 19:25:57,934] {dagbag.py:507} INFO - Filling up the DagBag from /home/airflow/.local/lib/python3.7/site-packages/airflow/example_dags/example_trigger_target_dag.py
[2023-01-14 19:25:57,955] {processor.py:651} INFO - DAG(s) dict_keys(['example_trigger_target_dag']) retrieved from /home/airflow/.local/lib/python3.7/site-packages/airflow/example_dags/example_trigger_target_dag.py
[2023-01-14 19:25:57,994] {logging_mixin.py:115} INFO - [2023-01-14 19:25:57,994] {dag.py:2371} INFO - Sync 1 DAGs
[2023-01-14 19:25:58,033] {logging_mixin.py:115} INFO - [2023-01-14 19:25:58,033] {dag.py:2919} INFO - Setting next_dagrun for example_trigger_target_dag to None, run_after=None
[2023-01-14 19:25:58,237] {processor.py:161} INFO - Processing /home/airflow/.local/lib/python3.7/site-packages/airflow/example_dags/example_trigger_target_dag.py took 0.312 seconds
[2023-01-14 19:26:28,795] {processor.py:153} INFO - Started process (PID=2817) to work on /home/airflow/.local/lib/python3.7/site-packages/airflow/example_dags/example_trigger_target_dag.py
[2023-01-14 19:26:28,798] {processor.py:641} INFO - Processing file /home/airflow/.local/lib/python3.7/site-packages/airflow/example_dags/example_trigger_target_dag.py for tasks to queue
[2023-01-14 19:26:28,800] {logging_mixin.py:115} INFO - [2023-01-14 19:26:28,800] {dagbag.py:507} INFO - Filling up the DagBag from /home/airflow/.local/lib/python3.7/site-packages/airflow/example_dags/example_trigger_target_dag.py
[2023-01-14 19:26:28,818] {processor.py:651} INFO - DAG(s) dict_keys(['example_trigger_target_dag']) retrieved from /home/airflow/.local/lib/python3.7/site-packages/airflow/example_dags/example_trigger_target_dag.py
[2023-01-14 19:26:28,855] {logging_mixin.py:115} INFO - [2023-01-14 19:26:28,855] {dag.py:2371} INFO - Sync 1 DAGs
[2023-01-14 19:26:28,884] {logging_mixin.py:115} INFO - [2023-01-14 19:26:28,884] {dag.py:2919} INFO - Setting next_dagrun for example_trigger_target_dag to None, run_after=None
[2023-01-14 19:26:29,034] {processor.py:161} INFO - Processing /home/airflow/.local/lib/python3.7/site-packages/airflow/example_dags/example_trigger_target_dag.py took 0.242 seconds
[2023-01-14 19:26:59,636] {processor.py:153} INFO - Started process (PID=2879) to work on /home/airflow/.local/lib/python3.7/site-packages/airflow/example_dags/example_trigger_target_dag.py
[2023-01-14 19:26:59,638] {processor.py:641} INFO - Processing file /home/airflow/.local/lib/python3.7/site-packages/airflow/example_dags/example_trigger_target_dag.py for tasks to queue
[2023-01-14 19:26:59,640] {logging_mixin.py:115} INFO - [2023-01-14 19:26:59,640] {dagbag.py:507} INFO - Filling up the DagBag from /home/airflow/.local/lib/python3.7/site-packages/airflow/example_dags/example_trigger_target_dag.py
[2023-01-14 19:26:59,658] {processor.py:651} INFO - DAG(s) dict_keys(['example_trigger_target_dag']) retrieved from /home/airflow/.local/lib/python3.7/site-packages/airflow/example_dags/example_trigger_target_dag.py
[2023-01-14 19:26:59,712] {logging_mixin.py:115} INFO - [2023-01-14 19:26:59,712] {dag.py:2371} INFO - Sync 1 DAGs
[2023-01-14 19:26:59,743] {logging_mixin.py:115} INFO - [2023-01-14 19:26:59,743] {dag.py:2919} INFO - Setting next_dagrun for example_trigger_target_dag to None, run_after=None
[2023-01-14 19:26:59,898] {processor.py:161} INFO - Processing /home/airflow/.local/lib/python3.7/site-packages/airflow/example_dags/example_trigger_target_dag.py took 0.268 seconds
[2023-01-14 19:27:30,186] {processor.py:153} INFO - Started process (PID=2933) to work on /home/airflow/.local/lib/python3.7/site-packages/airflow/example_dags/example_trigger_target_dag.py
[2023-01-14 19:27:30,188] {processor.py:641} INFO - Processing file /home/airflow/.local/lib/python3.7/site-packages/airflow/example_dags/example_trigger_target_dag.py for tasks to queue
[2023-01-14 19:27:30,190] {logging_mixin.py:115} INFO - [2023-01-14 19:27:30,189] {dagbag.py:507} INFO - Filling up the DagBag from /home/airflow/.local/lib/python3.7/site-packages/airflow/example_dags/example_trigger_target_dag.py
[2023-01-14 19:27:30,210] {processor.py:651} INFO - DAG(s) dict_keys(['example_trigger_target_dag']) retrieved from /home/airflow/.local/lib/python3.7/site-packages/airflow/example_dags/example_trigger_target_dag.py
[2023-01-14 19:27:30,245] {logging_mixin.py:115} INFO - [2023-01-14 19:27:30,245] {dag.py:2371} INFO - Sync 1 DAGs
[2023-01-14 19:27:30,273] {logging_mixin.py:115} INFO - [2023-01-14 19:27:30,273] {dag.py:2919} INFO - Setting next_dagrun for example_trigger_target_dag to None, run_after=None
[2023-01-14 19:27:30,442] {processor.py:161} INFO - Processing /home/airflow/.local/lib/python3.7/site-packages/airflow/example_dags/example_trigger_target_dag.py took 0.261 seconds
[2023-01-14 19:28:00,555] {processor.py:153} INFO - Started process (PID=2995) to work on /home/airflow/.local/lib/python3.7/site-packages/airflow/example_dags/example_trigger_target_dag.py
[2023-01-14 19:28:00,557] {processor.py:641} INFO - Processing file /home/airflow/.local/lib/python3.7/site-packages/airflow/example_dags/example_trigger_target_dag.py for tasks to queue
[2023-01-14 19:28:00,559] {logging_mixin.py:115} INFO - [2023-01-14 19:28:00,559] {dagbag.py:507} INFO - Filling up the DagBag from /home/airflow/.local/lib/python3.7/site-packages/airflow/example_dags/example_trigger_target_dag.py
[2023-01-14 19:28:00,580] {processor.py:651} INFO - DAG(s) dict_keys(['example_trigger_target_dag']) retrieved from /home/airflow/.local/lib/python3.7/site-packages/airflow/example_dags/example_trigger_target_dag.py
[2023-01-14 19:28:00,612] {logging_mixin.py:115} INFO - [2023-01-14 19:28:00,612] {dag.py:2371} INFO - Sync 1 DAGs
[2023-01-14 19:28:00,639] {logging_mixin.py:115} INFO - [2023-01-14 19:28:00,639] {dag.py:2919} INFO - Setting next_dagrun for example_trigger_target_dag to None, run_after=None
[2023-01-14 19:28:00,792] {processor.py:161} INFO - Processing /home/airflow/.local/lib/python3.7/site-packages/airflow/example_dags/example_trigger_target_dag.py took 0.242 seconds
[2023-01-14 19:28:31,064] {processor.py:153} INFO - Started process (PID=3058) to work on /home/airflow/.local/lib/python3.7/site-packages/airflow/example_dags/example_trigger_target_dag.py
[2023-01-14 19:28:31,066] {processor.py:641} INFO - Processing file /home/airflow/.local/lib/python3.7/site-packages/airflow/example_dags/example_trigger_target_dag.py for tasks to queue
[2023-01-14 19:28:31,067] {logging_mixin.py:115} INFO - [2023-01-14 19:28:31,067] {dagbag.py:507} INFO - Filling up the DagBag from /home/airflow/.local/lib/python3.7/site-packages/airflow/example_dags/example_trigger_target_dag.py
[2023-01-14 19:28:31,091] {processor.py:651} INFO - DAG(s) dict_keys(['example_trigger_target_dag']) retrieved from /home/airflow/.local/lib/python3.7/site-packages/airflow/example_dags/example_trigger_target_dag.py
[2023-01-14 19:28:31,127] {logging_mixin.py:115} INFO - [2023-01-14 19:28:31,127] {dag.py:2371} INFO - Sync 1 DAGs
[2023-01-14 19:28:31,170] {logging_mixin.py:115} INFO - [2023-01-14 19:28:31,170] {dag.py:2919} INFO - Setting next_dagrun for example_trigger_target_dag to None, run_after=None
[2023-01-14 19:28:31,349] {processor.py:161} INFO - Processing /home/airflow/.local/lib/python3.7/site-packages/airflow/example_dags/example_trigger_target_dag.py took 0.289 seconds
[2023-01-14 19:29:02,132] {processor.py:153} INFO - Started process (PID=3112) to work on /home/airflow/.local/lib/python3.7/site-packages/airflow/example_dags/example_trigger_target_dag.py
[2023-01-14 19:29:02,134] {processor.py:641} INFO - Processing file /home/airflow/.local/lib/python3.7/site-packages/airflow/example_dags/example_trigger_target_dag.py for tasks to queue
[2023-01-14 19:29:02,136] {logging_mixin.py:115} INFO - [2023-01-14 19:29:02,136] {dagbag.py:507} INFO - Filling up the DagBag from /home/airflow/.local/lib/python3.7/site-packages/airflow/example_dags/example_trigger_target_dag.py
[2023-01-14 19:29:02,160] {processor.py:651} INFO - DAG(s) dict_keys(['example_trigger_target_dag']) retrieved from /home/airflow/.local/lib/python3.7/site-packages/airflow/example_dags/example_trigger_target_dag.py
[2023-01-14 19:29:02,205] {logging_mixin.py:115} INFO - [2023-01-14 19:29:02,204] {dag.py:2371} INFO - Sync 1 DAGs
[2023-01-14 19:29:02,487] {logging_mixin.py:115} INFO - [2023-01-14 19:29:02,487] {dag.py:2919} INFO - Setting next_dagrun for example_trigger_target_dag to None, run_after=None
[2023-01-14 19:29:02,513] {processor.py:161} INFO - Processing /home/airflow/.local/lib/python3.7/site-packages/airflow/example_dags/example_trigger_target_dag.py took 0.385 seconds
[2023-01-14 19:29:33,152] {processor.py:153} INFO - Started process (PID=3166) to work on /home/airflow/.local/lib/python3.7/site-packages/airflow/example_dags/example_trigger_target_dag.py
[2023-01-14 19:29:33,155] {processor.py:641} INFO - Processing file /home/airflow/.local/lib/python3.7/site-packages/airflow/example_dags/example_trigger_target_dag.py for tasks to queue
[2023-01-14 19:29:33,156] {logging_mixin.py:115} INFO - [2023-01-14 19:29:33,156] {dagbag.py:507} INFO - Filling up the DagBag from /home/airflow/.local/lib/python3.7/site-packages/airflow/example_dags/example_trigger_target_dag.py
[2023-01-14 19:29:33,180] {processor.py:651} INFO - DAG(s) dict_keys(['example_trigger_target_dag']) retrieved from /home/airflow/.local/lib/python3.7/site-packages/airflow/example_dags/example_trigger_target_dag.py
[2023-01-14 19:29:33,216] {logging_mixin.py:115} INFO - [2023-01-14 19:29:33,216] {dag.py:2371} INFO - Sync 1 DAGs
[2023-01-14 19:29:33,429] {logging_mixin.py:115} INFO - [2023-01-14 19:29:33,428] {dag.py:2919} INFO - Setting next_dagrun for example_trigger_target_dag to None, run_after=None
[2023-01-14 19:29:33,447] {processor.py:161} INFO - Processing /home/airflow/.local/lib/python3.7/site-packages/airflow/example_dags/example_trigger_target_dag.py took 0.301 seconds
[2023-01-14 19:30:03,835] {processor.py:153} INFO - Started process (PID=3229) to work on /home/airflow/.local/lib/python3.7/site-packages/airflow/example_dags/example_trigger_target_dag.py
[2023-01-14 19:30:03,836] {processor.py:641} INFO - Processing file /home/airflow/.local/lib/python3.7/site-packages/airflow/example_dags/example_trigger_target_dag.py for tasks to queue
[2023-01-14 19:30:03,838] {logging_mixin.py:115} INFO - [2023-01-14 19:30:03,838] {dagbag.py:507} INFO - Filling up the DagBag from /home/airflow/.local/lib/python3.7/site-packages/airflow/example_dags/example_trigger_target_dag.py
[2023-01-14 19:30:03,860] {processor.py:651} INFO - DAG(s) dict_keys(['example_trigger_target_dag']) retrieved from /home/airflow/.local/lib/python3.7/site-packages/airflow/example_dags/example_trigger_target_dag.py
[2023-01-14 19:30:03,895] {logging_mixin.py:115} INFO - [2023-01-14 19:30:03,895] {dag.py:2371} INFO - Sync 1 DAGs
[2023-01-14 19:30:04,089] {logging_mixin.py:115} INFO - [2023-01-14 19:30:04,088] {dag.py:2919} INFO - Setting next_dagrun for example_trigger_target_dag to None, run_after=None
[2023-01-14 19:30:04,105] {processor.py:161} INFO - Processing /home/airflow/.local/lib/python3.7/site-packages/airflow/example_dags/example_trigger_target_dag.py took 0.275 seconds
[2023-01-14 19:30:34,471] {processor.py:153} INFO - Started process (PID=3283) to work on /home/airflow/.local/lib/python3.7/site-packages/airflow/example_dags/example_trigger_target_dag.py
[2023-01-14 19:30:34,473] {processor.py:641} INFO - Processing file /home/airflow/.local/lib/python3.7/site-packages/airflow/example_dags/example_trigger_target_dag.py for tasks to queue
[2023-01-14 19:30:34,475] {logging_mixin.py:115} INFO - [2023-01-14 19:30:34,475] {dagbag.py:507} INFO - Filling up the DagBag from /home/airflow/.local/lib/python3.7/site-packages/airflow/example_dags/example_trigger_target_dag.py
[2023-01-14 19:30:34,534] {processor.py:651} INFO - DAG(s) dict_keys(['example_trigger_target_dag']) retrieved from /home/airflow/.local/lib/python3.7/site-packages/airflow/example_dags/example_trigger_target_dag.py
[2023-01-14 19:30:34,587] {logging_mixin.py:115} INFO - [2023-01-14 19:30:34,587] {dag.py:2371} INFO - Sync 1 DAGs
[2023-01-14 19:30:34,917] {logging_mixin.py:115} INFO - [2023-01-14 19:30:34,917] {dag.py:2919} INFO - Setting next_dagrun for example_trigger_target_dag to None, run_after=None
[2023-01-14 19:30:34,955] {processor.py:161} INFO - Processing /home/airflow/.local/lib/python3.7/site-packages/airflow/example_dags/example_trigger_target_dag.py took 0.493 seconds
[2023-01-14 19:31:05,461] {processor.py:153} INFO - Started process (PID=3337) to work on /home/airflow/.local/lib/python3.7/site-packages/airflow/example_dags/example_trigger_target_dag.py
[2023-01-14 19:31:05,463] {processor.py:641} INFO - Processing file /home/airflow/.local/lib/python3.7/site-packages/airflow/example_dags/example_trigger_target_dag.py for tasks to queue
[2023-01-14 19:31:05,469] {logging_mixin.py:115} INFO - [2023-01-14 19:31:05,468] {dagbag.py:507} INFO - Filling up the DagBag from /home/airflow/.local/lib/python3.7/site-packages/airflow/example_dags/example_trigger_target_dag.py
[2023-01-14 19:31:05,507] {processor.py:651} INFO - DAG(s) dict_keys(['example_trigger_target_dag']) retrieved from /home/airflow/.local/lib/python3.7/site-packages/airflow/example_dags/example_trigger_target_dag.py
[2023-01-14 19:31:05,577] {logging_mixin.py:115} INFO - [2023-01-14 19:31:05,577] {dag.py:2371} INFO - Sync 1 DAGs
[2023-01-14 19:31:06,008] {logging_mixin.py:115} INFO - [2023-01-14 19:31:06,007] {dag.py:2919} INFO - Setting next_dagrun for example_trigger_target_dag to None, run_after=None
[2023-01-14 19:31:06,048] {processor.py:161} INFO - Processing /home/airflow/.local/lib/python3.7/site-packages/airflow/example_dags/example_trigger_target_dag.py took 0.593 seconds
[2023-01-14 19:31:36,371] {processor.py:153} INFO - Started process (PID=3390) to work on /home/airflow/.local/lib/python3.7/site-packages/airflow/example_dags/example_trigger_target_dag.py
[2023-01-14 19:31:36,372] {processor.py:641} INFO - Processing file /home/airflow/.local/lib/python3.7/site-packages/airflow/example_dags/example_trigger_target_dag.py for tasks to queue
[2023-01-14 19:31:36,374] {logging_mixin.py:115} INFO - [2023-01-14 19:31:36,374] {dagbag.py:507} INFO - Filling up the DagBag from /home/airflow/.local/lib/python3.7/site-packages/airflow/example_dags/example_trigger_target_dag.py
[2023-01-14 19:31:36,394] {processor.py:651} INFO - DAG(s) dict_keys(['example_trigger_target_dag']) retrieved from /home/airflow/.local/lib/python3.7/site-packages/airflow/example_dags/example_trigger_target_dag.py
[2023-01-14 19:31:36,436] {logging_mixin.py:115} INFO - [2023-01-14 19:31:36,436] {dag.py:2371} INFO - Sync 1 DAGs
[2023-01-14 19:31:36,651] {logging_mixin.py:115} INFO - [2023-01-14 19:31:36,650] {dag.py:2919} INFO - Setting next_dagrun for example_trigger_target_dag to None, run_after=None
[2023-01-14 19:31:36,670] {processor.py:161} INFO - Processing /home/airflow/.local/lib/python3.7/site-packages/airflow/example_dags/example_trigger_target_dag.py took 0.305 seconds
[2023-01-14 19:32:07,026] {processor.py:153} INFO - Started process (PID=3452) to work on /home/airflow/.local/lib/python3.7/site-packages/airflow/example_dags/example_trigger_target_dag.py
[2023-01-14 19:32:07,029] {processor.py:641} INFO - Processing file /home/airflow/.local/lib/python3.7/site-packages/airflow/example_dags/example_trigger_target_dag.py for tasks to queue
[2023-01-14 19:32:07,044] {logging_mixin.py:115} INFO - [2023-01-14 19:32:07,043] {dagbag.py:507} INFO - Filling up the DagBag from /home/airflow/.local/lib/python3.7/site-packages/airflow/example_dags/example_trigger_target_dag.py
[2023-01-14 19:32:07,101] {processor.py:651} INFO - DAG(s) dict_keys(['example_trigger_target_dag']) retrieved from /home/airflow/.local/lib/python3.7/site-packages/airflow/example_dags/example_trigger_target_dag.py
[2023-01-14 19:32:07,156] {logging_mixin.py:115} INFO - [2023-01-14 19:32:07,155] {dag.py:2371} INFO - Sync 1 DAGs
[2023-01-14 19:32:07,455] {logging_mixin.py:115} INFO - [2023-01-14 19:32:07,455] {dag.py:2919} INFO - Setting next_dagrun for example_trigger_target_dag to None, run_after=None
[2023-01-14 19:32:07,477] {processor.py:161} INFO - Processing /home/airflow/.local/lib/python3.7/site-packages/airflow/example_dags/example_trigger_target_dag.py took 0.455 seconds
[2023-01-14 19:32:38,339] {processor.py:153} INFO - Started process (PID=3506) to work on /home/airflow/.local/lib/python3.7/site-packages/airflow/example_dags/example_trigger_target_dag.py
[2023-01-14 19:32:38,342] {processor.py:641} INFO - Processing file /home/airflow/.local/lib/python3.7/site-packages/airflow/example_dags/example_trigger_target_dag.py for tasks to queue
[2023-01-14 19:32:38,352] {logging_mixin.py:115} INFO - [2023-01-14 19:32:38,349] {dagbag.py:507} INFO - Filling up the DagBag from /home/airflow/.local/lib/python3.7/site-packages/airflow/example_dags/example_trigger_target_dag.py
[2023-01-14 19:32:38,406] {processor.py:651} INFO - DAG(s) dict_keys(['example_trigger_target_dag']) retrieved from /home/airflow/.local/lib/python3.7/site-packages/airflow/example_dags/example_trigger_target_dag.py
[2023-01-14 19:32:38,512] {logging_mixin.py:115} INFO - [2023-01-14 19:32:38,511] {dag.py:2371} INFO - Sync 1 DAGs
[2023-01-14 19:32:38,944] {logging_mixin.py:115} INFO - [2023-01-14 19:32:38,944] {dag.py:2919} INFO - Setting next_dagrun for example_trigger_target_dag to None, run_after=None
[2023-01-14 19:32:38,978] {processor.py:161} INFO - Processing /home/airflow/.local/lib/python3.7/site-packages/airflow/example_dags/example_trigger_target_dag.py took 0.646 seconds
