[2023-01-14 19:23:44,436] {processor.py:153} INFO - Started process (PID=2504) to work on /home/airflow/.local/lib/python3.7/site-packages/airflow/example_dags/example_complex.py
[2023-01-14 19:23:44,437] {processor.py:641} INFO - Processing file /home/airflow/.local/lib/python3.7/site-packages/airflow/example_dags/example_complex.py for tasks to queue
[2023-01-14 19:23:44,439] {logging_mixin.py:115} INFO - [2023-01-14 19:23:44,439] {dagbag.py:507} INFO - Filling up the DagBag from /home/airflow/.local/lib/python3.7/site-packages/airflow/example_dags/example_complex.py
[2023-01-14 19:23:44,466] {processor.py:651} INFO - DAG(s) dict_keys(['example_complex']) retrieved from /home/airflow/.local/lib/python3.7/site-packages/airflow/example_dags/example_complex.py
[2023-01-14 19:23:44,529] {logging_mixin.py:115} INFO - [2023-01-14 19:23:44,529] {dag.py:2371} INFO - Sync 1 DAGs
[2023-01-14 19:23:44,569] {logging_mixin.py:115} INFO - [2023-01-14 19:23:44,569] {dag.py:2919} INFO - Setting next_dagrun for example_complex to None, run_after=None
[2023-01-14 19:23:44,592] {processor.py:161} INFO - Processing /home/airflow/.local/lib/python3.7/site-packages/airflow/example_dags/example_complex.py took 0.162 seconds
[2023-01-14 19:24:15,380] {processor.py:153} INFO - Started process (PID=2557) to work on /home/airflow/.local/lib/python3.7/site-packages/airflow/example_dags/example_complex.py
[2023-01-14 19:24:15,381] {processor.py:641} INFO - Processing file /home/airflow/.local/lib/python3.7/site-packages/airflow/example_dags/example_complex.py for tasks to queue
[2023-01-14 19:24:15,382] {logging_mixin.py:115} INFO - [2023-01-14 19:24:15,382] {dagbag.py:507} INFO - Filling up the DagBag from /home/airflow/.local/lib/python3.7/site-packages/airflow/example_dags/example_complex.py
[2023-01-14 19:24:15,398] {processor.py:651} INFO - DAG(s) dict_keys(['example_complex']) retrieved from /home/airflow/.local/lib/python3.7/site-packages/airflow/example_dags/example_complex.py
[2023-01-14 19:24:15,436] {logging_mixin.py:115} INFO - [2023-01-14 19:24:15,435] {dag.py:2371} INFO - Sync 1 DAGs
[2023-01-14 19:24:15,463] {logging_mixin.py:115} INFO - [2023-01-14 19:24:15,463] {dag.py:2919} INFO - Setting next_dagrun for example_complex to None, run_after=None
[2023-01-14 19:24:15,478] {processor.py:161} INFO - Processing /home/airflow/.local/lib/python3.7/site-packages/airflow/example_dags/example_complex.py took 0.102 seconds
[2023-01-14 19:24:47,381] {processor.py:153} INFO - Started process (PID=2619) to work on /home/airflow/.local/lib/python3.7/site-packages/airflow/example_dags/example_complex.py
[2023-01-14 19:24:47,383] {processor.py:641} INFO - Processing file /home/airflow/.local/lib/python3.7/site-packages/airflow/example_dags/example_complex.py for tasks to queue
[2023-01-14 19:24:47,385] {logging_mixin.py:115} INFO - [2023-01-14 19:24:47,384] {dagbag.py:507} INFO - Filling up the DagBag from /home/airflow/.local/lib/python3.7/site-packages/airflow/example_dags/example_complex.py
[2023-01-14 19:24:47,447] {processor.py:651} INFO - DAG(s) dict_keys(['example_complex']) retrieved from /home/airflow/.local/lib/python3.7/site-packages/airflow/example_dags/example_complex.py
[2023-01-14 19:24:47,523] {logging_mixin.py:115} INFO - [2023-01-14 19:24:47,523] {dag.py:2371} INFO - Sync 1 DAGs
[2023-01-14 19:24:47,553] {logging_mixin.py:115} INFO - [2023-01-14 19:24:47,553] {dag.py:2919} INFO - Setting next_dagrun for example_complex to None, run_after=None
[2023-01-14 19:24:47,578] {processor.py:161} INFO - Processing /home/airflow/.local/lib/python3.7/site-packages/airflow/example_dags/example_complex.py took 0.202 seconds
[2023-01-14 19:25:18,031] {processor.py:153} INFO - Started process (PID=2672) to work on /home/airflow/.local/lib/python3.7/site-packages/airflow/example_dags/example_complex.py
[2023-01-14 19:25:18,032] {processor.py:641} INFO - Processing file /home/airflow/.local/lib/python3.7/site-packages/airflow/example_dags/example_complex.py for tasks to queue
[2023-01-14 19:25:18,034] {logging_mixin.py:115} INFO - [2023-01-14 19:25:18,034] {dagbag.py:507} INFO - Filling up the DagBag from /home/airflow/.local/lib/python3.7/site-packages/airflow/example_dags/example_complex.py
[2023-01-14 19:25:18,052] {processor.py:651} INFO - DAG(s) dict_keys(['example_complex']) retrieved from /home/airflow/.local/lib/python3.7/site-packages/airflow/example_dags/example_complex.py
[2023-01-14 19:25:18,098] {logging_mixin.py:115} INFO - [2023-01-14 19:25:18,098] {dag.py:2371} INFO - Sync 1 DAGs
[2023-01-14 19:25:18,134] {logging_mixin.py:115} INFO - [2023-01-14 19:25:18,134] {dag.py:2919} INFO - Setting next_dagrun for example_complex to None, run_after=None
[2023-01-14 19:25:18,155] {processor.py:161} INFO - Processing /home/airflow/.local/lib/python3.7/site-packages/airflow/example_dags/example_complex.py took 0.129 seconds
[2023-01-14 19:25:49,180] {processor.py:153} INFO - Started process (PID=2735) to work on /home/airflow/.local/lib/python3.7/site-packages/airflow/example_dags/example_complex.py
[2023-01-14 19:25:49,183] {processor.py:641} INFO - Processing file /home/airflow/.local/lib/python3.7/site-packages/airflow/example_dags/example_complex.py for tasks to queue
[2023-01-14 19:25:49,185] {logging_mixin.py:115} INFO - [2023-01-14 19:25:49,184] {dagbag.py:507} INFO - Filling up the DagBag from /home/airflow/.local/lib/python3.7/site-packages/airflow/example_dags/example_complex.py
[2023-01-14 19:25:49,215] {processor.py:651} INFO - DAG(s) dict_keys(['example_complex']) retrieved from /home/airflow/.local/lib/python3.7/site-packages/airflow/example_dags/example_complex.py
[2023-01-14 19:25:49,276] {logging_mixin.py:115} INFO - [2023-01-14 19:25:49,276] {dag.py:2371} INFO - Sync 1 DAGs
[2023-01-14 19:25:49,316] {logging_mixin.py:115} INFO - [2023-01-14 19:25:49,316] {dag.py:2919} INFO - Setting next_dagrun for example_complex to None, run_after=None
[2023-01-14 19:25:49,341] {processor.py:161} INFO - Processing /home/airflow/.local/lib/python3.7/site-packages/airflow/example_dags/example_complex.py took 0.166 seconds
[2023-01-14 19:26:19,451] {processor.py:153} INFO - Started process (PID=2788) to work on /home/airflow/.local/lib/python3.7/site-packages/airflow/example_dags/example_complex.py
[2023-01-14 19:26:19,453] {processor.py:641} INFO - Processing file /home/airflow/.local/lib/python3.7/site-packages/airflow/example_dags/example_complex.py for tasks to queue
[2023-01-14 19:26:19,455] {logging_mixin.py:115} INFO - [2023-01-14 19:26:19,455] {dagbag.py:507} INFO - Filling up the DagBag from /home/airflow/.local/lib/python3.7/site-packages/airflow/example_dags/example_complex.py
[2023-01-14 19:26:19,474] {processor.py:651} INFO - DAG(s) dict_keys(['example_complex']) retrieved from /home/airflow/.local/lib/python3.7/site-packages/airflow/example_dags/example_complex.py
[2023-01-14 19:26:19,549] {logging_mixin.py:115} INFO - [2023-01-14 19:26:19,549] {dag.py:2371} INFO - Sync 1 DAGs
[2023-01-14 19:26:19,577] {logging_mixin.py:115} INFO - [2023-01-14 19:26:19,577] {dag.py:2919} INFO - Setting next_dagrun for example_complex to None, run_after=None
[2023-01-14 19:26:19,596] {processor.py:161} INFO - Processing /home/airflow/.local/lib/python3.7/site-packages/airflow/example_dags/example_complex.py took 0.149 seconds
[2023-01-14 19:26:50,273] {processor.py:153} INFO - Started process (PID=2850) to work on /home/airflow/.local/lib/python3.7/site-packages/airflow/example_dags/example_complex.py
[2023-01-14 19:26:50,275] {processor.py:641} INFO - Processing file /home/airflow/.local/lib/python3.7/site-packages/airflow/example_dags/example_complex.py for tasks to queue
[2023-01-14 19:26:50,278] {logging_mixin.py:115} INFO - [2023-01-14 19:26:50,278] {dagbag.py:507} INFO - Filling up the DagBag from /home/airflow/.local/lib/python3.7/site-packages/airflow/example_dags/example_complex.py
[2023-01-14 19:26:50,301] {processor.py:651} INFO - DAG(s) dict_keys(['example_complex']) retrieved from /home/airflow/.local/lib/python3.7/site-packages/airflow/example_dags/example_complex.py
[2023-01-14 19:26:50,367] {logging_mixin.py:115} INFO - [2023-01-14 19:26:50,367] {dag.py:2371} INFO - Sync 1 DAGs
[2023-01-14 19:26:50,405] {logging_mixin.py:115} INFO - [2023-01-14 19:26:50,405] {dag.py:2919} INFO - Setting next_dagrun for example_complex to None, run_after=None
[2023-01-14 19:26:50,424] {processor.py:161} INFO - Processing /home/airflow/.local/lib/python3.7/site-packages/airflow/example_dags/example_complex.py took 0.158 seconds
[2023-01-14 19:27:20,723] {processor.py:153} INFO - Started process (PID=2913) to work on /home/airflow/.local/lib/python3.7/site-packages/airflow/example_dags/example_complex.py
[2023-01-14 19:27:20,725] {processor.py:641} INFO - Processing file /home/airflow/.local/lib/python3.7/site-packages/airflow/example_dags/example_complex.py for tasks to queue
[2023-01-14 19:27:20,726] {logging_mixin.py:115} INFO - [2023-01-14 19:27:20,726] {dagbag.py:507} INFO - Filling up the DagBag from /home/airflow/.local/lib/python3.7/site-packages/airflow/example_dags/example_complex.py
[2023-01-14 19:27:20,744] {processor.py:651} INFO - DAG(s) dict_keys(['example_complex']) retrieved from /home/airflow/.local/lib/python3.7/site-packages/airflow/example_dags/example_complex.py
[2023-01-14 19:27:20,788] {logging_mixin.py:115} INFO - [2023-01-14 19:27:20,788] {dag.py:2371} INFO - Sync 1 DAGs
[2023-01-14 19:27:20,822] {logging_mixin.py:115} INFO - [2023-01-14 19:27:20,822] {dag.py:2919} INFO - Setting next_dagrun for example_complex to None, run_after=None
[2023-01-14 19:27:20,847] {processor.py:161} INFO - Processing /home/airflow/.local/lib/python3.7/site-packages/airflow/example_dags/example_complex.py took 0.128 seconds
[2023-01-14 19:27:51,146] {processor.py:153} INFO - Started process (PID=2966) to work on /home/airflow/.local/lib/python3.7/site-packages/airflow/example_dags/example_complex.py
[2023-01-14 19:27:51,147] {processor.py:641} INFO - Processing file /home/airflow/.local/lib/python3.7/site-packages/airflow/example_dags/example_complex.py for tasks to queue
[2023-01-14 19:27:51,149] {logging_mixin.py:115} INFO - [2023-01-14 19:27:51,149] {dagbag.py:507} INFO - Filling up the DagBag from /home/airflow/.local/lib/python3.7/site-packages/airflow/example_dags/example_complex.py
[2023-01-14 19:27:51,169] {processor.py:651} INFO - DAG(s) dict_keys(['example_complex']) retrieved from /home/airflow/.local/lib/python3.7/site-packages/airflow/example_dags/example_complex.py
[2023-01-14 19:27:51,207] {logging_mixin.py:115} INFO - [2023-01-14 19:27:51,207] {dag.py:2371} INFO - Sync 1 DAGs
[2023-01-14 19:27:51,241] {logging_mixin.py:115} INFO - [2023-01-14 19:27:51,241] {dag.py:2919} INFO - Setting next_dagrun for example_complex to None, run_after=None
[2023-01-14 19:27:51,263] {processor.py:161} INFO - Processing /home/airflow/.local/lib/python3.7/site-packages/airflow/example_dags/example_complex.py took 0.121 seconds
[2023-01-14 19:28:21,599] {processor.py:153} INFO - Started process (PID=3028) to work on /home/airflow/.local/lib/python3.7/site-packages/airflow/example_dags/example_complex.py
[2023-01-14 19:28:21,600] {processor.py:641} INFO - Processing file /home/airflow/.local/lib/python3.7/site-packages/airflow/example_dags/example_complex.py for tasks to queue
[2023-01-14 19:28:21,602] {logging_mixin.py:115} INFO - [2023-01-14 19:28:21,602] {dagbag.py:507} INFO - Filling up the DagBag from /home/airflow/.local/lib/python3.7/site-packages/airflow/example_dags/example_complex.py
[2023-01-14 19:28:21,621] {processor.py:651} INFO - DAG(s) dict_keys(['example_complex']) retrieved from /home/airflow/.local/lib/python3.7/site-packages/airflow/example_dags/example_complex.py
[2023-01-14 19:28:21,662] {logging_mixin.py:115} INFO - [2023-01-14 19:28:21,662] {dag.py:2371} INFO - Sync 1 DAGs
[2023-01-14 19:28:21,695] {logging_mixin.py:115} INFO - [2023-01-14 19:28:21,695] {dag.py:2919} INFO - Setting next_dagrun for example_complex to None, run_after=None
[2023-01-14 19:28:21,713] {processor.py:161} INFO - Processing /home/airflow/.local/lib/python3.7/site-packages/airflow/example_dags/example_complex.py took 0.119 seconds
[2023-01-14 19:28:52,167] {processor.py:153} INFO - Started process (PID=3082) to work on /home/airflow/.local/lib/python3.7/site-packages/airflow/example_dags/example_complex.py
[2023-01-14 19:28:52,169] {processor.py:641} INFO - Processing file /home/airflow/.local/lib/python3.7/site-packages/airflow/example_dags/example_complex.py for tasks to queue
[2023-01-14 19:28:52,172] {logging_mixin.py:115} INFO - [2023-01-14 19:28:52,172] {dagbag.py:507} INFO - Filling up the DagBag from /home/airflow/.local/lib/python3.7/site-packages/airflow/example_dags/example_complex.py
[2023-01-14 19:28:52,194] {processor.py:651} INFO - DAG(s) dict_keys(['example_complex']) retrieved from /home/airflow/.local/lib/python3.7/site-packages/airflow/example_dags/example_complex.py
[2023-01-14 19:28:52,271] {logging_mixin.py:115} INFO - [2023-01-14 19:28:52,270] {dag.py:2371} INFO - Sync 1 DAGs
[2023-01-14 19:28:52,314] {logging_mixin.py:115} INFO - [2023-01-14 19:28:52,314] {dag.py:2919} INFO - Setting next_dagrun for example_complex to None, run_after=None
[2023-01-14 19:28:52,603] {processor.py:161} INFO - Processing /home/airflow/.local/lib/python3.7/site-packages/airflow/example_dags/example_complex.py took 0.441 seconds
[2023-01-14 19:29:23,223] {processor.py:153} INFO - Started process (PID=3145) to work on /home/airflow/.local/lib/python3.7/site-packages/airflow/example_dags/example_complex.py
[2023-01-14 19:29:23,225] {processor.py:641} INFO - Processing file /home/airflow/.local/lib/python3.7/site-packages/airflow/example_dags/example_complex.py for tasks to queue
[2023-01-14 19:29:23,227] {logging_mixin.py:115} INFO - [2023-01-14 19:29:23,227] {dagbag.py:507} INFO - Filling up the DagBag from /home/airflow/.local/lib/python3.7/site-packages/airflow/example_dags/example_complex.py
[2023-01-14 19:29:23,254] {processor.py:651} INFO - DAG(s) dict_keys(['example_complex']) retrieved from /home/airflow/.local/lib/python3.7/site-packages/airflow/example_dags/example_complex.py
[2023-01-14 19:29:23,324] {logging_mixin.py:115} INFO - [2023-01-14 19:29:23,323] {dag.py:2371} INFO - Sync 1 DAGs
[2023-01-14 19:29:23,404] {logging_mixin.py:115} INFO - [2023-01-14 19:29:23,403] {dag.py:2919} INFO - Setting next_dagrun for example_complex to None, run_after=None
[2023-01-14 19:29:23,765] {processor.py:161} INFO - Processing /home/airflow/.local/lib/python3.7/site-packages/airflow/example_dags/example_complex.py took 0.557 seconds
[2023-01-14 19:29:53,947] {processor.py:153} INFO - Started process (PID=3201) to work on /home/airflow/.local/lib/python3.7/site-packages/airflow/example_dags/example_complex.py
[2023-01-14 19:29:53,949] {processor.py:641} INFO - Processing file /home/airflow/.local/lib/python3.7/site-packages/airflow/example_dags/example_complex.py for tasks to queue
[2023-01-14 19:29:53,950] {logging_mixin.py:115} INFO - [2023-01-14 19:29:53,950] {dagbag.py:507} INFO - Filling up the DagBag from /home/airflow/.local/lib/python3.7/site-packages/airflow/example_dags/example_complex.py
[2023-01-14 19:29:53,970] {processor.py:651} INFO - DAG(s) dict_keys(['example_complex']) retrieved from /home/airflow/.local/lib/python3.7/site-packages/airflow/example_dags/example_complex.py
[2023-01-14 19:29:54,016] {logging_mixin.py:115} INFO - [2023-01-14 19:29:54,016] {dag.py:2371} INFO - Sync 1 DAGs
[2023-01-14 19:29:54,053] {logging_mixin.py:115} INFO - [2023-01-14 19:29:54,053] {dag.py:2919} INFO - Setting next_dagrun for example_complex to None, run_after=None
[2023-01-14 19:29:54,267] {processor.py:161} INFO - Processing /home/airflow/.local/lib/python3.7/site-packages/airflow/example_dags/example_complex.py took 0.323 seconds
[2023-01-14 19:30:25,358] {processor.py:153} INFO - Started process (PID=3254) to work on /home/airflow/.local/lib/python3.7/site-packages/airflow/example_dags/example_complex.py
[2023-01-14 19:30:25,361] {processor.py:641} INFO - Processing file /home/airflow/.local/lib/python3.7/site-packages/airflow/example_dags/example_complex.py for tasks to queue
[2023-01-14 19:30:25,365] {logging_mixin.py:115} INFO - [2023-01-14 19:30:25,363] {dagbag.py:507} INFO - Filling up the DagBag from /home/airflow/.local/lib/python3.7/site-packages/airflow/example_dags/example_complex.py
[2023-01-14 19:30:25,398] {processor.py:651} INFO - DAG(s) dict_keys(['example_complex']) retrieved from /home/airflow/.local/lib/python3.7/site-packages/airflow/example_dags/example_complex.py
[2023-01-14 19:30:25,466] {logging_mixin.py:115} INFO - [2023-01-14 19:30:25,466] {dag.py:2371} INFO - Sync 1 DAGs
[2023-01-14 19:30:25,533] {logging_mixin.py:115} INFO - [2023-01-14 19:30:25,533] {dag.py:2919} INFO - Setting next_dagrun for example_complex to None, run_after=None
[2023-01-14 19:30:25,963] {processor.py:161} INFO - Processing /home/airflow/.local/lib/python3.7/site-packages/airflow/example_dags/example_complex.py took 0.613 seconds
[2023-01-14 19:30:56,256] {processor.py:153} INFO - Started process (PID=3315) to work on /home/airflow/.local/lib/python3.7/site-packages/airflow/example_dags/example_complex.py
[2023-01-14 19:30:56,257] {processor.py:641} INFO - Processing file /home/airflow/.local/lib/python3.7/site-packages/airflow/example_dags/example_complex.py for tasks to queue
[2023-01-14 19:30:56,259] {logging_mixin.py:115} INFO - [2023-01-14 19:30:56,259] {dagbag.py:507} INFO - Filling up the DagBag from /home/airflow/.local/lib/python3.7/site-packages/airflow/example_dags/example_complex.py
[2023-01-14 19:30:56,299] {processor.py:651} INFO - DAG(s) dict_keys(['example_complex']) retrieved from /home/airflow/.local/lib/python3.7/site-packages/airflow/example_dags/example_complex.py
[2023-01-14 19:30:56,375] {logging_mixin.py:115} INFO - [2023-01-14 19:30:56,375] {dag.py:2371} INFO - Sync 1 DAGs
[2023-01-14 19:30:56,436] {logging_mixin.py:115} INFO - [2023-01-14 19:30:56,435] {dag.py:2919} INFO - Setting next_dagrun for example_complex to None, run_after=None
[2023-01-14 19:30:56,813] {processor.py:161} INFO - Processing /home/airflow/.local/lib/python3.7/site-packages/airflow/example_dags/example_complex.py took 0.564 seconds
[2023-01-14 19:31:29,051] {processor.py:153} INFO - Started process (PID=3369) to work on /home/airflow/.local/lib/python3.7/site-packages/airflow/example_dags/example_complex.py
[2023-01-14 19:31:29,053] {processor.py:641} INFO - Processing file /home/airflow/.local/lib/python3.7/site-packages/airflow/example_dags/example_complex.py for tasks to queue
[2023-01-14 19:31:29,058] {logging_mixin.py:115} INFO - [2023-01-14 19:31:29,058] {dagbag.py:507} INFO - Filling up the DagBag from /home/airflow/.local/lib/python3.7/site-packages/airflow/example_dags/example_complex.py
[2023-01-14 19:31:29,095] {processor.py:651} INFO - DAG(s) dict_keys(['example_complex']) retrieved from /home/airflow/.local/lib/python3.7/site-packages/airflow/example_dags/example_complex.py
[2023-01-14 19:31:29,160] {logging_mixin.py:115} INFO - [2023-01-14 19:31:29,160] {dag.py:2371} INFO - Sync 1 DAGs
[2023-01-14 19:31:29,228] {logging_mixin.py:115} INFO - [2023-01-14 19:31:29,228] {dag.py:2919} INFO - Setting next_dagrun for example_complex to None, run_after=None
[2023-01-14 19:31:29,585] {processor.py:161} INFO - Processing /home/airflow/.local/lib/python3.7/site-packages/airflow/example_dags/example_complex.py took 0.539 seconds
[2023-01-14 19:32:00,103] {processor.py:153} INFO - Started process (PID=3424) to work on /home/airflow/.local/lib/python3.7/site-packages/airflow/example_dags/example_complex.py
[2023-01-14 19:32:00,113] {processor.py:641} INFO - Processing file /home/airflow/.local/lib/python3.7/site-packages/airflow/example_dags/example_complex.py for tasks to queue
[2023-01-14 19:32:00,115] {logging_mixin.py:115} INFO - [2023-01-14 19:32:00,115] {dagbag.py:507} INFO - Filling up the DagBag from /home/airflow/.local/lib/python3.7/site-packages/airflow/example_dags/example_complex.py
[2023-01-14 19:32:00,146] {processor.py:651} INFO - DAG(s) dict_keys(['example_complex']) retrieved from /home/airflow/.local/lib/python3.7/site-packages/airflow/example_dags/example_complex.py
[2023-01-14 19:32:00,260] {logging_mixin.py:115} INFO - [2023-01-14 19:32:00,260] {dag.py:2371} INFO - Sync 1 DAGs
[2023-01-14 19:32:00,316] {logging_mixin.py:115} INFO - [2023-01-14 19:32:00,316] {dag.py:2919} INFO - Setting next_dagrun for example_complex to None, run_after=None
[2023-01-14 19:32:00,682] {processor.py:161} INFO - Processing /home/airflow/.local/lib/python3.7/site-packages/airflow/example_dags/example_complex.py took 0.586 seconds
[2023-01-14 19:32:31,235] {processor.py:153} INFO - Started process (PID=3479) to work on /home/airflow/.local/lib/python3.7/site-packages/airflow/example_dags/example_complex.py
[2023-01-14 19:32:31,237] {processor.py:641} INFO - Processing file /home/airflow/.local/lib/python3.7/site-packages/airflow/example_dags/example_complex.py for tasks to queue
[2023-01-14 19:32:31,240] {logging_mixin.py:115} INFO - [2023-01-14 19:32:31,239] {dagbag.py:507} INFO - Filling up the DagBag from /home/airflow/.local/lib/python3.7/site-packages/airflow/example_dags/example_complex.py
[2023-01-14 19:32:31,284] {processor.py:651} INFO - DAG(s) dict_keys(['example_complex']) retrieved from /home/airflow/.local/lib/python3.7/site-packages/airflow/example_dags/example_complex.py
[2023-01-14 19:32:31,353] {logging_mixin.py:115} INFO - [2023-01-14 19:32:31,353] {dag.py:2371} INFO - Sync 1 DAGs
[2023-01-14 19:32:31,425] {logging_mixin.py:115} INFO - [2023-01-14 19:32:31,425] {dag.py:2919} INFO - Setting next_dagrun for example_complex to None, run_after=None
[2023-01-14 19:32:31,743] {processor.py:161} INFO - Processing /home/airflow/.local/lib/python3.7/site-packages/airflow/example_dags/example_complex.py took 0.514 seconds
