[2023-01-14 19:23:48,291] {processor.py:153} INFO - Started process (PID=2517) to work on /home/airflow/.local/lib/python3.7/site-packages/airflow/example_dags/example_bash_operator.py
[2023-01-14 19:23:48,300] {processor.py:641} INFO - Processing file /home/airflow/.local/lib/python3.7/site-packages/airflow/example_dags/example_bash_operator.py for tasks to queue
[2023-01-14 19:23:48,306] {logging_mixin.py:115} INFO - [2023-01-14 19:23:48,306] {dagbag.py:507} INFO - Filling up the DagBag from /home/airflow/.local/lib/python3.7/site-packages/airflow/example_dags/example_bash_operator.py
[2023-01-14 19:23:48,384] {processor.py:651} INFO - DAG(s) dict_keys(['example_bash_operator']) retrieved from /home/airflow/.local/lib/python3.7/site-packages/airflow/example_dags/example_bash_operator.py
[2023-01-14 19:23:48,580] {logging_mixin.py:115} INFO - [2023-01-14 19:23:48,580] {dag.py:2371} INFO - Sync 1 DAGs
[2023-01-14 19:23:48,668] {logging_mixin.py:115} INFO - [2023-01-14 19:23:48,667] {dag.py:2919} INFO - Setting next_dagrun for example_bash_operator to 2023-01-13T00:00:00+00:00, run_after=2023-01-14T00:00:00+00:00
[2023-01-14 19:23:48,725] {processor.py:161} INFO - Processing /home/airflow/.local/lib/python3.7/site-packages/airflow/example_dags/example_bash_operator.py took 0.447 seconds
[2023-01-14 19:24:19,122] {processor.py:153} INFO - Started process (PID=2570) to work on /home/airflow/.local/lib/python3.7/site-packages/airflow/example_dags/example_bash_operator.py
[2023-01-14 19:24:19,123] {processor.py:641} INFO - Processing file /home/airflow/.local/lib/python3.7/site-packages/airflow/example_dags/example_bash_operator.py for tasks to queue
[2023-01-14 19:24:19,125] {logging_mixin.py:115} INFO - [2023-01-14 19:24:19,125] {dagbag.py:507} INFO - Filling up the DagBag from /home/airflow/.local/lib/python3.7/site-packages/airflow/example_dags/example_bash_operator.py
[2023-01-14 19:24:19,141] {processor.py:651} INFO - DAG(s) dict_keys(['example_bash_operator']) retrieved from /home/airflow/.local/lib/python3.7/site-packages/airflow/example_dags/example_bash_operator.py
[2023-01-14 19:24:19,191] {logging_mixin.py:115} INFO - [2023-01-14 19:24:19,191] {dag.py:2371} INFO - Sync 1 DAGs
[2023-01-14 19:24:19,234] {logging_mixin.py:115} INFO - [2023-01-14 19:24:19,233] {dag.py:2919} INFO - Setting next_dagrun for example_bash_operator to 2023-01-13T00:00:00+00:00, run_after=2023-01-14T00:00:00+00:00
[2023-01-14 19:24:19,258] {processor.py:161} INFO - Processing /home/airflow/.local/lib/python3.7/site-packages/airflow/example_dags/example_bash_operator.py took 0.139 seconds
[2023-01-14 19:24:49,982] {processor.py:153} INFO - Started process (PID=2632) to work on /home/airflow/.local/lib/python3.7/site-packages/airflow/example_dags/example_bash_operator.py
[2023-01-14 19:24:49,984] {processor.py:641} INFO - Processing file /home/airflow/.local/lib/python3.7/site-packages/airflow/example_dags/example_bash_operator.py for tasks to queue
[2023-01-14 19:24:49,985] {logging_mixin.py:115} INFO - [2023-01-14 19:24:49,985] {dagbag.py:507} INFO - Filling up the DagBag from /home/airflow/.local/lib/python3.7/site-packages/airflow/example_dags/example_bash_operator.py
[2023-01-14 19:24:50,012] {processor.py:651} INFO - DAG(s) dict_keys(['example_bash_operator']) retrieved from /home/airflow/.local/lib/python3.7/site-packages/airflow/example_dags/example_bash_operator.py
[2023-01-14 19:24:50,039] {logging_mixin.py:115} INFO - [2023-01-14 19:24:50,039] {dag.py:2371} INFO - Sync 1 DAGs
[2023-01-14 19:24:50,063] {logging_mixin.py:115} INFO - [2023-01-14 19:24:50,062] {dag.py:2919} INFO - Setting next_dagrun for example_bash_operator to 2023-01-13T00:00:00+00:00, run_after=2023-01-14T00:00:00+00:00
[2023-01-14 19:24:50,079] {processor.py:161} INFO - Processing /home/airflow/.local/lib/python3.7/site-packages/airflow/example_dags/example_bash_operator.py took 0.100 seconds
[2023-01-14 19:25:20,438] {processor.py:153} INFO - Started process (PID=2685) to work on /home/airflow/.local/lib/python3.7/site-packages/airflow/example_dags/example_bash_operator.py
[2023-01-14 19:25:20,440] {processor.py:641} INFO - Processing file /home/airflow/.local/lib/python3.7/site-packages/airflow/example_dags/example_bash_operator.py for tasks to queue
[2023-01-14 19:25:20,442] {logging_mixin.py:115} INFO - [2023-01-14 19:25:20,442] {dagbag.py:507} INFO - Filling up the DagBag from /home/airflow/.local/lib/python3.7/site-packages/airflow/example_dags/example_bash_operator.py
[2023-01-14 19:25:20,458] {processor.py:651} INFO - DAG(s) dict_keys(['example_bash_operator']) retrieved from /home/airflow/.local/lib/python3.7/site-packages/airflow/example_dags/example_bash_operator.py
[2023-01-14 19:25:20,501] {logging_mixin.py:115} INFO - [2023-01-14 19:25:20,501] {dag.py:2371} INFO - Sync 1 DAGs
[2023-01-14 19:25:20,541] {logging_mixin.py:115} INFO - [2023-01-14 19:25:20,541] {dag.py:2919} INFO - Setting next_dagrun for example_bash_operator to 2023-01-13T00:00:00+00:00, run_after=2023-01-14T00:00:00+00:00
[2023-01-14 19:25:20,566] {processor.py:161} INFO - Processing /home/airflow/.local/lib/python3.7/site-packages/airflow/example_dags/example_bash_operator.py took 0.133 seconds
[2023-01-14 19:25:50,900] {processor.py:153} INFO - Started process (PID=2748) to work on /home/airflow/.local/lib/python3.7/site-packages/airflow/example_dags/example_bash_operator.py
[2023-01-14 19:25:50,902] {processor.py:641} INFO - Processing file /home/airflow/.local/lib/python3.7/site-packages/airflow/example_dags/example_bash_operator.py for tasks to queue
[2023-01-14 19:25:50,904] {logging_mixin.py:115} INFO - [2023-01-14 19:25:50,904] {dagbag.py:507} INFO - Filling up the DagBag from /home/airflow/.local/lib/python3.7/site-packages/airflow/example_dags/example_bash_operator.py
[2023-01-14 19:25:50,924] {processor.py:651} INFO - DAG(s) dict_keys(['example_bash_operator']) retrieved from /home/airflow/.local/lib/python3.7/site-packages/airflow/example_dags/example_bash_operator.py
[2023-01-14 19:25:50,977] {logging_mixin.py:115} INFO - [2023-01-14 19:25:50,977] {dag.py:2371} INFO - Sync 1 DAGs
[2023-01-14 19:25:51,027] {logging_mixin.py:115} INFO - [2023-01-14 19:25:51,027] {dag.py:2919} INFO - Setting next_dagrun for example_bash_operator to 2023-01-13T00:00:00+00:00, run_after=2023-01-14T00:00:00+00:00
[2023-01-14 19:25:51,053] {processor.py:161} INFO - Processing /home/airflow/.local/lib/python3.7/site-packages/airflow/example_dags/example_bash_operator.py took 0.158 seconds
[2023-01-14 19:26:22,015] {processor.py:153} INFO - Started process (PID=2810) to work on /home/airflow/.local/lib/python3.7/site-packages/airflow/example_dags/example_bash_operator.py
[2023-01-14 19:26:22,017] {processor.py:641} INFO - Processing file /home/airflow/.local/lib/python3.7/site-packages/airflow/example_dags/example_bash_operator.py for tasks to queue
[2023-01-14 19:26:22,019] {logging_mixin.py:115} INFO - [2023-01-14 19:26:22,018] {dagbag.py:507} INFO - Filling up the DagBag from /home/airflow/.local/lib/python3.7/site-packages/airflow/example_dags/example_bash_operator.py
[2023-01-14 19:26:22,038] {processor.py:651} INFO - DAG(s) dict_keys(['example_bash_operator']) retrieved from /home/airflow/.local/lib/python3.7/site-packages/airflow/example_dags/example_bash_operator.py
[2023-01-14 19:26:22,071] {logging_mixin.py:115} INFO - [2023-01-14 19:26:22,071] {dag.py:2371} INFO - Sync 1 DAGs
[2023-01-14 19:26:22,100] {logging_mixin.py:115} INFO - [2023-01-14 19:26:22,100] {dag.py:2919} INFO - Setting next_dagrun for example_bash_operator to 2023-01-13T00:00:00+00:00, run_after=2023-01-14T00:00:00+00:00
[2023-01-14 19:26:22,117] {processor.py:161} INFO - Processing /home/airflow/.local/lib/python3.7/site-packages/airflow/example_dags/example_bash_operator.py took 0.106 seconds
[2023-01-14 19:26:53,085] {processor.py:153} INFO - Started process (PID=2863) to work on /home/airflow/.local/lib/python3.7/site-packages/airflow/example_dags/example_bash_operator.py
[2023-01-14 19:26:53,087] {processor.py:641} INFO - Processing file /home/airflow/.local/lib/python3.7/site-packages/airflow/example_dags/example_bash_operator.py for tasks to queue
[2023-01-14 19:26:53,088] {logging_mixin.py:115} INFO - [2023-01-14 19:26:53,088] {dagbag.py:507} INFO - Filling up the DagBag from /home/airflow/.local/lib/python3.7/site-packages/airflow/example_dags/example_bash_operator.py
[2023-01-14 19:26:53,104] {processor.py:651} INFO - DAG(s) dict_keys(['example_bash_operator']) retrieved from /home/airflow/.local/lib/python3.7/site-packages/airflow/example_dags/example_bash_operator.py
[2023-01-14 19:26:53,144] {logging_mixin.py:115} INFO - [2023-01-14 19:26:53,143] {dag.py:2371} INFO - Sync 1 DAGs
[2023-01-14 19:26:53,173] {logging_mixin.py:115} INFO - [2023-01-14 19:26:53,173] {dag.py:2919} INFO - Setting next_dagrun for example_bash_operator to 2023-01-13T00:00:00+00:00, run_after=2023-01-14T00:00:00+00:00
[2023-01-14 19:26:53,191] {processor.py:161} INFO - Processing /home/airflow/.local/lib/python3.7/site-packages/airflow/example_dags/example_bash_operator.py took 0.111 seconds
[2023-01-14 19:27:23,549] {processor.py:153} INFO - Started process (PID=2926) to work on /home/airflow/.local/lib/python3.7/site-packages/airflow/example_dags/example_bash_operator.py
[2023-01-14 19:27:23,551] {processor.py:641} INFO - Processing file /home/airflow/.local/lib/python3.7/site-packages/airflow/example_dags/example_bash_operator.py for tasks to queue
[2023-01-14 19:27:23,552] {logging_mixin.py:115} INFO - [2023-01-14 19:27:23,552] {dagbag.py:507} INFO - Filling up the DagBag from /home/airflow/.local/lib/python3.7/site-packages/airflow/example_dags/example_bash_operator.py
[2023-01-14 19:27:23,567] {processor.py:651} INFO - DAG(s) dict_keys(['example_bash_operator']) retrieved from /home/airflow/.local/lib/python3.7/site-packages/airflow/example_dags/example_bash_operator.py
[2023-01-14 19:27:23,598] {logging_mixin.py:115} INFO - [2023-01-14 19:27:23,598] {dag.py:2371} INFO - Sync 1 DAGs
[2023-01-14 19:27:23,625] {logging_mixin.py:115} INFO - [2023-01-14 19:27:23,625] {dag.py:2919} INFO - Setting next_dagrun for example_bash_operator to 2023-01-13T00:00:00+00:00, run_after=2023-01-14T00:00:00+00:00
[2023-01-14 19:27:23,643] {processor.py:161} INFO - Processing /home/airflow/.local/lib/python3.7/site-packages/airflow/example_dags/example_bash_operator.py took 0.098 seconds
[2023-01-14 19:27:53,849] {processor.py:153} INFO - Started process (PID=2979) to work on /home/airflow/.local/lib/python3.7/site-packages/airflow/example_dags/example_bash_operator.py
[2023-01-14 19:27:53,850] {processor.py:641} INFO - Processing file /home/airflow/.local/lib/python3.7/site-packages/airflow/example_dags/example_bash_operator.py for tasks to queue
[2023-01-14 19:27:53,852] {logging_mixin.py:115} INFO - [2023-01-14 19:27:53,852] {dagbag.py:507} INFO - Filling up the DagBag from /home/airflow/.local/lib/python3.7/site-packages/airflow/example_dags/example_bash_operator.py
[2023-01-14 19:27:53,869] {processor.py:651} INFO - DAG(s) dict_keys(['example_bash_operator']) retrieved from /home/airflow/.local/lib/python3.7/site-packages/airflow/example_dags/example_bash_operator.py
[2023-01-14 19:27:53,911] {logging_mixin.py:115} INFO - [2023-01-14 19:27:53,911] {dag.py:2371} INFO - Sync 1 DAGs
[2023-01-14 19:27:53,944] {logging_mixin.py:115} INFO - [2023-01-14 19:27:53,944] {dag.py:2919} INFO - Setting next_dagrun for example_bash_operator to 2023-01-13T00:00:00+00:00, run_after=2023-01-14T00:00:00+00:00
[2023-01-14 19:27:53,965] {processor.py:161} INFO - Processing /home/airflow/.local/lib/python3.7/site-packages/airflow/example_dags/example_bash_operator.py took 0.120 seconds
[2023-01-14 19:28:24,252] {processor.py:153} INFO - Started process (PID=3041) to work on /home/airflow/.local/lib/python3.7/site-packages/airflow/example_dags/example_bash_operator.py
[2023-01-14 19:28:24,254] {processor.py:641} INFO - Processing file /home/airflow/.local/lib/python3.7/site-packages/airflow/example_dags/example_bash_operator.py for tasks to queue
[2023-01-14 19:28:24,256] {logging_mixin.py:115} INFO - [2023-01-14 19:28:24,256] {dagbag.py:507} INFO - Filling up the DagBag from /home/airflow/.local/lib/python3.7/site-packages/airflow/example_dags/example_bash_operator.py
[2023-01-14 19:28:24,271] {processor.py:651} INFO - DAG(s) dict_keys(['example_bash_operator']) retrieved from /home/airflow/.local/lib/python3.7/site-packages/airflow/example_dags/example_bash_operator.py
[2023-01-14 19:28:24,301] {logging_mixin.py:115} INFO - [2023-01-14 19:28:24,301] {dag.py:2371} INFO - Sync 1 DAGs
[2023-01-14 19:28:24,324] {logging_mixin.py:115} INFO - [2023-01-14 19:28:24,324] {dag.py:2919} INFO - Setting next_dagrun for example_bash_operator to 2023-01-13T00:00:00+00:00, run_after=2023-01-14T00:00:00+00:00
[2023-01-14 19:28:24,343] {processor.py:161} INFO - Processing /home/airflow/.local/lib/python3.7/site-packages/airflow/example_dags/example_bash_operator.py took 0.096 seconds
[2023-01-14 19:28:56,323] {processor.py:153} INFO - Started process (PID=3105) to work on /home/airflow/.local/lib/python3.7/site-packages/airflow/example_dags/example_bash_operator.py
[2023-01-14 19:28:56,327] {processor.py:641} INFO - Processing file /home/airflow/.local/lib/python3.7/site-packages/airflow/example_dags/example_bash_operator.py for tasks to queue
[2023-01-14 19:28:56,330] {logging_mixin.py:115} INFO - [2023-01-14 19:28:56,329] {dagbag.py:507} INFO - Filling up the DagBag from /home/airflow/.local/lib/python3.7/site-packages/airflow/example_dags/example_bash_operator.py
[2023-01-14 19:28:56,372] {processor.py:651} INFO - DAG(s) dict_keys(['example_bash_operator']) retrieved from /home/airflow/.local/lib/python3.7/site-packages/airflow/example_dags/example_bash_operator.py
[2023-01-14 19:28:56,488] {logging_mixin.py:115} INFO - [2023-01-14 19:28:56,488] {dag.py:2371} INFO - Sync 1 DAGs
[2023-01-14 19:28:56,594] {logging_mixin.py:115} INFO - [2023-01-14 19:28:56,594] {dag.py:2919} INFO - Setting next_dagrun for example_bash_operator to 2023-01-13T00:00:00+00:00, run_after=2023-01-14T00:00:00+00:00
[2023-01-14 19:28:57,026] {processor.py:161} INFO - Processing /home/airflow/.local/lib/python3.7/site-packages/airflow/example_dags/example_bash_operator.py took 0.710 seconds
[2023-01-14 19:29:27,212] {processor.py:153} INFO - Started process (PID=3160) to work on /home/airflow/.local/lib/python3.7/site-packages/airflow/example_dags/example_bash_operator.py
[2023-01-14 19:29:27,214] {processor.py:641} INFO - Processing file /home/airflow/.local/lib/python3.7/site-packages/airflow/example_dags/example_bash_operator.py for tasks to queue
[2023-01-14 19:29:27,215] {logging_mixin.py:115} INFO - [2023-01-14 19:29:27,215] {dagbag.py:507} INFO - Filling up the DagBag from /home/airflow/.local/lib/python3.7/site-packages/airflow/example_dags/example_bash_operator.py
[2023-01-14 19:29:27,244] {processor.py:651} INFO - DAG(s) dict_keys(['example_bash_operator']) retrieved from /home/airflow/.local/lib/python3.7/site-packages/airflow/example_dags/example_bash_operator.py
[2023-01-14 19:29:27,296] {logging_mixin.py:115} INFO - [2023-01-14 19:29:27,296] {dag.py:2371} INFO - Sync 1 DAGs
[2023-01-14 19:29:27,341] {logging_mixin.py:115} INFO - [2023-01-14 19:29:27,341] {dag.py:2919} INFO - Setting next_dagrun for example_bash_operator to 2023-01-13T00:00:00+00:00, run_after=2023-01-14T00:00:00+00:00
[2023-01-14 19:29:27,538] {processor.py:161} INFO - Processing /home/airflow/.local/lib/python3.7/site-packages/airflow/example_dags/example_bash_operator.py took 0.332 seconds
[2023-01-14 19:29:59,985] {processor.py:153} INFO - Started process (PID=3215) to work on /home/airflow/.local/lib/python3.7/site-packages/airflow/example_dags/example_bash_operator.py
[2023-01-14 19:29:59,992] {processor.py:641} INFO - Processing file /home/airflow/.local/lib/python3.7/site-packages/airflow/example_dags/example_bash_operator.py for tasks to queue
[2023-01-14 19:29:59,996] {logging_mixin.py:115} INFO - [2023-01-14 19:29:59,996] {dagbag.py:507} INFO - Filling up the DagBag from /home/airflow/.local/lib/python3.7/site-packages/airflow/example_dags/example_bash_operator.py
[2023-01-14 19:30:00,070] {processor.py:651} INFO - DAG(s) dict_keys(['example_bash_operator']) retrieved from /home/airflow/.local/lib/python3.7/site-packages/airflow/example_dags/example_bash_operator.py
[2023-01-14 19:30:00,207] {logging_mixin.py:115} INFO - [2023-01-14 19:30:00,207] {dag.py:2371} INFO - Sync 1 DAGs
[2023-01-14 19:30:00,276] {logging_mixin.py:115} INFO - [2023-01-14 19:30:00,276] {dag.py:2919} INFO - Setting next_dagrun for example_bash_operator to 2023-01-13T00:00:00+00:00, run_after=2023-01-14T00:00:00+00:00
[2023-01-14 19:30:00,828] {processor.py:161} INFO - Processing /home/airflow/.local/lib/python3.7/site-packages/airflow/example_dags/example_bash_operator.py took 0.861 seconds
[2023-01-14 19:30:31,586] {processor.py:153} INFO - Started process (PID=3278) to work on /home/airflow/.local/lib/python3.7/site-packages/airflow/example_dags/example_bash_operator.py
[2023-01-14 19:30:31,590] {processor.py:641} INFO - Processing file /home/airflow/.local/lib/python3.7/site-packages/airflow/example_dags/example_bash_operator.py for tasks to queue
[2023-01-14 19:30:31,594] {logging_mixin.py:115} INFO - [2023-01-14 19:30:31,593] {dagbag.py:507} INFO - Filling up the DagBag from /home/airflow/.local/lib/python3.7/site-packages/airflow/example_dags/example_bash_operator.py
[2023-01-14 19:30:31,635] {processor.py:651} INFO - DAG(s) dict_keys(['example_bash_operator']) retrieved from /home/airflow/.local/lib/python3.7/site-packages/airflow/example_dags/example_bash_operator.py
[2023-01-14 19:30:31,742] {logging_mixin.py:115} INFO - [2023-01-14 19:30:31,742] {dag.py:2371} INFO - Sync 1 DAGs
[2023-01-14 19:30:31,820] {logging_mixin.py:115} INFO - [2023-01-14 19:30:31,819] {dag.py:2919} INFO - Setting next_dagrun for example_bash_operator to 2023-01-13T00:00:00+00:00, run_after=2023-01-14T00:00:00+00:00
[2023-01-14 19:30:32,341] {processor.py:161} INFO - Processing /home/airflow/.local/lib/python3.7/site-packages/airflow/example_dags/example_bash_operator.py took 0.769 seconds
[2023-01-14 19:31:02,933] {processor.py:153} INFO - Started process (PID=3331) to work on /home/airflow/.local/lib/python3.7/site-packages/airflow/example_dags/example_bash_operator.py
[2023-01-14 19:31:02,962] {processor.py:641} INFO - Processing file /home/airflow/.local/lib/python3.7/site-packages/airflow/example_dags/example_bash_operator.py for tasks to queue
[2023-01-14 19:31:02,984] {logging_mixin.py:115} INFO - [2023-01-14 19:31:02,984] {dagbag.py:507} INFO - Filling up the DagBag from /home/airflow/.local/lib/python3.7/site-packages/airflow/example_dags/example_bash_operator.py
[2023-01-14 19:31:03,083] {processor.py:651} INFO - DAG(s) dict_keys(['example_bash_operator']) retrieved from /home/airflow/.local/lib/python3.7/site-packages/airflow/example_dags/example_bash_operator.py
[2023-01-14 19:31:03,224] {logging_mixin.py:115} INFO - [2023-01-14 19:31:03,224] {dag.py:2371} INFO - Sync 1 DAGs
[2023-01-14 19:31:03,312] {logging_mixin.py:115} INFO - [2023-01-14 19:31:03,312] {dag.py:2919} INFO - Setting next_dagrun for example_bash_operator to 2023-01-13T00:00:00+00:00, run_after=2023-01-14T00:00:00+00:00
[2023-01-14 19:31:03,770] {processor.py:161} INFO - Processing /home/airflow/.local/lib/python3.7/site-packages/airflow/example_dags/example_bash_operator.py took 0.844 seconds
[2023-01-14 19:31:34,038] {processor.py:153} INFO - Started process (PID=3384) to work on /home/airflow/.local/lib/python3.7/site-packages/airflow/example_dags/example_bash_operator.py
[2023-01-14 19:31:34,040] {processor.py:641} INFO - Processing file /home/airflow/.local/lib/python3.7/site-packages/airflow/example_dags/example_bash_operator.py for tasks to queue
[2023-01-14 19:31:34,041] {logging_mixin.py:115} INFO - [2023-01-14 19:31:34,041] {dagbag.py:507} INFO - Filling up the DagBag from /home/airflow/.local/lib/python3.7/site-packages/airflow/example_dags/example_bash_operator.py
[2023-01-14 19:31:34,059] {processor.py:651} INFO - DAG(s) dict_keys(['example_bash_operator']) retrieved from /home/airflow/.local/lib/python3.7/site-packages/airflow/example_dags/example_bash_operator.py
[2023-01-14 19:31:34,096] {logging_mixin.py:115} INFO - [2023-01-14 19:31:34,096] {dag.py:2371} INFO - Sync 1 DAGs
[2023-01-14 19:31:34,142] {logging_mixin.py:115} INFO - [2023-01-14 19:31:34,141] {dag.py:2919} INFO - Setting next_dagrun for example_bash_operator to 2023-01-13T00:00:00+00:00, run_after=2023-01-14T00:00:00+00:00
[2023-01-14 19:31:34,354] {processor.py:161} INFO - Processing /home/airflow/.local/lib/python3.7/site-packages/airflow/example_dags/example_bash_operator.py took 0.320 seconds
[2023-01-14 19:32:05,094] {processor.py:153} INFO - Started process (PID=3438) to work on /home/airflow/.local/lib/python3.7/site-packages/airflow/example_dags/example_bash_operator.py
[2023-01-14 19:32:05,098] {processor.py:641} INFO - Processing file /home/airflow/.local/lib/python3.7/site-packages/airflow/example_dags/example_bash_operator.py for tasks to queue
[2023-01-14 19:32:05,100] {logging_mixin.py:115} INFO - [2023-01-14 19:32:05,100] {dagbag.py:507} INFO - Filling up the DagBag from /home/airflow/.local/lib/python3.7/site-packages/airflow/example_dags/example_bash_operator.py
[2023-01-14 19:32:05,138] {processor.py:651} INFO - DAG(s) dict_keys(['example_bash_operator']) retrieved from /home/airflow/.local/lib/python3.7/site-packages/airflow/example_dags/example_bash_operator.py
[2023-01-14 19:32:05,200] {logging_mixin.py:115} INFO - [2023-01-14 19:32:05,200] {dag.py:2371} INFO - Sync 1 DAGs
[2023-01-14 19:32:05,299] {logging_mixin.py:115} INFO - [2023-01-14 19:32:05,299] {dag.py:2919} INFO - Setting next_dagrun for example_bash_operator to 2023-01-13T00:00:00+00:00, run_after=2023-01-14T00:00:00+00:00
[2023-01-14 19:32:05,736] {processor.py:161} INFO - Processing /home/airflow/.local/lib/python3.7/site-packages/airflow/example_dags/example_bash_operator.py took 0.649 seconds
[2023-01-14 19:32:36,377] {processor.py:153} INFO - Started process (PID=3501) to work on /home/airflow/.local/lib/python3.7/site-packages/airflow/example_dags/example_bash_operator.py
[2023-01-14 19:32:36,380] {processor.py:641} INFO - Processing file /home/airflow/.local/lib/python3.7/site-packages/airflow/example_dags/example_bash_operator.py for tasks to queue
[2023-01-14 19:32:36,383] {logging_mixin.py:115} INFO - [2023-01-14 19:32:36,382] {dagbag.py:507} INFO - Filling up the DagBag from /home/airflow/.local/lib/python3.7/site-packages/airflow/example_dags/example_bash_operator.py
[2023-01-14 19:32:36,409] {processor.py:651} INFO - DAG(s) dict_keys(['example_bash_operator']) retrieved from /home/airflow/.local/lib/python3.7/site-packages/airflow/example_dags/example_bash_operator.py
[2023-01-14 19:32:36,477] {logging_mixin.py:115} INFO - [2023-01-14 19:32:36,477] {dag.py:2371} INFO - Sync 1 DAGs
[2023-01-14 19:32:36,544] {logging_mixin.py:115} INFO - [2023-01-14 19:32:36,543] {dag.py:2919} INFO - Setting next_dagrun for example_bash_operator to 2023-01-13T00:00:00+00:00, run_after=2023-01-14T00:00:00+00:00
[2023-01-14 19:32:36,879] {processor.py:161} INFO - Processing /home/airflow/.local/lib/python3.7/site-packages/airflow/example_dags/example_bash_operator.py took 0.512 seconds
