[2023-01-14 19:23:47,831] {processor.py:153} INFO - Started process (PID=2515) to work on /home/airflow/.local/lib/python3.7/site-packages/airflow/example_dags/example_nested_branch_dag.py
[2023-01-14 19:23:47,848] {processor.py:641} INFO - Processing file /home/airflow/.local/lib/python3.7/site-packages/airflow/example_dags/example_nested_branch_dag.py for tasks to queue
[2023-01-14 19:23:47,870] {logging_mixin.py:115} INFO - [2023-01-14 19:23:47,870] {dagbag.py:507} INFO - Filling up the DagBag from /home/airflow/.local/lib/python3.7/site-packages/airflow/example_dags/example_nested_branch_dag.py
[2023-01-14 19:23:47,910] {processor.py:651} INFO - DAG(s) dict_keys(['example_nested_branch_dag']) retrieved from /home/airflow/.local/lib/python3.7/site-packages/airflow/example_dags/example_nested_branch_dag.py
[2023-01-14 19:23:48,041] {logging_mixin.py:115} INFO - [2023-01-14 19:23:48,040] {dag.py:2371} INFO - Sync 1 DAGs
[2023-01-14 19:23:48,151] {logging_mixin.py:115} INFO - [2023-01-14 19:23:48,151] {dag.py:2919} INFO - Setting next_dagrun for example_nested_branch_dag to 2023-01-13T00:00:00+00:00, run_after=2023-01-14T00:00:00+00:00
[2023-01-14 19:23:48,195] {processor.py:161} INFO - Processing /home/airflow/.local/lib/python3.7/site-packages/airflow/example_dags/example_nested_branch_dag.py took 0.372 seconds
[2023-01-14 19:24:18,842] {processor.py:153} INFO - Started process (PID=2568) to work on /home/airflow/.local/lib/python3.7/site-packages/airflow/example_dags/example_nested_branch_dag.py
[2023-01-14 19:24:18,844] {processor.py:641} INFO - Processing file /home/airflow/.local/lib/python3.7/site-packages/airflow/example_dags/example_nested_branch_dag.py for tasks to queue
[2023-01-14 19:24:18,845] {logging_mixin.py:115} INFO - [2023-01-14 19:24:18,845] {dagbag.py:507} INFO - Filling up the DagBag from /home/airflow/.local/lib/python3.7/site-packages/airflow/example_dags/example_nested_branch_dag.py
[2023-01-14 19:24:18,858] {processor.py:651} INFO - DAG(s) dict_keys(['example_nested_branch_dag']) retrieved from /home/airflow/.local/lib/python3.7/site-packages/airflow/example_dags/example_nested_branch_dag.py
[2023-01-14 19:24:18,894] {logging_mixin.py:115} INFO - [2023-01-14 19:24:18,894] {dag.py:2371} INFO - Sync 1 DAGs
[2023-01-14 19:24:18,931] {logging_mixin.py:115} INFO - [2023-01-14 19:24:18,930] {dag.py:2919} INFO - Setting next_dagrun for example_nested_branch_dag to 2023-01-13T00:00:00+00:00, run_after=2023-01-14T00:00:00+00:00
[2023-01-14 19:24:18,948] {processor.py:161} INFO - Processing /home/airflow/.local/lib/python3.7/site-packages/airflow/example_dags/example_nested_branch_dag.py took 0.110 seconds
[2023-01-14 19:24:49,722] {processor.py:153} INFO - Started process (PID=2630) to work on /home/airflow/.local/lib/python3.7/site-packages/airflow/example_dags/example_nested_branch_dag.py
[2023-01-14 19:24:49,724] {processor.py:641} INFO - Processing file /home/airflow/.local/lib/python3.7/site-packages/airflow/example_dags/example_nested_branch_dag.py for tasks to queue
[2023-01-14 19:24:49,725] {logging_mixin.py:115} INFO - [2023-01-14 19:24:49,725] {dagbag.py:507} INFO - Filling up the DagBag from /home/airflow/.local/lib/python3.7/site-packages/airflow/example_dags/example_nested_branch_dag.py
[2023-01-14 19:24:49,743] {processor.py:651} INFO - DAG(s) dict_keys(['example_nested_branch_dag']) retrieved from /home/airflow/.local/lib/python3.7/site-packages/airflow/example_dags/example_nested_branch_dag.py
[2023-01-14 19:24:49,772] {logging_mixin.py:115} INFO - [2023-01-14 19:24:49,772] {dag.py:2371} INFO - Sync 1 DAGs
[2023-01-14 19:24:49,796] {logging_mixin.py:115} INFO - [2023-01-14 19:24:49,795] {dag.py:2919} INFO - Setting next_dagrun for example_nested_branch_dag to 2023-01-13T00:00:00+00:00, run_after=2023-01-14T00:00:00+00:00
[2023-01-14 19:24:49,811] {processor.py:161} INFO - Processing /home/airflow/.local/lib/python3.7/site-packages/airflow/example_dags/example_nested_branch_dag.py took 0.094 seconds
[2023-01-14 19:25:20,198] {processor.py:153} INFO - Started process (PID=2683) to work on /home/airflow/.local/lib/python3.7/site-packages/airflow/example_dags/example_nested_branch_dag.py
[2023-01-14 19:25:20,200] {processor.py:641} INFO - Processing file /home/airflow/.local/lib/python3.7/site-packages/airflow/example_dags/example_nested_branch_dag.py for tasks to queue
[2023-01-14 19:25:20,202] {logging_mixin.py:115} INFO - [2023-01-14 19:25:20,201] {dagbag.py:507} INFO - Filling up the DagBag from /home/airflow/.local/lib/python3.7/site-packages/airflow/example_dags/example_nested_branch_dag.py
[2023-01-14 19:25:20,216] {processor.py:651} INFO - DAG(s) dict_keys(['example_nested_branch_dag']) retrieved from /home/airflow/.local/lib/python3.7/site-packages/airflow/example_dags/example_nested_branch_dag.py
[2023-01-14 19:25:20,258] {logging_mixin.py:115} INFO - [2023-01-14 19:25:20,258] {dag.py:2371} INFO - Sync 1 DAGs
[2023-01-14 19:25:20,294] {logging_mixin.py:115} INFO - [2023-01-14 19:25:20,293] {dag.py:2919} INFO - Setting next_dagrun for example_nested_branch_dag to 2023-01-13T00:00:00+00:00, run_after=2023-01-14T00:00:00+00:00
[2023-01-14 19:25:20,315] {processor.py:161} INFO - Processing /home/airflow/.local/lib/python3.7/site-packages/airflow/example_dags/example_nested_branch_dag.py took 0.122 seconds
[2023-01-14 19:25:50,659] {processor.py:153} INFO - Started process (PID=2746) to work on /home/airflow/.local/lib/python3.7/site-packages/airflow/example_dags/example_nested_branch_dag.py
[2023-01-14 19:25:50,661] {processor.py:641} INFO - Processing file /home/airflow/.local/lib/python3.7/site-packages/airflow/example_dags/example_nested_branch_dag.py for tasks to queue
[2023-01-14 19:25:50,663] {logging_mixin.py:115} INFO - [2023-01-14 19:25:50,662] {dagbag.py:507} INFO - Filling up the DagBag from /home/airflow/.local/lib/python3.7/site-packages/airflow/example_dags/example_nested_branch_dag.py
[2023-01-14 19:25:50,678] {processor.py:651} INFO - DAG(s) dict_keys(['example_nested_branch_dag']) retrieved from /home/airflow/.local/lib/python3.7/site-packages/airflow/example_dags/example_nested_branch_dag.py
[2023-01-14 19:25:50,718] {logging_mixin.py:115} INFO - [2023-01-14 19:25:50,718] {dag.py:2371} INFO - Sync 1 DAGs
[2023-01-14 19:25:50,752] {logging_mixin.py:115} INFO - [2023-01-14 19:25:50,752] {dag.py:2919} INFO - Setting next_dagrun for example_nested_branch_dag to 2023-01-13T00:00:00+00:00, run_after=2023-01-14T00:00:00+00:00
[2023-01-14 19:25:50,774] {processor.py:161} INFO - Processing /home/airflow/.local/lib/python3.7/site-packages/airflow/example_dags/example_nested_branch_dag.py took 0.119 seconds
[2023-01-14 19:26:21,852] {processor.py:153} INFO - Started process (PID=2808) to work on /home/airflow/.local/lib/python3.7/site-packages/airflow/example_dags/example_nested_branch_dag.py
[2023-01-14 19:26:21,854] {processor.py:641} INFO - Processing file /home/airflow/.local/lib/python3.7/site-packages/airflow/example_dags/example_nested_branch_dag.py for tasks to queue
[2023-01-14 19:26:21,855] {logging_mixin.py:115} INFO - [2023-01-14 19:26:21,855] {dagbag.py:507} INFO - Filling up the DagBag from /home/airflow/.local/lib/python3.7/site-packages/airflow/example_dags/example_nested_branch_dag.py
[2023-01-14 19:26:21,871] {processor.py:651} INFO - DAG(s) dict_keys(['example_nested_branch_dag']) retrieved from /home/airflow/.local/lib/python3.7/site-packages/airflow/example_dags/example_nested_branch_dag.py
[2023-01-14 19:26:21,904] {logging_mixin.py:115} INFO - [2023-01-14 19:26:21,904] {dag.py:2371} INFO - Sync 1 DAGs
[2023-01-14 19:26:21,941] {logging_mixin.py:115} INFO - [2023-01-14 19:26:21,940] {dag.py:2919} INFO - Setting next_dagrun for example_nested_branch_dag to 2023-01-13T00:00:00+00:00, run_after=2023-01-14T00:00:00+00:00
[2023-01-14 19:26:21,966] {processor.py:161} INFO - Processing /home/airflow/.local/lib/python3.7/site-packages/airflow/example_dags/example_nested_branch_dag.py took 0.118 seconds
[2023-01-14 19:26:52,751] {processor.py:153} INFO - Started process (PID=2861) to work on /home/airflow/.local/lib/python3.7/site-packages/airflow/example_dags/example_nested_branch_dag.py
[2023-01-14 19:26:52,753] {processor.py:641} INFO - Processing file /home/airflow/.local/lib/python3.7/site-packages/airflow/example_dags/example_nested_branch_dag.py for tasks to queue
[2023-01-14 19:26:52,755] {logging_mixin.py:115} INFO - [2023-01-14 19:26:52,755] {dagbag.py:507} INFO - Filling up the DagBag from /home/airflow/.local/lib/python3.7/site-packages/airflow/example_dags/example_nested_branch_dag.py
[2023-01-14 19:26:52,769] {processor.py:651} INFO - DAG(s) dict_keys(['example_nested_branch_dag']) retrieved from /home/airflow/.local/lib/python3.7/site-packages/airflow/example_dags/example_nested_branch_dag.py
[2023-01-14 19:26:52,810] {logging_mixin.py:115} INFO - [2023-01-14 19:26:52,810] {dag.py:2371} INFO - Sync 1 DAGs
[2023-01-14 19:26:52,842] {logging_mixin.py:115} INFO - [2023-01-14 19:26:52,842] {dag.py:2919} INFO - Setting next_dagrun for example_nested_branch_dag to 2023-01-13T00:00:00+00:00, run_after=2023-01-14T00:00:00+00:00
[2023-01-14 19:26:52,860] {processor.py:161} INFO - Processing /home/airflow/.local/lib/python3.7/site-packages/airflow/example_dags/example_nested_branch_dag.py took 0.114 seconds
[2023-01-14 19:27:23,239] {processor.py:153} INFO - Started process (PID=2924) to work on /home/airflow/.local/lib/python3.7/site-packages/airflow/example_dags/example_nested_branch_dag.py
[2023-01-14 19:27:23,240] {processor.py:641} INFO - Processing file /home/airflow/.local/lib/python3.7/site-packages/airflow/example_dags/example_nested_branch_dag.py for tasks to queue
[2023-01-14 19:27:23,242] {logging_mixin.py:115} INFO - [2023-01-14 19:27:23,242] {dagbag.py:507} INFO - Filling up the DagBag from /home/airflow/.local/lib/python3.7/site-packages/airflow/example_dags/example_nested_branch_dag.py
[2023-01-14 19:27:23,254] {processor.py:651} INFO - DAG(s) dict_keys(['example_nested_branch_dag']) retrieved from /home/airflow/.local/lib/python3.7/site-packages/airflow/example_dags/example_nested_branch_dag.py
[2023-01-14 19:27:23,285] {logging_mixin.py:115} INFO - [2023-01-14 19:27:23,285] {dag.py:2371} INFO - Sync 1 DAGs
[2023-01-14 19:27:23,311] {logging_mixin.py:115} INFO - [2023-01-14 19:27:23,311] {dag.py:2919} INFO - Setting next_dagrun for example_nested_branch_dag to 2023-01-13T00:00:00+00:00, run_after=2023-01-14T00:00:00+00:00
[2023-01-14 19:27:23,329] {processor.py:161} INFO - Processing /home/airflow/.local/lib/python3.7/site-packages/airflow/example_dags/example_nested_branch_dag.py took 0.094 seconds
[2023-01-14 19:27:53,633] {processor.py:153} INFO - Started process (PID=2977) to work on /home/airflow/.local/lib/python3.7/site-packages/airflow/example_dags/example_nested_branch_dag.py
[2023-01-14 19:27:53,635] {processor.py:641} INFO - Processing file /home/airflow/.local/lib/python3.7/site-packages/airflow/example_dags/example_nested_branch_dag.py for tasks to queue
[2023-01-14 19:27:53,636] {logging_mixin.py:115} INFO - [2023-01-14 19:27:53,636] {dagbag.py:507} INFO - Filling up the DagBag from /home/airflow/.local/lib/python3.7/site-packages/airflow/example_dags/example_nested_branch_dag.py
[2023-01-14 19:27:53,647] {processor.py:651} INFO - DAG(s) dict_keys(['example_nested_branch_dag']) retrieved from /home/airflow/.local/lib/python3.7/site-packages/airflow/example_dags/example_nested_branch_dag.py
[2023-01-14 19:27:53,679] {logging_mixin.py:115} INFO - [2023-01-14 19:27:53,679] {dag.py:2371} INFO - Sync 1 DAGs
[2023-01-14 19:27:53,707] {logging_mixin.py:115} INFO - [2023-01-14 19:27:53,706] {dag.py:2919} INFO - Setting next_dagrun for example_nested_branch_dag to 2023-01-13T00:00:00+00:00, run_after=2023-01-14T00:00:00+00:00
[2023-01-14 19:27:53,722] {processor.py:161} INFO - Processing /home/airflow/.local/lib/python3.7/site-packages/airflow/example_dags/example_nested_branch_dag.py took 0.093 seconds
[2023-01-14 19:28:24,105] {processor.py:153} INFO - Started process (PID=3039) to work on /home/airflow/.local/lib/python3.7/site-packages/airflow/example_dags/example_nested_branch_dag.py
[2023-01-14 19:28:24,107] {processor.py:641} INFO - Processing file /home/airflow/.local/lib/python3.7/site-packages/airflow/example_dags/example_nested_branch_dag.py for tasks to queue
[2023-01-14 19:28:24,109] {logging_mixin.py:115} INFO - [2023-01-14 19:28:24,108] {dagbag.py:507} INFO - Filling up the DagBag from /home/airflow/.local/lib/python3.7/site-packages/airflow/example_dags/example_nested_branch_dag.py
[2023-01-14 19:28:24,125] {processor.py:651} INFO - DAG(s) dict_keys(['example_nested_branch_dag']) retrieved from /home/airflow/.local/lib/python3.7/site-packages/airflow/example_dags/example_nested_branch_dag.py
[2023-01-14 19:28:24,161] {logging_mixin.py:115} INFO - [2023-01-14 19:28:24,161] {dag.py:2371} INFO - Sync 1 DAGs
[2023-01-14 19:28:24,191] {logging_mixin.py:115} INFO - [2023-01-14 19:28:24,191] {dag.py:2919} INFO - Setting next_dagrun for example_nested_branch_dag to 2023-01-13T00:00:00+00:00, run_after=2023-01-14T00:00:00+00:00
[2023-01-14 19:28:24,212] {processor.py:161} INFO - Processing /home/airflow/.local/lib/python3.7/site-packages/airflow/example_dags/example_nested_branch_dag.py took 0.111 seconds
[2023-01-14 19:28:55,567] {processor.py:153} INFO - Started process (PID=3103) to work on /home/airflow/.local/lib/python3.7/site-packages/airflow/example_dags/example_nested_branch_dag.py
[2023-01-14 19:28:55,569] {processor.py:641} INFO - Processing file /home/airflow/.local/lib/python3.7/site-packages/airflow/example_dags/example_nested_branch_dag.py for tasks to queue
[2023-01-14 19:28:55,572] {logging_mixin.py:115} INFO - [2023-01-14 19:28:55,572] {dagbag.py:507} INFO - Filling up the DagBag from /home/airflow/.local/lib/python3.7/site-packages/airflow/example_dags/example_nested_branch_dag.py
[2023-01-14 19:28:55,613] {processor.py:651} INFO - DAG(s) dict_keys(['example_nested_branch_dag']) retrieved from /home/airflow/.local/lib/python3.7/site-packages/airflow/example_dags/example_nested_branch_dag.py
[2023-01-14 19:28:55,676] {logging_mixin.py:115} INFO - [2023-01-14 19:28:55,676] {dag.py:2371} INFO - Sync 1 DAGs
[2023-01-14 19:28:55,761] {logging_mixin.py:115} INFO - [2023-01-14 19:28:55,760] {dag.py:2919} INFO - Setting next_dagrun for example_nested_branch_dag to 2023-01-13T00:00:00+00:00, run_after=2023-01-14T00:00:00+00:00
[2023-01-14 19:28:56,279] {processor.py:161} INFO - Processing /home/airflow/.local/lib/python3.7/site-packages/airflow/example_dags/example_nested_branch_dag.py took 0.726 seconds
[2023-01-14 19:29:26,752] {processor.py:153} INFO - Started process (PID=3157) to work on /home/airflow/.local/lib/python3.7/site-packages/airflow/example_dags/example_nested_branch_dag.py
[2023-01-14 19:29:26,754] {processor.py:641} INFO - Processing file /home/airflow/.local/lib/python3.7/site-packages/airflow/example_dags/example_nested_branch_dag.py for tasks to queue
[2023-01-14 19:29:26,756] {logging_mixin.py:115} INFO - [2023-01-14 19:29:26,756] {dagbag.py:507} INFO - Filling up the DagBag from /home/airflow/.local/lib/python3.7/site-packages/airflow/example_dags/example_nested_branch_dag.py
[2023-01-14 19:29:26,773] {processor.py:651} INFO - DAG(s) dict_keys(['example_nested_branch_dag']) retrieved from /home/airflow/.local/lib/python3.7/site-packages/airflow/example_dags/example_nested_branch_dag.py
[2023-01-14 19:29:26,816] {logging_mixin.py:115} INFO - [2023-01-14 19:29:26,816] {dag.py:2371} INFO - Sync 1 DAGs
[2023-01-14 19:29:26,855] {logging_mixin.py:115} INFO - [2023-01-14 19:29:26,855] {dag.py:2919} INFO - Setting next_dagrun for example_nested_branch_dag to 2023-01-13T00:00:00+00:00, run_after=2023-01-14T00:00:00+00:00
[2023-01-14 19:29:27,095] {processor.py:161} INFO - Processing /home/airflow/.local/lib/python3.7/site-packages/airflow/example_dags/example_nested_branch_dag.py took 0.348 seconds
[2023-01-14 19:29:57,568] {processor.py:153} INFO - Started process (PID=3211) to work on /home/airflow/.local/lib/python3.7/site-packages/airflow/example_dags/example_nested_branch_dag.py
[2023-01-14 19:29:57,570] {processor.py:641} INFO - Processing file /home/airflow/.local/lib/python3.7/site-packages/airflow/example_dags/example_nested_branch_dag.py for tasks to queue
[2023-01-14 19:29:57,576] {logging_mixin.py:115} INFO - [2023-01-14 19:29:57,574] {dagbag.py:507} INFO - Filling up the DagBag from /home/airflow/.local/lib/python3.7/site-packages/airflow/example_dags/example_nested_branch_dag.py
[2023-01-14 19:29:57,613] {processor.py:651} INFO - DAG(s) dict_keys(['example_nested_branch_dag']) retrieved from /home/airflow/.local/lib/python3.7/site-packages/airflow/example_dags/example_nested_branch_dag.py
[2023-01-14 19:29:57,673] {logging_mixin.py:115} INFO - [2023-01-14 19:29:57,673] {dag.py:2371} INFO - Sync 1 DAGs
[2023-01-14 19:29:57,719] {logging_mixin.py:115} INFO - [2023-01-14 19:29:57,719] {dag.py:2919} INFO - Setting next_dagrun for example_nested_branch_dag to 2023-01-13T00:00:00+00:00, run_after=2023-01-14T00:00:00+00:00
[2023-01-14 19:29:58,376] {processor.py:161} INFO - Processing /home/airflow/.local/lib/python3.7/site-packages/airflow/example_dags/example_nested_branch_dag.py took 0.823 seconds
[2023-01-14 19:30:29,209] {processor.py:153} INFO - Started process (PID=3272) to work on /home/airflow/.local/lib/python3.7/site-packages/airflow/example_dags/example_nested_branch_dag.py
[2023-01-14 19:30:29,214] {processor.py:641} INFO - Processing file /home/airflow/.local/lib/python3.7/site-packages/airflow/example_dags/example_nested_branch_dag.py for tasks to queue
[2023-01-14 19:30:29,217] {logging_mixin.py:115} INFO - [2023-01-14 19:30:29,217] {dagbag.py:507} INFO - Filling up the DagBag from /home/airflow/.local/lib/python3.7/site-packages/airflow/example_dags/example_nested_branch_dag.py
[2023-01-14 19:30:29,267] {processor.py:651} INFO - DAG(s) dict_keys(['example_nested_branch_dag']) retrieved from /home/airflow/.local/lib/python3.7/site-packages/airflow/example_dags/example_nested_branch_dag.py
[2023-01-14 19:30:29,384] {logging_mixin.py:115} INFO - [2023-01-14 19:30:29,383] {dag.py:2371} INFO - Sync 1 DAGs
[2023-01-14 19:30:29,513] {logging_mixin.py:115} INFO - [2023-01-14 19:30:29,513] {dag.py:2919} INFO - Setting next_dagrun for example_nested_branch_dag to 2023-01-13T00:00:00+00:00, run_after=2023-01-14T00:00:00+00:00
[2023-01-14 19:30:30,027] {processor.py:161} INFO - Processing /home/airflow/.local/lib/python3.7/site-packages/airflow/example_dags/example_nested_branch_dag.py took 0.830 seconds
[2023-01-14 19:31:00,362] {processor.py:153} INFO - Started process (PID=3327) to work on /home/airflow/.local/lib/python3.7/site-packages/airflow/example_dags/example_nested_branch_dag.py
[2023-01-14 19:31:00,366] {processor.py:641} INFO - Processing file /home/airflow/.local/lib/python3.7/site-packages/airflow/example_dags/example_nested_branch_dag.py for tasks to queue
[2023-01-14 19:31:00,369] {logging_mixin.py:115} INFO - [2023-01-14 19:31:00,369] {dagbag.py:507} INFO - Filling up the DagBag from /home/airflow/.local/lib/python3.7/site-packages/airflow/example_dags/example_nested_branch_dag.py
[2023-01-14 19:31:00,446] {processor.py:651} INFO - DAG(s) dict_keys(['example_nested_branch_dag']) retrieved from /home/airflow/.local/lib/python3.7/site-packages/airflow/example_dags/example_nested_branch_dag.py
[2023-01-14 19:31:00,661] {logging_mixin.py:115} INFO - [2023-01-14 19:31:00,661] {dag.py:2371} INFO - Sync 1 DAGs
[2023-01-14 19:31:00,888] {logging_mixin.py:115} INFO - [2023-01-14 19:31:00,875] {dag.py:2919} INFO - Setting next_dagrun for example_nested_branch_dag to 2023-01-13T00:00:00+00:00, run_after=2023-01-14T00:00:00+00:00
[2023-01-14 19:31:01,948] {processor.py:161} INFO - Processing /home/airflow/.local/lib/python3.7/site-packages/airflow/example_dags/example_nested_branch_dag.py took 1.591 seconds
[2023-01-14 19:31:32,713] {processor.py:153} INFO - Started process (PID=3380) to work on /home/airflow/.local/lib/python3.7/site-packages/airflow/example_dags/example_nested_branch_dag.py
[2023-01-14 19:31:32,724] {processor.py:641} INFO - Processing file /home/airflow/.local/lib/python3.7/site-packages/airflow/example_dags/example_nested_branch_dag.py for tasks to queue
[2023-01-14 19:31:32,739] {logging_mixin.py:115} INFO - [2023-01-14 19:31:32,738] {dagbag.py:507} INFO - Filling up the DagBag from /home/airflow/.local/lib/python3.7/site-packages/airflow/example_dags/example_nested_branch_dag.py
[2023-01-14 19:31:32,808] {processor.py:651} INFO - DAG(s) dict_keys(['example_nested_branch_dag']) retrieved from /home/airflow/.local/lib/python3.7/site-packages/airflow/example_dags/example_nested_branch_dag.py
[2023-01-14 19:31:33,184] {logging_mixin.py:115} INFO - [2023-01-14 19:31:33,184] {dag.py:2371} INFO - Sync 1 DAGs
[2023-01-14 19:31:33,274] {logging_mixin.py:115} INFO - [2023-01-14 19:31:33,273] {dag.py:2919} INFO - Setting next_dagrun for example_nested_branch_dag to 2023-01-13T00:00:00+00:00, run_after=2023-01-14T00:00:00+00:00
[2023-01-14 19:31:33,560] {processor.py:161} INFO - Processing /home/airflow/.local/lib/python3.7/site-packages/airflow/example_dags/example_nested_branch_dag.py took 0.883 seconds
[2023-01-14 19:32:03,689] {processor.py:153} INFO - Started process (PID=3434) to work on /home/airflow/.local/lib/python3.7/site-packages/airflow/example_dags/example_nested_branch_dag.py
[2023-01-14 19:32:03,691] {processor.py:641} INFO - Processing file /home/airflow/.local/lib/python3.7/site-packages/airflow/example_dags/example_nested_branch_dag.py for tasks to queue
[2023-01-14 19:32:03,693] {logging_mixin.py:115} INFO - [2023-01-14 19:32:03,693] {dagbag.py:507} INFO - Filling up the DagBag from /home/airflow/.local/lib/python3.7/site-packages/airflow/example_dags/example_nested_branch_dag.py
[2023-01-14 19:32:03,718] {processor.py:651} INFO - DAG(s) dict_keys(['example_nested_branch_dag']) retrieved from /home/airflow/.local/lib/python3.7/site-packages/airflow/example_dags/example_nested_branch_dag.py
[2023-01-14 19:32:03,760] {logging_mixin.py:115} INFO - [2023-01-14 19:32:03,760] {dag.py:2371} INFO - Sync 1 DAGs
[2023-01-14 19:32:03,797] {logging_mixin.py:115} INFO - [2023-01-14 19:32:03,797] {dag.py:2919} INFO - Setting next_dagrun for example_nested_branch_dag to 2023-01-13T00:00:00+00:00, run_after=2023-01-14T00:00:00+00:00
[2023-01-14 19:32:04,042] {processor.py:161} INFO - Processing /home/airflow/.local/lib/python3.7/site-packages/airflow/example_dags/example_nested_branch_dag.py took 0.359 seconds
[2023-01-14 19:32:34,346] {processor.py:153} INFO - Started process (PID=3497) to work on /home/airflow/.local/lib/python3.7/site-packages/airflow/example_dags/example_nested_branch_dag.py
[2023-01-14 19:32:34,348] {processor.py:641} INFO - Processing file /home/airflow/.local/lib/python3.7/site-packages/airflow/example_dags/example_nested_branch_dag.py for tasks to queue
[2023-01-14 19:32:34,350] {logging_mixin.py:115} INFO - [2023-01-14 19:32:34,350] {dagbag.py:507} INFO - Filling up the DagBag from /home/airflow/.local/lib/python3.7/site-packages/airflow/example_dags/example_nested_branch_dag.py
[2023-01-14 19:32:34,365] {processor.py:651} INFO - DAG(s) dict_keys(['example_nested_branch_dag']) retrieved from /home/airflow/.local/lib/python3.7/site-packages/airflow/example_dags/example_nested_branch_dag.py
[2023-01-14 19:32:34,415] {logging_mixin.py:115} INFO - [2023-01-14 19:32:34,415] {dag.py:2371} INFO - Sync 1 DAGs
[2023-01-14 19:32:34,461] {logging_mixin.py:115} INFO - [2023-01-14 19:32:34,461] {dag.py:2919} INFO - Setting next_dagrun for example_nested_branch_dag to 2023-01-13T00:00:00+00:00, run_after=2023-01-14T00:00:00+00:00
[2023-01-14 19:32:34,832] {processor.py:161} INFO - Processing /home/airflow/.local/lib/python3.7/site-packages/airflow/example_dags/example_nested_branch_dag.py took 0.490 seconds
