[2023-01-14 19:23:46,064] {processor.py:153} INFO - Started process (PID=2512) to work on /home/airflow/.local/lib/python3.7/site-packages/airflow/example_dags/example_sla_dag.py
[2023-01-14 19:23:46,067] {processor.py:641} INFO - Processing file /home/airflow/.local/lib/python3.7/site-packages/airflow/example_dags/example_sla_dag.py for tasks to queue
[2023-01-14 19:23:46,069] {logging_mixin.py:115} INFO - [2023-01-14 19:23:46,069] {dagbag.py:507} INFO - Filling up the DagBag from /home/airflow/.local/lib/python3.7/site-packages/airflow/example_dags/example_sla_dag.py
[2023-01-14 19:23:46,134] {processor.py:651} INFO - DAG(s) dict_keys(['example_sla_dag']) retrieved from /home/airflow/.local/lib/python3.7/site-packages/airflow/example_dags/example_sla_dag.py
[2023-01-14 19:23:46,218] {logging_mixin.py:115} INFO - [2023-01-14 19:23:46,218] {dag.py:2371} INFO - Sync 1 DAGs
[2023-01-14 19:23:46,300] {logging_mixin.py:115} INFO - [2023-01-14 19:23:46,300] {dag.py:2919} INFO - Setting next_dagrun for example_sla_dag to 2023-01-14T19:20:00+00:00, run_after=2023-01-14T19:22:00+00:00
[2023-01-14 19:23:47,071] {processor.py:161} INFO - Processing /home/airflow/.local/lib/python3.7/site-packages/airflow/example_dags/example_sla_dag.py took 1.013 seconds
[2023-01-14 19:24:17,198] {processor.py:153} INFO - Started process (PID=2565) to work on /home/airflow/.local/lib/python3.7/site-packages/airflow/example_dags/example_sla_dag.py
[2023-01-14 19:24:17,202] {processor.py:641} INFO - Processing file /home/airflow/.local/lib/python3.7/site-packages/airflow/example_dags/example_sla_dag.py for tasks to queue
[2023-01-14 19:24:17,205] {logging_mixin.py:115} INFO - [2023-01-14 19:24:17,204] {dagbag.py:507} INFO - Filling up the DagBag from /home/airflow/.local/lib/python3.7/site-packages/airflow/example_dags/example_sla_dag.py
[2023-01-14 19:24:17,226] {processor.py:651} INFO - DAG(s) dict_keys(['example_sla_dag']) retrieved from /home/airflow/.local/lib/python3.7/site-packages/airflow/example_dags/example_sla_dag.py
[2023-01-14 19:24:17,257] {logging_mixin.py:115} INFO - [2023-01-14 19:24:17,257] {dag.py:2371} INFO - Sync 1 DAGs
[2023-01-14 19:24:17,294] {logging_mixin.py:115} INFO - [2023-01-14 19:24:17,294] {dag.py:2919} INFO - Setting next_dagrun for example_sla_dag to 2023-01-14T19:22:00+00:00, run_after=2023-01-14T19:24:00+00:00
[2023-01-14 19:24:17,472] {processor.py:161} INFO - Processing /home/airflow/.local/lib/python3.7/site-packages/airflow/example_dags/example_sla_dag.py took 0.278 seconds
[2023-01-14 19:24:48,234] {processor.py:153} INFO - Started process (PID=2627) to work on /home/airflow/.local/lib/python3.7/site-packages/airflow/example_dags/example_sla_dag.py
[2023-01-14 19:24:48,236] {processor.py:641} INFO - Processing file /home/airflow/.local/lib/python3.7/site-packages/airflow/example_dags/example_sla_dag.py for tasks to queue
[2023-01-14 19:24:48,237] {logging_mixin.py:115} INFO - [2023-01-14 19:24:48,237] {dagbag.py:507} INFO - Filling up the DagBag from /home/airflow/.local/lib/python3.7/site-packages/airflow/example_dags/example_sla_dag.py
[2023-01-14 19:24:48,264] {processor.py:651} INFO - DAG(s) dict_keys(['example_sla_dag']) retrieved from /home/airflow/.local/lib/python3.7/site-packages/airflow/example_dags/example_sla_dag.py
[2023-01-14 19:24:48,301] {logging_mixin.py:115} INFO - [2023-01-14 19:24:48,301] {dag.py:2371} INFO - Sync 1 DAGs
[2023-01-14 19:24:48,343] {logging_mixin.py:115} INFO - [2023-01-14 19:24:48,343] {dag.py:2919} INFO - Setting next_dagrun for example_sla_dag to 2023-01-14T19:22:00+00:00, run_after=2023-01-14T19:24:00+00:00
[2023-01-14 19:24:48,558] {processor.py:161} INFO - Processing /home/airflow/.local/lib/python3.7/site-packages/airflow/example_dags/example_sla_dag.py took 0.329 seconds
[2023-01-14 19:25:18,790] {processor.py:153} INFO - Started process (PID=2680) to work on /home/airflow/.local/lib/python3.7/site-packages/airflow/example_dags/example_sla_dag.py
[2023-01-14 19:25:18,792] {processor.py:641} INFO - Processing file /home/airflow/.local/lib/python3.7/site-packages/airflow/example_dags/example_sla_dag.py for tasks to queue
[2023-01-14 19:25:18,794] {logging_mixin.py:115} INFO - [2023-01-14 19:25:18,793] {dagbag.py:507} INFO - Filling up the DagBag from /home/airflow/.local/lib/python3.7/site-packages/airflow/example_dags/example_sla_dag.py
[2023-01-14 19:25:18,814] {processor.py:651} INFO - DAG(s) dict_keys(['example_sla_dag']) retrieved from /home/airflow/.local/lib/python3.7/site-packages/airflow/example_dags/example_sla_dag.py
[2023-01-14 19:25:18,847] {logging_mixin.py:115} INFO - [2023-01-14 19:25:18,846] {dag.py:2371} INFO - Sync 1 DAGs
[2023-01-14 19:25:18,893] {logging_mixin.py:115} INFO - [2023-01-14 19:25:18,893] {dag.py:2919} INFO - Setting next_dagrun for example_sla_dag to 2023-01-14T19:22:00+00:00, run_after=2023-01-14T19:24:00+00:00
[2023-01-14 19:25:19,060] {processor.py:161} INFO - Processing /home/airflow/.local/lib/python3.7/site-packages/airflow/example_dags/example_sla_dag.py took 0.275 seconds
[2023-01-14 19:25:50,081] {processor.py:153} INFO - Started process (PID=2743) to work on /home/airflow/.local/lib/python3.7/site-packages/airflow/example_dags/example_sla_dag.py
[2023-01-14 19:25:50,084] {processor.py:641} INFO - Processing file /home/airflow/.local/lib/python3.7/site-packages/airflow/example_dags/example_sla_dag.py for tasks to queue
[2023-01-14 19:25:50,086] {logging_mixin.py:115} INFO - [2023-01-14 19:25:50,086] {dagbag.py:507} INFO - Filling up the DagBag from /home/airflow/.local/lib/python3.7/site-packages/airflow/example_dags/example_sla_dag.py
[2023-01-14 19:25:50,118] {processor.py:651} INFO - DAG(s) dict_keys(['example_sla_dag']) retrieved from /home/airflow/.local/lib/python3.7/site-packages/airflow/example_dags/example_sla_dag.py
[2023-01-14 19:25:50,157] {logging_mixin.py:115} INFO - [2023-01-14 19:25:50,156] {dag.py:2371} INFO - Sync 1 DAGs
[2023-01-14 19:25:50,199] {logging_mixin.py:115} INFO - [2023-01-14 19:25:50,199] {dag.py:2919} INFO - Setting next_dagrun for example_sla_dag to 2023-01-14T19:22:00+00:00, run_after=2023-01-14T19:24:00+00:00
[2023-01-14 19:25:50,419] {processor.py:161} INFO - Processing /home/airflow/.local/lib/python3.7/site-packages/airflow/example_dags/example_sla_dag.py took 0.343 seconds
[2023-01-14 19:26:21,284] {processor.py:153} INFO - Started process (PID=2803) to work on /home/airflow/.local/lib/python3.7/site-packages/airflow/example_dags/example_sla_dag.py
[2023-01-14 19:26:21,286] {processor.py:641} INFO - Processing file /home/airflow/.local/lib/python3.7/site-packages/airflow/example_dags/example_sla_dag.py for tasks to queue
[2023-01-14 19:26:21,288] {logging_mixin.py:115} INFO - [2023-01-14 19:26:21,288] {dagbag.py:507} INFO - Filling up the DagBag from /home/airflow/.local/lib/python3.7/site-packages/airflow/example_dags/example_sla_dag.py
[2023-01-14 19:26:21,327] {processor.py:651} INFO - DAG(s) dict_keys(['example_sla_dag']) retrieved from /home/airflow/.local/lib/python3.7/site-packages/airflow/example_dags/example_sla_dag.py
[2023-01-14 19:26:21,373] {logging_mixin.py:115} INFO - [2023-01-14 19:26:21,373] {dag.py:2371} INFO - Sync 1 DAGs
[2023-01-14 19:26:21,417] {logging_mixin.py:115} INFO - [2023-01-14 19:26:21,416] {dag.py:2919} INFO - Setting next_dagrun for example_sla_dag to 2023-01-14T19:24:00+00:00, run_after=2023-01-14T19:26:00+00:00
[2023-01-14 19:26:21,650] {processor.py:161} INFO - Processing /home/airflow/.local/lib/python3.7/site-packages/airflow/example_dags/example_sla_dag.py took 0.373 seconds
[2023-01-14 19:26:52,072] {processor.py:153} INFO - Started process (PID=2858) to work on /home/airflow/.local/lib/python3.7/site-packages/airflow/example_dags/example_sla_dag.py
[2023-01-14 19:26:52,074] {processor.py:641} INFO - Processing file /home/airflow/.local/lib/python3.7/site-packages/airflow/example_dags/example_sla_dag.py for tasks to queue
[2023-01-14 19:26:52,075] {logging_mixin.py:115} INFO - [2023-01-14 19:26:52,075] {dagbag.py:507} INFO - Filling up the DagBag from /home/airflow/.local/lib/python3.7/site-packages/airflow/example_dags/example_sla_dag.py
[2023-01-14 19:26:52,106] {processor.py:651} INFO - DAG(s) dict_keys(['example_sla_dag']) retrieved from /home/airflow/.local/lib/python3.7/site-packages/airflow/example_dags/example_sla_dag.py
[2023-01-14 19:26:52,143] {logging_mixin.py:115} INFO - [2023-01-14 19:26:52,143] {dag.py:2371} INFO - Sync 1 DAGs
[2023-01-14 19:26:52,178] {logging_mixin.py:115} INFO - [2023-01-14 19:26:52,177] {dag.py:2919} INFO - Setting next_dagrun for example_sla_dag to 2023-01-14T19:24:00+00:00, run_after=2023-01-14T19:26:00+00:00
[2023-01-14 19:26:52,349] {processor.py:161} INFO - Processing /home/airflow/.local/lib/python3.7/site-packages/airflow/example_dags/example_sla_dag.py took 0.280 seconds
[2023-01-14 19:27:22,500] {processor.py:153} INFO - Started process (PID=2921) to work on /home/airflow/.local/lib/python3.7/site-packages/airflow/example_dags/example_sla_dag.py
[2023-01-14 19:27:22,502] {processor.py:641} INFO - Processing file /home/airflow/.local/lib/python3.7/site-packages/airflow/example_dags/example_sla_dag.py for tasks to queue
[2023-01-14 19:27:22,504] {logging_mixin.py:115} INFO - [2023-01-14 19:27:22,504] {dagbag.py:507} INFO - Filling up the DagBag from /home/airflow/.local/lib/python3.7/site-packages/airflow/example_dags/example_sla_dag.py
[2023-01-14 19:27:22,526] {processor.py:651} INFO - DAG(s) dict_keys(['example_sla_dag']) retrieved from /home/airflow/.local/lib/python3.7/site-packages/airflow/example_dags/example_sla_dag.py
[2023-01-14 19:27:22,568] {logging_mixin.py:115} INFO - [2023-01-14 19:27:22,568] {dag.py:2371} INFO - Sync 1 DAGs
[2023-01-14 19:27:22,599] {logging_mixin.py:115} INFO - [2023-01-14 19:27:22,599] {dag.py:2919} INFO - Setting next_dagrun for example_sla_dag to 2023-01-14T19:24:00+00:00, run_after=2023-01-14T19:26:00+00:00
[2023-01-14 19:27:22,786] {processor.py:161} INFO - Processing /home/airflow/.local/lib/python3.7/site-packages/airflow/example_dags/example_sla_dag.py took 0.290 seconds
[2023-01-14 19:27:53,192] {processor.py:153} INFO - Started process (PID=2974) to work on /home/airflow/.local/lib/python3.7/site-packages/airflow/example_dags/example_sla_dag.py
[2023-01-14 19:27:53,193] {processor.py:641} INFO - Processing file /home/airflow/.local/lib/python3.7/site-packages/airflow/example_dags/example_sla_dag.py for tasks to queue
[2023-01-14 19:27:53,195] {logging_mixin.py:115} INFO - [2023-01-14 19:27:53,195] {dagbag.py:507} INFO - Filling up the DagBag from /home/airflow/.local/lib/python3.7/site-packages/airflow/example_dags/example_sla_dag.py
[2023-01-14 19:27:53,215] {processor.py:651} INFO - DAG(s) dict_keys(['example_sla_dag']) retrieved from /home/airflow/.local/lib/python3.7/site-packages/airflow/example_dags/example_sla_dag.py
[2023-01-14 19:27:53,247] {logging_mixin.py:115} INFO - [2023-01-14 19:27:53,247] {dag.py:2371} INFO - Sync 1 DAGs
[2023-01-14 19:27:53,282] {logging_mixin.py:115} INFO - [2023-01-14 19:27:53,282] {dag.py:2919} INFO - Setting next_dagrun for example_sla_dag to 2023-01-14T19:24:00+00:00, run_after=2023-01-14T19:26:00+00:00
[2023-01-14 19:27:53,443] {processor.py:161} INFO - Processing /home/airflow/.local/lib/python3.7/site-packages/airflow/example_dags/example_sla_dag.py took 0.255 seconds
[2023-01-14 19:28:23,585] {processor.py:153} INFO - Started process (PID=3036) to work on /home/airflow/.local/lib/python3.7/site-packages/airflow/example_dags/example_sla_dag.py
[2023-01-14 19:28:23,587] {processor.py:641} INFO - Processing file /home/airflow/.local/lib/python3.7/site-packages/airflow/example_dags/example_sla_dag.py for tasks to queue
[2023-01-14 19:28:23,589] {logging_mixin.py:115} INFO - [2023-01-14 19:28:23,588] {dagbag.py:507} INFO - Filling up the DagBag from /home/airflow/.local/lib/python3.7/site-packages/airflow/example_dags/example_sla_dag.py
[2023-01-14 19:28:23,611] {processor.py:651} INFO - DAG(s) dict_keys(['example_sla_dag']) retrieved from /home/airflow/.local/lib/python3.7/site-packages/airflow/example_dags/example_sla_dag.py
[2023-01-14 19:28:23,644] {logging_mixin.py:115} INFO - [2023-01-14 19:28:23,644] {dag.py:2371} INFO - Sync 1 DAGs
[2023-01-14 19:28:23,672] {logging_mixin.py:115} INFO - [2023-01-14 19:28:23,672] {dag.py:2919} INFO - Setting next_dagrun for example_sla_dag to 2023-01-14T19:26:00+00:00, run_after=2023-01-14T19:28:00+00:00
[2023-01-14 19:28:23,823] {processor.py:161} INFO - Processing /home/airflow/.local/lib/python3.7/site-packages/airflow/example_dags/example_sla_dag.py took 0.242 seconds
[2023-01-14 19:28:54,228] {processor.py:153} INFO - Started process (PID=3090) to work on /home/airflow/.local/lib/python3.7/site-packages/airflow/example_dags/example_sla_dag.py
[2023-01-14 19:28:54,230] {processor.py:641} INFO - Processing file /home/airflow/.local/lib/python3.7/site-packages/airflow/example_dags/example_sla_dag.py for tasks to queue
[2023-01-14 19:28:54,232] {logging_mixin.py:115} INFO - [2023-01-14 19:28:54,232] {dagbag.py:507} INFO - Filling up the DagBag from /home/airflow/.local/lib/python3.7/site-packages/airflow/example_dags/example_sla_dag.py
[2023-01-14 19:28:54,264] {processor.py:651} INFO - DAG(s) dict_keys(['example_sla_dag']) retrieved from /home/airflow/.local/lib/python3.7/site-packages/airflow/example_dags/example_sla_dag.py
[2023-01-14 19:28:54,362] {logging_mixin.py:115} INFO - [2023-01-14 19:28:54,362] {dag.py:2371} INFO - Sync 1 DAGs
[2023-01-14 19:28:54,646] {logging_mixin.py:115} INFO - [2023-01-14 19:28:54,646] {dag.py:2919} INFO - Setting next_dagrun for example_sla_dag to 2023-01-14T19:26:00+00:00, run_after=2023-01-14T19:28:00+00:00
[2023-01-14 19:28:54,695] {processor.py:161} INFO - Processing /home/airflow/.local/lib/python3.7/site-packages/airflow/example_dags/example_sla_dag.py took 0.475 seconds
[2023-01-14 19:29:25,317] {processor.py:153} INFO - Started process (PID=3154) to work on /home/airflow/.local/lib/python3.7/site-packages/airflow/example_dags/example_sla_dag.py
[2023-01-14 19:29:25,319] {processor.py:641} INFO - Processing file /home/airflow/.local/lib/python3.7/site-packages/airflow/example_dags/example_sla_dag.py for tasks to queue
[2023-01-14 19:29:25,321] {logging_mixin.py:115} INFO - [2023-01-14 19:29:25,321] {dagbag.py:507} INFO - Filling up the DagBag from /home/airflow/.local/lib/python3.7/site-packages/airflow/example_dags/example_sla_dag.py
[2023-01-14 19:29:25,356] {processor.py:651} INFO - DAG(s) dict_keys(['example_sla_dag']) retrieved from /home/airflow/.local/lib/python3.7/site-packages/airflow/example_dags/example_sla_dag.py
[2023-01-14 19:29:25,401] {logging_mixin.py:115} INFO - [2023-01-14 19:29:25,400] {dag.py:2371} INFO - Sync 1 DAGs
[2023-01-14 19:29:25,666] {logging_mixin.py:115} INFO - [2023-01-14 19:29:25,666] {dag.py:2919} INFO - Setting next_dagrun for example_sla_dag to 2023-01-14T19:26:00+00:00, run_after=2023-01-14T19:28:00+00:00
[2023-01-14 19:29:25,684] {processor.py:161} INFO - Processing /home/airflow/.local/lib/python3.7/site-packages/airflow/example_dags/example_sla_dag.py took 0.375 seconds
[2023-01-14 19:29:56,044] {processor.py:153} INFO - Started process (PID=3208) to work on /home/airflow/.local/lib/python3.7/site-packages/airflow/example_dags/example_sla_dag.py
[2023-01-14 19:29:56,053] {processor.py:641} INFO - Processing file /home/airflow/.local/lib/python3.7/site-packages/airflow/example_dags/example_sla_dag.py for tasks to queue
[2023-01-14 19:29:56,067] {logging_mixin.py:115} INFO - [2023-01-14 19:29:56,066] {dagbag.py:507} INFO - Filling up the DagBag from /home/airflow/.local/lib/python3.7/site-packages/airflow/example_dags/example_sla_dag.py
[2023-01-14 19:29:56,202] {processor.py:651} INFO - DAG(s) dict_keys(['example_sla_dag']) retrieved from /home/airflow/.local/lib/python3.7/site-packages/airflow/example_dags/example_sla_dag.py
[2023-01-14 19:29:56,567] {logging_mixin.py:115} INFO - [2023-01-14 19:29:56,567] {dag.py:2371} INFO - Sync 1 DAGs
[2023-01-14 19:29:57,017] {logging_mixin.py:115} INFO - [2023-01-14 19:29:57,016] {dag.py:2919} INFO - Setting next_dagrun for example_sla_dag to 2023-01-14T19:26:00+00:00, run_after=2023-01-14T19:28:00+00:00
[2023-01-14 19:29:57,048] {processor.py:161} INFO - Processing /home/airflow/.local/lib/python3.7/site-packages/airflow/example_dags/example_sla_dag.py took 1.015 seconds
[2023-01-14 19:30:27,364] {processor.py:153} INFO - Started process (PID=3262) to work on /home/airflow/.local/lib/python3.7/site-packages/airflow/example_dags/example_sla_dag.py
[2023-01-14 19:30:27,366] {processor.py:641} INFO - Processing file /home/airflow/.local/lib/python3.7/site-packages/airflow/example_dags/example_sla_dag.py for tasks to queue
[2023-01-14 19:30:27,372] {logging_mixin.py:115} INFO - [2023-01-14 19:30:27,372] {dagbag.py:507} INFO - Filling up the DagBag from /home/airflow/.local/lib/python3.7/site-packages/airflow/example_dags/example_sla_dag.py
[2023-01-14 19:30:27,435] {processor.py:651} INFO - DAG(s) dict_keys(['example_sla_dag']) retrieved from /home/airflow/.local/lib/python3.7/site-packages/airflow/example_dags/example_sla_dag.py
[2023-01-14 19:30:27,514] {logging_mixin.py:115} INFO - [2023-01-14 19:30:27,513] {dag.py:2371} INFO - Sync 1 DAGs
[2023-01-14 19:30:28,060] {logging_mixin.py:115} INFO - [2023-01-14 19:30:28,060] {dag.py:2919} INFO - Setting next_dagrun for example_sla_dag to 2023-01-14T19:28:00+00:00, run_after=2023-01-14T19:30:00+00:00
[2023-01-14 19:30:28,109] {processor.py:161} INFO - Processing /home/airflow/.local/lib/python3.7/site-packages/airflow/example_dags/example_sla_dag.py took 0.756 seconds
[2023-01-14 19:30:59,330] {processor.py:153} INFO - Started process (PID=3324) to work on /home/airflow/.local/lib/python3.7/site-packages/airflow/example_dags/example_sla_dag.py
[2023-01-14 19:30:59,332] {processor.py:641} INFO - Processing file /home/airflow/.local/lib/python3.7/site-packages/airflow/example_dags/example_sla_dag.py for tasks to queue
[2023-01-14 19:30:59,334] {logging_mixin.py:115} INFO - [2023-01-14 19:30:59,334] {dagbag.py:507} INFO - Filling up the DagBag from /home/airflow/.local/lib/python3.7/site-packages/airflow/example_dags/example_sla_dag.py
[2023-01-14 19:30:59,382] {processor.py:651} INFO - DAG(s) dict_keys(['example_sla_dag']) retrieved from /home/airflow/.local/lib/python3.7/site-packages/airflow/example_dags/example_sla_dag.py
[2023-01-14 19:30:59,478] {logging_mixin.py:115} INFO - [2023-01-14 19:30:59,478] {dag.py:2371} INFO - Sync 1 DAGs
[2023-01-14 19:30:59,974] {logging_mixin.py:115} INFO - [2023-01-14 19:30:59,973] {dag.py:2919} INFO - Setting next_dagrun for example_sla_dag to 2023-01-14T19:28:00+00:00, run_after=2023-01-14T19:30:00+00:00
[2023-01-14 19:31:00,160] {processor.py:161} INFO - Processing /home/airflow/.local/lib/python3.7/site-packages/airflow/example_dags/example_sla_dag.py took 0.832 seconds
[2023-01-14 19:31:30,383] {processor.py:153} INFO - Started process (PID=3377) to work on /home/airflow/.local/lib/python3.7/site-packages/airflow/example_dags/example_sla_dag.py
[2023-01-14 19:31:30,386] {processor.py:641} INFO - Processing file /home/airflow/.local/lib/python3.7/site-packages/airflow/example_dags/example_sla_dag.py for tasks to queue
[2023-01-14 19:31:30,388] {logging_mixin.py:115} INFO - [2023-01-14 19:31:30,388] {dagbag.py:507} INFO - Filling up the DagBag from /home/airflow/.local/lib/python3.7/site-packages/airflow/example_dags/example_sla_dag.py
[2023-01-14 19:31:30,440] {processor.py:651} INFO - DAG(s) dict_keys(['example_sla_dag']) retrieved from /home/airflow/.local/lib/python3.7/site-packages/airflow/example_dags/example_sla_dag.py
[2023-01-14 19:31:30,495] {logging_mixin.py:115} INFO - [2023-01-14 19:31:30,494] {dag.py:2371} INFO - Sync 1 DAGs
[2023-01-14 19:31:30,868] {logging_mixin.py:115} INFO - [2023-01-14 19:31:30,867] {dag.py:2919} INFO - Setting next_dagrun for example_sla_dag to 2023-01-14T19:28:00+00:00, run_after=2023-01-14T19:30:00+00:00
[2023-01-14 19:31:30,924] {processor.py:161} INFO - Processing /home/airflow/.local/lib/python3.7/site-packages/airflow/example_dags/example_sla_dag.py took 0.549 seconds
[2023-01-14 19:32:02,218] {processor.py:153} INFO - Started process (PID=3431) to work on /home/airflow/.local/lib/python3.7/site-packages/airflow/example_dags/example_sla_dag.py
[2023-01-14 19:32:02,224] {processor.py:641} INFO - Processing file /home/airflow/.local/lib/python3.7/site-packages/airflow/example_dags/example_sla_dag.py for tasks to queue
[2023-01-14 19:32:02,226] {logging_mixin.py:115} INFO - [2023-01-14 19:32:02,226] {dagbag.py:507} INFO - Filling up the DagBag from /home/airflow/.local/lib/python3.7/site-packages/airflow/example_dags/example_sla_dag.py
[2023-01-14 19:32:02,290] {processor.py:651} INFO - DAG(s) dict_keys(['example_sla_dag']) retrieved from /home/airflow/.local/lib/python3.7/site-packages/airflow/example_dags/example_sla_dag.py
[2023-01-14 19:32:02,377] {logging_mixin.py:115} INFO - [2023-01-14 19:32:02,377] {dag.py:2371} INFO - Sync 1 DAGs
[2023-01-14 19:32:02,937] {logging_mixin.py:115} INFO - [2023-01-14 19:32:02,937] {dag.py:2919} INFO - Setting next_dagrun for example_sla_dag to 2023-01-14T19:30:00+00:00, run_after=2023-01-14T19:32:00+00:00
[2023-01-14 19:32:02,975] {processor.py:161} INFO - Processing /home/airflow/.local/lib/python3.7/site-packages/airflow/example_dags/example_sla_dag.py took 0.769 seconds
[2023-01-14 19:32:33,442] {processor.py:153} INFO - Started process (PID=3485) to work on /home/airflow/.local/lib/python3.7/site-packages/airflow/example_dags/example_sla_dag.py
[2023-01-14 19:32:33,445] {processor.py:641} INFO - Processing file /home/airflow/.local/lib/python3.7/site-packages/airflow/example_dags/example_sla_dag.py for tasks to queue
[2023-01-14 19:32:33,447] {logging_mixin.py:115} INFO - [2023-01-14 19:32:33,446] {dagbag.py:507} INFO - Filling up the DagBag from /home/airflow/.local/lib/python3.7/site-packages/airflow/example_dags/example_sla_dag.py
[2023-01-14 19:32:33,493] {processor.py:651} INFO - DAG(s) dict_keys(['example_sla_dag']) retrieved from /home/airflow/.local/lib/python3.7/site-packages/airflow/example_dags/example_sla_dag.py
[2023-01-14 19:32:33,544] {logging_mixin.py:115} INFO - [2023-01-14 19:32:33,544] {dag.py:2371} INFO - Sync 1 DAGs
[2023-01-14 19:32:33,881] {logging_mixin.py:115} INFO - [2023-01-14 19:32:33,881] {dag.py:2919} INFO - Setting next_dagrun for example_sla_dag to 2023-01-14T19:30:00+00:00, run_after=2023-01-14T19:32:00+00:00
[2023-01-14 19:32:33,912] {processor.py:161} INFO - Processing /home/airflow/.local/lib/python3.7/site-packages/airflow/example_dags/example_sla_dag.py took 0.479 seconds
