[2023-01-14 19:23:56,398] {processor.py:153} INFO - Started process (PID=2534) to work on /home/airflow/.local/lib/python3.7/site-packages/airflow/example_dags/example_xcomargs.py
[2023-01-14 19:23:56,404] {processor.py:641} INFO - Processing file /home/airflow/.local/lib/python3.7/site-packages/airflow/example_dags/example_xcomargs.py for tasks to queue
[2023-01-14 19:23:56,410] {logging_mixin.py:115} INFO - [2023-01-14 19:23:56,409] {dagbag.py:507} INFO - Filling up the DagBag from /home/airflow/.local/lib/python3.7/site-packages/airflow/example_dags/example_xcomargs.py
[2023-01-14 19:23:56,534] {processor.py:651} INFO - DAG(s) dict_keys(['example_xcom_args', 'example_xcom_args_with_operators']) retrieved from /home/airflow/.local/lib/python3.7/site-packages/airflow/example_dags/example_xcomargs.py
[2023-01-14 19:23:57,618] {logging_mixin.py:115} INFO - [2023-01-14 19:23:57,618] {dag.py:2371} INFO - Sync 2 DAGs
[2023-01-14 19:23:57,656] {logging_mixin.py:115} INFO - [2023-01-14 19:23:57,656] {dag.py:2919} INFO - Setting next_dagrun for example_xcom_args to None, run_after=None
[2023-01-14 19:23:57,658] {logging_mixin.py:115} INFO - [2023-01-14 19:23:57,658] {dag.py:2919} INFO - Setting next_dagrun for example_xcom_args_with_operators to None, run_after=None
[2023-01-14 19:23:57,685] {processor.py:161} INFO - Processing /home/airflow/.local/lib/python3.7/site-packages/airflow/example_dags/example_xcomargs.py took 1.320 seconds
[2023-01-14 19:24:28,341] {processor.py:153} INFO - Started process (PID=2591) to work on /home/airflow/.local/lib/python3.7/site-packages/airflow/example_dags/example_xcomargs.py
[2023-01-14 19:24:28,343] {processor.py:641} INFO - Processing file /home/airflow/.local/lib/python3.7/site-packages/airflow/example_dags/example_xcomargs.py for tasks to queue
[2023-01-14 19:24:28,345] {logging_mixin.py:115} INFO - [2023-01-14 19:24:28,345] {dagbag.py:507} INFO - Filling up the DagBag from /home/airflow/.local/lib/python3.7/site-packages/airflow/example_dags/example_xcomargs.py
[2023-01-14 19:24:28,365] {processor.py:651} INFO - DAG(s) dict_keys(['example_xcom_args', 'example_xcom_args_with_operators']) retrieved from /home/airflow/.local/lib/python3.7/site-packages/airflow/example_dags/example_xcomargs.py
[2023-01-14 19:24:28,531] {logging_mixin.py:115} INFO - [2023-01-14 19:24:28,531] {dag.py:2371} INFO - Sync 2 DAGs
[2023-01-14 19:24:28,547] {logging_mixin.py:115} INFO - [2023-01-14 19:24:28,547] {dag.py:2919} INFO - Setting next_dagrun for example_xcom_args to None, run_after=None
[2023-01-14 19:24:28,548] {logging_mixin.py:115} INFO - [2023-01-14 19:24:28,548] {dag.py:2919} INFO - Setting next_dagrun for example_xcom_args_with_operators to None, run_after=None
[2023-01-14 19:24:28,562] {processor.py:161} INFO - Processing /home/airflow/.local/lib/python3.7/site-packages/airflow/example_dags/example_xcomargs.py took 0.224 seconds
[2023-01-14 19:24:58,933] {processor.py:153} INFO - Started process (PID=2653) to work on /home/airflow/.local/lib/python3.7/site-packages/airflow/example_dags/example_xcomargs.py
[2023-01-14 19:24:58,935] {processor.py:641} INFO - Processing file /home/airflow/.local/lib/python3.7/site-packages/airflow/example_dags/example_xcomargs.py for tasks to queue
[2023-01-14 19:24:58,936] {logging_mixin.py:115} INFO - [2023-01-14 19:24:58,936] {dagbag.py:507} INFO - Filling up the DagBag from /home/airflow/.local/lib/python3.7/site-packages/airflow/example_dags/example_xcomargs.py
[2023-01-14 19:24:58,955] {processor.py:651} INFO - DAG(s) dict_keys(['example_xcom_args', 'example_xcom_args_with_operators']) retrieved from /home/airflow/.local/lib/python3.7/site-packages/airflow/example_dags/example_xcomargs.py
[2023-01-14 19:24:59,151] {logging_mixin.py:115} INFO - [2023-01-14 19:24:59,151] {dag.py:2371} INFO - Sync 2 DAGs
[2023-01-14 19:24:59,170] {logging_mixin.py:115} INFO - [2023-01-14 19:24:59,170] {dag.py:2919} INFO - Setting next_dagrun for example_xcom_args to None, run_after=None
[2023-01-14 19:24:59,171] {logging_mixin.py:115} INFO - [2023-01-14 19:24:59,171] {dag.py:2919} INFO - Setting next_dagrun for example_xcom_args_with_operators to None, run_after=None
[2023-01-14 19:24:59,186] {processor.py:161} INFO - Processing /home/airflow/.local/lib/python3.7/site-packages/airflow/example_dags/example_xcomargs.py took 0.256 seconds
[2023-01-14 19:25:29,625] {processor.py:153} INFO - Started process (PID=2706) to work on /home/airflow/.local/lib/python3.7/site-packages/airflow/example_dags/example_xcomargs.py
[2023-01-14 19:25:29,627] {processor.py:641} INFO - Processing file /home/airflow/.local/lib/python3.7/site-packages/airflow/example_dags/example_xcomargs.py for tasks to queue
[2023-01-14 19:25:29,629] {logging_mixin.py:115} INFO - [2023-01-14 19:25:29,629] {dagbag.py:507} INFO - Filling up the DagBag from /home/airflow/.local/lib/python3.7/site-packages/airflow/example_dags/example_xcomargs.py
[2023-01-14 19:25:29,650] {processor.py:651} INFO - DAG(s) dict_keys(['example_xcom_args', 'example_xcom_args_with_operators']) retrieved from /home/airflow/.local/lib/python3.7/site-packages/airflow/example_dags/example_xcomargs.py
[2023-01-14 19:25:29,883] {logging_mixin.py:115} INFO - [2023-01-14 19:25:29,883] {dag.py:2371} INFO - Sync 2 DAGs
[2023-01-14 19:25:29,912] {logging_mixin.py:115} INFO - [2023-01-14 19:25:29,912] {dag.py:2919} INFO - Setting next_dagrun for example_xcom_args to None, run_after=None
[2023-01-14 19:25:29,913] {logging_mixin.py:115} INFO - [2023-01-14 19:25:29,913] {dag.py:2919} INFO - Setting next_dagrun for example_xcom_args_with_operators to None, run_after=None
[2023-01-14 19:25:29,928] {processor.py:161} INFO - Processing /home/airflow/.local/lib/python3.7/site-packages/airflow/example_dags/example_xcomargs.py took 0.306 seconds
[2023-01-14 19:26:00,449] {processor.py:153} INFO - Started process (PID=2769) to work on /home/airflow/.local/lib/python3.7/site-packages/airflow/example_dags/example_xcomargs.py
[2023-01-14 19:26:00,451] {processor.py:641} INFO - Processing file /home/airflow/.local/lib/python3.7/site-packages/airflow/example_dags/example_xcomargs.py for tasks to queue
[2023-01-14 19:26:00,452] {logging_mixin.py:115} INFO - [2023-01-14 19:26:00,452] {dagbag.py:507} INFO - Filling up the DagBag from /home/airflow/.local/lib/python3.7/site-packages/airflow/example_dags/example_xcomargs.py
[2023-01-14 19:26:00,477] {processor.py:651} INFO - DAG(s) dict_keys(['example_xcom_args', 'example_xcom_args_with_operators']) retrieved from /home/airflow/.local/lib/python3.7/site-packages/airflow/example_dags/example_xcomargs.py
[2023-01-14 19:26:00,750] {logging_mixin.py:115} INFO - [2023-01-14 19:26:00,749] {dag.py:2371} INFO - Sync 2 DAGs
[2023-01-14 19:26:00,790] {logging_mixin.py:115} INFO - [2023-01-14 19:26:00,790] {dag.py:2919} INFO - Setting next_dagrun for example_xcom_args to None, run_after=None
[2023-01-14 19:26:00,791] {logging_mixin.py:115} INFO - [2023-01-14 19:26:00,791] {dag.py:2919} INFO - Setting next_dagrun for example_xcom_args_with_operators to None, run_after=None
[2023-01-14 19:26:00,813] {processor.py:161} INFO - Processing /home/airflow/.local/lib/python3.7/site-packages/airflow/example_dags/example_xcomargs.py took 0.368 seconds
[2023-01-14 19:26:31,147] {processor.py:153} INFO - Started process (PID=2822) to work on /home/airflow/.local/lib/python3.7/site-packages/airflow/example_dags/example_xcomargs.py
[2023-01-14 19:26:31,148] {processor.py:641} INFO - Processing file /home/airflow/.local/lib/python3.7/site-packages/airflow/example_dags/example_xcomargs.py for tasks to queue
[2023-01-14 19:26:31,150] {logging_mixin.py:115} INFO - [2023-01-14 19:26:31,150] {dagbag.py:507} INFO - Filling up the DagBag from /home/airflow/.local/lib/python3.7/site-packages/airflow/example_dags/example_xcomargs.py
[2023-01-14 19:26:31,178] {processor.py:651} INFO - DAG(s) dict_keys(['example_xcom_args', 'example_xcom_args_with_operators']) retrieved from /home/airflow/.local/lib/python3.7/site-packages/airflow/example_dags/example_xcomargs.py
[2023-01-14 19:26:31,217] {logging_mixin.py:115} INFO - [2023-01-14 19:26:31,216] {dag.py:2371} INFO - Sync 2 DAGs
[2023-01-14 19:26:31,388] {logging_mixin.py:115} INFO - [2023-01-14 19:26:31,388] {dag.py:2919} INFO - Setting next_dagrun for example_xcom_args to None, run_after=None
[2023-01-14 19:26:31,390] {logging_mixin.py:115} INFO - [2023-01-14 19:26:31,390] {dag.py:2919} INFO - Setting next_dagrun for example_xcom_args_with_operators to None, run_after=None
[2023-01-14 19:26:31,410] {processor.py:161} INFO - Processing /home/airflow/.local/lib/python3.7/site-packages/airflow/example_dags/example_xcomargs.py took 0.267 seconds
[2023-01-14 19:27:01,507] {processor.py:153} INFO - Started process (PID=2884) to work on /home/airflow/.local/lib/python3.7/site-packages/airflow/example_dags/example_xcomargs.py
[2023-01-14 19:27:01,509] {processor.py:641} INFO - Processing file /home/airflow/.local/lib/python3.7/site-packages/airflow/example_dags/example_xcomargs.py for tasks to queue
[2023-01-14 19:27:01,511] {logging_mixin.py:115} INFO - [2023-01-14 19:27:01,511] {dagbag.py:507} INFO - Filling up the DagBag from /home/airflow/.local/lib/python3.7/site-packages/airflow/example_dags/example_xcomargs.py
[2023-01-14 19:27:01,534] {processor.py:651} INFO - DAG(s) dict_keys(['example_xcom_args', 'example_xcom_args_with_operators']) retrieved from /home/airflow/.local/lib/python3.7/site-packages/airflow/example_dags/example_xcomargs.py
[2023-01-14 19:27:01,839] {logging_mixin.py:115} INFO - [2023-01-14 19:27:01,839] {dag.py:2371} INFO - Sync 2 DAGs
[2023-01-14 19:27:01,874] {logging_mixin.py:115} INFO - [2023-01-14 19:27:01,874] {dag.py:2919} INFO - Setting next_dagrun for example_xcom_args to None, run_after=None
[2023-01-14 19:27:01,876] {logging_mixin.py:115} INFO - [2023-01-14 19:27:01,875] {dag.py:2919} INFO - Setting next_dagrun for example_xcom_args_with_operators to None, run_after=None
[2023-01-14 19:27:01,895] {processor.py:161} INFO - Processing /home/airflow/.local/lib/python3.7/site-packages/airflow/example_dags/example_xcomargs.py took 0.395 seconds
[2023-01-14 19:27:32,257] {processor.py:153} INFO - Started process (PID=2945) to work on /home/airflow/.local/lib/python3.7/site-packages/airflow/example_dags/example_xcomargs.py
[2023-01-14 19:27:32,258] {processor.py:641} INFO - Processing file /home/airflow/.local/lib/python3.7/site-packages/airflow/example_dags/example_xcomargs.py for tasks to queue
[2023-01-14 19:27:32,260] {logging_mixin.py:115} INFO - [2023-01-14 19:27:32,260] {dagbag.py:507} INFO - Filling up the DagBag from /home/airflow/.local/lib/python3.7/site-packages/airflow/example_dags/example_xcomargs.py
[2023-01-14 19:27:32,291] {processor.py:651} INFO - DAG(s) dict_keys(['example_xcom_args', 'example_xcom_args_with_operators']) retrieved from /home/airflow/.local/lib/python3.7/site-packages/airflow/example_dags/example_xcomargs.py
[2023-01-14 19:27:32,332] {logging_mixin.py:115} INFO - [2023-01-14 19:27:32,331] {dag.py:2371} INFO - Sync 2 DAGs
[2023-01-14 19:27:32,563] {logging_mixin.py:115} INFO - [2023-01-14 19:27:32,563] {dag.py:2919} INFO - Setting next_dagrun for example_xcom_args to None, run_after=None
[2023-01-14 19:27:32,565] {logging_mixin.py:115} INFO - [2023-01-14 19:27:32,565] {dag.py:2919} INFO - Setting next_dagrun for example_xcom_args_with_operators to None, run_after=None
[2023-01-14 19:27:32,593] {processor.py:161} INFO - Processing /home/airflow/.local/lib/python3.7/site-packages/airflow/example_dags/example_xcomargs.py took 0.342 seconds
[2023-01-14 19:28:02,674] {processor.py:153} INFO - Started process (PID=2998) to work on /home/airflow/.local/lib/python3.7/site-packages/airflow/example_dags/example_xcomargs.py
[2023-01-14 19:28:02,677] {processor.py:641} INFO - Processing file /home/airflow/.local/lib/python3.7/site-packages/airflow/example_dags/example_xcomargs.py for tasks to queue
[2023-01-14 19:28:02,679] {logging_mixin.py:115} INFO - [2023-01-14 19:28:02,679] {dagbag.py:507} INFO - Filling up the DagBag from /home/airflow/.local/lib/python3.7/site-packages/airflow/example_dags/example_xcomargs.py
[2023-01-14 19:28:02,710] {processor.py:651} INFO - DAG(s) dict_keys(['example_xcom_args', 'example_xcom_args_with_operators']) retrieved from /home/airflow/.local/lib/python3.7/site-packages/airflow/example_dags/example_xcomargs.py
[2023-01-14 19:28:02,950] {logging_mixin.py:115} INFO - [2023-01-14 19:28:02,949] {dag.py:2371} INFO - Sync 2 DAGs
[2023-01-14 19:28:02,977] {logging_mixin.py:115} INFO - [2023-01-14 19:28:02,977] {dag.py:2919} INFO - Setting next_dagrun for example_xcom_args to None, run_after=None
[2023-01-14 19:28:02,979] {logging_mixin.py:115} INFO - [2023-01-14 19:28:02,979] {dag.py:2919} INFO - Setting next_dagrun for example_xcom_args_with_operators to None, run_after=None
[2023-01-14 19:28:03,000] {processor.py:161} INFO - Processing /home/airflow/.local/lib/python3.7/site-packages/airflow/example_dags/example_xcomargs.py took 0.331 seconds
[2023-01-14 19:28:33,145] {processor.py:153} INFO - Started process (PID=3061) to work on /home/airflow/.local/lib/python3.7/site-packages/airflow/example_dags/example_xcomargs.py
[2023-01-14 19:28:33,147] {processor.py:641} INFO - Processing file /home/airflow/.local/lib/python3.7/site-packages/airflow/example_dags/example_xcomargs.py for tasks to queue
[2023-01-14 19:28:33,149] {logging_mixin.py:115} INFO - [2023-01-14 19:28:33,149] {dagbag.py:507} INFO - Filling up the DagBag from /home/airflow/.local/lib/python3.7/site-packages/airflow/example_dags/example_xcomargs.py
[2023-01-14 19:28:33,175] {processor.py:651} INFO - DAG(s) dict_keys(['example_xcom_args', 'example_xcom_args_with_operators']) retrieved from /home/airflow/.local/lib/python3.7/site-packages/airflow/example_dags/example_xcomargs.py
[2023-01-14 19:28:33,450] {logging_mixin.py:115} INFO - [2023-01-14 19:28:33,450] {dag.py:2371} INFO - Sync 2 DAGs
[2023-01-14 19:28:33,482] {logging_mixin.py:115} INFO - [2023-01-14 19:28:33,482] {dag.py:2919} INFO - Setting next_dagrun for example_xcom_args to None, run_after=None
[2023-01-14 19:28:33,484] {logging_mixin.py:115} INFO - [2023-01-14 19:28:33,484] {dag.py:2919} INFO - Setting next_dagrun for example_xcom_args_with_operators to None, run_after=None
[2023-01-14 19:28:33,500] {processor.py:161} INFO - Processing /home/airflow/.local/lib/python3.7/site-packages/airflow/example_dags/example_xcomargs.py took 0.360 seconds
[2023-01-14 19:29:03,622] {processor.py:153} INFO - Started process (PID=3115) to work on /home/airflow/.local/lib/python3.7/site-packages/airflow/example_dags/example_xcomargs.py
[2023-01-14 19:29:03,625] {processor.py:641} INFO - Processing file /home/airflow/.local/lib/python3.7/site-packages/airflow/example_dags/example_xcomargs.py for tasks to queue
[2023-01-14 19:29:03,627] {logging_mixin.py:115} INFO - [2023-01-14 19:29:03,627] {dagbag.py:507} INFO - Filling up the DagBag from /home/airflow/.local/lib/python3.7/site-packages/airflow/example_dags/example_xcomargs.py
[2023-01-14 19:29:03,662] {processor.py:651} INFO - DAG(s) dict_keys(['example_xcom_args', 'example_xcom_args_with_operators']) retrieved from /home/airflow/.local/lib/python3.7/site-packages/airflow/example_dags/example_xcomargs.py
[2023-01-14 19:29:04,145] {logging_mixin.py:115} INFO - [2023-01-14 19:29:04,144] {dag.py:2371} INFO - Sync 2 DAGs
[2023-01-14 19:29:04,198] {logging_mixin.py:115} INFO - [2023-01-14 19:29:04,198] {dag.py:2919} INFO - Setting next_dagrun for example_xcom_args to None, run_after=None
[2023-01-14 19:29:04,199] {logging_mixin.py:115} INFO - [2023-01-14 19:29:04,199] {dag.py:2919} INFO - Setting next_dagrun for example_xcom_args_with_operators to None, run_after=None
[2023-01-14 19:29:04,239] {processor.py:161} INFO - Processing /home/airflow/.local/lib/python3.7/site-packages/airflow/example_dags/example_xcomargs.py took 0.627 seconds
[2023-01-14 19:29:34,363] {processor.py:153} INFO - Started process (PID=3169) to work on /home/airflow/.local/lib/python3.7/site-packages/airflow/example_dags/example_xcomargs.py
[2023-01-14 19:29:34,365] {processor.py:641} INFO - Processing file /home/airflow/.local/lib/python3.7/site-packages/airflow/example_dags/example_xcomargs.py for tasks to queue
[2023-01-14 19:29:34,367] {logging_mixin.py:115} INFO - [2023-01-14 19:29:34,367] {dagbag.py:507} INFO - Filling up the DagBag from /home/airflow/.local/lib/python3.7/site-packages/airflow/example_dags/example_xcomargs.py
[2023-01-14 19:29:34,394] {processor.py:651} INFO - DAG(s) dict_keys(['example_xcom_args', 'example_xcom_args_with_operators']) retrieved from /home/airflow/.local/lib/python3.7/site-packages/airflow/example_dags/example_xcomargs.py
[2023-01-14 19:29:34,706] {logging_mixin.py:115} INFO - [2023-01-14 19:29:34,706] {dag.py:2371} INFO - Sync 2 DAGs
[2023-01-14 19:29:34,734] {logging_mixin.py:115} INFO - [2023-01-14 19:29:34,734] {dag.py:2919} INFO - Setting next_dagrun for example_xcom_args to None, run_after=None
[2023-01-14 19:29:34,735] {logging_mixin.py:115} INFO - [2023-01-14 19:29:34,735] {dag.py:2919} INFO - Setting next_dagrun for example_xcom_args_with_operators to None, run_after=None
[2023-01-14 19:29:34,760] {processor.py:161} INFO - Processing /home/airflow/.local/lib/python3.7/site-packages/airflow/example_dags/example_xcomargs.py took 0.401 seconds
[2023-01-14 19:30:05,026] {processor.py:153} INFO - Started process (PID=3232) to work on /home/airflow/.local/lib/python3.7/site-packages/airflow/example_dags/example_xcomargs.py
[2023-01-14 19:30:05,028] {processor.py:641} INFO - Processing file /home/airflow/.local/lib/python3.7/site-packages/airflow/example_dags/example_xcomargs.py for tasks to queue
[2023-01-14 19:30:05,030] {logging_mixin.py:115} INFO - [2023-01-14 19:30:05,029] {dagbag.py:507} INFO - Filling up the DagBag from /home/airflow/.local/lib/python3.7/site-packages/airflow/example_dags/example_xcomargs.py
[2023-01-14 19:30:05,061] {processor.py:651} INFO - DAG(s) dict_keys(['example_xcom_args', 'example_xcom_args_with_operators']) retrieved from /home/airflow/.local/lib/python3.7/site-packages/airflow/example_dags/example_xcomargs.py
[2023-01-14 19:30:05,382] {logging_mixin.py:115} INFO - [2023-01-14 19:30:05,382] {dag.py:2371} INFO - Sync 2 DAGs
[2023-01-14 19:30:05,412] {logging_mixin.py:115} INFO - [2023-01-14 19:30:05,411] {dag.py:2919} INFO - Setting next_dagrun for example_xcom_args to None, run_after=None
[2023-01-14 19:30:05,413] {logging_mixin.py:115} INFO - [2023-01-14 19:30:05,413] {dag.py:2919} INFO - Setting next_dagrun for example_xcom_args_with_operators to None, run_after=None
[2023-01-14 19:30:05,437] {processor.py:161} INFO - Processing /home/airflow/.local/lib/python3.7/site-packages/airflow/example_dags/example_xcomargs.py took 0.416 seconds
[2023-01-14 19:30:35,815] {processor.py:153} INFO - Started process (PID=3286) to work on /home/airflow/.local/lib/python3.7/site-packages/airflow/example_dags/example_xcomargs.py
[2023-01-14 19:30:35,825] {processor.py:641} INFO - Processing file /home/airflow/.local/lib/python3.7/site-packages/airflow/example_dags/example_xcomargs.py for tasks to queue
[2023-01-14 19:30:35,827] {logging_mixin.py:115} INFO - [2023-01-14 19:30:35,827] {dagbag.py:507} INFO - Filling up the DagBag from /home/airflow/.local/lib/python3.7/site-packages/airflow/example_dags/example_xcomargs.py
[2023-01-14 19:30:35,872] {processor.py:651} INFO - DAG(s) dict_keys(['example_xcom_args', 'example_xcom_args_with_operators']) retrieved from /home/airflow/.local/lib/python3.7/site-packages/airflow/example_dags/example_xcomargs.py
[2023-01-14 19:30:35,944] {logging_mixin.py:115} INFO - [2023-01-14 19:30:35,943] {dag.py:2371} INFO - Sync 2 DAGs
[2023-01-14 19:30:36,269] {logging_mixin.py:115} INFO - [2023-01-14 19:30:36,268] {dag.py:2919} INFO - Setting next_dagrun for example_xcom_args to None, run_after=None
[2023-01-14 19:30:36,270] {logging_mixin.py:115} INFO - [2023-01-14 19:30:36,270] {dag.py:2919} INFO - Setting next_dagrun for example_xcom_args_with_operators to None, run_after=None
[2023-01-14 19:30:36,298] {processor.py:161} INFO - Processing /home/airflow/.local/lib/python3.7/site-packages/airflow/example_dags/example_xcomargs.py took 0.490 seconds
[2023-01-14 19:31:06,895] {processor.py:153} INFO - Started process (PID=3339) to work on /home/airflow/.local/lib/python3.7/site-packages/airflow/example_dags/example_xcomargs.py
[2023-01-14 19:31:06,906] {processor.py:641} INFO - Processing file /home/airflow/.local/lib/python3.7/site-packages/airflow/example_dags/example_xcomargs.py for tasks to queue
[2023-01-14 19:31:06,910] {logging_mixin.py:115} INFO - [2023-01-14 19:31:06,910] {dagbag.py:507} INFO - Filling up the DagBag from /home/airflow/.local/lib/python3.7/site-packages/airflow/example_dags/example_xcomargs.py
[2023-01-14 19:31:06,959] {processor.py:651} INFO - DAG(s) dict_keys(['example_xcom_args', 'example_xcom_args_with_operators']) retrieved from /home/airflow/.local/lib/python3.7/site-packages/airflow/example_dags/example_xcomargs.py
[2023-01-14 19:31:07,035] {logging_mixin.py:115} INFO - [2023-01-14 19:31:07,035] {dag.py:2371} INFO - Sync 2 DAGs
[2023-01-14 19:31:07,433] {logging_mixin.py:115} INFO - [2023-01-14 19:31:07,432] {dag.py:2919} INFO - Setting next_dagrun for example_xcom_args to None, run_after=None
[2023-01-14 19:31:07,439] {logging_mixin.py:115} INFO - [2023-01-14 19:31:07,438] {dag.py:2919} INFO - Setting next_dagrun for example_xcom_args_with_operators to None, run_after=None
[2023-01-14 19:31:07,474] {processor.py:161} INFO - Processing /home/airflow/.local/lib/python3.7/site-packages/airflow/example_dags/example_xcomargs.py took 0.586 seconds
[2023-01-14 19:31:37,645] {processor.py:153} INFO - Started process (PID=3391) to work on /home/airflow/.local/lib/python3.7/site-packages/airflow/example_dags/example_xcomargs.py
[2023-01-14 19:31:37,647] {processor.py:641} INFO - Processing file /home/airflow/.local/lib/python3.7/site-packages/airflow/example_dags/example_xcomargs.py for tasks to queue
[2023-01-14 19:31:37,653] {logging_mixin.py:115} INFO - [2023-01-14 19:31:37,651] {dagbag.py:507} INFO - Filling up the DagBag from /home/airflow/.local/lib/python3.7/site-packages/airflow/example_dags/example_xcomargs.py
[2023-01-14 19:31:37,709] {processor.py:651} INFO - DAG(s) dict_keys(['example_xcom_args', 'example_xcom_args_with_operators']) retrieved from /home/airflow/.local/lib/python3.7/site-packages/airflow/example_dags/example_xcomargs.py
[2023-01-14 19:31:38,148] {logging_mixin.py:115} INFO - [2023-01-14 19:31:38,147] {dag.py:2371} INFO - Sync 2 DAGs
[2023-01-14 19:31:38,180] {logging_mixin.py:115} INFO - [2023-01-14 19:31:38,180] {dag.py:2919} INFO - Setting next_dagrun for example_xcom_args to None, run_after=None
[2023-01-14 19:31:38,183] {logging_mixin.py:115} INFO - [2023-01-14 19:31:38,182] {dag.py:2919} INFO - Setting next_dagrun for example_xcom_args_with_operators to None, run_after=None
[2023-01-14 19:31:38,206] {processor.py:161} INFO - Processing /home/airflow/.local/lib/python3.7/site-packages/airflow/example_dags/example_xcomargs.py took 0.566 seconds
[2023-01-14 19:32:08,490] {processor.py:153} INFO - Started process (PID=3455) to work on /home/airflow/.local/lib/python3.7/site-packages/airflow/example_dags/example_xcomargs.py
[2023-01-14 19:32:08,518] {processor.py:641} INFO - Processing file /home/airflow/.local/lib/python3.7/site-packages/airflow/example_dags/example_xcomargs.py for tasks to queue
[2023-01-14 19:32:08,520] {logging_mixin.py:115} INFO - [2023-01-14 19:32:08,520] {dagbag.py:507} INFO - Filling up the DagBag from /home/airflow/.local/lib/python3.7/site-packages/airflow/example_dags/example_xcomargs.py
[2023-01-14 19:32:08,634] {processor.py:651} INFO - DAG(s) dict_keys(['example_xcom_args', 'example_xcom_args_with_operators']) retrieved from /home/airflow/.local/lib/python3.7/site-packages/airflow/example_dags/example_xcomargs.py
[2023-01-14 19:32:10,112] {logging_mixin.py:115} INFO - [2023-01-14 19:32:10,111] {dag.py:2371} INFO - Sync 2 DAGs
[2023-01-14 19:32:10,223] {logging_mixin.py:115} INFO - [2023-01-14 19:32:10,223] {dag.py:2919} INFO - Setting next_dagrun for example_xcom_args to None, run_after=None
[2023-01-14 19:32:10,225] {logging_mixin.py:115} INFO - [2023-01-14 19:32:10,225] {dag.py:2919} INFO - Setting next_dagrun for example_xcom_args_with_operators to None, run_after=None
[2023-01-14 19:32:10,328] {processor.py:161} INFO - Processing /home/airflow/.local/lib/python3.7/site-packages/airflow/example_dags/example_xcomargs.py took 1.843 seconds
[2023-01-14 19:32:40,835] {processor.py:153} INFO - Started process (PID=3509) to work on /home/airflow/.local/lib/python3.7/site-packages/airflow/example_dags/example_xcomargs.py
[2023-01-14 19:32:40,838] {processor.py:641} INFO - Processing file /home/airflow/.local/lib/python3.7/site-packages/airflow/example_dags/example_xcomargs.py for tasks to queue
[2023-01-14 19:32:40,841] {logging_mixin.py:115} INFO - [2023-01-14 19:32:40,841] {dagbag.py:507} INFO - Filling up the DagBag from /home/airflow/.local/lib/python3.7/site-packages/airflow/example_dags/example_xcomargs.py
[2023-01-14 19:32:40,892] {processor.py:651} INFO - DAG(s) dict_keys(['example_xcom_args', 'example_xcom_args_with_operators']) retrieved from /home/airflow/.local/lib/python3.7/site-packages/airflow/example_dags/example_xcomargs.py
[2023-01-14 19:32:40,976] {logging_mixin.py:115} INFO - [2023-01-14 19:32:40,975] {dag.py:2371} INFO - Sync 2 DAGs
[2023-01-14 19:32:41,414] {logging_mixin.py:115} INFO - [2023-01-14 19:32:41,414] {dag.py:2919} INFO - Setting next_dagrun for example_xcom_args to None, run_after=None
[2023-01-14 19:32:41,416] {logging_mixin.py:115} INFO - [2023-01-14 19:32:41,415] {dag.py:2919} INFO - Setting next_dagrun for example_xcom_args_with_operators to None, run_after=None
[2023-01-14 19:32:41,439] {processor.py:161} INFO - Processing /home/airflow/.local/lib/python3.7/site-packages/airflow/example_dags/example_xcomargs.py took 0.608 seconds
