[2023-01-14 19:23:55,422] {processor.py:153} INFO - Started process (PID=2533) to work on /home/airflow/.local/lib/python3.7/site-packages/airflow/example_dags/example_external_task_marker_dag.py
[2023-01-14 19:23:55,438] {processor.py:641} INFO - Processing file /home/airflow/.local/lib/python3.7/site-packages/airflow/example_dags/example_external_task_marker_dag.py for tasks to queue
[2023-01-14 19:23:55,447] {logging_mixin.py:115} INFO - [2023-01-14 19:23:55,447] {dagbag.py:507} INFO - Filling up the DagBag from /home/airflow/.local/lib/python3.7/site-packages/airflow/example_dags/example_external_task_marker_dag.py
[2023-01-14 19:23:55,457] {processor.py:651} INFO - DAG(s) dict_keys(['example_external_task_marker_parent', 'example_external_task_marker_child']) retrieved from /home/airflow/.local/lib/python3.7/site-packages/airflow/example_dags/example_external_task_marker_dag.py
[2023-01-14 19:23:55,974] {logging_mixin.py:115} INFO - [2023-01-14 19:23:55,973] {dag.py:2371} INFO - Sync 2 DAGs
[2023-01-14 19:23:56,332] {logging_mixin.py:115} INFO - [2023-01-14 19:23:56,331] {dag.py:2919} INFO - Setting next_dagrun for example_external_task_marker_child to None, run_after=None
[2023-01-14 19:23:56,335] {logging_mixin.py:115} INFO - [2023-01-14 19:23:56,335] {dag.py:2919} INFO - Setting next_dagrun for example_external_task_marker_parent to None, run_after=None
[2023-01-14 19:23:56,420] {processor.py:161} INFO - Processing /home/airflow/.local/lib/python3.7/site-packages/airflow/example_dags/example_external_task_marker_dag.py took 1.019 seconds
[2023-01-14 19:24:27,097] {processor.py:153} INFO - Started process (PID=2588) to work on /home/airflow/.local/lib/python3.7/site-packages/airflow/example_dags/example_external_task_marker_dag.py
[2023-01-14 19:24:27,099] {processor.py:641} INFO - Processing file /home/airflow/.local/lib/python3.7/site-packages/airflow/example_dags/example_external_task_marker_dag.py for tasks to queue
[2023-01-14 19:24:27,101] {logging_mixin.py:115} INFO - [2023-01-14 19:24:27,100] {dagbag.py:507} INFO - Filling up the DagBag from /home/airflow/.local/lib/python3.7/site-packages/airflow/example_dags/example_external_task_marker_dag.py
[2023-01-14 19:24:27,106] {processor.py:651} INFO - DAG(s) dict_keys(['example_external_task_marker_parent', 'example_external_task_marker_child']) retrieved from /home/airflow/.local/lib/python3.7/site-packages/airflow/example_dags/example_external_task_marker_dag.py
[2023-01-14 19:24:27,159] {logging_mixin.py:115} INFO - [2023-01-14 19:24:27,158] {dag.py:2371} INFO - Sync 2 DAGs
[2023-01-14 19:24:27,181] {logging_mixin.py:115} INFO - [2023-01-14 19:24:27,181] {dag.py:2919} INFO - Setting next_dagrun for example_external_task_marker_child to None, run_after=None
[2023-01-14 19:24:27,182] {logging_mixin.py:115} INFO - [2023-01-14 19:24:27,182] {dag.py:2919} INFO - Setting next_dagrun for example_external_task_marker_parent to None, run_after=None
[2023-01-14 19:24:27,196] {processor.py:161} INFO - Processing /home/airflow/.local/lib/python3.7/site-packages/airflow/example_dags/example_external_task_marker_dag.py took 0.103 seconds
[2023-01-14 19:24:57,649] {processor.py:153} INFO - Started process (PID=2641) to work on /home/airflow/.local/lib/python3.7/site-packages/airflow/example_dags/example_external_task_marker_dag.py
[2023-01-14 19:24:57,651] {processor.py:641} INFO - Processing file /home/airflow/.local/lib/python3.7/site-packages/airflow/example_dags/example_external_task_marker_dag.py for tasks to queue
[2023-01-14 19:24:57,652] {logging_mixin.py:115} INFO - [2023-01-14 19:24:57,652] {dagbag.py:507} INFO - Filling up the DagBag from /home/airflow/.local/lib/python3.7/site-packages/airflow/example_dags/example_external_task_marker_dag.py
[2023-01-14 19:24:57,659] {processor.py:651} INFO - DAG(s) dict_keys(['example_external_task_marker_parent', 'example_external_task_marker_child']) retrieved from /home/airflow/.local/lib/python3.7/site-packages/airflow/example_dags/example_external_task_marker_dag.py
[2023-01-14 19:24:57,766] {logging_mixin.py:115} INFO - [2023-01-14 19:24:57,765] {dag.py:2371} INFO - Sync 2 DAGs
[2023-01-14 19:24:57,796] {logging_mixin.py:115} INFO - [2023-01-14 19:24:57,796] {dag.py:2919} INFO - Setting next_dagrun for example_external_task_marker_child to None, run_after=None
[2023-01-14 19:24:57,797] {logging_mixin.py:115} INFO - [2023-01-14 19:24:57,797] {dag.py:2919} INFO - Setting next_dagrun for example_external_task_marker_parent to None, run_after=None
[2023-01-14 19:24:57,810] {processor.py:161} INFO - Processing /home/airflow/.local/lib/python3.7/site-packages/airflow/example_dags/example_external_task_marker_dag.py took 0.165 seconds
[2023-01-14 19:25:28,337] {processor.py:153} INFO - Started process (PID=2703) to work on /home/airflow/.local/lib/python3.7/site-packages/airflow/example_dags/example_external_task_marker_dag.py
[2023-01-14 19:25:28,338] {processor.py:641} INFO - Processing file /home/airflow/.local/lib/python3.7/site-packages/airflow/example_dags/example_external_task_marker_dag.py for tasks to queue
[2023-01-14 19:25:28,340] {logging_mixin.py:115} INFO - [2023-01-14 19:25:28,340] {dagbag.py:507} INFO - Filling up the DagBag from /home/airflow/.local/lib/python3.7/site-packages/airflow/example_dags/example_external_task_marker_dag.py
[2023-01-14 19:25:28,347] {processor.py:651} INFO - DAG(s) dict_keys(['example_external_task_marker_parent', 'example_external_task_marker_child']) retrieved from /home/airflow/.local/lib/python3.7/site-packages/airflow/example_dags/example_external_task_marker_dag.py
[2023-01-14 19:25:28,428] {logging_mixin.py:115} INFO - [2023-01-14 19:25:28,428] {dag.py:2371} INFO - Sync 2 DAGs
[2023-01-14 19:25:28,455] {logging_mixin.py:115} INFO - [2023-01-14 19:25:28,455] {dag.py:2919} INFO - Setting next_dagrun for example_external_task_marker_child to None, run_after=None
[2023-01-14 19:25:28,456] {logging_mixin.py:115} INFO - [2023-01-14 19:25:28,456] {dag.py:2919} INFO - Setting next_dagrun for example_external_task_marker_parent to None, run_after=None
[2023-01-14 19:25:28,472] {processor.py:161} INFO - Processing /home/airflow/.local/lib/python3.7/site-packages/airflow/example_dags/example_external_task_marker_dag.py took 0.140 seconds
[2023-01-14 19:25:59,017] {processor.py:153} INFO - Started process (PID=2766) to work on /home/airflow/.local/lib/python3.7/site-packages/airflow/example_dags/example_external_task_marker_dag.py
[2023-01-14 19:25:59,028] {processor.py:641} INFO - Processing file /home/airflow/.local/lib/python3.7/site-packages/airflow/example_dags/example_external_task_marker_dag.py for tasks to queue
[2023-01-14 19:25:59,036] {logging_mixin.py:115} INFO - [2023-01-14 19:25:59,036] {dagbag.py:507} INFO - Filling up the DagBag from /home/airflow/.local/lib/python3.7/site-packages/airflow/example_dags/example_external_task_marker_dag.py
[2023-01-14 19:25:59,053] {processor.py:651} INFO - DAG(s) dict_keys(['example_external_task_marker_parent', 'example_external_task_marker_child']) retrieved from /home/airflow/.local/lib/python3.7/site-packages/airflow/example_dags/example_external_task_marker_dag.py
[2023-01-14 19:25:59,172] {logging_mixin.py:115} INFO - [2023-01-14 19:25:59,172] {dag.py:2371} INFO - Sync 2 DAGs
[2023-01-14 19:25:59,251] {logging_mixin.py:115} INFO - [2023-01-14 19:25:59,251] {dag.py:2919} INFO - Setting next_dagrun for example_external_task_marker_child to None, run_after=None
[2023-01-14 19:25:59,253] {logging_mixin.py:115} INFO - [2023-01-14 19:25:59,253] {dag.py:2919} INFO - Setting next_dagrun for example_external_task_marker_parent to None, run_after=None
[2023-01-14 19:25:59,277] {processor.py:161} INFO - Processing /home/airflow/.local/lib/python3.7/site-packages/airflow/example_dags/example_external_task_marker_dag.py took 0.271 seconds
[2023-01-14 19:26:29,876] {processor.py:153} INFO - Started process (PID=2819) to work on /home/airflow/.local/lib/python3.7/site-packages/airflow/example_dags/example_external_task_marker_dag.py
[2023-01-14 19:26:29,878] {processor.py:641} INFO - Processing file /home/airflow/.local/lib/python3.7/site-packages/airflow/example_dags/example_external_task_marker_dag.py for tasks to queue
[2023-01-14 19:26:29,879] {logging_mixin.py:115} INFO - [2023-01-14 19:26:29,879] {dagbag.py:507} INFO - Filling up the DagBag from /home/airflow/.local/lib/python3.7/site-packages/airflow/example_dags/example_external_task_marker_dag.py
[2023-01-14 19:26:29,886] {processor.py:651} INFO - DAG(s) dict_keys(['example_external_task_marker_parent', 'example_external_task_marker_child']) retrieved from /home/airflow/.local/lib/python3.7/site-packages/airflow/example_dags/example_external_task_marker_dag.py
[2023-01-14 19:26:29,947] {logging_mixin.py:115} INFO - [2023-01-14 19:26:29,947] {dag.py:2371} INFO - Sync 2 DAGs
[2023-01-14 19:26:29,973] {logging_mixin.py:115} INFO - [2023-01-14 19:26:29,973] {dag.py:2919} INFO - Setting next_dagrun for example_external_task_marker_child to None, run_after=None
[2023-01-14 19:26:29,974] {logging_mixin.py:115} INFO - [2023-01-14 19:26:29,974] {dag.py:2919} INFO - Setting next_dagrun for example_external_task_marker_parent to None, run_after=None
[2023-01-14 19:26:29,991] {processor.py:161} INFO - Processing /home/airflow/.local/lib/python3.7/site-packages/airflow/example_dags/example_external_task_marker_dag.py took 0.119 seconds
[2023-01-14 19:27:00,899] {processor.py:153} INFO - Started process (PID=2881) to work on /home/airflow/.local/lib/python3.7/site-packages/airflow/example_dags/example_external_task_marker_dag.py
[2023-01-14 19:27:00,903] {processor.py:641} INFO - Processing file /home/airflow/.local/lib/python3.7/site-packages/airflow/example_dags/example_external_task_marker_dag.py for tasks to queue
[2023-01-14 19:27:00,905] {logging_mixin.py:115} INFO - [2023-01-14 19:27:00,905] {dagbag.py:507} INFO - Filling up the DagBag from /home/airflow/.local/lib/python3.7/site-packages/airflow/example_dags/example_external_task_marker_dag.py
[2023-01-14 19:27:00,918] {processor.py:651} INFO - DAG(s) dict_keys(['example_external_task_marker_parent', 'example_external_task_marker_child']) retrieved from /home/airflow/.local/lib/python3.7/site-packages/airflow/example_dags/example_external_task_marker_dag.py
[2023-01-14 19:27:01,104] {logging_mixin.py:115} INFO - [2023-01-14 19:27:01,104] {dag.py:2371} INFO - Sync 2 DAGs
[2023-01-14 19:27:01,157] {logging_mixin.py:115} INFO - [2023-01-14 19:27:01,157] {dag.py:2919} INFO - Setting next_dagrun for example_external_task_marker_child to None, run_after=None
[2023-01-14 19:27:01,159] {logging_mixin.py:115} INFO - [2023-01-14 19:27:01,159] {dag.py:2919} INFO - Setting next_dagrun for example_external_task_marker_parent to None, run_after=None
[2023-01-14 19:27:01,176] {processor.py:161} INFO - Processing /home/airflow/.local/lib/python3.7/site-packages/airflow/example_dags/example_external_task_marker_dag.py took 0.288 seconds
[2023-01-14 19:27:31,258] {processor.py:153} INFO - Started process (PID=2934) to work on /home/airflow/.local/lib/python3.7/site-packages/airflow/example_dags/example_external_task_marker_dag.py
[2023-01-14 19:27:31,259] {processor.py:641} INFO - Processing file /home/airflow/.local/lib/python3.7/site-packages/airflow/example_dags/example_external_task_marker_dag.py for tasks to queue
[2023-01-14 19:27:31,261] {logging_mixin.py:115} INFO - [2023-01-14 19:27:31,260] {dagbag.py:507} INFO - Filling up the DagBag from /home/airflow/.local/lib/python3.7/site-packages/airflow/example_dags/example_external_task_marker_dag.py
[2023-01-14 19:27:31,266] {processor.py:651} INFO - DAG(s) dict_keys(['example_external_task_marker_parent', 'example_external_task_marker_child']) retrieved from /home/airflow/.local/lib/python3.7/site-packages/airflow/example_dags/example_external_task_marker_dag.py
[2023-01-14 19:27:31,320] {logging_mixin.py:115} INFO - [2023-01-14 19:27:31,320] {dag.py:2371} INFO - Sync 2 DAGs
[2023-01-14 19:27:31,347] {logging_mixin.py:115} INFO - [2023-01-14 19:27:31,347] {dag.py:2919} INFO - Setting next_dagrun for example_external_task_marker_child to None, run_after=None
[2023-01-14 19:27:31,348] {logging_mixin.py:115} INFO - [2023-01-14 19:27:31,348] {dag.py:2919} INFO - Setting next_dagrun for example_external_task_marker_parent to None, run_after=None
[2023-01-14 19:27:31,369] {processor.py:161} INFO - Processing /home/airflow/.local/lib/python3.7/site-packages/airflow/example_dags/example_external_task_marker_dag.py took 0.114 seconds
[2023-01-14 19:28:01,673] {processor.py:153} INFO - Started process (PID=2996) to work on /home/airflow/.local/lib/python3.7/site-packages/airflow/example_dags/example_external_task_marker_dag.py
[2023-01-14 19:28:01,675] {processor.py:641} INFO - Processing file /home/airflow/.local/lib/python3.7/site-packages/airflow/example_dags/example_external_task_marker_dag.py for tasks to queue
[2023-01-14 19:28:01,676] {logging_mixin.py:115} INFO - [2023-01-14 19:28:01,676] {dagbag.py:507} INFO - Filling up the DagBag from /home/airflow/.local/lib/python3.7/site-packages/airflow/example_dags/example_external_task_marker_dag.py
[2023-01-14 19:28:01,684] {processor.py:651} INFO - DAG(s) dict_keys(['example_external_task_marker_parent', 'example_external_task_marker_child']) retrieved from /home/airflow/.local/lib/python3.7/site-packages/airflow/example_dags/example_external_task_marker_dag.py
[2023-01-14 19:28:01,742] {logging_mixin.py:115} INFO - [2023-01-14 19:28:01,742] {dag.py:2371} INFO - Sync 2 DAGs
[2023-01-14 19:28:01,785] {logging_mixin.py:115} INFO - [2023-01-14 19:28:01,784] {dag.py:2919} INFO - Setting next_dagrun for example_external_task_marker_child to None, run_after=None
[2023-01-14 19:28:01,786] {logging_mixin.py:115} INFO - [2023-01-14 19:28:01,786] {dag.py:2919} INFO - Setting next_dagrun for example_external_task_marker_parent to None, run_after=None
[2023-01-14 19:28:01,801] {processor.py:161} INFO - Processing /home/airflow/.local/lib/python3.7/site-packages/airflow/example_dags/example_external_task_marker_dag.py took 0.132 seconds
[2023-01-14 19:28:32,154] {processor.py:153} INFO - Started process (PID=3059) to work on /home/airflow/.local/lib/python3.7/site-packages/airflow/example_dags/example_external_task_marker_dag.py
[2023-01-14 19:28:32,156] {processor.py:641} INFO - Processing file /home/airflow/.local/lib/python3.7/site-packages/airflow/example_dags/example_external_task_marker_dag.py for tasks to queue
[2023-01-14 19:28:32,157] {logging_mixin.py:115} INFO - [2023-01-14 19:28:32,157] {dagbag.py:507} INFO - Filling up the DagBag from /home/airflow/.local/lib/python3.7/site-packages/airflow/example_dags/example_external_task_marker_dag.py
[2023-01-14 19:28:32,164] {processor.py:651} INFO - DAG(s) dict_keys(['example_external_task_marker_parent', 'example_external_task_marker_child']) retrieved from /home/airflow/.local/lib/python3.7/site-packages/airflow/example_dags/example_external_task_marker_dag.py
[2023-01-14 19:28:32,228] {logging_mixin.py:115} INFO - [2023-01-14 19:28:32,228] {dag.py:2371} INFO - Sync 2 DAGs
[2023-01-14 19:28:32,265] {logging_mixin.py:115} INFO - [2023-01-14 19:28:32,265] {dag.py:2919} INFO - Setting next_dagrun for example_external_task_marker_child to None, run_after=None
[2023-01-14 19:28:32,266] {logging_mixin.py:115} INFO - [2023-01-14 19:28:32,266] {dag.py:2919} INFO - Setting next_dagrun for example_external_task_marker_parent to None, run_after=None
[2023-01-14 19:28:32,286] {processor.py:161} INFO - Processing /home/airflow/.local/lib/python3.7/site-packages/airflow/example_dags/example_external_task_marker_dag.py took 0.136 seconds
[2023-01-14 19:29:02,607] {processor.py:153} INFO - Started process (PID=3113) to work on /home/airflow/.local/lib/python3.7/site-packages/airflow/example_dags/example_external_task_marker_dag.py
[2023-01-14 19:29:02,610] {processor.py:641} INFO - Processing file /home/airflow/.local/lib/python3.7/site-packages/airflow/example_dags/example_external_task_marker_dag.py for tasks to queue
[2023-01-14 19:29:02,612] {logging_mixin.py:115} INFO - [2023-01-14 19:29:02,611] {dagbag.py:507} INFO - Filling up the DagBag from /home/airflow/.local/lib/python3.7/site-packages/airflow/example_dags/example_external_task_marker_dag.py
[2023-01-14 19:29:02,621] {processor.py:651} INFO - DAG(s) dict_keys(['example_external_task_marker_parent', 'example_external_task_marker_child']) retrieved from /home/airflow/.local/lib/python3.7/site-packages/airflow/example_dags/example_external_task_marker_dag.py
[2023-01-14 19:29:02,724] {logging_mixin.py:115} INFO - [2023-01-14 19:29:02,724] {dag.py:2371} INFO - Sync 2 DAGs
[2023-01-14 19:29:02,769] {logging_mixin.py:115} INFO - [2023-01-14 19:29:02,768] {dag.py:2919} INFO - Setting next_dagrun for example_external_task_marker_child to None, run_after=None
[2023-01-14 19:29:02,770] {logging_mixin.py:115} INFO - [2023-01-14 19:29:02,770] {dag.py:2919} INFO - Setting next_dagrun for example_external_task_marker_parent to None, run_after=None
[2023-01-14 19:29:02,795] {processor.py:161} INFO - Processing /home/airflow/.local/lib/python3.7/site-packages/airflow/example_dags/example_external_task_marker_dag.py took 0.194 seconds
[2023-01-14 19:29:33,153] {processor.py:153} INFO - Started process (PID=3167) to work on /home/airflow/.local/lib/python3.7/site-packages/airflow/example_dags/example_external_task_marker_dag.py
[2023-01-14 19:29:33,155] {processor.py:641} INFO - Processing file /home/airflow/.local/lib/python3.7/site-packages/airflow/example_dags/example_external_task_marker_dag.py for tasks to queue
[2023-01-14 19:29:33,157] {logging_mixin.py:115} INFO - [2023-01-14 19:29:33,157] {dagbag.py:507} INFO - Filling up the DagBag from /home/airflow/.local/lib/python3.7/site-packages/airflow/example_dags/example_external_task_marker_dag.py
[2023-01-14 19:29:33,165] {processor.py:651} INFO - DAG(s) dict_keys(['example_external_task_marker_parent', 'example_external_task_marker_child']) retrieved from /home/airflow/.local/lib/python3.7/site-packages/airflow/example_dags/example_external_task_marker_dag.py
[2023-01-14 19:29:33,233] {logging_mixin.py:115} INFO - [2023-01-14 19:29:33,233] {dag.py:2371} INFO - Sync 2 DAGs
[2023-01-14 19:29:33,272] {logging_mixin.py:115} INFO - [2023-01-14 19:29:33,271] {dag.py:2919} INFO - Setting next_dagrun for example_external_task_marker_child to None, run_after=None
[2023-01-14 19:29:33,273] {logging_mixin.py:115} INFO - [2023-01-14 19:29:33,273] {dag.py:2919} INFO - Setting next_dagrun for example_external_task_marker_parent to None, run_after=None
[2023-01-14 19:29:33,297] {processor.py:161} INFO - Processing /home/airflow/.local/lib/python3.7/site-packages/airflow/example_dags/example_external_task_marker_dag.py took 0.150 seconds
[2023-01-14 19:30:03,835] {processor.py:153} INFO - Started process (PID=3230) to work on /home/airflow/.local/lib/python3.7/site-packages/airflow/example_dags/example_external_task_marker_dag.py
[2023-01-14 19:30:03,836] {processor.py:641} INFO - Processing file /home/airflow/.local/lib/python3.7/site-packages/airflow/example_dags/example_external_task_marker_dag.py for tasks to queue
[2023-01-14 19:30:03,838] {logging_mixin.py:115} INFO - [2023-01-14 19:30:03,838] {dagbag.py:507} INFO - Filling up the DagBag from /home/airflow/.local/lib/python3.7/site-packages/airflow/example_dags/example_external_task_marker_dag.py
[2023-01-14 19:30:03,844] {processor.py:651} INFO - DAG(s) dict_keys(['example_external_task_marker_parent', 'example_external_task_marker_child']) retrieved from /home/airflow/.local/lib/python3.7/site-packages/airflow/example_dags/example_external_task_marker_dag.py
[2023-01-14 19:30:03,909] {logging_mixin.py:115} INFO - [2023-01-14 19:30:03,908] {dag.py:2371} INFO - Sync 2 DAGs
[2023-01-14 19:30:03,941] {logging_mixin.py:115} INFO - [2023-01-14 19:30:03,941] {dag.py:2919} INFO - Setting next_dagrun for example_external_task_marker_child to None, run_after=None
[2023-01-14 19:30:03,943] {logging_mixin.py:115} INFO - [2023-01-14 19:30:03,943] {dag.py:2919} INFO - Setting next_dagrun for example_external_task_marker_parent to None, run_after=None
[2023-01-14 19:30:03,963] {processor.py:161} INFO - Processing /home/airflow/.local/lib/python3.7/site-packages/airflow/example_dags/example_external_task_marker_dag.py took 0.134 seconds
[2023-01-14 19:30:34,467] {processor.py:153} INFO - Started process (PID=3284) to work on /home/airflow/.local/lib/python3.7/site-packages/airflow/example_dags/example_external_task_marker_dag.py
[2023-01-14 19:30:34,471] {processor.py:641} INFO - Processing file /home/airflow/.local/lib/python3.7/site-packages/airflow/example_dags/example_external_task_marker_dag.py for tasks to queue
[2023-01-14 19:30:34,473] {logging_mixin.py:115} INFO - [2023-01-14 19:30:34,473] {dagbag.py:507} INFO - Filling up the DagBag from /home/airflow/.local/lib/python3.7/site-packages/airflow/example_dags/example_external_task_marker_dag.py
[2023-01-14 19:30:34,497] {processor.py:651} INFO - DAG(s) dict_keys(['example_external_task_marker_parent', 'example_external_task_marker_child']) retrieved from /home/airflow/.local/lib/python3.7/site-packages/airflow/example_dags/example_external_task_marker_dag.py
[2023-01-14 19:30:34,606] {logging_mixin.py:115} INFO - [2023-01-14 19:30:34,606] {dag.py:2371} INFO - Sync 2 DAGs
[2023-01-14 19:30:34,689] {logging_mixin.py:115} INFO - [2023-01-14 19:30:34,689] {dag.py:2919} INFO - Setting next_dagrun for example_external_task_marker_child to None, run_after=None
[2023-01-14 19:30:34,691] {logging_mixin.py:115} INFO - [2023-01-14 19:30:34,691] {dag.py:2919} INFO - Setting next_dagrun for example_external_task_marker_parent to None, run_after=None
[2023-01-14 19:30:34,722] {processor.py:161} INFO - Processing /home/airflow/.local/lib/python3.7/site-packages/airflow/example_dags/example_external_task_marker_dag.py took 0.264 seconds
[2023-01-14 19:31:04,910] {processor.py:153} INFO - Started process (PID=3336) to work on /home/airflow/.local/lib/python3.7/site-packages/airflow/example_dags/example_external_task_marker_dag.py
[2023-01-14 19:31:04,913] {processor.py:641} INFO - Processing file /home/airflow/.local/lib/python3.7/site-packages/airflow/example_dags/example_external_task_marker_dag.py for tasks to queue
[2023-01-14 19:31:04,915] {logging_mixin.py:115} INFO - [2023-01-14 19:31:04,915] {dagbag.py:507} INFO - Filling up the DagBag from /home/airflow/.local/lib/python3.7/site-packages/airflow/example_dags/example_external_task_marker_dag.py
[2023-01-14 19:31:04,931] {processor.py:651} INFO - DAG(s) dict_keys(['example_external_task_marker_parent', 'example_external_task_marker_child']) retrieved from /home/airflow/.local/lib/python3.7/site-packages/airflow/example_dags/example_external_task_marker_dag.py
[2023-01-14 19:31:05,115] {logging_mixin.py:115} INFO - [2023-01-14 19:31:05,115] {dag.py:2371} INFO - Sync 2 DAGs
[2023-01-14 19:31:05,182] {logging_mixin.py:115} INFO - [2023-01-14 19:31:05,182] {dag.py:2919} INFO - Setting next_dagrun for example_external_task_marker_child to None, run_after=None
[2023-01-14 19:31:05,190] {logging_mixin.py:115} INFO - [2023-01-14 19:31:05,190] {dag.py:2919} INFO - Setting next_dagrun for example_external_task_marker_parent to None, run_after=None
[2023-01-14 19:31:05,238] {processor.py:161} INFO - Processing /home/airflow/.local/lib/python3.7/site-packages/airflow/example_dags/example_external_task_marker_dag.py took 0.333 seconds
[2023-01-14 19:31:35,370] {processor.py:153} INFO - Started process (PID=3389) to work on /home/airflow/.local/lib/python3.7/site-packages/airflow/example_dags/example_external_task_marker_dag.py
[2023-01-14 19:31:35,372] {processor.py:641} INFO - Processing file /home/airflow/.local/lib/python3.7/site-packages/airflow/example_dags/example_external_task_marker_dag.py for tasks to queue
[2023-01-14 19:31:35,374] {logging_mixin.py:115} INFO - [2023-01-14 19:31:35,374] {dagbag.py:507} INFO - Filling up the DagBag from /home/airflow/.local/lib/python3.7/site-packages/airflow/example_dags/example_external_task_marker_dag.py
[2023-01-14 19:31:35,382] {processor.py:651} INFO - DAG(s) dict_keys(['example_external_task_marker_parent', 'example_external_task_marker_child']) retrieved from /home/airflow/.local/lib/python3.7/site-packages/airflow/example_dags/example_external_task_marker_dag.py
[2023-01-14 19:31:35,467] {logging_mixin.py:115} INFO - [2023-01-14 19:31:35,466] {dag.py:2371} INFO - Sync 2 DAGs
[2023-01-14 19:31:35,502] {logging_mixin.py:115} INFO - [2023-01-14 19:31:35,502] {dag.py:2919} INFO - Setting next_dagrun for example_external_task_marker_child to None, run_after=None
[2023-01-14 19:31:35,504] {logging_mixin.py:115} INFO - [2023-01-14 19:31:35,504] {dag.py:2919} INFO - Setting next_dagrun for example_external_task_marker_parent to None, run_after=None
[2023-01-14 19:31:35,532] {processor.py:161} INFO - Processing /home/airflow/.local/lib/python3.7/site-packages/airflow/example_dags/example_external_task_marker_dag.py took 0.169 seconds
[2023-01-14 19:32:07,114] {processor.py:153} INFO - Started process (PID=3453) to work on /home/airflow/.local/lib/python3.7/site-packages/airflow/example_dags/example_external_task_marker_dag.py
[2023-01-14 19:32:07,117] {processor.py:641} INFO - Processing file /home/airflow/.local/lib/python3.7/site-packages/airflow/example_dags/example_external_task_marker_dag.py for tasks to queue
[2023-01-14 19:32:07,119] {logging_mixin.py:115} INFO - [2023-01-14 19:32:07,118] {dagbag.py:507} INFO - Filling up the DagBag from /home/airflow/.local/lib/python3.7/site-packages/airflow/example_dags/example_external_task_marker_dag.py
[2023-01-14 19:32:07,128] {processor.py:651} INFO - DAG(s) dict_keys(['example_external_task_marker_parent', 'example_external_task_marker_child']) retrieved from /home/airflow/.local/lib/python3.7/site-packages/airflow/example_dags/example_external_task_marker_dag.py
[2023-01-14 19:32:07,228] {logging_mixin.py:115} INFO - [2023-01-14 19:32:07,228] {dag.py:2371} INFO - Sync 2 DAGs
[2023-01-14 19:32:07,297] {logging_mixin.py:115} INFO - [2023-01-14 19:32:07,297] {dag.py:2919} INFO - Setting next_dagrun for example_external_task_marker_child to None, run_after=None
[2023-01-14 19:32:07,299] {logging_mixin.py:115} INFO - [2023-01-14 19:32:07,299] {dag.py:2919} INFO - Setting next_dagrun for example_external_task_marker_parent to None, run_after=None
[2023-01-14 19:32:07,334] {processor.py:161} INFO - Processing /home/airflow/.local/lib/python3.7/site-packages/airflow/example_dags/example_external_task_marker_dag.py took 0.226 seconds
[2023-01-14 19:32:38,339] {processor.py:153} INFO - Started process (PID=3507) to work on /home/airflow/.local/lib/python3.7/site-packages/airflow/example_dags/example_external_task_marker_dag.py
[2023-01-14 19:32:38,342] {processor.py:641} INFO - Processing file /home/airflow/.local/lib/python3.7/site-packages/airflow/example_dags/example_external_task_marker_dag.py for tasks to queue
[2023-01-14 19:32:38,344] {logging_mixin.py:115} INFO - [2023-01-14 19:32:38,343] {dagbag.py:507} INFO - Filling up the DagBag from /home/airflow/.local/lib/python3.7/site-packages/airflow/example_dags/example_external_task_marker_dag.py
[2023-01-14 19:32:38,361] {processor.py:651} INFO - DAG(s) dict_keys(['example_external_task_marker_parent', 'example_external_task_marker_child']) retrieved from /home/airflow/.local/lib/python3.7/site-packages/airflow/example_dags/example_external_task_marker_dag.py
[2023-01-14 19:32:38,582] {logging_mixin.py:115} INFO - [2023-01-14 19:32:38,581] {dag.py:2371} INFO - Sync 2 DAGs
[2023-01-14 19:32:38,663] {logging_mixin.py:115} INFO - [2023-01-14 19:32:38,662] {dag.py:2919} INFO - Setting next_dagrun for example_external_task_marker_child to None, run_after=None
[2023-01-14 19:32:38,668] {logging_mixin.py:115} INFO - [2023-01-14 19:32:38,668] {dag.py:2919} INFO - Setting next_dagrun for example_external_task_marker_parent to None, run_after=None
[2023-01-14 19:32:38,748] {processor.py:161} INFO - Processing /home/airflow/.local/lib/python3.7/site-packages/airflow/example_dags/example_external_task_marker_dag.py took 0.417 seconds
