[2023-01-14 19:23:49,341] {processor.py:153} INFO - Started process (PID=2521) to work on /home/airflow/.local/lib/python3.7/site-packages/airflow/example_dags/example_local_kubernetes_executor.py
[2023-01-14 19:23:49,347] {processor.py:641} INFO - Processing file /home/airflow/.local/lib/python3.7/site-packages/airflow/example_dags/example_local_kubernetes_executor.py for tasks to queue
[2023-01-14 19:23:49,353] {logging_mixin.py:115} INFO - [2023-01-14 19:23:49,352] {dagbag.py:507} INFO - Filling up the DagBag from /home/airflow/.local/lib/python3.7/site-packages/airflow/example_dags/example_local_kubernetes_executor.py
[2023-01-14 19:23:49,526] {processor.py:651} INFO - DAG(s) dict_keys(['example_local_kubernetes_executor']) retrieved from /home/airflow/.local/lib/python3.7/site-packages/airflow/example_dags/example_local_kubernetes_executor.py
[2023-01-14 19:23:49,716] {logging_mixin.py:115} INFO - [2023-01-14 19:23:49,715] {dag.py:2371} INFO - Sync 1 DAGs
[2023-01-14 19:23:49,763] {logging_mixin.py:115} INFO - [2023-01-14 19:23:49,763] {dag.py:2919} INFO - Setting next_dagrun for example_local_kubernetes_executor to None, run_after=None
[2023-01-14 19:23:50,444] {processor.py:161} INFO - Processing /home/airflow/.local/lib/python3.7/site-packages/airflow/example_dags/example_local_kubernetes_executor.py took 1.139 seconds
[2023-01-14 19:24:20,844] {processor.py:153} INFO - Started process (PID=2575) to work on /home/airflow/.local/lib/python3.7/site-packages/airflow/example_dags/example_local_kubernetes_executor.py
[2023-01-14 19:24:20,846] {processor.py:641} INFO - Processing file /home/airflow/.local/lib/python3.7/site-packages/airflow/example_dags/example_local_kubernetes_executor.py for tasks to queue
[2023-01-14 19:24:20,850] {logging_mixin.py:115} INFO - [2023-01-14 19:24:20,850] {dagbag.py:507} INFO - Filling up the DagBag from /home/airflow/.local/lib/python3.7/site-packages/airflow/example_dags/example_local_kubernetes_executor.py
[2023-01-14 19:24:20,880] {processor.py:651} INFO - DAG(s) dict_keys(['example_local_kubernetes_executor']) retrieved from /home/airflow/.local/lib/python3.7/site-packages/airflow/example_dags/example_local_kubernetes_executor.py
[2023-01-14 19:24:20,917] {logging_mixin.py:115} INFO - [2023-01-14 19:24:20,917] {dag.py:2371} INFO - Sync 1 DAGs
[2023-01-14 19:24:20,949] {logging_mixin.py:115} INFO - [2023-01-14 19:24:20,948] {dag.py:2919} INFO - Setting next_dagrun for example_local_kubernetes_executor to None, run_after=None
[2023-01-14 19:24:21,136] {processor.py:161} INFO - Processing /home/airflow/.local/lib/python3.7/site-packages/airflow/example_dags/example_local_kubernetes_executor.py took 0.297 seconds
[2023-01-14 19:24:51,257] {processor.py:153} INFO - Started process (PID=2637) to work on /home/airflow/.local/lib/python3.7/site-packages/airflow/example_dags/example_local_kubernetes_executor.py
[2023-01-14 19:24:51,258] {processor.py:641} INFO - Processing file /home/airflow/.local/lib/python3.7/site-packages/airflow/example_dags/example_local_kubernetes_executor.py for tasks to queue
[2023-01-14 19:24:51,260] {logging_mixin.py:115} INFO - [2023-01-14 19:24:51,259] {dagbag.py:507} INFO - Filling up the DagBag from /home/airflow/.local/lib/python3.7/site-packages/airflow/example_dags/example_local_kubernetes_executor.py
[2023-01-14 19:24:51,279] {processor.py:651} INFO - DAG(s) dict_keys(['example_local_kubernetes_executor']) retrieved from /home/airflow/.local/lib/python3.7/site-packages/airflow/example_dags/example_local_kubernetes_executor.py
[2023-01-14 19:24:51,304] {logging_mixin.py:115} INFO - [2023-01-14 19:24:51,304] {dag.py:2371} INFO - Sync 1 DAGs
[2023-01-14 19:24:51,329] {logging_mixin.py:115} INFO - [2023-01-14 19:24:51,329] {dag.py:2919} INFO - Setting next_dagrun for example_local_kubernetes_executor to None, run_after=None
[2023-01-14 19:24:51,483] {processor.py:161} INFO - Processing /home/airflow/.local/lib/python3.7/site-packages/airflow/example_dags/example_local_kubernetes_executor.py took 0.230 seconds
[2023-01-14 19:25:21,693] {processor.py:153} INFO - Started process (PID=2695) to work on /home/airflow/.local/lib/python3.7/site-packages/airflow/example_dags/example_local_kubernetes_executor.py
[2023-01-14 19:25:21,695] {processor.py:641} INFO - Processing file /home/airflow/.local/lib/python3.7/site-packages/airflow/example_dags/example_local_kubernetes_executor.py for tasks to queue
[2023-01-14 19:25:21,696] {logging_mixin.py:115} INFO - [2023-01-14 19:25:21,696] {dagbag.py:507} INFO - Filling up the DagBag from /home/airflow/.local/lib/python3.7/site-packages/airflow/example_dags/example_local_kubernetes_executor.py
[2023-01-14 19:25:21,722] {processor.py:651} INFO - DAG(s) dict_keys(['example_local_kubernetes_executor']) retrieved from /home/airflow/.local/lib/python3.7/site-packages/airflow/example_dags/example_local_kubernetes_executor.py
[2023-01-14 19:25:21,757] {logging_mixin.py:115} INFO - [2023-01-14 19:25:21,756] {dag.py:2371} INFO - Sync 1 DAGs
[2023-01-14 19:25:21,786] {logging_mixin.py:115} INFO - [2023-01-14 19:25:21,786] {dag.py:2919} INFO - Setting next_dagrun for example_local_kubernetes_executor to None, run_after=None
[2023-01-14 19:25:22,026] {processor.py:161} INFO - Processing /home/airflow/.local/lib/python3.7/site-packages/airflow/example_dags/example_local_kubernetes_executor.py took 0.337 seconds
[2023-01-14 19:25:52,232] {processor.py:153} INFO - Started process (PID=2752) to work on /home/airflow/.local/lib/python3.7/site-packages/airflow/example_dags/example_local_kubernetes_executor.py
[2023-01-14 19:25:52,234] {processor.py:641} INFO - Processing file /home/airflow/.local/lib/python3.7/site-packages/airflow/example_dags/example_local_kubernetes_executor.py for tasks to queue
[2023-01-14 19:25:52,235] {logging_mixin.py:115} INFO - [2023-01-14 19:25:52,235] {dagbag.py:507} INFO - Filling up the DagBag from /home/airflow/.local/lib/python3.7/site-packages/airflow/example_dags/example_local_kubernetes_executor.py
[2023-01-14 19:25:52,258] {processor.py:651} INFO - DAG(s) dict_keys(['example_local_kubernetes_executor']) retrieved from /home/airflow/.local/lib/python3.7/site-packages/airflow/example_dags/example_local_kubernetes_executor.py
[2023-01-14 19:25:52,296] {logging_mixin.py:115} INFO - [2023-01-14 19:25:52,295] {dag.py:2371} INFO - Sync 1 DAGs
[2023-01-14 19:25:52,328] {logging_mixin.py:115} INFO - [2023-01-14 19:25:52,328] {dag.py:2919} INFO - Setting next_dagrun for example_local_kubernetes_executor to None, run_after=None
[2023-01-14 19:25:52,578] {processor.py:161} INFO - Processing /home/airflow/.local/lib/python3.7/site-packages/airflow/example_dags/example_local_kubernetes_executor.py took 0.352 seconds
[2023-01-14 19:26:23,316] {processor.py:153} INFO - Started process (PID=2814) to work on /home/airflow/.local/lib/python3.7/site-packages/airflow/example_dags/example_local_kubernetes_executor.py
[2023-01-14 19:26:23,319] {processor.py:641} INFO - Processing file /home/airflow/.local/lib/python3.7/site-packages/airflow/example_dags/example_local_kubernetes_executor.py for tasks to queue
[2023-01-14 19:26:23,320] {logging_mixin.py:115} INFO - [2023-01-14 19:26:23,320] {dagbag.py:507} INFO - Filling up the DagBag from /home/airflow/.local/lib/python3.7/site-packages/airflow/example_dags/example_local_kubernetes_executor.py
[2023-01-14 19:26:23,348] {processor.py:651} INFO - DAG(s) dict_keys(['example_local_kubernetes_executor']) retrieved from /home/airflow/.local/lib/python3.7/site-packages/airflow/example_dags/example_local_kubernetes_executor.py
[2023-01-14 19:26:23,380] {logging_mixin.py:115} INFO - [2023-01-14 19:26:23,380] {dag.py:2371} INFO - Sync 1 DAGs
[2023-01-14 19:26:23,407] {logging_mixin.py:115} INFO - [2023-01-14 19:26:23,407] {dag.py:2919} INFO - Setting next_dagrun for example_local_kubernetes_executor to None, run_after=None
[2023-01-14 19:26:23,565] {processor.py:161} INFO - Processing /home/airflow/.local/lib/python3.7/site-packages/airflow/example_dags/example_local_kubernetes_executor.py took 0.253 seconds
[2023-01-14 19:26:54,256] {processor.py:153} INFO - Started process (PID=2867) to work on /home/airflow/.local/lib/python3.7/site-packages/airflow/example_dags/example_local_kubernetes_executor.py
[2023-01-14 19:26:54,258] {processor.py:641} INFO - Processing file /home/airflow/.local/lib/python3.7/site-packages/airflow/example_dags/example_local_kubernetes_executor.py for tasks to queue
[2023-01-14 19:26:54,260] {logging_mixin.py:115} INFO - [2023-01-14 19:26:54,260] {dagbag.py:507} INFO - Filling up the DagBag from /home/airflow/.local/lib/python3.7/site-packages/airflow/example_dags/example_local_kubernetes_executor.py
[2023-01-14 19:26:54,279] {processor.py:651} INFO - DAG(s) dict_keys(['example_local_kubernetes_executor']) retrieved from /home/airflow/.local/lib/python3.7/site-packages/airflow/example_dags/example_local_kubernetes_executor.py
[2023-01-14 19:26:54,310] {logging_mixin.py:115} INFO - [2023-01-14 19:26:54,310] {dag.py:2371} INFO - Sync 1 DAGs
[2023-01-14 19:26:54,336] {logging_mixin.py:115} INFO - [2023-01-14 19:26:54,336] {dag.py:2919} INFO - Setting next_dagrun for example_local_kubernetes_executor to None, run_after=None
[2023-01-14 19:26:54,503] {processor.py:161} INFO - Processing /home/airflow/.local/lib/python3.7/site-packages/airflow/example_dags/example_local_kubernetes_executor.py took 0.251 seconds
[2023-01-14 19:27:24,707] {processor.py:153} INFO - Started process (PID=2930) to work on /home/airflow/.local/lib/python3.7/site-packages/airflow/example_dags/example_local_kubernetes_executor.py
[2023-01-14 19:27:24,708] {processor.py:641} INFO - Processing file /home/airflow/.local/lib/python3.7/site-packages/airflow/example_dags/example_local_kubernetes_executor.py for tasks to queue
[2023-01-14 19:27:24,710] {logging_mixin.py:115} INFO - [2023-01-14 19:27:24,710] {dagbag.py:507} INFO - Filling up the DagBag from /home/airflow/.local/lib/python3.7/site-packages/airflow/example_dags/example_local_kubernetes_executor.py
[2023-01-14 19:27:24,729] {processor.py:651} INFO - DAG(s) dict_keys(['example_local_kubernetes_executor']) retrieved from /home/airflow/.local/lib/python3.7/site-packages/airflow/example_dags/example_local_kubernetes_executor.py
[2023-01-14 19:27:24,756] {logging_mixin.py:115} INFO - [2023-01-14 19:27:24,756] {dag.py:2371} INFO - Sync 1 DAGs
[2023-01-14 19:27:24,783] {logging_mixin.py:115} INFO - [2023-01-14 19:27:24,782] {dag.py:2919} INFO - Setting next_dagrun for example_local_kubernetes_executor to None, run_after=None
[2023-01-14 19:27:24,959] {processor.py:161} INFO - Processing /home/airflow/.local/lib/python3.7/site-packages/airflow/example_dags/example_local_kubernetes_executor.py took 0.257 seconds
[2023-01-14 19:27:55,066] {processor.py:153} INFO - Started process (PID=2983) to work on /home/airflow/.local/lib/python3.7/site-packages/airflow/example_dags/example_local_kubernetes_executor.py
[2023-01-14 19:27:55,068] {processor.py:641} INFO - Processing file /home/airflow/.local/lib/python3.7/site-packages/airflow/example_dags/example_local_kubernetes_executor.py for tasks to queue
[2023-01-14 19:27:55,070] {logging_mixin.py:115} INFO - [2023-01-14 19:27:55,070] {dagbag.py:507} INFO - Filling up the DagBag from /home/airflow/.local/lib/python3.7/site-packages/airflow/example_dags/example_local_kubernetes_executor.py
[2023-01-14 19:27:55,096] {processor.py:651} INFO - DAG(s) dict_keys(['example_local_kubernetes_executor']) retrieved from /home/airflow/.local/lib/python3.7/site-packages/airflow/example_dags/example_local_kubernetes_executor.py
[2023-01-14 19:27:55,135] {logging_mixin.py:115} INFO - [2023-01-14 19:27:55,134] {dag.py:2371} INFO - Sync 1 DAGs
[2023-01-14 19:27:55,166] {logging_mixin.py:115} INFO - [2023-01-14 19:27:55,165] {dag.py:2919} INFO - Setting next_dagrun for example_local_kubernetes_executor to None, run_after=None
[2023-01-14 19:27:55,327] {processor.py:161} INFO - Processing /home/airflow/.local/lib/python3.7/site-packages/airflow/example_dags/example_local_kubernetes_executor.py took 0.265 seconds
[2023-01-14 19:28:25,552] {processor.py:153} INFO - Started process (PID=3045) to work on /home/airflow/.local/lib/python3.7/site-packages/airflow/example_dags/example_local_kubernetes_executor.py
[2023-01-14 19:28:25,553] {processor.py:641} INFO - Processing file /home/airflow/.local/lib/python3.7/site-packages/airflow/example_dags/example_local_kubernetes_executor.py for tasks to queue
[2023-01-14 19:28:25,555] {logging_mixin.py:115} INFO - [2023-01-14 19:28:25,554] {dagbag.py:507} INFO - Filling up the DagBag from /home/airflow/.local/lib/python3.7/site-packages/airflow/example_dags/example_local_kubernetes_executor.py
[2023-01-14 19:28:25,577] {processor.py:651} INFO - DAG(s) dict_keys(['example_local_kubernetes_executor']) retrieved from /home/airflow/.local/lib/python3.7/site-packages/airflow/example_dags/example_local_kubernetes_executor.py
[2023-01-14 19:28:25,608] {logging_mixin.py:115} INFO - [2023-01-14 19:28:25,608] {dag.py:2371} INFO - Sync 1 DAGs
[2023-01-14 19:28:25,635] {logging_mixin.py:115} INFO - [2023-01-14 19:28:25,635] {dag.py:2919} INFO - Setting next_dagrun for example_local_kubernetes_executor to None, run_after=None
[2023-01-14 19:28:25,816] {processor.py:161} INFO - Processing /home/airflow/.local/lib/python3.7/site-packages/airflow/example_dags/example_local_kubernetes_executor.py took 0.270 seconds
[2023-01-14 19:28:57,636] {processor.py:153} INFO - Started process (PID=3109) to work on /home/airflow/.local/lib/python3.7/site-packages/airflow/example_dags/example_local_kubernetes_executor.py
[2023-01-14 19:28:57,640] {processor.py:641} INFO - Processing file /home/airflow/.local/lib/python3.7/site-packages/airflow/example_dags/example_local_kubernetes_executor.py for tasks to queue
[2023-01-14 19:28:57,642] {logging_mixin.py:115} INFO - [2023-01-14 19:28:57,641] {dagbag.py:507} INFO - Filling up the DagBag from /home/airflow/.local/lib/python3.7/site-packages/airflow/example_dags/example_local_kubernetes_executor.py
[2023-01-14 19:28:57,671] {processor.py:651} INFO - DAG(s) dict_keys(['example_local_kubernetes_executor']) retrieved from /home/airflow/.local/lib/python3.7/site-packages/airflow/example_dags/example_local_kubernetes_executor.py
[2023-01-14 19:28:57,751] {logging_mixin.py:115} INFO - [2023-01-14 19:28:57,750] {dag.py:2371} INFO - Sync 1 DAGs
[2023-01-14 19:28:58,028] {logging_mixin.py:115} INFO - [2023-01-14 19:28:58,027] {dag.py:2919} INFO - Setting next_dagrun for example_local_kubernetes_executor to None, run_after=None
[2023-01-14 19:28:58,059] {processor.py:161} INFO - Processing /home/airflow/.local/lib/python3.7/site-packages/airflow/example_dags/example_local_kubernetes_executor.py took 0.429 seconds
[2023-01-14 19:29:28,517] {processor.py:153} INFO - Started process (PID=3163) to work on /home/airflow/.local/lib/python3.7/site-packages/airflow/example_dags/example_local_kubernetes_executor.py
[2023-01-14 19:29:28,519] {processor.py:641} INFO - Processing file /home/airflow/.local/lib/python3.7/site-packages/airflow/example_dags/example_local_kubernetes_executor.py for tasks to queue
[2023-01-14 19:29:28,521] {logging_mixin.py:115} INFO - [2023-01-14 19:29:28,521] {dagbag.py:507} INFO - Filling up the DagBag from /home/airflow/.local/lib/python3.7/site-packages/airflow/example_dags/example_local_kubernetes_executor.py
[2023-01-14 19:29:28,549] {processor.py:651} INFO - DAG(s) dict_keys(['example_local_kubernetes_executor']) retrieved from /home/airflow/.local/lib/python3.7/site-packages/airflow/example_dags/example_local_kubernetes_executor.py
[2023-01-14 19:29:28,581] {logging_mixin.py:115} INFO - [2023-01-14 19:29:28,581] {dag.py:2371} INFO - Sync 1 DAGs
[2023-01-14 19:29:28,823] {logging_mixin.py:115} INFO - [2023-01-14 19:29:28,823] {dag.py:2919} INFO - Setting next_dagrun for example_local_kubernetes_executor to None, run_after=None
[2023-01-14 19:29:28,847] {processor.py:161} INFO - Processing /home/airflow/.local/lib/python3.7/site-packages/airflow/example_dags/example_local_kubernetes_executor.py took 0.334 seconds
[2023-01-14 19:30:00,911] {processor.py:153} INFO - Started process (PID=3217) to work on /home/airflow/.local/lib/python3.7/site-packages/airflow/example_dags/example_local_kubernetes_executor.py
[2023-01-14 19:30:00,917] {processor.py:641} INFO - Processing file /home/airflow/.local/lib/python3.7/site-packages/airflow/example_dags/example_local_kubernetes_executor.py for tasks to queue
[2023-01-14 19:30:00,922] {logging_mixin.py:115} INFO - [2023-01-14 19:30:00,921] {dagbag.py:507} INFO - Filling up the DagBag from /home/airflow/.local/lib/python3.7/site-packages/airflow/example_dags/example_local_kubernetes_executor.py
[2023-01-14 19:30:01,027] {processor.py:651} INFO - DAG(s) dict_keys(['example_local_kubernetes_executor']) retrieved from /home/airflow/.local/lib/python3.7/site-packages/airflow/example_dags/example_local_kubernetes_executor.py
[2023-01-14 19:30:01,137] {logging_mixin.py:115} INFO - [2023-01-14 19:30:01,137] {dag.py:2371} INFO - Sync 1 DAGs
[2023-01-14 19:30:01,708] {logging_mixin.py:115} INFO - [2023-01-14 19:30:01,708] {dag.py:2919} INFO - Setting next_dagrun for example_local_kubernetes_executor to None, run_after=None
[2023-01-14 19:30:01,750] {processor.py:161} INFO - Processing /home/airflow/.local/lib/python3.7/site-packages/airflow/example_dags/example_local_kubernetes_executor.py took 0.845 seconds
[2023-01-14 19:30:32,470] {processor.py:153} INFO - Started process (PID=3280) to work on /home/airflow/.local/lib/python3.7/site-packages/airflow/example_dags/example_local_kubernetes_executor.py
[2023-01-14 19:30:32,478] {processor.py:641} INFO - Processing file /home/airflow/.local/lib/python3.7/site-packages/airflow/example_dags/example_local_kubernetes_executor.py for tasks to queue
[2023-01-14 19:30:32,480] {logging_mixin.py:115} INFO - [2023-01-14 19:30:32,480] {dagbag.py:507} INFO - Filling up the DagBag from /home/airflow/.local/lib/python3.7/site-packages/airflow/example_dags/example_local_kubernetes_executor.py
[2023-01-14 19:30:32,541] {processor.py:651} INFO - DAG(s) dict_keys(['example_local_kubernetes_executor']) retrieved from /home/airflow/.local/lib/python3.7/site-packages/airflow/example_dags/example_local_kubernetes_executor.py
[2023-01-14 19:30:32,645] {logging_mixin.py:115} INFO - [2023-01-14 19:30:32,644] {dag.py:2371} INFO - Sync 1 DAGs
[2023-01-14 19:30:33,232] {logging_mixin.py:115} INFO - [2023-01-14 19:30:33,232] {dag.py:2919} INFO - Setting next_dagrun for example_local_kubernetes_executor to None, run_after=None
[2023-01-14 19:30:33,305] {processor.py:161} INFO - Processing /home/airflow/.local/lib/python3.7/site-packages/airflow/example_dags/example_local_kubernetes_executor.py took 0.844 seconds
[2023-01-14 19:31:03,849] {processor.py:153} INFO - Started process (PID=3333) to work on /home/airflow/.local/lib/python3.7/site-packages/airflow/example_dags/example_local_kubernetes_executor.py
[2023-01-14 19:31:03,854] {processor.py:641} INFO - Processing file /home/airflow/.local/lib/python3.7/site-packages/airflow/example_dags/example_local_kubernetes_executor.py for tasks to queue
[2023-01-14 19:31:03,859] {logging_mixin.py:115} INFO - [2023-01-14 19:31:03,859] {dagbag.py:507} INFO - Filling up the DagBag from /home/airflow/.local/lib/python3.7/site-packages/airflow/example_dags/example_local_kubernetes_executor.py
[2023-01-14 19:31:03,924] {processor.py:651} INFO - DAG(s) dict_keys(['example_local_kubernetes_executor']) retrieved from /home/airflow/.local/lib/python3.7/site-packages/airflow/example_dags/example_local_kubernetes_executor.py
[2023-01-14 19:31:04,028] {logging_mixin.py:115} INFO - [2023-01-14 19:31:04,028] {dag.py:2371} INFO - Sync 1 DAGs
[2023-01-14 19:31:04,468] {logging_mixin.py:115} INFO - [2023-01-14 19:31:04,467] {dag.py:2919} INFO - Setting next_dagrun for example_local_kubernetes_executor to None, run_after=None
[2023-01-14 19:31:04,541] {processor.py:161} INFO - Processing /home/airflow/.local/lib/python3.7/site-packages/airflow/example_dags/example_local_kubernetes_executor.py took 0.705 seconds
[2023-01-14 19:31:34,944] {processor.py:153} INFO - Started process (PID=3386) to work on /home/airflow/.local/lib/python3.7/site-packages/airflow/example_dags/example_local_kubernetes_executor.py
[2023-01-14 19:31:34,946] {processor.py:641} INFO - Processing file /home/airflow/.local/lib/python3.7/site-packages/airflow/example_dags/example_local_kubernetes_executor.py for tasks to queue
[2023-01-14 19:31:34,948] {logging_mixin.py:115} INFO - [2023-01-14 19:31:34,948] {dagbag.py:507} INFO - Filling up the DagBag from /home/airflow/.local/lib/python3.7/site-packages/airflow/example_dags/example_local_kubernetes_executor.py
[2023-01-14 19:31:34,975] {processor.py:651} INFO - DAG(s) dict_keys(['example_local_kubernetes_executor']) retrieved from /home/airflow/.local/lib/python3.7/site-packages/airflow/example_dags/example_local_kubernetes_executor.py
[2023-01-14 19:31:35,020] {logging_mixin.py:115} INFO - [2023-01-14 19:31:35,019] {dag.py:2371} INFO - Sync 1 DAGs
[2023-01-14 19:31:35,249] {logging_mixin.py:115} INFO - [2023-01-14 19:31:35,249] {dag.py:2919} INFO - Setting next_dagrun for example_local_kubernetes_executor to None, run_after=None
[2023-01-14 19:31:35,269] {processor.py:161} INFO - Processing /home/airflow/.local/lib/python3.7/site-packages/airflow/example_dags/example_local_kubernetes_executor.py took 0.329 seconds
[2023-01-14 19:32:05,981] {processor.py:153} INFO - Started process (PID=3447) to work on /home/airflow/.local/lib/python3.7/site-packages/airflow/example_dags/example_local_kubernetes_executor.py
[2023-01-14 19:32:05,993] {processor.py:641} INFO - Processing file /home/airflow/.local/lib/python3.7/site-packages/airflow/example_dags/example_local_kubernetes_executor.py for tasks to queue
[2023-01-14 19:32:05,996] {logging_mixin.py:115} INFO - [2023-01-14 19:32:05,996] {dagbag.py:507} INFO - Filling up the DagBag from /home/airflow/.local/lib/python3.7/site-packages/airflow/example_dags/example_local_kubernetes_executor.py
[2023-01-14 19:32:06,112] {processor.py:651} INFO - DAG(s) dict_keys(['example_local_kubernetes_executor']) retrieved from /home/airflow/.local/lib/python3.7/site-packages/airflow/example_dags/example_local_kubernetes_executor.py
[2023-01-14 19:32:06,249] {logging_mixin.py:115} INFO - [2023-01-14 19:32:06,248] {dag.py:2371} INFO - Sync 1 DAGs
[2023-01-14 19:32:06,781] {logging_mixin.py:115} INFO - [2023-01-14 19:32:06,781] {dag.py:2919} INFO - Setting next_dagrun for example_local_kubernetes_executor to None, run_after=None
[2023-01-14 19:32:06,832] {processor.py:161} INFO - Processing /home/airflow/.local/lib/python3.7/site-packages/airflow/example_dags/example_local_kubernetes_executor.py took 0.862 seconds
[2023-01-14 19:32:37,022] {processor.py:153} INFO - Started process (PID=3503) to work on /home/airflow/.local/lib/python3.7/site-packages/airflow/example_dags/example_local_kubernetes_executor.py
[2023-01-14 19:32:37,025] {processor.py:641} INFO - Processing file /home/airflow/.local/lib/python3.7/site-packages/airflow/example_dags/example_local_kubernetes_executor.py for tasks to queue
[2023-01-14 19:32:37,028] {logging_mixin.py:115} INFO - [2023-01-14 19:32:37,028] {dagbag.py:507} INFO - Filling up the DagBag from /home/airflow/.local/lib/python3.7/site-packages/airflow/example_dags/example_local_kubernetes_executor.py
[2023-01-14 19:32:37,078] {processor.py:651} INFO - DAG(s) dict_keys(['example_local_kubernetes_executor']) retrieved from /home/airflow/.local/lib/python3.7/site-packages/airflow/example_dags/example_local_kubernetes_executor.py
[2023-01-14 19:32:37,158] {logging_mixin.py:115} INFO - [2023-01-14 19:32:37,158] {dag.py:2371} INFO - Sync 1 DAGs
[2023-01-14 19:32:37,721] {logging_mixin.py:115} INFO - [2023-01-14 19:32:37,721] {dag.py:2919} INFO - Setting next_dagrun for example_local_kubernetes_executor to None, run_after=None
[2023-01-14 19:32:37,763] {processor.py:161} INFO - Processing /home/airflow/.local/lib/python3.7/site-packages/airflow/example_dags/example_local_kubernetes_executor.py took 0.747 seconds
