[2023-01-14 19:23:43,760] {processor.py:153} INFO - Started process (PID=2501) to work on /home/airflow/.local/lib/python3.7/site-packages/airflow/example_dags/example_branch_operator_decorator.py
[2023-01-14 19:23:43,762] {processor.py:641} INFO - Processing file /home/airflow/.local/lib/python3.7/site-packages/airflow/example_dags/example_branch_operator_decorator.py for tasks to queue
[2023-01-14 19:23:43,764] {logging_mixin.py:115} INFO - [2023-01-14 19:23:43,763] {dagbag.py:507} INFO - Filling up the DagBag from /home/airflow/.local/lib/python3.7/site-packages/airflow/example_dags/example_branch_operator_decorator.py
[2023-01-14 19:23:43,816] {processor.py:651} INFO - DAG(s) dict_keys(['example_branch_python_operator_decorator']) retrieved from /home/airflow/.local/lib/python3.7/site-packages/airflow/example_dags/example_branch_operator_decorator.py
[2023-01-14 19:23:43,943] {logging_mixin.py:115} INFO - [2023-01-14 19:23:43,942] {dag.py:2371} INFO - Sync 1 DAGs
[2023-01-14 19:23:44,040] {logging_mixin.py:115} INFO - [2023-01-14 19:23:44,040] {dag.py:2919} INFO - Setting next_dagrun for example_branch_python_operator_decorator to 2023-01-13T00:00:00+00:00, run_after=2023-01-14T00:00:00+00:00
[2023-01-14 19:23:44,294] {processor.py:161} INFO - Processing /home/airflow/.local/lib/python3.7/site-packages/airflow/example_dags/example_branch_operator_decorator.py took 0.547 seconds
[2023-01-14 19:24:14,938] {processor.py:153} INFO - Started process (PID=2554) to work on /home/airflow/.local/lib/python3.7/site-packages/airflow/example_dags/example_branch_operator_decorator.py
[2023-01-14 19:24:14,940] {processor.py:641} INFO - Processing file /home/airflow/.local/lib/python3.7/site-packages/airflow/example_dags/example_branch_operator_decorator.py for tasks to queue
[2023-01-14 19:24:14,941] {logging_mixin.py:115} INFO - [2023-01-14 19:24:14,941] {dagbag.py:507} INFO - Filling up the DagBag from /home/airflow/.local/lib/python3.7/site-packages/airflow/example_dags/example_branch_operator_decorator.py
[2023-01-14 19:24:14,965] {processor.py:651} INFO - DAG(s) dict_keys(['example_branch_python_operator_decorator']) retrieved from /home/airflow/.local/lib/python3.7/site-packages/airflow/example_dags/example_branch_operator_decorator.py
[2023-01-14 19:24:15,007] {logging_mixin.py:115} INFO - [2023-01-14 19:24:15,007] {dag.py:2371} INFO - Sync 1 DAGs
[2023-01-14 19:24:15,038] {logging_mixin.py:115} INFO - [2023-01-14 19:24:15,037] {dag.py:2919} INFO - Setting next_dagrun for example_branch_python_operator_decorator to 2023-01-13T00:00:00+00:00, run_after=2023-01-14T00:00:00+00:00
[2023-01-14 19:24:15,214] {processor.py:161} INFO - Processing /home/airflow/.local/lib/python3.7/site-packages/airflow/example_dags/example_branch_operator_decorator.py took 0.280 seconds
[2023-01-14 19:24:46,338] {processor.py:153} INFO - Started process (PID=2616) to work on /home/airflow/.local/lib/python3.7/site-packages/airflow/example_dags/example_branch_operator_decorator.py
[2023-01-14 19:24:46,340] {processor.py:641} INFO - Processing file /home/airflow/.local/lib/python3.7/site-packages/airflow/example_dags/example_branch_operator_decorator.py for tasks to queue
[2023-01-14 19:24:46,344] {logging_mixin.py:115} INFO - [2023-01-14 19:24:46,343] {dagbag.py:507} INFO - Filling up the DagBag from /home/airflow/.local/lib/python3.7/site-packages/airflow/example_dags/example_branch_operator_decorator.py
[2023-01-14 19:24:46,385] {processor.py:651} INFO - DAG(s) dict_keys(['example_branch_python_operator_decorator']) retrieved from /home/airflow/.local/lib/python3.7/site-packages/airflow/example_dags/example_branch_operator_decorator.py
[2023-01-14 19:24:46,487] {logging_mixin.py:115} INFO - [2023-01-14 19:24:46,487] {dag.py:2371} INFO - Sync 1 DAGs
[2023-01-14 19:24:46,515] {logging_mixin.py:115} INFO - [2023-01-14 19:24:46,515] {dag.py:2919} INFO - Setting next_dagrun for example_branch_python_operator_decorator to 2023-01-13T00:00:00+00:00, run_after=2023-01-14T00:00:00+00:00
[2023-01-14 19:24:47,018] {processor.py:161} INFO - Processing /home/airflow/.local/lib/python3.7/site-packages/airflow/example_dags/example_branch_operator_decorator.py took 0.686 seconds
[2023-01-14 19:25:17,662] {processor.py:153} INFO - Started process (PID=2669) to work on /home/airflow/.local/lib/python3.7/site-packages/airflow/example_dags/example_branch_operator_decorator.py
[2023-01-14 19:25:17,664] {processor.py:641} INFO - Processing file /home/airflow/.local/lib/python3.7/site-packages/airflow/example_dags/example_branch_operator_decorator.py for tasks to queue
[2023-01-14 19:25:17,666] {logging_mixin.py:115} INFO - [2023-01-14 19:25:17,666] {dagbag.py:507} INFO - Filling up the DagBag from /home/airflow/.local/lib/python3.7/site-packages/airflow/example_dags/example_branch_operator_decorator.py
[2023-01-14 19:25:17,687] {processor.py:651} INFO - DAG(s) dict_keys(['example_branch_python_operator_decorator']) retrieved from /home/airflow/.local/lib/python3.7/site-packages/airflow/example_dags/example_branch_operator_decorator.py
[2023-01-14 19:25:17,737] {logging_mixin.py:115} INFO - [2023-01-14 19:25:17,737] {dag.py:2371} INFO - Sync 1 DAGs
[2023-01-14 19:25:17,769] {logging_mixin.py:115} INFO - [2023-01-14 19:25:17,769] {dag.py:2919} INFO - Setting next_dagrun for example_branch_python_operator_decorator to 2023-01-13T00:00:00+00:00, run_after=2023-01-14T00:00:00+00:00
[2023-01-14 19:25:17,935] {processor.py:161} INFO - Processing /home/airflow/.local/lib/python3.7/site-packages/airflow/example_dags/example_branch_operator_decorator.py took 0.277 seconds
[2023-01-14 19:25:48,454] {processor.py:153} INFO - Started process (PID=2732) to work on /home/airflow/.local/lib/python3.7/site-packages/airflow/example_dags/example_branch_operator_decorator.py
[2023-01-14 19:25:48,457] {processor.py:641} INFO - Processing file /home/airflow/.local/lib/python3.7/site-packages/airflow/example_dags/example_branch_operator_decorator.py for tasks to queue
[2023-01-14 19:25:48,463] {logging_mixin.py:115} INFO - [2023-01-14 19:25:48,463] {dagbag.py:507} INFO - Filling up the DagBag from /home/airflow/.local/lib/python3.7/site-packages/airflow/example_dags/example_branch_operator_decorator.py
[2023-01-14 19:25:48,508] {processor.py:651} INFO - DAG(s) dict_keys(['example_branch_python_operator_decorator']) retrieved from /home/airflow/.local/lib/python3.7/site-packages/airflow/example_dags/example_branch_operator_decorator.py
[2023-01-14 19:25:48,577] {logging_mixin.py:115} INFO - [2023-01-14 19:25:48,577] {dag.py:2371} INFO - Sync 1 DAGs
[2023-01-14 19:25:48,629] {logging_mixin.py:115} INFO - [2023-01-14 19:25:48,629] {dag.py:2919} INFO - Setting next_dagrun for example_branch_python_operator_decorator to 2023-01-13T00:00:00+00:00, run_after=2023-01-14T00:00:00+00:00
[2023-01-14 19:25:48,900] {processor.py:161} INFO - Processing /home/airflow/.local/lib/python3.7/site-packages/airflow/example_dags/example_branch_operator_decorator.py took 0.450 seconds
[2023-01-14 19:26:18,984] {processor.py:153} INFO - Started process (PID=2785) to work on /home/airflow/.local/lib/python3.7/site-packages/airflow/example_dags/example_branch_operator_decorator.py
[2023-01-14 19:26:18,987] {processor.py:641} INFO - Processing file /home/airflow/.local/lib/python3.7/site-packages/airflow/example_dags/example_branch_operator_decorator.py for tasks to queue
[2023-01-14 19:26:18,988] {logging_mixin.py:115} INFO - [2023-01-14 19:26:18,988] {dagbag.py:507} INFO - Filling up the DagBag from /home/airflow/.local/lib/python3.7/site-packages/airflow/example_dags/example_branch_operator_decorator.py
[2023-01-14 19:26:19,013] {processor.py:651} INFO - DAG(s) dict_keys(['example_branch_python_operator_decorator']) retrieved from /home/airflow/.local/lib/python3.7/site-packages/airflow/example_dags/example_branch_operator_decorator.py
[2023-01-14 19:26:19,047] {logging_mixin.py:115} INFO - [2023-01-14 19:26:19,047] {dag.py:2371} INFO - Sync 1 DAGs
[2023-01-14 19:26:19,075] {logging_mixin.py:115} INFO - [2023-01-14 19:26:19,075] {dag.py:2919} INFO - Setting next_dagrun for example_branch_python_operator_decorator to 2023-01-13T00:00:00+00:00, run_after=2023-01-14T00:00:00+00:00
[2023-01-14 19:26:19,249] {processor.py:161} INFO - Processing /home/airflow/.local/lib/python3.7/site-packages/airflow/example_dags/example_branch_operator_decorator.py took 0.269 seconds
[2023-01-14 19:26:49,909] {processor.py:153} INFO - Started process (PID=2847) to work on /home/airflow/.local/lib/python3.7/site-packages/airflow/example_dags/example_branch_operator_decorator.py
[2023-01-14 19:26:49,911] {processor.py:641} INFO - Processing file /home/airflow/.local/lib/python3.7/site-packages/airflow/example_dags/example_branch_operator_decorator.py for tasks to queue
[2023-01-14 19:26:49,913] {logging_mixin.py:115} INFO - [2023-01-14 19:26:49,912] {dagbag.py:507} INFO - Filling up the DagBag from /home/airflow/.local/lib/python3.7/site-packages/airflow/example_dags/example_branch_operator_decorator.py
[2023-01-14 19:26:49,933] {processor.py:651} INFO - DAG(s) dict_keys(['example_branch_python_operator_decorator']) retrieved from /home/airflow/.local/lib/python3.7/site-packages/airflow/example_dags/example_branch_operator_decorator.py
[2023-01-14 19:26:49,968] {logging_mixin.py:115} INFO - [2023-01-14 19:26:49,967] {dag.py:2371} INFO - Sync 1 DAGs
[2023-01-14 19:26:50,015] {logging_mixin.py:115} INFO - [2023-01-14 19:26:50,014] {dag.py:2919} INFO - Setting next_dagrun for example_branch_python_operator_decorator to 2023-01-13T00:00:00+00:00, run_after=2023-01-14T00:00:00+00:00
[2023-01-14 19:26:50,176] {processor.py:161} INFO - Processing /home/airflow/.local/lib/python3.7/site-packages/airflow/example_dags/example_branch_operator_decorator.py took 0.272 seconds
[2023-01-14 19:27:20,386] {processor.py:153} INFO - Started process (PID=2910) to work on /home/airflow/.local/lib/python3.7/site-packages/airflow/example_dags/example_branch_operator_decorator.py
[2023-01-14 19:27:20,387] {processor.py:641} INFO - Processing file /home/airflow/.local/lib/python3.7/site-packages/airflow/example_dags/example_branch_operator_decorator.py for tasks to queue
[2023-01-14 19:27:20,389] {logging_mixin.py:115} INFO - [2023-01-14 19:27:20,389] {dagbag.py:507} INFO - Filling up the DagBag from /home/airflow/.local/lib/python3.7/site-packages/airflow/example_dags/example_branch_operator_decorator.py
[2023-01-14 19:27:20,411] {processor.py:651} INFO - DAG(s) dict_keys(['example_branch_python_operator_decorator']) retrieved from /home/airflow/.local/lib/python3.7/site-packages/airflow/example_dags/example_branch_operator_decorator.py
[2023-01-14 19:27:20,450] {logging_mixin.py:115} INFO - [2023-01-14 19:27:20,450] {dag.py:2371} INFO - Sync 1 DAGs
[2023-01-14 19:27:20,479] {logging_mixin.py:115} INFO - [2023-01-14 19:27:20,479] {dag.py:2919} INFO - Setting next_dagrun for example_branch_python_operator_decorator to 2023-01-13T00:00:00+00:00, run_after=2023-01-14T00:00:00+00:00
[2023-01-14 19:27:20,664] {processor.py:161} INFO - Processing /home/airflow/.local/lib/python3.7/site-packages/airflow/example_dags/example_branch_operator_decorator.py took 0.284 seconds
[2023-01-14 19:27:50,749] {processor.py:153} INFO - Started process (PID=2963) to work on /home/airflow/.local/lib/python3.7/site-packages/airflow/example_dags/example_branch_operator_decorator.py
[2023-01-14 19:27:50,751] {processor.py:641} INFO - Processing file /home/airflow/.local/lib/python3.7/site-packages/airflow/example_dags/example_branch_operator_decorator.py for tasks to queue
[2023-01-14 19:27:50,753] {logging_mixin.py:115} INFO - [2023-01-14 19:27:50,752] {dagbag.py:507} INFO - Filling up the DagBag from /home/airflow/.local/lib/python3.7/site-packages/airflow/example_dags/example_branch_operator_decorator.py
[2023-01-14 19:27:50,780] {processor.py:651} INFO - DAG(s) dict_keys(['example_branch_python_operator_decorator']) retrieved from /home/airflow/.local/lib/python3.7/site-packages/airflow/example_dags/example_branch_operator_decorator.py
[2023-01-14 19:27:50,824] {logging_mixin.py:115} INFO - [2023-01-14 19:27:50,823] {dag.py:2371} INFO - Sync 1 DAGs
[2023-01-14 19:27:50,857] {logging_mixin.py:115} INFO - [2023-01-14 19:27:50,857] {dag.py:2919} INFO - Setting next_dagrun for example_branch_python_operator_decorator to 2023-01-13T00:00:00+00:00, run_after=2023-01-14T00:00:00+00:00
[2023-01-14 19:27:51,055] {processor.py:161} INFO - Processing /home/airflow/.local/lib/python3.7/site-packages/airflow/example_dags/example_branch_operator_decorator.py took 0.310 seconds
[2023-01-14 19:28:21,201] {processor.py:153} INFO - Started process (PID=3025) to work on /home/airflow/.local/lib/python3.7/site-packages/airflow/example_dags/example_branch_operator_decorator.py
[2023-01-14 19:28:21,203] {processor.py:641} INFO - Processing file /home/airflow/.local/lib/python3.7/site-packages/airflow/example_dags/example_branch_operator_decorator.py for tasks to queue
[2023-01-14 19:28:21,204] {logging_mixin.py:115} INFO - [2023-01-14 19:28:21,204] {dagbag.py:507} INFO - Filling up the DagBag from /home/airflow/.local/lib/python3.7/site-packages/airflow/example_dags/example_branch_operator_decorator.py
[2023-01-14 19:28:21,234] {processor.py:651} INFO - DAG(s) dict_keys(['example_branch_python_operator_decorator']) retrieved from /home/airflow/.local/lib/python3.7/site-packages/airflow/example_dags/example_branch_operator_decorator.py
[2023-01-14 19:28:21,271] {logging_mixin.py:115} INFO - [2023-01-14 19:28:21,271] {dag.py:2371} INFO - Sync 1 DAGs
[2023-01-14 19:28:21,304] {logging_mixin.py:115} INFO - [2023-01-14 19:28:21,304] {dag.py:2919} INFO - Setting next_dagrun for example_branch_python_operator_decorator to 2023-01-13T00:00:00+00:00, run_after=2023-01-14T00:00:00+00:00
[2023-01-14 19:28:21,479] {processor.py:161} INFO - Processing /home/airflow/.local/lib/python3.7/site-packages/airflow/example_dags/example_branch_operator_decorator.py took 0.282 seconds
[2023-01-14 19:28:51,734] {processor.py:153} INFO - Started process (PID=3079) to work on /home/airflow/.local/lib/python3.7/site-packages/airflow/example_dags/example_branch_operator_decorator.py
[2023-01-14 19:28:51,735] {processor.py:641} INFO - Processing file /home/airflow/.local/lib/python3.7/site-packages/airflow/example_dags/example_branch_operator_decorator.py for tasks to queue
[2023-01-14 19:28:51,738] {logging_mixin.py:115} INFO - [2023-01-14 19:28:51,737] {dagbag.py:507} INFO - Filling up the DagBag from /home/airflow/.local/lib/python3.7/site-packages/airflow/example_dags/example_branch_operator_decorator.py
[2023-01-14 19:28:51,769] {processor.py:651} INFO - DAG(s) dict_keys(['example_branch_python_operator_decorator']) retrieved from /home/airflow/.local/lib/python3.7/site-packages/airflow/example_dags/example_branch_operator_decorator.py
[2023-01-14 19:28:51,828] {logging_mixin.py:115} INFO - [2023-01-14 19:28:51,828] {dag.py:2371} INFO - Sync 1 DAGs
[2023-01-14 19:28:52,041] {logging_mixin.py:115} INFO - [2023-01-14 19:28:52,041] {dag.py:2919} INFO - Setting next_dagrun for example_branch_python_operator_decorator to 2023-01-13T00:00:00+00:00, run_after=2023-01-14T00:00:00+00:00
[2023-01-14 19:28:52,055] {processor.py:161} INFO - Processing /home/airflow/.local/lib/python3.7/site-packages/airflow/example_dags/example_branch_operator_decorator.py took 0.327 seconds
[2023-01-14 19:29:22,547] {processor.py:153} INFO - Started process (PID=3134) to work on /home/airflow/.local/lib/python3.7/site-packages/airflow/example_dags/example_branch_operator_decorator.py
[2023-01-14 19:29:22,552] {processor.py:641} INFO - Processing file /home/airflow/.local/lib/python3.7/site-packages/airflow/example_dags/example_branch_operator_decorator.py for tasks to queue
[2023-01-14 19:29:22,555] {logging_mixin.py:115} INFO - [2023-01-14 19:29:22,555] {dagbag.py:507} INFO - Filling up the DagBag from /home/airflow/.local/lib/python3.7/site-packages/airflow/example_dags/example_branch_operator_decorator.py
[2023-01-14 19:29:22,589] {processor.py:651} INFO - DAG(s) dict_keys(['example_branch_python_operator_decorator']) retrieved from /home/airflow/.local/lib/python3.7/site-packages/airflow/example_dags/example_branch_operator_decorator.py
[2023-01-14 19:29:22,634] {logging_mixin.py:115} INFO - [2023-01-14 19:29:22,633] {dag.py:2371} INFO - Sync 1 DAGs
[2023-01-14 19:29:22,921] {logging_mixin.py:115} INFO - [2023-01-14 19:29:22,921] {dag.py:2919} INFO - Setting next_dagrun for example_branch_python_operator_decorator to 2023-01-13T00:00:00+00:00, run_after=2023-01-14T00:00:00+00:00
[2023-01-14 19:29:22,946] {processor.py:161} INFO - Processing /home/airflow/.local/lib/python3.7/site-packages/airflow/example_dags/example_branch_operator_decorator.py took 0.404 seconds
[2023-01-14 19:29:53,127] {processor.py:153} INFO - Started process (PID=3197) to work on /home/airflow/.local/lib/python3.7/site-packages/airflow/example_dags/example_branch_operator_decorator.py
[2023-01-14 19:29:53,130] {processor.py:641} INFO - Processing file /home/airflow/.local/lib/python3.7/site-packages/airflow/example_dags/example_branch_operator_decorator.py for tasks to queue
[2023-01-14 19:29:53,132] {logging_mixin.py:115} INFO - [2023-01-14 19:29:53,132] {dagbag.py:507} INFO - Filling up the DagBag from /home/airflow/.local/lib/python3.7/site-packages/airflow/example_dags/example_branch_operator_decorator.py
[2023-01-14 19:29:53,178] {processor.py:651} INFO - DAG(s) dict_keys(['example_branch_python_operator_decorator']) retrieved from /home/airflow/.local/lib/python3.7/site-packages/airflow/example_dags/example_branch_operator_decorator.py
[2023-01-14 19:29:53,231] {logging_mixin.py:115} INFO - [2023-01-14 19:29:53,231] {dag.py:2371} INFO - Sync 1 DAGs
[2023-01-14 19:29:53,465] {logging_mixin.py:115} INFO - [2023-01-14 19:29:53,465] {dag.py:2919} INFO - Setting next_dagrun for example_branch_python_operator_decorator to 2023-01-13T00:00:00+00:00, run_after=2023-01-14T00:00:00+00:00
[2023-01-14 19:29:53,481] {processor.py:161} INFO - Processing /home/airflow/.local/lib/python3.7/site-packages/airflow/example_dags/example_branch_operator_decorator.py took 0.359 seconds
[2023-01-14 19:30:24,484] {processor.py:153} INFO - Started process (PID=3251) to work on /home/airflow/.local/lib/python3.7/site-packages/airflow/example_dags/example_branch_operator_decorator.py
[2023-01-14 19:30:24,487] {processor.py:641} INFO - Processing file /home/airflow/.local/lib/python3.7/site-packages/airflow/example_dags/example_branch_operator_decorator.py for tasks to queue
[2023-01-14 19:30:24,490] {logging_mixin.py:115} INFO - [2023-01-14 19:30:24,489] {dagbag.py:507} INFO - Filling up the DagBag from /home/airflow/.local/lib/python3.7/site-packages/airflow/example_dags/example_branch_operator_decorator.py
[2023-01-14 19:30:24,547] {processor.py:651} INFO - DAG(s) dict_keys(['example_branch_python_operator_decorator']) retrieved from /home/airflow/.local/lib/python3.7/site-packages/airflow/example_dags/example_branch_operator_decorator.py
[2023-01-14 19:30:24,645] {logging_mixin.py:115} INFO - [2023-01-14 19:30:24,645] {dag.py:2371} INFO - Sync 1 DAGs
[2023-01-14 19:30:25,125] {logging_mixin.py:115} INFO - [2023-01-14 19:30:25,124] {dag.py:2919} INFO - Setting next_dagrun for example_branch_python_operator_decorator to 2023-01-13T00:00:00+00:00, run_after=2023-01-14T00:00:00+00:00
[2023-01-14 19:30:25,164] {processor.py:161} INFO - Processing /home/airflow/.local/lib/python3.7/site-packages/airflow/example_dags/example_branch_operator_decorator.py took 0.686 seconds
[2023-01-14 19:30:55,369] {processor.py:153} INFO - Started process (PID=3304) to work on /home/airflow/.local/lib/python3.7/site-packages/airflow/example_dags/example_branch_operator_decorator.py
[2023-01-14 19:30:55,371] {processor.py:641} INFO - Processing file /home/airflow/.local/lib/python3.7/site-packages/airflow/example_dags/example_branch_operator_decorator.py for tasks to queue
[2023-01-14 19:30:55,373] {logging_mixin.py:115} INFO - [2023-01-14 19:30:55,373] {dagbag.py:507} INFO - Filling up the DagBag from /home/airflow/.local/lib/python3.7/site-packages/airflow/example_dags/example_branch_operator_decorator.py
[2023-01-14 19:30:55,418] {processor.py:651} INFO - DAG(s) dict_keys(['example_branch_python_operator_decorator']) retrieved from /home/airflow/.local/lib/python3.7/site-packages/airflow/example_dags/example_branch_operator_decorator.py
[2023-01-14 19:30:55,473] {logging_mixin.py:115} INFO - [2023-01-14 19:30:55,473] {dag.py:2371} INFO - Sync 1 DAGs
[2023-01-14 19:30:55,781] {logging_mixin.py:115} INFO - [2023-01-14 19:30:55,781] {dag.py:2919} INFO - Setting next_dagrun for example_branch_python_operator_decorator to 2023-01-13T00:00:00+00:00, run_after=2023-01-14T00:00:00+00:00
[2023-01-14 19:30:55,817] {processor.py:161} INFO - Processing /home/airflow/.local/lib/python3.7/site-packages/airflow/example_dags/example_branch_operator_decorator.py took 0.453 seconds
[2023-01-14 19:31:27,106] {processor.py:153} INFO - Started process (PID=3366) to work on /home/airflow/.local/lib/python3.7/site-packages/airflow/example_dags/example_branch_operator_decorator.py
[2023-01-14 19:31:27,119] {processor.py:641} INFO - Processing file /home/airflow/.local/lib/python3.7/site-packages/airflow/example_dags/example_branch_operator_decorator.py for tasks to queue
[2023-01-14 19:31:27,121] {logging_mixin.py:115} INFO - [2023-01-14 19:31:27,121] {dagbag.py:507} INFO - Filling up the DagBag from /home/airflow/.local/lib/python3.7/site-packages/airflow/example_dags/example_branch_operator_decorator.py
[2023-01-14 19:31:27,207] {processor.py:651} INFO - DAG(s) dict_keys(['example_branch_python_operator_decorator']) retrieved from /home/airflow/.local/lib/python3.7/site-packages/airflow/example_dags/example_branch_operator_decorator.py
[2023-01-14 19:31:27,335] {logging_mixin.py:115} INFO - [2023-01-14 19:31:27,335] {dag.py:2371} INFO - Sync 1 DAGs
[2023-01-14 19:31:28,037] {logging_mixin.py:115} INFO - [2023-01-14 19:31:28,037] {dag.py:2919} INFO - Setting next_dagrun for example_branch_python_operator_decorator to 2023-01-13T00:00:00+00:00, run_after=2023-01-14T00:00:00+00:00
[2023-01-14 19:31:28,139] {processor.py:161} INFO - Processing /home/airflow/.local/lib/python3.7/site-packages/airflow/example_dags/example_branch_operator_decorator.py took 1.037 seconds
[2023-01-14 19:31:58,591] {processor.py:153} INFO - Started process (PID=3420) to work on /home/airflow/.local/lib/python3.7/site-packages/airflow/example_dags/example_branch_operator_decorator.py
[2023-01-14 19:31:58,594] {processor.py:641} INFO - Processing file /home/airflow/.local/lib/python3.7/site-packages/airflow/example_dags/example_branch_operator_decorator.py for tasks to queue
[2023-01-14 19:31:58,596] {logging_mixin.py:115} INFO - [2023-01-14 19:31:58,595] {dagbag.py:507} INFO - Filling up the DagBag from /home/airflow/.local/lib/python3.7/site-packages/airflow/example_dags/example_branch_operator_decorator.py
[2023-01-14 19:31:58,685] {processor.py:651} INFO - DAG(s) dict_keys(['example_branch_python_operator_decorator']) retrieved from /home/airflow/.local/lib/python3.7/site-packages/airflow/example_dags/example_branch_operator_decorator.py
[2023-01-14 19:31:58,797] {logging_mixin.py:115} INFO - [2023-01-14 19:31:58,797] {dag.py:2371} INFO - Sync 1 DAGs
[2023-01-14 19:31:59,633] {logging_mixin.py:115} INFO - [2023-01-14 19:31:59,633] {dag.py:2919} INFO - Setting next_dagrun for example_branch_python_operator_decorator to 2023-01-13T00:00:00+00:00, run_after=2023-01-14T00:00:00+00:00
[2023-01-14 19:31:59,714] {processor.py:161} INFO - Processing /home/airflow/.local/lib/python3.7/site-packages/airflow/example_dags/example_branch_operator_decorator.py took 1.135 seconds
[2023-01-14 19:32:30,470] {processor.py:153} INFO - Started process (PID=3474) to work on /home/airflow/.local/lib/python3.7/site-packages/airflow/example_dags/example_branch_operator_decorator.py
[2023-01-14 19:32:30,473] {processor.py:641} INFO - Processing file /home/airflow/.local/lib/python3.7/site-packages/airflow/example_dags/example_branch_operator_decorator.py for tasks to queue
[2023-01-14 19:32:30,476] {logging_mixin.py:115} INFO - [2023-01-14 19:32:30,476] {dagbag.py:507} INFO - Filling up the DagBag from /home/airflow/.local/lib/python3.7/site-packages/airflow/example_dags/example_branch_operator_decorator.py
[2023-01-14 19:32:30,509] {processor.py:651} INFO - DAG(s) dict_keys(['example_branch_python_operator_decorator']) retrieved from /home/airflow/.local/lib/python3.7/site-packages/airflow/example_dags/example_branch_operator_decorator.py
[2023-01-14 19:32:30,552] {logging_mixin.py:115} INFO - [2023-01-14 19:32:30,552] {dag.py:2371} INFO - Sync 1 DAGs
[2023-01-14 19:32:30,817] {logging_mixin.py:115} INFO - [2023-01-14 19:32:30,817] {dag.py:2919} INFO - Setting next_dagrun for example_branch_python_operator_decorator to 2023-01-13T00:00:00+00:00, run_after=2023-01-14T00:00:00+00:00
[2023-01-14 19:32:30,848] {processor.py:161} INFO - Processing /home/airflow/.local/lib/python3.7/site-packages/airflow/example_dags/example_branch_operator_decorator.py took 0.384 seconds
