[2023-01-14 19:23:44,518] {processor.py:153} INFO - Started process (PID=2505) to work on /home/airflow/.local/lib/python3.7/site-packages/airflow/example_dags/tutorial_etl_dag.py
[2023-01-14 19:23:44,520] {processor.py:641} INFO - Processing file /home/airflow/.local/lib/python3.7/site-packages/airflow/example_dags/tutorial_etl_dag.py for tasks to queue
[2023-01-14 19:23:44,522] {logging_mixin.py:115} INFO - [2023-01-14 19:23:44,522] {dagbag.py:507} INFO - Filling up the DagBag from /home/airflow/.local/lib/python3.7/site-packages/airflow/example_dags/tutorial_etl_dag.py
[2023-01-14 19:23:44,537] {processor.py:651} INFO - DAG(s) dict_keys(['tutorial_etl_dag']) retrieved from /home/airflow/.local/lib/python3.7/site-packages/airflow/example_dags/tutorial_etl_dag.py
[2023-01-14 19:23:44,583] {logging_mixin.py:115} INFO - [2023-01-14 19:23:44,582] {dag.py:2371} INFO - Sync 1 DAGs
[2023-01-14 19:23:44,627] {logging_mixin.py:115} INFO - [2023-01-14 19:23:44,627] {dag.py:2919} INFO - Setting next_dagrun for tutorial_etl_dag to None, run_after=None
[2023-01-14 19:23:44,653] {processor.py:161} INFO - Processing /home/airflow/.local/lib/python3.7/site-packages/airflow/example_dags/tutorial_etl_dag.py took 0.140 seconds
[2023-01-14 19:24:15,392] {processor.py:153} INFO - Started process (PID=2558) to work on /home/airflow/.local/lib/python3.7/site-packages/airflow/example_dags/tutorial_etl_dag.py
[2023-01-14 19:24:15,394] {processor.py:641} INFO - Processing file /home/airflow/.local/lib/python3.7/site-packages/airflow/example_dags/tutorial_etl_dag.py for tasks to queue
[2023-01-14 19:24:15,395] {logging_mixin.py:115} INFO - [2023-01-14 19:24:15,395] {dagbag.py:507} INFO - Filling up the DagBag from /home/airflow/.local/lib/python3.7/site-packages/airflow/example_dags/tutorial_etl_dag.py
[2023-01-14 19:24:15,403] {processor.py:651} INFO - DAG(s) dict_keys(['tutorial_etl_dag']) retrieved from /home/airflow/.local/lib/python3.7/site-packages/airflow/example_dags/tutorial_etl_dag.py
[2023-01-14 19:24:15,434] {logging_mixin.py:115} INFO - [2023-01-14 19:24:15,434] {dag.py:2371} INFO - Sync 1 DAGs
[2023-01-14 19:24:15,461] {logging_mixin.py:115} INFO - [2023-01-14 19:24:15,461] {dag.py:2919} INFO - Setting next_dagrun for tutorial_etl_dag to None, run_after=None
[2023-01-14 19:24:15,476] {processor.py:161} INFO - Processing /home/airflow/.local/lib/python3.7/site-packages/airflow/example_dags/tutorial_etl_dag.py took 0.087 seconds
[2023-01-14 19:24:47,544] {processor.py:153} INFO - Started process (PID=2620) to work on /home/airflow/.local/lib/python3.7/site-packages/airflow/example_dags/tutorial_etl_dag.py
[2023-01-14 19:24:47,545] {processor.py:641} INFO - Processing file /home/airflow/.local/lib/python3.7/site-packages/airflow/example_dags/tutorial_etl_dag.py for tasks to queue
[2023-01-14 19:24:47,547] {logging_mixin.py:115} INFO - [2023-01-14 19:24:47,547] {dagbag.py:507} INFO - Filling up the DagBag from /home/airflow/.local/lib/python3.7/site-packages/airflow/example_dags/tutorial_etl_dag.py
[2023-01-14 19:24:47,562] {processor.py:651} INFO - DAG(s) dict_keys(['tutorial_etl_dag']) retrieved from /home/airflow/.local/lib/python3.7/site-packages/airflow/example_dags/tutorial_etl_dag.py
[2023-01-14 19:24:47,612] {logging_mixin.py:115} INFO - [2023-01-14 19:24:47,612] {dag.py:2371} INFO - Sync 1 DAGs
[2023-01-14 19:24:47,646] {logging_mixin.py:115} INFO - [2023-01-14 19:24:47,646] {dag.py:2919} INFO - Setting next_dagrun for tutorial_etl_dag to None, run_after=None
[2023-01-14 19:24:47,669] {processor.py:161} INFO - Processing /home/airflow/.local/lib/python3.7/site-packages/airflow/example_dags/tutorial_etl_dag.py took 0.129 seconds
[2023-01-14 19:25:18,119] {processor.py:153} INFO - Started process (PID=2673) to work on /home/airflow/.local/lib/python3.7/site-packages/airflow/example_dags/tutorial_etl_dag.py
[2023-01-14 19:25:18,120] {processor.py:641} INFO - Processing file /home/airflow/.local/lib/python3.7/site-packages/airflow/example_dags/tutorial_etl_dag.py for tasks to queue
[2023-01-14 19:25:18,122] {logging_mixin.py:115} INFO - [2023-01-14 19:25:18,122] {dagbag.py:507} INFO - Filling up the DagBag from /home/airflow/.local/lib/python3.7/site-packages/airflow/example_dags/tutorial_etl_dag.py
[2023-01-14 19:25:18,132] {processor.py:651} INFO - DAG(s) dict_keys(['tutorial_etl_dag']) retrieved from /home/airflow/.local/lib/python3.7/site-packages/airflow/example_dags/tutorial_etl_dag.py
[2023-01-14 19:25:18,169] {logging_mixin.py:115} INFO - [2023-01-14 19:25:18,169] {dag.py:2371} INFO - Sync 1 DAGs
[2023-01-14 19:25:18,195] {logging_mixin.py:115} INFO - [2023-01-14 19:25:18,195] {dag.py:2919} INFO - Setting next_dagrun for tutorial_etl_dag to None, run_after=None
[2023-01-14 19:25:18,210] {processor.py:161} INFO - Processing /home/airflow/.local/lib/python3.7/site-packages/airflow/example_dags/tutorial_etl_dag.py took 0.095 seconds
[2023-01-14 19:25:49,182] {processor.py:153} INFO - Started process (PID=2736) to work on /home/airflow/.local/lib/python3.7/site-packages/airflow/example_dags/tutorial_etl_dag.py
[2023-01-14 19:25:49,184] {processor.py:641} INFO - Processing file /home/airflow/.local/lib/python3.7/site-packages/airflow/example_dags/tutorial_etl_dag.py for tasks to queue
[2023-01-14 19:25:49,186] {logging_mixin.py:115} INFO - [2023-01-14 19:25:49,185] {dagbag.py:507} INFO - Filling up the DagBag from /home/airflow/.local/lib/python3.7/site-packages/airflow/example_dags/tutorial_etl_dag.py
[2023-01-14 19:25:49,203] {processor.py:651} INFO - DAG(s) dict_keys(['tutorial_etl_dag']) retrieved from /home/airflow/.local/lib/python3.7/site-packages/airflow/example_dags/tutorial_etl_dag.py
[2023-01-14 19:25:49,248] {logging_mixin.py:115} INFO - [2023-01-14 19:25:49,248] {dag.py:2371} INFO - Sync 1 DAGs
[2023-01-14 19:25:49,293] {logging_mixin.py:115} INFO - [2023-01-14 19:25:49,293] {dag.py:2919} INFO - Setting next_dagrun for tutorial_etl_dag to None, run_after=None
[2023-01-14 19:25:49,314] {processor.py:161} INFO - Processing /home/airflow/.local/lib/python3.7/site-packages/airflow/example_dags/tutorial_etl_dag.py took 0.138 seconds
[2023-01-14 19:26:19,451] {processor.py:153} INFO - Started process (PID=2789) to work on /home/airflow/.local/lib/python3.7/site-packages/airflow/example_dags/tutorial_etl_dag.py
[2023-01-14 19:26:19,453] {processor.py:641} INFO - Processing file /home/airflow/.local/lib/python3.7/site-packages/airflow/example_dags/tutorial_etl_dag.py for tasks to queue
[2023-01-14 19:26:19,455] {logging_mixin.py:115} INFO - [2023-01-14 19:26:19,455] {dagbag.py:507} INFO - Filling up the DagBag from /home/airflow/.local/lib/python3.7/site-packages/airflow/example_dags/tutorial_etl_dag.py
[2023-01-14 19:26:19,465] {processor.py:651} INFO - DAG(s) dict_keys(['tutorial_etl_dag']) retrieved from /home/airflow/.local/lib/python3.7/site-packages/airflow/example_dags/tutorial_etl_dag.py
[2023-01-14 19:26:19,542] {logging_mixin.py:115} INFO - [2023-01-14 19:26:19,541] {dag.py:2371} INFO - Sync 1 DAGs
[2023-01-14 19:26:19,571] {logging_mixin.py:115} INFO - [2023-01-14 19:26:19,571] {dag.py:2919} INFO - Setting next_dagrun for tutorial_etl_dag to None, run_after=None
[2023-01-14 19:26:19,587] {processor.py:161} INFO - Processing /home/airflow/.local/lib/python3.7/site-packages/airflow/example_dags/tutorial_etl_dag.py took 0.141 seconds
[2023-01-14 19:26:50,401] {processor.py:153} INFO - Started process (PID=2851) to work on /home/airflow/.local/lib/python3.7/site-packages/airflow/example_dags/tutorial_etl_dag.py
[2023-01-14 19:26:50,402] {processor.py:641} INFO - Processing file /home/airflow/.local/lib/python3.7/site-packages/airflow/example_dags/tutorial_etl_dag.py for tasks to queue
[2023-01-14 19:26:50,404] {logging_mixin.py:115} INFO - [2023-01-14 19:26:50,404] {dagbag.py:507} INFO - Filling up the DagBag from /home/airflow/.local/lib/python3.7/site-packages/airflow/example_dags/tutorial_etl_dag.py
[2023-01-14 19:26:50,414] {processor.py:651} INFO - DAG(s) dict_keys(['tutorial_etl_dag']) retrieved from /home/airflow/.local/lib/python3.7/site-packages/airflow/example_dags/tutorial_etl_dag.py
[2023-01-14 19:26:50,453] {logging_mixin.py:115} INFO - [2023-01-14 19:26:50,453] {dag.py:2371} INFO - Sync 1 DAGs
[2023-01-14 19:26:50,485] {logging_mixin.py:115} INFO - [2023-01-14 19:26:50,485] {dag.py:2919} INFO - Setting next_dagrun for tutorial_etl_dag to None, run_after=None
[2023-01-14 19:26:50,505] {processor.py:161} INFO - Processing /home/airflow/.local/lib/python3.7/site-packages/airflow/example_dags/tutorial_etl_dag.py took 0.108 seconds
[2023-01-14 19:27:20,859] {processor.py:153} INFO - Started process (PID=2914) to work on /home/airflow/.local/lib/python3.7/site-packages/airflow/example_dags/tutorial_etl_dag.py
[2023-01-14 19:27:20,860] {processor.py:641} INFO - Processing file /home/airflow/.local/lib/python3.7/site-packages/airflow/example_dags/tutorial_etl_dag.py for tasks to queue
[2023-01-14 19:27:20,864] {logging_mixin.py:115} INFO - [2023-01-14 19:27:20,864] {dagbag.py:507} INFO - Filling up the DagBag from /home/airflow/.local/lib/python3.7/site-packages/airflow/example_dags/tutorial_etl_dag.py
[2023-01-14 19:27:20,878] {processor.py:651} INFO - DAG(s) dict_keys(['tutorial_etl_dag']) retrieved from /home/airflow/.local/lib/python3.7/site-packages/airflow/example_dags/tutorial_etl_dag.py
[2023-01-14 19:27:20,922] {logging_mixin.py:115} INFO - [2023-01-14 19:27:20,922] {dag.py:2371} INFO - Sync 1 DAGs
[2023-01-14 19:27:20,950] {logging_mixin.py:115} INFO - [2023-01-14 19:27:20,949] {dag.py:2919} INFO - Setting next_dagrun for tutorial_etl_dag to None, run_after=None
[2023-01-14 19:27:20,971] {processor.py:161} INFO - Processing /home/airflow/.local/lib/python3.7/site-packages/airflow/example_dags/tutorial_etl_dag.py took 0.117 seconds
[2023-01-14 19:27:51,235] {processor.py:153} INFO - Started process (PID=2967) to work on /home/airflow/.local/lib/python3.7/site-packages/airflow/example_dags/tutorial_etl_dag.py
[2023-01-14 19:27:51,236] {processor.py:641} INFO - Processing file /home/airflow/.local/lib/python3.7/site-packages/airflow/example_dags/tutorial_etl_dag.py for tasks to queue
[2023-01-14 19:27:51,238] {logging_mixin.py:115} INFO - [2023-01-14 19:27:51,237] {dagbag.py:507} INFO - Filling up the DagBag from /home/airflow/.local/lib/python3.7/site-packages/airflow/example_dags/tutorial_etl_dag.py
[2023-01-14 19:27:51,248] {processor.py:651} INFO - DAG(s) dict_keys(['tutorial_etl_dag']) retrieved from /home/airflow/.local/lib/python3.7/site-packages/airflow/example_dags/tutorial_etl_dag.py
[2023-01-14 19:27:51,280] {logging_mixin.py:115} INFO - [2023-01-14 19:27:51,280] {dag.py:2371} INFO - Sync 1 DAGs
[2023-01-14 19:27:51,304] {logging_mixin.py:115} INFO - [2023-01-14 19:27:51,304] {dag.py:2919} INFO - Setting next_dagrun for tutorial_etl_dag to None, run_after=None
[2023-01-14 19:27:51,318] {processor.py:161} INFO - Processing /home/airflow/.local/lib/python3.7/site-packages/airflow/example_dags/tutorial_etl_dag.py took 0.087 seconds
[2023-01-14 19:28:21,679] {processor.py:153} INFO - Started process (PID=3029) to work on /home/airflow/.local/lib/python3.7/site-packages/airflow/example_dags/tutorial_etl_dag.py
[2023-01-14 19:28:21,681] {processor.py:641} INFO - Processing file /home/airflow/.local/lib/python3.7/site-packages/airflow/example_dags/tutorial_etl_dag.py for tasks to queue
[2023-01-14 19:28:21,682] {logging_mixin.py:115} INFO - [2023-01-14 19:28:21,682] {dagbag.py:507} INFO - Filling up the DagBag from /home/airflow/.local/lib/python3.7/site-packages/airflow/example_dags/tutorial_etl_dag.py
[2023-01-14 19:28:21,694] {processor.py:651} INFO - DAG(s) dict_keys(['tutorial_etl_dag']) retrieved from /home/airflow/.local/lib/python3.7/site-packages/airflow/example_dags/tutorial_etl_dag.py
[2023-01-14 19:28:21,727] {logging_mixin.py:115} INFO - [2023-01-14 19:28:21,727] {dag.py:2371} INFO - Sync 1 DAGs
[2023-01-14 19:28:21,765] {logging_mixin.py:115} INFO - [2023-01-14 19:28:21,765] {dag.py:2919} INFO - Setting next_dagrun for tutorial_etl_dag to None, run_after=None
[2023-01-14 19:28:21,784] {processor.py:161} INFO - Processing /home/airflow/.local/lib/python3.7/site-packages/airflow/example_dags/tutorial_etl_dag.py took 0.109 seconds
[2023-01-14 19:28:52,279] {processor.py:153} INFO - Started process (PID=3083) to work on /home/airflow/.local/lib/python3.7/site-packages/airflow/example_dags/tutorial_etl_dag.py
[2023-01-14 19:28:52,286] {processor.py:641} INFO - Processing file /home/airflow/.local/lib/python3.7/site-packages/airflow/example_dags/tutorial_etl_dag.py for tasks to queue
[2023-01-14 19:28:52,287] {logging_mixin.py:115} INFO - [2023-01-14 19:28:52,287] {dagbag.py:507} INFO - Filling up the DagBag from /home/airflow/.local/lib/python3.7/site-packages/airflow/example_dags/tutorial_etl_dag.py
[2023-01-14 19:28:52,300] {processor.py:651} INFO - DAG(s) dict_keys(['tutorial_etl_dag']) retrieved from /home/airflow/.local/lib/python3.7/site-packages/airflow/example_dags/tutorial_etl_dag.py
[2023-01-14 19:28:52,337] {logging_mixin.py:115} INFO - [2023-01-14 19:28:52,337] {dag.py:2371} INFO - Sync 1 DAGs
[2023-01-14 19:28:52,373] {logging_mixin.py:115} INFO - [2023-01-14 19:28:52,373] {dag.py:2919} INFO - Setting next_dagrun for tutorial_etl_dag to None, run_after=None
[2023-01-14 19:28:52,412] {processor.py:161} INFO - Processing /home/airflow/.local/lib/python3.7/site-packages/airflow/example_dags/tutorial_etl_dag.py took 0.138 seconds
[2023-01-14 19:29:23,105] {processor.py:153} INFO - Started process (PID=3144) to work on /home/airflow/.local/lib/python3.7/site-packages/airflow/example_dags/tutorial_etl_dag.py
[2023-01-14 19:29:23,108] {processor.py:641} INFO - Processing file /home/airflow/.local/lib/python3.7/site-packages/airflow/example_dags/tutorial_etl_dag.py for tasks to queue
[2023-01-14 19:29:23,110] {logging_mixin.py:115} INFO - [2023-01-14 19:29:23,110] {dagbag.py:507} INFO - Filling up the DagBag from /home/airflow/.local/lib/python3.7/site-packages/airflow/example_dags/tutorial_etl_dag.py
[2023-01-14 19:29:23,123] {processor.py:651} INFO - DAG(s) dict_keys(['tutorial_etl_dag']) retrieved from /home/airflow/.local/lib/python3.7/site-packages/airflow/example_dags/tutorial_etl_dag.py
[2023-01-14 19:29:23,186] {logging_mixin.py:115} INFO - [2023-01-14 19:29:23,185] {dag.py:2371} INFO - Sync 1 DAGs
[2023-01-14 19:29:23,248] {logging_mixin.py:115} INFO - [2023-01-14 19:29:23,247] {dag.py:2919} INFO - Setting next_dagrun for tutorial_etl_dag to None, run_after=None
[2023-01-14 19:29:23,276] {processor.py:161} INFO - Processing /home/airflow/.local/lib/python3.7/site-packages/airflow/example_dags/tutorial_etl_dag.py took 0.176 seconds
[2023-01-14 19:29:53,776] {processor.py:153} INFO - Started process (PID=3200) to work on /home/airflow/.local/lib/python3.7/site-packages/airflow/example_dags/tutorial_etl_dag.py
[2023-01-14 19:29:53,778] {processor.py:641} INFO - Processing file /home/airflow/.local/lib/python3.7/site-packages/airflow/example_dags/tutorial_etl_dag.py for tasks to queue
[2023-01-14 19:29:53,779] {logging_mixin.py:115} INFO - [2023-01-14 19:29:53,779] {dagbag.py:507} INFO - Filling up the DagBag from /home/airflow/.local/lib/python3.7/site-packages/airflow/example_dags/tutorial_etl_dag.py
[2023-01-14 19:29:53,794] {processor.py:651} INFO - DAG(s) dict_keys(['tutorial_etl_dag']) retrieved from /home/airflow/.local/lib/python3.7/site-packages/airflow/example_dags/tutorial_etl_dag.py
[2023-01-14 19:29:53,840] {logging_mixin.py:115} INFO - [2023-01-14 19:29:53,839] {dag.py:2371} INFO - Sync 1 DAGs
[2023-01-14 19:29:53,877] {logging_mixin.py:115} INFO - [2023-01-14 19:29:53,877] {dag.py:2919} INFO - Setting next_dagrun for tutorial_etl_dag to None, run_after=None
[2023-01-14 19:29:53,903] {processor.py:161} INFO - Processing /home/airflow/.local/lib/python3.7/site-packages/airflow/example_dags/tutorial_etl_dag.py took 0.131 seconds
[2023-01-14 19:30:25,535] {processor.py:153} INFO - Started process (PID=3255) to work on /home/airflow/.local/lib/python3.7/site-packages/airflow/example_dags/tutorial_etl_dag.py
[2023-01-14 19:30:25,540] {processor.py:641} INFO - Processing file /home/airflow/.local/lib/python3.7/site-packages/airflow/example_dags/tutorial_etl_dag.py for tasks to queue
[2023-01-14 19:30:25,546] {logging_mixin.py:115} INFO - [2023-01-14 19:30:25,546] {dagbag.py:507} INFO - Filling up the DagBag from /home/airflow/.local/lib/python3.7/site-packages/airflow/example_dags/tutorial_etl_dag.py
[2023-01-14 19:30:25,565] {processor.py:651} INFO - DAG(s) dict_keys(['tutorial_etl_dag']) retrieved from /home/airflow/.local/lib/python3.7/site-packages/airflow/example_dags/tutorial_etl_dag.py
[2023-01-14 19:30:25,649] {logging_mixin.py:115} INFO - [2023-01-14 19:30:25,648] {dag.py:2371} INFO - Sync 1 DAGs
[2023-01-14 19:30:25,716] {logging_mixin.py:115} INFO - [2023-01-14 19:30:25,715] {dag.py:2919} INFO - Setting next_dagrun for tutorial_etl_dag to None, run_after=None
[2023-01-14 19:30:25,762] {processor.py:161} INFO - Processing /home/airflow/.local/lib/python3.7/site-packages/airflow/example_dags/tutorial_etl_dag.py took 0.237 seconds
[2023-01-14 19:30:56,096] {processor.py:153} INFO - Started process (PID=3314) to work on /home/airflow/.local/lib/python3.7/site-packages/airflow/example_dags/tutorial_etl_dag.py
[2023-01-14 19:30:56,100] {processor.py:641} INFO - Processing file /home/airflow/.local/lib/python3.7/site-packages/airflow/example_dags/tutorial_etl_dag.py for tasks to queue
[2023-01-14 19:30:56,108] {logging_mixin.py:115} INFO - [2023-01-14 19:30:56,108] {dagbag.py:507} INFO - Filling up the DagBag from /home/airflow/.local/lib/python3.7/site-packages/airflow/example_dags/tutorial_etl_dag.py
[2023-01-14 19:30:56,138] {processor.py:651} INFO - DAG(s) dict_keys(['tutorial_etl_dag']) retrieved from /home/airflow/.local/lib/python3.7/site-packages/airflow/example_dags/tutorial_etl_dag.py
[2023-01-14 19:30:56,226] {logging_mixin.py:115} INFO - [2023-01-14 19:30:56,225] {dag.py:2371} INFO - Sync 1 DAGs
[2023-01-14 19:30:56,291] {logging_mixin.py:115} INFO - [2023-01-14 19:30:56,290] {dag.py:2919} INFO - Setting next_dagrun for tutorial_etl_dag to None, run_after=None
[2023-01-14 19:30:56,339] {processor.py:161} INFO - Processing /home/airflow/.local/lib/python3.7/site-packages/airflow/example_dags/tutorial_etl_dag.py took 0.249 seconds
[2023-01-14 19:31:29,084] {processor.py:153} INFO - Started process (PID=3370) to work on /home/airflow/.local/lib/python3.7/site-packages/airflow/example_dags/tutorial_etl_dag.py
[2023-01-14 19:31:29,092] {processor.py:641} INFO - Processing file /home/airflow/.local/lib/python3.7/site-packages/airflow/example_dags/tutorial_etl_dag.py for tasks to queue
[2023-01-14 19:31:29,095] {logging_mixin.py:115} INFO - [2023-01-14 19:31:29,095] {dagbag.py:507} INFO - Filling up the DagBag from /home/airflow/.local/lib/python3.7/site-packages/airflow/example_dags/tutorial_etl_dag.py
[2023-01-14 19:31:29,112] {processor.py:651} INFO - DAG(s) dict_keys(['tutorial_etl_dag']) retrieved from /home/airflow/.local/lib/python3.7/site-packages/airflow/example_dags/tutorial_etl_dag.py
[2023-01-14 19:31:29,166] {logging_mixin.py:115} INFO - [2023-01-14 19:31:29,166] {dag.py:2371} INFO - Sync 1 DAGs
[2023-01-14 19:31:29,220] {logging_mixin.py:115} INFO - [2023-01-14 19:31:29,220] {dag.py:2919} INFO - Setting next_dagrun for tutorial_etl_dag to None, run_after=None
[2023-01-14 19:31:29,265] {processor.py:161} INFO - Processing /home/airflow/.local/lib/python3.7/site-packages/airflow/example_dags/tutorial_etl_dag.py took 0.188 seconds
[2023-01-14 19:31:59,840] {processor.py:153} INFO - Started process (PID=3423) to work on /home/airflow/.local/lib/python3.7/site-packages/airflow/example_dags/tutorial_etl_dag.py
[2023-01-14 19:31:59,843] {processor.py:641} INFO - Processing file /home/airflow/.local/lib/python3.7/site-packages/airflow/example_dags/tutorial_etl_dag.py for tasks to queue
[2023-01-14 19:31:59,847] {logging_mixin.py:115} INFO - [2023-01-14 19:31:59,846] {dagbag.py:507} INFO - Filling up the DagBag from /home/airflow/.local/lib/python3.7/site-packages/airflow/example_dags/tutorial_etl_dag.py
[2023-01-14 19:31:59,874] {processor.py:651} INFO - DAG(s) dict_keys(['tutorial_etl_dag']) retrieved from /home/airflow/.local/lib/python3.7/site-packages/airflow/example_dags/tutorial_etl_dag.py
[2023-01-14 19:31:59,963] {logging_mixin.py:115} INFO - [2023-01-14 19:31:59,963] {dag.py:2371} INFO - Sync 1 DAGs
[2023-01-14 19:32:00,006] {logging_mixin.py:115} INFO - [2023-01-14 19:32:00,006] {dag.py:2919} INFO - Setting next_dagrun for tutorial_etl_dag to None, run_after=None
[2023-01-14 19:32:00,059] {processor.py:161} INFO - Processing /home/airflow/.local/lib/python3.7/site-packages/airflow/example_dags/tutorial_etl_dag.py took 0.230 seconds
[2023-01-14 19:32:31,013] {processor.py:153} INFO - Started process (PID=3477) to work on /home/airflow/.local/lib/python3.7/site-packages/airflow/example_dags/tutorial_etl_dag.py
[2023-01-14 19:32:31,015] {processor.py:641} INFO - Processing file /home/airflow/.local/lib/python3.7/site-packages/airflow/example_dags/tutorial_etl_dag.py for tasks to queue
[2023-01-14 19:32:31,017] {logging_mixin.py:115} INFO - [2023-01-14 19:32:31,016] {dagbag.py:507} INFO - Filling up the DagBag from /home/airflow/.local/lib/python3.7/site-packages/airflow/example_dags/tutorial_etl_dag.py
[2023-01-14 19:32:31,033] {processor.py:651} INFO - DAG(s) dict_keys(['tutorial_etl_dag']) retrieved from /home/airflow/.local/lib/python3.7/site-packages/airflow/example_dags/tutorial_etl_dag.py
[2023-01-14 19:32:31,090] {logging_mixin.py:115} INFO - [2023-01-14 19:32:31,090] {dag.py:2371} INFO - Sync 1 DAGs
[2023-01-14 19:32:31,144] {logging_mixin.py:115} INFO - [2023-01-14 19:32:31,143] {dag.py:2919} INFO - Setting next_dagrun for tutorial_etl_dag to None, run_after=None
[2023-01-14 19:32:31,171] {processor.py:161} INFO - Processing /home/airflow/.local/lib/python3.7/site-packages/airflow/example_dags/tutorial_etl_dag.py took 0.163 seconds
